<?xml version="1.0" encoding="UTF-8"?>
<testsuite xmlns:xsi="http://www.w3.org/2001/XMLSchema-instance" xsi:noNamespaceSchemaLocation="https://maven.apache.org/surefire/maven-surefire-plugin/xsd/surefire-test-report-3.0.xsd" version="3.0" name="com.tsti.Daos2023ApplicationTests" time="26.766" tests="1" errors="0" skipped="0" failures="0">
  <properties>
    <property name="java.specification.version" value="19"/>
    <property name="sun.cpu.isalist" value="amd64"/>
    <property name="vaadin.force.production.build" value="true"/>
    <property name="sun.jnu.encoding" value="Cp1252"/>
    <property name="java.class.path" value="C:\Users\Bruno\Documents\Git\daos2023\target\test-classes;C:\Users\Bruno\Documents\Git\daos2023\target\classes;C:\Users\Bruno\.m2\repository\com\vaadin\vaadin-core\24.1.4\vaadin-core-24.1.4.jar;C:\Users\Bruno\.m2\repository\com\vaadin\vaadin-core-internal\24.1.4\vaadin-core-internal-24.1.4.jar;C:\Users\Bruno\.m2\repository\com\vaadin\flow-server\24.1.5\flow-server-24.1.5.jar;C:\Users\Bruno\.m2\repository\com\vaadin\servletdetector\throw-if-servlet3\1.0.2\throw-if-servlet3-1.0.2.jar;C:\Users\Bruno\.m2\repository\com\vaadin\external\gwt\gwt-elemental\2.8.2.vaadin2\gwt-elemental-2.8.2.vaadin2.jar;C:\Users\Bruno\.m2\repository\com\vaadin\flow-commons-upload\24.1.5\flow-commons-upload-24.1.5.jar;C:\Users\Bruno\.m2\repository\commons-io\commons-io\2.11.0\commons-io-2.11.0.jar;C:\Users\Bruno\.m2\repository\org\jsoup\jsoup\1.16.1\jsoup-1.16.1.jar;C:\Users\Bruno\.m2\repository\com\helger\ph-css\7.0.0\ph-css-7.0.0.jar;C:\Users\Bruno\.m2\repository\com\helger\commons\ph-commons\11.0.1\ph-commons-11.0.1.jar;C:\Users\Bruno\.m2\repository\org\ow2\asm\asm\9.5\asm-9.5.jar;C:\Users\Bruno\.m2\repository\com\vaadin\external\gentyref\1.2.0.vaadin1\gentyref-1.2.0.vaadin1.jar;C:\Users\Bruno\.m2\repository\org\apache\commons\commons-compress\1.23.0\commons-compress-1.23.0.jar;C:\Users\Bruno\.m2\repository\org\apache\httpcomponents\httpclient\4.5.14\httpclient-4.5.14.jar;C:\Users\Bruno\.m2\repository\org\apache\httpcomponents\httpcore\4.4.16\httpcore-4.4.16.jar;C:\Users\Bruno\.m2\repository\commons-logging\commons-logging\1.2\commons-logging-1.2.jar;C:\Users\Bruno\.m2\repository\commons-codec\commons-codec\1.15\commons-codec-1.15.jar;C:\Users\Bruno\.m2\repository\com\vaadin\flow-lit-template\24.1.5\flow-lit-template-24.1.5.jar;C:\Users\Bruno\.m2\repository\com\vaadin\flow-push\24.1.5\flow-push-24.1.5.jar;C:\Users\Bruno\.m2\repository\com\vaadin\external\atmosphere\atmosphere-runtime\3.0.3.slf4jvaadin1\atmosphere-runtime-3.0.3.slf4jvaadin1.jar;C:\Users\Bruno\.m2\repository\com\vaadin\flow-client\24.1.5\flow-client-24.1.5.jar;C:\Users\Bruno\.m2\repository\com\vaadin\flow-html-components\24.1.5\flow-html-components-24.1.5.jar;C:\Users\Bruno\.m2\repository\com\vaadin\flow-data\24.1.5\flow-data-24.1.5.jar;C:\Users\Bruno\.m2\repository\com\vaadin\flow-dnd\24.1.5\flow-dnd-24.1.5.jar;C:\Users\Bruno\.m2\repository\com\vaadin\vaadin-lumo-theme\24.1.4\vaadin-lumo-theme-24.1.4.jar;C:\Users\Bruno\.m2\repository\com\vaadin\vaadin-material-theme\24.1.4\vaadin-material-theme-24.1.4.jar;C:\Users\Bruno\.m2\repository\com\vaadin\vaadin-accordion-flow\24.1.4\vaadin-accordion-flow-24.1.4.jar;C:\Users\Bruno\.m2\repository\com\vaadin\vaadin-avatar-flow\24.1.4\vaadin-avatar-flow-24.1.4.jar;C:\Users\Bruno\.m2\repository\com\vaadin\vaadin-flow-components-base\24.1.4\vaadin-flow-components-base-24.1.4.jar;C:\Users\Bruno\.m2\repository\com\vaadin\vaadin-button-flow\24.1.4\vaadin-button-flow-24.1.4.jar;C:\Users\Bruno\.m2\repository\com\vaadin\vaadin-checkbox-flow\24.1.4\vaadin-checkbox-flow-24.1.4.jar;C:\Users\Bruno\.m2\repository\com\vaadin\vaadin-combo-box-flow\24.1.4\vaadin-combo-box-flow-24.1.4.jar;C:\Users\Bruno\.m2\repository\com\vaadin\vaadin-confirm-dialog-flow\24.1.4\vaadin-confirm-dialog-flow-24.1.4.jar;C:\Users\Bruno\.m2\repository\com\vaadin\vaadin-custom-field-flow\24.1.4\vaadin-custom-field-flow-24.1.4.jar;C:\Users\Bruno\.m2\repository\com\vaadin\vaadin-date-picker-flow\24.1.4\vaadin-date-picker-flow-24.1.4.jar;C:\Users\Bruno\.m2\repository\com\vaadin\vaadin-date-time-picker-flow\24.1.4\vaadin-date-time-picker-flow-24.1.4.jar;C:\Users\Bruno\.m2\repository\com\vaadin\vaadin-details-flow\24.1.4\vaadin-details-flow-24.1.4.jar;C:\Users\Bruno\.m2\repository\com\vaadin\vaadin-time-picker-flow\24.1.4\vaadin-time-picker-flow-24.1.4.jar;C:\Users\Bruno\.m2\repository\com\vaadin\vaadin-select-flow\24.1.4\vaadin-select-flow-24.1.4.jar;C:\Users\Bruno\.m2\repository\com\vaadin\vaadin-side-nav-flow\24.1.4\vaadin-side-nav-flow-24.1.4.jar;C:\Users\Bruno\.m2\repository\com\vaadin\vaadin-dialog-flow\24.1.4\vaadin-dialog-flow-24.1.4.jar;C:\Users\Bruno\.m2\repository\com\vaadin\vaadin-form-layout-flow\24.1.4\vaadin-form-layout-flow-24.1.4.jar;C:\Users\Bruno\.m2\repository\com\vaadin\vaadin-field-highlighter-flow\24.1.4\vaadin-field-highlighter-flow-24.1.4.jar;C:\Users\Bruno\.m2\repository\com\vaadin\vaadin-grid-flow\24.1.4\vaadin-grid-flow-24.1.4.jar;C:\Users\Bruno\.m2\repository\org\apache\commons\commons-lang3\3.12.0\commons-lang3-3.12.0.jar;C:\Users\Bruno\.m2\repository\com\vaadin\vaadin-icons-flow\24.1.4\vaadin-icons-flow-24.1.4.jar;C:\Users\Bruno\.m2\repository\com\vaadin\vaadin-virtual-list-flow\24.1.4\vaadin-virtual-list-flow-24.1.4.jar;C:\Users\Bruno\.m2\repository\com\vaadin\vaadin-list-box-flow\24.1.4\vaadin-list-box-flow-24.1.4.jar;C:\Users\Bruno\.m2\repository\com\vaadin\vaadin-login-flow\24.1.4\vaadin-login-flow-24.1.4.jar;C:\Users\Bruno\.m2\repository\com\vaadin\vaadin-messages-flow\24.1.4\vaadin-messages-flow-24.1.4.jar;C:\Users\Bruno\.m2\repository\com\vaadin\vaadin-ordered-layout-flow\24.1.4\vaadin-ordered-layout-flow-24.1.4.jar;C:\Users\Bruno\.m2\repository\com\vaadin\vaadin-progress-bar-flow\24.1.4\vaadin-progress-bar-flow-24.1.4.jar;C:\Users\Bruno\.m2\repository\com\vaadin\vaadin-radio-button-flow\24.1.4\vaadin-radio-button-flow-24.1.4.jar;C:\Users\Bruno\.m2\repository\com\vaadin\vaadin-renderer-flow\24.1.4\vaadin-renderer-flow-24.1.4.jar;C:\Users\Bruno\.m2\repository\com\vaadin\vaadin-split-layout-flow\24.1.4\vaadin-split-layout-flow-24.1.4.jar;C:\Users\Bruno\.m2\repository\com\vaadin\vaadin-tabs-flow\24.1.4\vaadin-tabs-flow-24.1.4.jar;C:\Users\Bruno\.m2\repository\com\vaadin\vaadin-text-field-flow\24.1.4\vaadin-text-field-flow-24.1.4.jar;C:\Users\Bruno\.m2\repository\com\vaadin\vaadin-upload-flow\24.1.4\vaadin-upload-flow-24.1.4.jar;C:\Users\Bruno\.m2\repository\com\vaadin\vaadin-notification-flow\24.1.4\vaadin-notification-flow-24.1.4.jar;C:\Users\Bruno\.m2\repository\com\vaadin\vaadin-app-layout-flow\24.1.4\vaadin-app-layout-flow-24.1.4.jar;C:\Users\Bruno\.m2\repository\com\vaadin\vaadin-context-menu-flow\24.1.4\vaadin-context-menu-flow-24.1.4.jar;C:\Users\Bruno\.m2\repository\com\vaadin\vaadin-menu-bar-flow\24.1.4\vaadin-menu-bar-flow-24.1.4.jar;C:\Users\Bruno\.m2\repository\com\vaadin\vaadin-spring-boot-starter\24.1.4\vaadin-spring-boot-starter-24.1.4.jar;C:\Users\Bruno\.m2\repository\com\vaadin\vaadin-spring\24.1.5\vaadin-spring-24.1.5.jar;C:\Users\Bruno\.m2\repository\org\springframework\spring-websocket\6.0.9\spring-websocket-6.0.9.jar;C:\Users\Bruno\.m2\repository\org\reflections\reflections\0.10.2\reflections-0.10.2.jar;C:\Users\Bruno\.m2\repository\com\google\code\findbugs\jsr305\3.0.2\jsr305-3.0.2.jar;C:\Users\Bruno\.m2\repository\org\parttio\line-awesome\1.1.0\line-awesome-1.1.0.jar;C:\Users\Bruno\.m2\repository\com\h2database\h2\2.1.214\h2-2.1.214.jar;C:\Users\Bruno\.m2\repository\org\springframework\boot\spring-boot-starter-data-jpa\3.1.0\spring-boot-starter-data-jpa-3.1.0.jar;C:\Users\Bruno\.m2\repository\org\springframework\boot\spring-boot-starter-aop\3.1.0\spring-boot-starter-aop-3.1.0.jar;C:\Users\Bruno\.m2\repository\org\aspectj\aspectjweaver\1.9.19\aspectjweaver-1.9.19.jar;C:\Users\Bruno\.m2\repository\org\springframework\boot\spring-boot-starter-jdbc\3.1.0\spring-boot-starter-jdbc-3.1.0.jar;C:\Users\Bruno\.m2\repository\com\zaxxer\HikariCP\5.0.1\HikariCP-5.0.1.jar;C:\Users\Bruno\.m2\repository\org\springframework\spring-jdbc\6.0.9\spring-jdbc-6.0.9.jar;C:\Users\Bruno\.m2\repository\org\hibernate\orm\hibernate-core\6.2.2.Final\hibernate-core-6.2.2.Final.jar;C:\Users\Bruno\.m2\repository\jakarta\persistence\jakarta.persistence-api\3.1.0\jakarta.persistence-api-3.1.0.jar;C:\Users\Bruno\.m2\repository\jakarta\transaction\jakarta.transaction-api\2.0.1\jakarta.transaction-api-2.0.1.jar;C:\Users\Bruno\.m2\repository\org\jboss\logging\jboss-logging\3.5.0.Final\jboss-logging-3.5.0.Final.jar;C:\Users\Bruno\.m2\repository\org\hibernate\common\hibernate-commons-annotations\6.0.6.Final\hibernate-commons-annotations-6.0.6.Final.jar;C:\Users\Bruno\.m2\repository\io\smallrye\jandex\3.0.5\jandex-3.0.5.jar;C:\Users\Bruno\.m2\repository\com\fasterxml\classmate\1.5.1\classmate-1.5.1.jar;C:\Users\Bruno\.m2\repository\net\bytebuddy\byte-buddy\1.14.4\byte-buddy-1.14.4.jar;C:\Users\Bruno\.m2\repository\org\glassfish\jaxb\jaxb-runtime\4.0.2\jaxb-runtime-4.0.2.jar;C:\Users\Bruno\.m2\repository\org\glassfish\jaxb\jaxb-core\4.0.2\jaxb-core-4.0.2.jar;C:\Users\Bruno\.m2\repository\org\eclipse\angus\angus-activation\2.0.0\angus-activation-2.0.0.jar;C:\Users\Bruno\.m2\repository\org\glassfish\jaxb\txw2\4.0.2\txw2-4.0.2.jar;C:\Users\Bruno\.m2\repository\com\sun\istack\istack-commons-runtime\4.1.1\istack-commons-runtime-4.1.1.jar;C:\Users\Bruno\.m2\repository\jakarta\inject\jakarta.inject-api\2.0.1\jakarta.inject-api-2.0.1.jar;C:\Users\Bruno\.m2\repository\org\antlr\antlr4-runtime\4.10.1\antlr4-runtime-4.10.1.jar;C:\Users\Bruno\.m2\repository\org\springframework\data\spring-data-jpa\3.1.0\spring-data-jpa-3.1.0.jar;C:\Users\Bruno\.m2\repository\org\springframework\data\spring-data-commons\3.1.0\spring-data-commons-3.1.0.jar;C:\Users\Bruno\.m2\repository\org\springframework\spring-orm\6.0.9\spring-orm-6.0.9.jar;C:\Users\Bruno\.m2\repository\org\springframework\spring-context\6.0.9\spring-context-6.0.9.jar;C:\Users\Bruno\.m2\repository\org\springframework\spring-tx\6.0.9\spring-tx-6.0.9.jar;C:\Users\Bruno\.m2\repository\org\springframework\spring-beans\6.0.9\spring-beans-6.0.9.jar;C:\Users\Bruno\.m2\repository\org\springframework\spring-aspects\6.0.9\spring-aspects-6.0.9.jar;C:\Users\Bruno\.m2\repository\org\springframework\boot\spring-boot-starter-validation\3.1.0\spring-boot-starter-validation-3.1.0.jar;C:\Users\Bruno\.m2\repository\org\apache\tomcat\embed\tomcat-embed-el\10.1.8\tomcat-embed-el-10.1.8.jar;C:\Users\Bruno\.m2\repository\org\hibernate\validator\hibernate-validator\8.0.0.Final\hibernate-validator-8.0.0.Final.jar;C:\Users\Bruno\.m2\repository\jakarta\validation\jakarta.validation-api\3.0.2\jakarta.validation-api-3.0.2.jar;C:\Users\Bruno\.m2\repository\org\springframework\boot\spring-boot-devtools\3.1.0\spring-boot-devtools-3.1.0.jar;C:\Users\Bruno\.m2\repository\org\springframework\boot\spring-boot\3.1.0\spring-boot-3.1.0.jar;C:\Users\Bruno\.m2\repository\org\springframework\boot\spring-boot-autoconfigure\3.1.0\spring-boot-autoconfigure-3.1.0.jar;C:\Users\Bruno\.m2\repository\org\springframework\boot\spring-boot-starter-test\3.1.0\spring-boot-starter-test-3.1.0.jar;C:\Users\Bruno\.m2\repository\org\springframework\boot\spring-boot-test\3.1.0\spring-boot-test-3.1.0.jar;C:\Users\Bruno\.m2\repository\org\springframework\boot\spring-boot-test-autoconfigure\3.1.0\spring-boot-test-autoconfigure-3.1.0.jar;C:\Users\Bruno\.m2\repository\com\jayway\jsonpath\json-path\2.8.0\json-path-2.8.0.jar;C:\Users\Bruno\.m2\repository\jakarta\xml\bind\jakarta.xml.bind-api\4.0.0\jakarta.xml.bind-api-4.0.0.jar;C:\Users\Bruno\.m2\repository\jakarta\activation\jakarta.activation-api\2.1.2\jakarta.activation-api-2.1.2.jar;C:\Users\Bruno\.m2\repository\net\minidev\json-smart\2.4.10\json-smart-2.4.10.jar;C:\Users\Bruno\.m2\repository\net\minidev\accessors-smart\2.4.9\accessors-smart-2.4.9.jar;C:\Users\Bruno\.m2\repository\org\assertj\assertj-core\3.24.2\assertj-core-3.24.2.jar;C:\Users\Bruno\.m2\repository\org\hamcrest\hamcrest\2.2\hamcrest-2.2.jar;C:\Users\Bruno\.m2\repository\org\junit\jupiter\junit-jupiter\5.9.3\junit-jupiter-5.9.3.jar;C:\Users\Bruno\.m2\repository\org\junit\jupiter\junit-jupiter-api\5.9.3\junit-jupiter-api-5.9.3.jar;C:\Users\Bruno\.m2\repository\org\opentest4j\opentest4j\1.2.0\opentest4j-1.2.0.jar;C:\Users\Bruno\.m2\repository\org\junit\platform\junit-platform-commons\1.9.3\junit-platform-commons-1.9.3.jar;C:\Users\Bruno\.m2\repository\org\apiguardian\apiguardian-api\1.1.2\apiguardian-api-1.1.2.jar;C:\Users\Bruno\.m2\repository\org\junit\jupiter\junit-jupiter-params\5.9.3\junit-jupiter-params-5.9.3.jar;C:\Users\Bruno\.m2\repository\org\junit\jupiter\junit-jupiter-engine\5.9.3\junit-jupiter-engine-5.9.3.jar;C:\Users\Bruno\.m2\repository\org\junit\platform\junit-platform-engine\1.9.3\junit-platform-engine-1.9.3.jar;C:\Users\Bruno\.m2\repository\org\mockito\mockito-core\5.3.1\mockito-core-5.3.1.jar;C:\Users\Bruno\.m2\repository\net\bytebuddy\byte-buddy-agent\1.14.4\byte-buddy-agent-1.14.4.jar;C:\Users\Bruno\.m2\repository\org\objenesis\objenesis\3.3\objenesis-3.3.jar;C:\Users\Bruno\.m2\repository\org\mockito\mockito-junit-jupiter\5.3.1\mockito-junit-jupiter-5.3.1.jar;C:\Users\Bruno\.m2\repository\org\skyscreamer\jsonassert\1.5.1\jsonassert-1.5.1.jar;C:\Users\Bruno\.m2\repository\com\vaadin\external\google\android-json\0.0.20131108.vaadin1\android-json-0.0.20131108.vaadin1.jar;C:\Users\Bruno\.m2\repository\org\springframework\spring-core\6.0.9\spring-core-6.0.9.jar;C:\Users\Bruno\.m2\repository\org\springframework\spring-jcl\6.0.9\spring-jcl-6.0.9.jar;C:\Users\Bruno\.m2\repository\org\springframework\spring-test\6.0.9\spring-test-6.0.9.jar;C:\Users\Bruno\.m2\repository\org\xmlunit\xmlunit-core\2.9.1\xmlunit-core-2.9.1.jar;C:\Users\Bruno\.m2\repository\org\springframework\boot\spring-boot-starter-security\3.1.0\spring-boot-starter-security-3.1.0.jar;C:\Users\Bruno\.m2\repository\org\springframework\spring-aop\6.0.9\spring-aop-6.0.9.jar;C:\Users\Bruno\.m2\repository\org\springframework\security\spring-security-config\6.1.0\spring-security-config-6.1.0.jar;C:\Users\Bruno\.m2\repository\org\springframework\security\spring-security-core\6.1.0\spring-security-core-6.1.0.jar;C:\Users\Bruno\.m2\repository\org\springframework\security\spring-security-crypto\6.1.0\spring-security-crypto-6.1.0.jar;C:\Users\Bruno\.m2\repository\org\springframework\security\spring-security-web\6.1.0\spring-security-web-6.1.0.jar;C:\Users\Bruno\.m2\repository\org\springframework\spring-expression\6.0.9\spring-expression-6.0.9.jar;C:\Users\Bruno\.m2\repository\org\springframework\boot\spring-boot-starter-web\3.1.0\spring-boot-starter-web-3.1.0.jar;C:\Users\Bruno\.m2\repository\org\springframework\boot\spring-boot-starter-json\3.1.0\spring-boot-starter-json-3.1.0.jar;C:\Users\Bruno\.m2\repository\com\fasterxml\jackson\datatype\jackson-datatype-jdk8\2.15.0\jackson-datatype-jdk8-2.15.0.jar;C:\Users\Bruno\.m2\repository\com\fasterxml\jackson\datatype\jackson-datatype-jsr310\2.15.0\jackson-datatype-jsr310-2.15.0.jar;C:\Users\Bruno\.m2\repository\com\fasterxml\jackson\module\jackson-module-parameter-names\2.15.0\jackson-module-parameter-names-2.15.0.jar;C:\Users\Bruno\.m2\repository\org\springframework\boot\spring-boot-starter-tomcat\3.1.0\spring-boot-starter-tomcat-3.1.0.jar;C:\Users\Bruno\.m2\repository\org\apache\tomcat\embed\tomcat-embed-core\10.1.8\tomcat-embed-core-10.1.8.jar;C:\Users\Bruno\.m2\repository\org\apache\tomcat\embed\tomcat-embed-websocket\10.1.8\tomcat-embed-websocket-10.1.8.jar;C:\Users\Bruno\.m2\repository\org\springframework\spring-web\6.0.9\spring-web-6.0.9.jar;C:\Users\Bruno\.m2\repository\io\micrometer\micrometer-observation\1.11.0\micrometer-observation-1.11.0.jar;C:\Users\Bruno\.m2\repository\io\micrometer\micrometer-commons\1.11.0\micrometer-commons-1.11.0.jar;C:\Users\Bruno\.m2\repository\org\springframework\spring-webmvc\6.0.9\spring-webmvc-6.0.9.jar;C:\Users\Bruno\.m2\repository\org\springframework\boot\spring-boot-starter-hateoas\3.1.0\spring-boot-starter-hateoas-3.1.0.jar;C:\Users\Bruno\.m2\repository\org\springframework\hateoas\spring-hateoas\2.1.0\spring-hateoas-2.1.0.jar;C:\Users\Bruno\.m2\repository\org\springframework\plugin\spring-plugin-core\3.0.0\spring-plugin-core-3.0.0.jar;C:\Users\Bruno\.m2\repository\net\datafaker\datafaker\2.0.0\datafaker-2.0.0.jar;C:\Users\Bruno\.m2\repository\org\yaml\snakeyaml\1.33\snakeyaml-1.33.jar;C:\Users\Bruno\.m2\repository\com\github\mifmif\generex\1.0.2\generex-1.0.2.jar;C:\Users\Bruno\.m2\repository\dk\brics\automaton\automaton\1.11-8\automaton-1.11-8.jar;C:\Users\Bruno\.m2\repository\org\modelmapper\modelmapper\3.1.1\modelmapper-3.1.1.jar;C:\Users\Bruno\.m2\repository\com\fasterxml\jackson\core\jackson-databind\2.15.0\jackson-databind-2.15.0.jar;C:\Users\Bruno\.m2\repository\com\fasterxml\jackson\core\jackson-annotations\2.15.0\jackson-annotations-2.15.0.jar;C:\Users\Bruno\.m2\repository\com\fasterxml\jackson\core\jackson-core\2.15.0\jackson-core-2.15.0.jar;C:\Users\Bruno\.m2\repository\org\thymeleaf\thymeleaf\3.1.1.RELEASE\thymeleaf-3.1.1.RELEASE.jar;C:\Users\Bruno\.m2\repository\ognl\ognl\3.3.4\ognl-3.3.4.jar;C:\Users\Bruno\.m2\repository\org\javassist\javassist\3.29.0-GA\javassist-3.29.0-GA.jar;C:\Users\Bruno\.m2\repository\org\attoparser\attoparser\2.0.6.RELEASE\attoparser-2.0.6.RELEASE.jar;C:\Users\Bruno\.m2\repository\org\unbescape\unbescape\1.1.6.RELEASE\unbescape-1.1.6.RELEASE.jar;C:\Users\Bruno\.m2\repository\org\slf4j\slf4j-api\2.0.7\slf4j-api-2.0.7.jar;C:\Users\Bruno\.m2\repository\org\springframework\boot\spring-boot-starter\3.1.0\spring-boot-starter-3.1.0.jar;C:\Users\Bruno\.m2\repository\org\springframework\boot\spring-boot-starter-logging\3.1.0\spring-boot-starter-logging-3.1.0.jar;C:\Users\Bruno\.m2\repository\ch\qos\logback\logback-classic\1.4.7\logback-classic-1.4.7.jar;C:\Users\Bruno\.m2\repository\ch\qos\logback\logback-core\1.4.7\logback-core-1.4.7.jar;C:\Users\Bruno\.m2\repository\org\apache\logging\log4j\log4j-to-slf4j\2.20.0\log4j-to-slf4j-2.20.0.jar;C:\Users\Bruno\.m2\repository\org\apache\logging\log4j\log4j-api\2.20.0\log4j-api-2.20.0.jar;C:\Users\Bruno\.m2\repository\org\slf4j\jul-to-slf4j\2.0.7\jul-to-slf4j-2.0.7.jar;C:\Users\Bruno\.m2\repository\jakarta\annotation\jakarta.annotation-api\2.1.1\jakarta.annotation-api-2.1.1.jar;"/>
    <property name="java.vm.vendor" value="Oracle Corporation"/>
    <property name="sun.arch.data.model" value="64"/>
    <property name="user.variant" value=""/>
    <property name="spring.devtools.livereload.port" value="35729"/>
    <property name="java.vendor.url" value="https://java.oracle.com/"/>
    <property name="user.timezone" value="America/Buenos_Aires"/>
    <property name="org.jboss.logging.provider" value="slf4j"/>
    <property name="user.country.format" value="AR"/>
    <property name="os.name" value="Windows 10"/>
    <property name="java.vm.specification.version" value="19"/>
    <property name="sun.java.launcher" value="SUN_STANDARD"/>
    <property name="user.country" value="US"/>
    <property name="sun.boot.library.path" value="D:\Program Files\Java\jdk-19\bin"/>
    <property name="sun.java.command" value="C:\Users\Bruno\AppData\Local\Temp\surefire4796177195731338149\surefirebooter-20230928124056519_3.jar C:\Users\Bruno\AppData\Local\Temp\surefire4796177195731338149 2023-09-28T12-40-56_199-jvmRun1 surefire-20230928124056519_1tmp surefire_0-20230928124056519_2tmp"/>
    <property name="jdk.debug" value="release"/>
    <property name="surefire.test.class.path" value="C:\Users\Bruno\Documents\Git\daos2023\target\test-classes;C:\Users\Bruno\Documents\Git\daos2023\target\classes;C:\Users\Bruno\.m2\repository\com\vaadin\vaadin-core\24.1.4\vaadin-core-24.1.4.jar;C:\Users\Bruno\.m2\repository\com\vaadin\vaadin-core-internal\24.1.4\vaadin-core-internal-24.1.4.jar;C:\Users\Bruno\.m2\repository\com\vaadin\flow-server\24.1.5\flow-server-24.1.5.jar;C:\Users\Bruno\.m2\repository\com\vaadin\servletdetector\throw-if-servlet3\1.0.2\throw-if-servlet3-1.0.2.jar;C:\Users\Bruno\.m2\repository\com\vaadin\external\gwt\gwt-elemental\2.8.2.vaadin2\gwt-elemental-2.8.2.vaadin2.jar;C:\Users\Bruno\.m2\repository\com\vaadin\flow-commons-upload\24.1.5\flow-commons-upload-24.1.5.jar;C:\Users\Bruno\.m2\repository\commons-io\commons-io\2.11.0\commons-io-2.11.0.jar;C:\Users\Bruno\.m2\repository\org\jsoup\jsoup\1.16.1\jsoup-1.16.1.jar;C:\Users\Bruno\.m2\repository\com\helger\ph-css\7.0.0\ph-css-7.0.0.jar;C:\Users\Bruno\.m2\repository\com\helger\commons\ph-commons\11.0.1\ph-commons-11.0.1.jar;C:\Users\Bruno\.m2\repository\org\ow2\asm\asm\9.5\asm-9.5.jar;C:\Users\Bruno\.m2\repository\com\vaadin\external\gentyref\1.2.0.vaadin1\gentyref-1.2.0.vaadin1.jar;C:\Users\Bruno\.m2\repository\org\apache\commons\commons-compress\1.23.0\commons-compress-1.23.0.jar;C:\Users\Bruno\.m2\repository\org\apache\httpcomponents\httpclient\4.5.14\httpclient-4.5.14.jar;C:\Users\Bruno\.m2\repository\org\apache\httpcomponents\httpcore\4.4.16\httpcore-4.4.16.jar;C:\Users\Bruno\.m2\repository\commons-logging\commons-logging\1.2\commons-logging-1.2.jar;C:\Users\Bruno\.m2\repository\commons-codec\commons-codec\1.15\commons-codec-1.15.jar;C:\Users\Bruno\.m2\repository\com\vaadin\flow-lit-template\24.1.5\flow-lit-template-24.1.5.jar;C:\Users\Bruno\.m2\repository\com\vaadin\flow-push\24.1.5\flow-push-24.1.5.jar;C:\Users\Bruno\.m2\repository\com\vaadin\external\atmosphere\atmosphere-runtime\3.0.3.slf4jvaadin1\atmosphere-runtime-3.0.3.slf4jvaadin1.jar;C:\Users\Bruno\.m2\repository\com\vaadin\flow-client\24.1.5\flow-client-24.1.5.jar;C:\Users\Bruno\.m2\repository\com\vaadin\flow-html-components\24.1.5\flow-html-components-24.1.5.jar;C:\Users\Bruno\.m2\repository\com\vaadin\flow-data\24.1.5\flow-data-24.1.5.jar;C:\Users\Bruno\.m2\repository\com\vaadin\flow-dnd\24.1.5\flow-dnd-24.1.5.jar;C:\Users\Bruno\.m2\repository\com\vaadin\vaadin-lumo-theme\24.1.4\vaadin-lumo-theme-24.1.4.jar;C:\Users\Bruno\.m2\repository\com\vaadin\vaadin-material-theme\24.1.4\vaadin-material-theme-24.1.4.jar;C:\Users\Bruno\.m2\repository\com\vaadin\vaadin-accordion-flow\24.1.4\vaadin-accordion-flow-24.1.4.jar;C:\Users\Bruno\.m2\repository\com\vaadin\vaadin-avatar-flow\24.1.4\vaadin-avatar-flow-24.1.4.jar;C:\Users\Bruno\.m2\repository\com\vaadin\vaadin-flow-components-base\24.1.4\vaadin-flow-components-base-24.1.4.jar;C:\Users\Bruno\.m2\repository\com\vaadin\vaadin-button-flow\24.1.4\vaadin-button-flow-24.1.4.jar;C:\Users\Bruno\.m2\repository\com\vaadin\vaadin-checkbox-flow\24.1.4\vaadin-checkbox-flow-24.1.4.jar;C:\Users\Bruno\.m2\repository\com\vaadin\vaadin-combo-box-flow\24.1.4\vaadin-combo-box-flow-24.1.4.jar;C:\Users\Bruno\.m2\repository\com\vaadin\vaadin-confirm-dialog-flow\24.1.4\vaadin-confirm-dialog-flow-24.1.4.jar;C:\Users\Bruno\.m2\repository\com\vaadin\vaadin-custom-field-flow\24.1.4\vaadin-custom-field-flow-24.1.4.jar;C:\Users\Bruno\.m2\repository\com\vaadin\vaadin-date-picker-flow\24.1.4\vaadin-date-picker-flow-24.1.4.jar;C:\Users\Bruno\.m2\repository\com\vaadin\vaadin-date-time-picker-flow\24.1.4\vaadin-date-time-picker-flow-24.1.4.jar;C:\Users\Bruno\.m2\repository\com\vaadin\vaadin-details-flow\24.1.4\vaadin-details-flow-24.1.4.jar;C:\Users\Bruno\.m2\repository\com\vaadin\vaadin-time-picker-flow\24.1.4\vaadin-time-picker-flow-24.1.4.jar;C:\Users\Bruno\.m2\repository\com\vaadin\vaadin-select-flow\24.1.4\vaadin-select-flow-24.1.4.jar;C:\Users\Bruno\.m2\repository\com\vaadin\vaadin-side-nav-flow\24.1.4\vaadin-side-nav-flow-24.1.4.jar;C:\Users\Bruno\.m2\repository\com\vaadin\vaadin-dialog-flow\24.1.4\vaadin-dialog-flow-24.1.4.jar;C:\Users\Bruno\.m2\repository\com\vaadin\vaadin-form-layout-flow\24.1.4\vaadin-form-layout-flow-24.1.4.jar;C:\Users\Bruno\.m2\repository\com\vaadin\vaadin-field-highlighter-flow\24.1.4\vaadin-field-highlighter-flow-24.1.4.jar;C:\Users\Bruno\.m2\repository\com\vaadin\vaadin-grid-flow\24.1.4\vaadin-grid-flow-24.1.4.jar;C:\Users\Bruno\.m2\repository\org\apache\commons\commons-lang3\3.12.0\commons-lang3-3.12.0.jar;C:\Users\Bruno\.m2\repository\com\vaadin\vaadin-icons-flow\24.1.4\vaadin-icons-flow-24.1.4.jar;C:\Users\Bruno\.m2\repository\com\vaadin\vaadin-virtual-list-flow\24.1.4\vaadin-virtual-list-flow-24.1.4.jar;C:\Users\Bruno\.m2\repository\com\vaadin\vaadin-list-box-flow\24.1.4\vaadin-list-box-flow-24.1.4.jar;C:\Users\Bruno\.m2\repository\com\vaadin\vaadin-login-flow\24.1.4\vaadin-login-flow-24.1.4.jar;C:\Users\Bruno\.m2\repository\com\vaadin\vaadin-messages-flow\24.1.4\vaadin-messages-flow-24.1.4.jar;C:\Users\Bruno\.m2\repository\com\vaadin\vaadin-ordered-layout-flow\24.1.4\vaadin-ordered-layout-flow-24.1.4.jar;C:\Users\Bruno\.m2\repository\com\vaadin\vaadin-progress-bar-flow\24.1.4\vaadin-progress-bar-flow-24.1.4.jar;C:\Users\Bruno\.m2\repository\com\vaadin\vaadin-radio-button-flow\24.1.4\vaadin-radio-button-flow-24.1.4.jar;C:\Users\Bruno\.m2\repository\com\vaadin\vaadin-renderer-flow\24.1.4\vaadin-renderer-flow-24.1.4.jar;C:\Users\Bruno\.m2\repository\com\vaadin\vaadin-split-layout-flow\24.1.4\vaadin-split-layout-flow-24.1.4.jar;C:\Users\Bruno\.m2\repository\com\vaadin\vaadin-tabs-flow\24.1.4\vaadin-tabs-flow-24.1.4.jar;C:\Users\Bruno\.m2\repository\com\vaadin\vaadin-text-field-flow\24.1.4\vaadin-text-field-flow-24.1.4.jar;C:\Users\Bruno\.m2\repository\com\vaadin\vaadin-upload-flow\24.1.4\vaadin-upload-flow-24.1.4.jar;C:\Users\Bruno\.m2\repository\com\vaadin\vaadin-notification-flow\24.1.4\vaadin-notification-flow-24.1.4.jar;C:\Users\Bruno\.m2\repository\com\vaadin\vaadin-app-layout-flow\24.1.4\vaadin-app-layout-flow-24.1.4.jar;C:\Users\Bruno\.m2\repository\com\vaadin\vaadin-context-menu-flow\24.1.4\vaadin-context-menu-flow-24.1.4.jar;C:\Users\Bruno\.m2\repository\com\vaadin\vaadin-menu-bar-flow\24.1.4\vaadin-menu-bar-flow-24.1.4.jar;C:\Users\Bruno\.m2\repository\com\vaadin\vaadin-spring-boot-starter\24.1.4\vaadin-spring-boot-starter-24.1.4.jar;C:\Users\Bruno\.m2\repository\com\vaadin\vaadin-spring\24.1.5\vaadin-spring-24.1.5.jar;C:\Users\Bruno\.m2\repository\org\springframework\spring-websocket\6.0.9\spring-websocket-6.0.9.jar;C:\Users\Bruno\.m2\repository\org\reflections\reflections\0.10.2\reflections-0.10.2.jar;C:\Users\Bruno\.m2\repository\com\google\code\findbugs\jsr305\3.0.2\jsr305-3.0.2.jar;C:\Users\Bruno\.m2\repository\org\parttio\line-awesome\1.1.0\line-awesome-1.1.0.jar;C:\Users\Bruno\.m2\repository\com\h2database\h2\2.1.214\h2-2.1.214.jar;C:\Users\Bruno\.m2\repository\org\springframework\boot\spring-boot-starter-data-jpa\3.1.0\spring-boot-starter-data-jpa-3.1.0.jar;C:\Users\Bruno\.m2\repository\org\springframework\boot\spring-boot-starter-aop\3.1.0\spring-boot-starter-aop-3.1.0.jar;C:\Users\Bruno\.m2\repository\org\aspectj\aspectjweaver\1.9.19\aspectjweaver-1.9.19.jar;C:\Users\Bruno\.m2\repository\org\springframework\boot\spring-boot-starter-jdbc\3.1.0\spring-boot-starter-jdbc-3.1.0.jar;C:\Users\Bruno\.m2\repository\com\zaxxer\HikariCP\5.0.1\HikariCP-5.0.1.jar;C:\Users\Bruno\.m2\repository\org\springframework\spring-jdbc\6.0.9\spring-jdbc-6.0.9.jar;C:\Users\Bruno\.m2\repository\org\hibernate\orm\hibernate-core\6.2.2.Final\hibernate-core-6.2.2.Final.jar;C:\Users\Bruno\.m2\repository\jakarta\persistence\jakarta.persistence-api\3.1.0\jakarta.persistence-api-3.1.0.jar;C:\Users\Bruno\.m2\repository\jakarta\transaction\jakarta.transaction-api\2.0.1\jakarta.transaction-api-2.0.1.jar;C:\Users\Bruno\.m2\repository\org\jboss\logging\jboss-logging\3.5.0.Final\jboss-logging-3.5.0.Final.jar;C:\Users\Bruno\.m2\repository\org\hibernate\common\hibernate-commons-annotations\6.0.6.Final\hibernate-commons-annotations-6.0.6.Final.jar;C:\Users\Bruno\.m2\repository\io\smallrye\jandex\3.0.5\jandex-3.0.5.jar;C:\Users\Bruno\.m2\repository\com\fasterxml\classmate\1.5.1\classmate-1.5.1.jar;C:\Users\Bruno\.m2\repository\net\bytebuddy\byte-buddy\1.14.4\byte-buddy-1.14.4.jar;C:\Users\Bruno\.m2\repository\org\glassfish\jaxb\jaxb-runtime\4.0.2\jaxb-runtime-4.0.2.jar;C:\Users\Bruno\.m2\repository\org\glassfish\jaxb\jaxb-core\4.0.2\jaxb-core-4.0.2.jar;C:\Users\Bruno\.m2\repository\org\eclipse\angus\angus-activation\2.0.0\angus-activation-2.0.0.jar;C:\Users\Bruno\.m2\repository\org\glassfish\jaxb\txw2\4.0.2\txw2-4.0.2.jar;C:\Users\Bruno\.m2\repository\com\sun\istack\istack-commons-runtime\4.1.1\istack-commons-runtime-4.1.1.jar;C:\Users\Bruno\.m2\repository\jakarta\inject\jakarta.inject-api\2.0.1\jakarta.inject-api-2.0.1.jar;C:\Users\Bruno\.m2\repository\org\antlr\antlr4-runtime\4.10.1\antlr4-runtime-4.10.1.jar;C:\Users\Bruno\.m2\repository\org\springframework\data\spring-data-jpa\3.1.0\spring-data-jpa-3.1.0.jar;C:\Users\Bruno\.m2\repository\org\springframework\data\spring-data-commons\3.1.0\spring-data-commons-3.1.0.jar;C:\Users\Bruno\.m2\repository\org\springframework\spring-orm\6.0.9\spring-orm-6.0.9.jar;C:\Users\Bruno\.m2\repository\org\springframework\spring-context\6.0.9\spring-context-6.0.9.jar;C:\Users\Bruno\.m2\repository\org\springframework\spring-tx\6.0.9\spring-tx-6.0.9.jar;C:\Users\Bruno\.m2\repository\org\springframework\spring-beans\6.0.9\spring-beans-6.0.9.jar;C:\Users\Bruno\.m2\repository\org\springframework\spring-aspects\6.0.9\spring-aspects-6.0.9.jar;C:\Users\Bruno\.m2\repository\org\springframework\boot\spring-boot-starter-validation\3.1.0\spring-boot-starter-validation-3.1.0.jar;C:\Users\Bruno\.m2\repository\org\apache\tomcat\embed\tomcat-embed-el\10.1.8\tomcat-embed-el-10.1.8.jar;C:\Users\Bruno\.m2\repository\org\hibernate\validator\hibernate-validator\8.0.0.Final\hibernate-validator-8.0.0.Final.jar;C:\Users\Bruno\.m2\repository\jakarta\validation\jakarta.validation-api\3.0.2\jakarta.validation-api-3.0.2.jar;C:\Users\Bruno\.m2\repository\org\springframework\boot\spring-boot-devtools\3.1.0\spring-boot-devtools-3.1.0.jar;C:\Users\Bruno\.m2\repository\org\springframework\boot\spring-boot\3.1.0\spring-boot-3.1.0.jar;C:\Users\Bruno\.m2\repository\org\springframework\boot\spring-boot-autoconfigure\3.1.0\spring-boot-autoconfigure-3.1.0.jar;C:\Users\Bruno\.m2\repository\org\springframework\boot\spring-boot-starter-test\3.1.0\spring-boot-starter-test-3.1.0.jar;C:\Users\Bruno\.m2\repository\org\springframework\boot\spring-boot-test\3.1.0\spring-boot-test-3.1.0.jar;C:\Users\Bruno\.m2\repository\org\springframework\boot\spring-boot-test-autoconfigure\3.1.0\spring-boot-test-autoconfigure-3.1.0.jar;C:\Users\Bruno\.m2\repository\com\jayway\jsonpath\json-path\2.8.0\json-path-2.8.0.jar;C:\Users\Bruno\.m2\repository\jakarta\xml\bind\jakarta.xml.bind-api\4.0.0\jakarta.xml.bind-api-4.0.0.jar;C:\Users\Bruno\.m2\repository\jakarta\activation\jakarta.activation-api\2.1.2\jakarta.activation-api-2.1.2.jar;C:\Users\Bruno\.m2\repository\net\minidev\json-smart\2.4.10\json-smart-2.4.10.jar;C:\Users\Bruno\.m2\repository\net\minidev\accessors-smart\2.4.9\accessors-smart-2.4.9.jar;C:\Users\Bruno\.m2\repository\org\assertj\assertj-core\3.24.2\assertj-core-3.24.2.jar;C:\Users\Bruno\.m2\repository\org\hamcrest\hamcrest\2.2\hamcrest-2.2.jar;C:\Users\Bruno\.m2\repository\org\junit\jupiter\junit-jupiter\5.9.3\junit-jupiter-5.9.3.jar;C:\Users\Bruno\.m2\repository\org\junit\jupiter\junit-jupiter-api\5.9.3\junit-jupiter-api-5.9.3.jar;C:\Users\Bruno\.m2\repository\org\opentest4j\opentest4j\1.2.0\opentest4j-1.2.0.jar;C:\Users\Bruno\.m2\repository\org\junit\platform\junit-platform-commons\1.9.3\junit-platform-commons-1.9.3.jar;C:\Users\Bruno\.m2\repository\org\apiguardian\apiguardian-api\1.1.2\apiguardian-api-1.1.2.jar;C:\Users\Bruno\.m2\repository\org\junit\jupiter\junit-jupiter-params\5.9.3\junit-jupiter-params-5.9.3.jar;C:\Users\Bruno\.m2\repository\org\junit\jupiter\junit-jupiter-engine\5.9.3\junit-jupiter-engine-5.9.3.jar;C:\Users\Bruno\.m2\repository\org\junit\platform\junit-platform-engine\1.9.3\junit-platform-engine-1.9.3.jar;C:\Users\Bruno\.m2\repository\org\mockito\mockito-core\5.3.1\mockito-core-5.3.1.jar;C:\Users\Bruno\.m2\repository\net\bytebuddy\byte-buddy-agent\1.14.4\byte-buddy-agent-1.14.4.jar;C:\Users\Bruno\.m2\repository\org\objenesis\objenesis\3.3\objenesis-3.3.jar;C:\Users\Bruno\.m2\repository\org\mockito\mockito-junit-jupiter\5.3.1\mockito-junit-jupiter-5.3.1.jar;C:\Users\Bruno\.m2\repository\org\skyscreamer\jsonassert\1.5.1\jsonassert-1.5.1.jar;C:\Users\Bruno\.m2\repository\com\vaadin\external\google\android-json\0.0.20131108.vaadin1\android-json-0.0.20131108.vaadin1.jar;C:\Users\Bruno\.m2\repository\org\springframework\spring-core\6.0.9\spring-core-6.0.9.jar;C:\Users\Bruno\.m2\repository\org\springframework\spring-jcl\6.0.9\spring-jcl-6.0.9.jar;C:\Users\Bruno\.m2\repository\org\springframework\spring-test\6.0.9\spring-test-6.0.9.jar;C:\Users\Bruno\.m2\repository\org\xmlunit\xmlunit-core\2.9.1\xmlunit-core-2.9.1.jar;C:\Users\Bruno\.m2\repository\org\springframework\boot\spring-boot-starter-security\3.1.0\spring-boot-starter-security-3.1.0.jar;C:\Users\Bruno\.m2\repository\org\springframework\spring-aop\6.0.9\spring-aop-6.0.9.jar;C:\Users\Bruno\.m2\repository\org\springframework\security\spring-security-config\6.1.0\spring-security-config-6.1.0.jar;C:\Users\Bruno\.m2\repository\org\springframework\security\spring-security-core\6.1.0\spring-security-core-6.1.0.jar;C:\Users\Bruno\.m2\repository\org\springframework\security\spring-security-crypto\6.1.0\spring-security-crypto-6.1.0.jar;C:\Users\Bruno\.m2\repository\org\springframework\security\spring-security-web\6.1.0\spring-security-web-6.1.0.jar;C:\Users\Bruno\.m2\repository\org\springframework\spring-expression\6.0.9\spring-expression-6.0.9.jar;C:\Users\Bruno\.m2\repository\org\springframework\boot\spring-boot-starter-web\3.1.0\spring-boot-starter-web-3.1.0.jar;C:\Users\Bruno\.m2\repository\org\springframework\boot\spring-boot-starter-json\3.1.0\spring-boot-starter-json-3.1.0.jar;C:\Users\Bruno\.m2\repository\com\fasterxml\jackson\datatype\jackson-datatype-jdk8\2.15.0\jackson-datatype-jdk8-2.15.0.jar;C:\Users\Bruno\.m2\repository\com\fasterxml\jackson\datatype\jackson-datatype-jsr310\2.15.0\jackson-datatype-jsr310-2.15.0.jar;C:\Users\Bruno\.m2\repository\com\fasterxml\jackson\module\jackson-module-parameter-names\2.15.0\jackson-module-parameter-names-2.15.0.jar;C:\Users\Bruno\.m2\repository\org\springframework\boot\spring-boot-starter-tomcat\3.1.0\spring-boot-starter-tomcat-3.1.0.jar;C:\Users\Bruno\.m2\repository\org\apache\tomcat\embed\tomcat-embed-core\10.1.8\tomcat-embed-core-10.1.8.jar;C:\Users\Bruno\.m2\repository\org\apache\tomcat\embed\tomcat-embed-websocket\10.1.8\tomcat-embed-websocket-10.1.8.jar;C:\Users\Bruno\.m2\repository\org\springframework\spring-web\6.0.9\spring-web-6.0.9.jar;C:\Users\Bruno\.m2\repository\io\micrometer\micrometer-observation\1.11.0\micrometer-observation-1.11.0.jar;C:\Users\Bruno\.m2\repository\io\micrometer\micrometer-commons\1.11.0\micrometer-commons-1.11.0.jar;C:\Users\Bruno\.m2\repository\org\springframework\spring-webmvc\6.0.9\spring-webmvc-6.0.9.jar;C:\Users\Bruno\.m2\repository\org\springframework\boot\spring-boot-starter-hateoas\3.1.0\spring-boot-starter-hateoas-3.1.0.jar;C:\Users\Bruno\.m2\repository\org\springframework\hateoas\spring-hateoas\2.1.0\spring-hateoas-2.1.0.jar;C:\Users\Bruno\.m2\repository\org\springframework\plugin\spring-plugin-core\3.0.0\spring-plugin-core-3.0.0.jar;C:\Users\Bruno\.m2\repository\net\datafaker\datafaker\2.0.0\datafaker-2.0.0.jar;C:\Users\Bruno\.m2\repository\org\yaml\snakeyaml\1.33\snakeyaml-1.33.jar;C:\Users\Bruno\.m2\repository\com\github\mifmif\generex\1.0.2\generex-1.0.2.jar;C:\Users\Bruno\.m2\repository\dk\brics\automaton\automaton\1.11-8\automaton-1.11-8.jar;C:\Users\Bruno\.m2\repository\org\modelmapper\modelmapper\3.1.1\modelmapper-3.1.1.jar;C:\Users\Bruno\.m2\repository\com\fasterxml\jackson\core\jackson-databind\2.15.0\jackson-databind-2.15.0.jar;C:\Users\Bruno\.m2\repository\com\fasterxml\jackson\core\jackson-annotations\2.15.0\jackson-annotations-2.15.0.jar;C:\Users\Bruno\.m2\repository\com\fasterxml\jackson\core\jackson-core\2.15.0\jackson-core-2.15.0.jar;C:\Users\Bruno\.m2\repository\org\thymeleaf\thymeleaf\3.1.1.RELEASE\thymeleaf-3.1.1.RELEASE.jar;C:\Users\Bruno\.m2\repository\ognl\ognl\3.3.4\ognl-3.3.4.jar;C:\Users\Bruno\.m2\repository\org\javassist\javassist\3.29.0-GA\javassist-3.29.0-GA.jar;C:\Users\Bruno\.m2\repository\org\attoparser\attoparser\2.0.6.RELEASE\attoparser-2.0.6.RELEASE.jar;C:\Users\Bruno\.m2\repository\org\unbescape\unbescape\1.1.6.RELEASE\unbescape-1.1.6.RELEASE.jar;C:\Users\Bruno\.m2\repository\org\slf4j\slf4j-api\2.0.7\slf4j-api-2.0.7.jar;C:\Users\Bruno\.m2\repository\org\springframework\boot\spring-boot-starter\3.1.0\spring-boot-starter-3.1.0.jar;C:\Users\Bruno\.m2\repository\org\springframework\boot\spring-boot-starter-logging\3.1.0\spring-boot-starter-logging-3.1.0.jar;C:\Users\Bruno\.m2\repository\ch\qos\logback\logback-classic\1.4.7\logback-classic-1.4.7.jar;C:\Users\Bruno\.m2\repository\ch\qos\logback\logback-core\1.4.7\logback-core-1.4.7.jar;C:\Users\Bruno\.m2\repository\org\apache\logging\log4j\log4j-to-slf4j\2.20.0\log4j-to-slf4j-2.20.0.jar;C:\Users\Bruno\.m2\repository\org\apache\logging\log4j\log4j-api\2.20.0\log4j-api-2.20.0.jar;C:\Users\Bruno\.m2\repository\org\slf4j\jul-to-slf4j\2.0.7\jul-to-slf4j-2.0.7.jar;C:\Users\Bruno\.m2\repository\jakarta\annotation\jakarta.annotation-api\2.1.1\jakarta.annotation-api-2.1.1.jar;"/>
    <property name="sun.cpu.endian" value="little"/>
    <property name="user.home" value="C:\Users\Bruno"/>
    <property name="user.language" value="en"/>
    <property name="java.specification.vendor" value="Oracle Corporation"/>
    <property name="java.version.date" value="2023-01-17"/>
    <property name="java.home" value="D:\Program Files\Java\jdk-19"/>
    <property name="file.separator" value="\"/>
    <property name="basedir" value="C:\Users\Bruno\Documents\Git\daos2023"/>
    <property name="java.vm.compressedOopsMode" value="Zero based"/>
    <property name="line.separator" value="&#10;"/>
    <property name="java.vm.specification.vendor" value="Oracle Corporation"/>
    <property name="java.specification.name" value="Java Platform API Specification"/>
    <property name="FILE_LOG_CHARSET" value="UTF-8"/>
    <property name="java.awt.headless" value="true"/>
    <property name="surefire.real.class.path" value="C:\Users\Bruno\AppData\Local\Temp\surefire4796177195731338149\surefirebooter-20230928124056519_3.jar"/>
    <property name="user.script" value=""/>
    <property name="sun.management.compiler" value="HotSpot 64-Bit Tiered Compilers"/>
    <property name="java.runtime.version" value="19.0.2+7-44"/>
    <property name="user.name" value="Bruno"/>
    <property name="stdout.encoding" value="Cp1252"/>
    <property name="path.separator" value=";"/>
    <property name="os.version" value="10.0"/>
    <property name="java.runtime.name" value="Java(TM) SE Runtime Environment"/>
    <property name="file.encoding" value="UTF-8"/>
    <property name="java.vm.name" value="Java HotSpot(TM) 64-Bit Server VM"/>
    <property name="localRepository" value="C:\Users\Bruno\.m2\repository"/>
    <property name="java.vendor.url.bug" value="https://bugreport.java.com/bugreport/"/>
    <property name="java.io.tmpdir" value="C:\Users\Bruno\AppData\Local\Temp\"/>
    <property name="com.zaxxer.hikari.pool_number" value="1"/>
    <property name="java.version" value="19.0.2"/>
    <property name="user.dir" value="C:\Users\Bruno\Documents\Git\daos2023"/>
    <property name="os.arch" value="amd64"/>
    <property name="java.vm.specification.name" value="Java Virtual Machine Specification"/>
    <property name="PID" value="7008"/>
    <property name="user.language.format" value="es"/>
    <property name="sun.os.patch.level" value=""/>
    <property name="CONSOLE_LOG_CHARSET" value="UTF-8"/>
    <property name="native.encoding" value="Cp1252"/>
    <property name="java.library.path" value="D:\Program Files\Java\jdk-19\bin;C:\Windows\Sun\Java\bin;C:\Windows\system32;C:\Windows;C:\Users\Bruno\bin;D:\Program Files\Git\mingw64\bin;D:\Program Files\Git\usr\local\bin;D:\Program Files\Git\usr\bin;D:\Program Files\Git\usr\bin;D:\Program Files\Git\mingw64\bin;D:\Program Files\Git\usr\bin;C:\Users\Bruno\bin;D:\Program Files\sts-4.18.0.RELEASE\plugins\org.eclipse.justj.openjdk.hotspot.jre.full.win32.x86_64_17.0.6.v20230204-1729\jre\bin\server;D:\Program Files\sts-4.18.0.RELEASE\plugins\org.eclipse.justj.openjdk.hotspot.jre.full.win32.x86_64_17.0.6.v20230204-1729\jre\bin;C:\Program Files (x86)\Microsoft SDKs\Azure\CLI2\wbin;D:\Program Files\Common Files\Oracle\Java\javapath;C:\Windows\system32;C:\Windows;C:\Windows\System32\Wbem;C:\Windows\System32\WindowsPowerShell\v1.0;C:\Windows\System32\OpenSSH;D:\Program Files\Java\jdk-19;D:\Program Files\Git\cmd;D:\Program Files\MySQL\MySQL Server 8.0\bin;D:\Program Files\Java\jdk-19\bin;D:\Program Files\Maven\apache-maven-3.9.3\bin;D:\Program Files\Docker\Docker\resources\bin;D:\Program Files\MySQL\MySQL Shell 8.0\bin;C:\Users\Bruno\AppData\Local\Microsoft\WindowsApps;D:\Program Files\heroku\bin;D:\Program Files\sts-4.18.0.RELEASE;D:\Program Files\Git\usr\bin\vendor_perl;D:\Program Files\Git\usr\bin\core_perl;."/>
    <property name="java.vm.info" value="mixed mode, sharing"/>
    <property name="stderr.encoding" value="Cp1252"/>
    <property name="java.vendor" value="Oracle Corporation"/>
    <property name="java.vm.version" value="19.0.2+7-44"/>
    <property name="sun.io.unicode.encoding" value="UnicodeLittle"/>
    <property name="java.class.version" value="63.0"/>
  </properties>
  <testcase name="contextLoads" classname="com.tsti.Daos2023ApplicationTests" time="0.87">
    <system-out><![CDATA[12:40:58.408 [main] INFO org.springframework.test.context.support.AnnotationConfigContextLoaderUtils -- Could not detect default configuration classes for test class [com.tsti.Daos2023ApplicationTests]: Daos2023ApplicationTests does not declare any static, non-private, non-final, nested classes annotated with @Configuration.
12:40:58.631 [main] INFO org.springframework.boot.test.context.SpringBootTestContextBootstrapper -- Found @SpringBootConfiguration com.tsti.Daos2023Application for test class com.tsti.Daos2023ApplicationTests

  .   ____          _            __ _ _
 /\\ / ___'_ __ _ _(_)_ __  __ _ \ \ \ \
( ( )\___ | '_ | '_| | '_ \/ _` | \ \ \ \
 \\/  ___)| |_)| | | | | || (_| |  ) ) ) )
  '  |____| .__|_| |_|_| |_\__, | / / / /
 =========|_|==============|___/=/_/_/_/
 :: Spring Boot ::                (v3.1.0)

2023-09-28T12:40:59.550-03:00  INFO 7008 --- [           main] com.tsti.Daos2023ApplicationTests        : Starting Daos2023ApplicationTests using Java 19.0.2 with PID 7008 (started by Bruno in C:\Users\Bruno\Documents\Git\daos2023)
2023-09-28T12:40:59.553-03:00  INFO 7008 --- [           main] com.tsti.Daos2023ApplicationTests        : No active profile set, falling back to 1 default profile: "default"
2023-09-28T12:41:01.419-03:00  INFO 7008 --- [           main] .s.d.r.c.RepositoryConfigurationDelegate : Bootstrapping Spring Data JPA repositories in DEFAULT mode.
2023-09-28T12:41:01.627-03:00  INFO 7008 --- [           main] .s.d.r.c.RepositoryConfigurationDelegate : Finished Spring Data repository scanning in 189 ms. Found 6 JPA repository interfaces.
2023-09-28T12:41:03.057-03:00  INFO 7008 --- [           main] o.hibernate.jpa.internal.util.LogHelper  : HHH000204: Processing PersistenceUnitInfo [name: default]
2023-09-28T12:41:03.231-03:00  INFO 7008 --- [           main] org.hibernate.Version                    : HHH000412: Hibernate ORM core version 6.2.2.Final
2023-09-28T12:41:03.239-03:00  INFO 7008 --- [           main] org.hibernate.cfg.Environment            : HHH000406: Using bytecode reflection optimizer
2023-09-28T12:41:03.690-03:00  INFO 7008 --- [           main] o.h.b.i.BytecodeProviderInitiator        : HHH000021: Bytecode provider name : bytebuddy
2023-09-28T12:41:03.988-03:00  INFO 7008 --- [           main] o.s.o.j.p.SpringPersistenceUnitInfo      : No LoadTimeWeaver setup: ignoring JPA class transformer
2023-09-28T12:41:04.027-03:00  INFO 7008 --- [           main] com.zaxxer.hikari.HikariDataSource       : HikariPool-1 - Starting...
2023-09-28T12:41:04.463-03:00  INFO 7008 --- [           main] com.zaxxer.hikari.pool.HikariPool        : HikariPool-1 - Added connection conn0: url=jdbc:h2:file:./data/airport-management user=ROOT
2023-09-28T12:41:04.466-03:00  INFO 7008 --- [           main] com.zaxxer.hikari.HikariDataSource       : HikariPool-1 - Start completed.
2023-09-28T12:41:04.508-03:00  INFO 7008 --- [           main] org.hibernate.orm.dialect                : HHH035001: Using dialect: org.hibernate.dialect.H2Dialect, version: 2.1.214
2023-09-28T12:41:05.167-03:00  INFO 7008 --- [           main] o.h.b.i.BytecodeProviderInitiator        : HHH000021: Bytecode provider name : bytebuddy
2023-09-28T12:41:06.751-03:00  INFO 7008 --- [           main] o.h.e.t.j.p.i.JtaPlatformInitiator       : HHH000490: Using JtaPlatform implementation: [org.hibernate.engine.transaction.jta.platform.internal.NoJtaPlatform]
2023-09-28T12:41:06.930-03:00  INFO 7008 --- [           main] o.h.t.s.i.e.GenerationTargetToDatabase   : HHH000476: Executing script '[injected ScriptSourceInputNonExistentImpl script]'
2023-09-28T12:41:06.935-03:00  INFO 7008 --- [           main] j.LocalContainerEntityManagerFactoryBean : Initialized JPA EntityManagerFactory for persistence unit 'default'
2023-09-28T12:41:08.184-03:00  INFO 7008 --- [           main] o.s.d.j.r.query.QueryEnhancerFactory     : Hibernate is in classpath; If applicable, HQL parser will be used.
2023-09-28T12:41:10.114-03:00  WARN 7008 --- [           main] JpaBaseConfiguration$JpaWebConfiguration : spring.jpa.open-in-view is enabled by default. Therefore, database queries may be performed during view rendering. Explicitly configure spring.jpa.open-in-view to disable this warning
2023-09-28T12:41:10.612-03:00  INFO 7008 --- [           main] o.s.s.web.DefaultSecurityFilterChain     : Will secure any request with [org.springframework.security.web.session.DisableEncodeUrlFilter@3a3740a5, org.springframework.security.web.context.request.async.WebAsyncManagerIntegrationFilter@7e09bee, org.springframework.security.web.context.SecurityContextHolderFilter@61774805, org.springframework.security.web.header.HeaderWriterFilter@7cc742d, org.springframework.security.web.csrf.CsrfFilter@711cd6f9, org.springframework.security.web.authentication.logout.LogoutFilter@45682e3e, org.springframework.security.web.authentication.UsernamePasswordAuthenticationFilter@2ec3b5dd, org.springframework.security.web.savedrequest.RequestCacheAwareFilter@1b2c513e, org.springframework.security.web.servletapi.SecurityContextHolderAwareRequestFilter@160a8986, org.springframework.security.web.authentication.AnonymousAuthenticationFilter@1bb1c6dd, org.springframework.security.web.access.ExceptionTranslationFilter@10982760, org.springframework.security.web.access.intercept.AuthorizationFilter@442545ab]
2023-09-28T12:41:11.478-03:00  INFO 7008 --- [           main] o.s.b.a.h2.H2ConsoleAutoConfiguration    : H2 console available at '/h2-console'. Database available at 'jdbc:h2:file:./data/airport-management'
2023-09-28T12:41:11.635-03:00  INFO 7008 --- [           main] com.tsti.Daos2023ApplicationTests        : Started Daos2023ApplicationTests in 12.739 seconds (process running for 14.756)
Vuelo [nroVuelo=null, hora de partida= 12:40, nroFila=0, nroColumnas=0, tipo_vuelo=INTERNACIONAL, Origen=Aeropuerto [icao=SATM, iata=MDX, name=Mercedes Airport, state=Corrientes, country=AR, elevation=358, lat=-29.2213993073, lon=-58.0877990723, tz=America/Argentina/Cordoba], Destino=Aeropuerto [icao=67IL, iata=, name=Mitchell RLA Restricted Landing Area, state=Illinois, country=US, elevation=705, lat=41.3666992188, lon=-88.650100708, tz=America/Chicago], Estado=REGISTRADO]
Vuelo [nroVuelo=null, hora de partida= 15:08, nroFila=0, nroColumnas=0, tipo_vuelo=INTERNACIONAL, Origen=Aeropuerto [icao=SATM, iata=MDX, name=Mercedes Airport, state=Corrientes, country=AR, elevation=358, lat=-29.2213993073, lon=-58.0877990723, tz=America/Argentina/Cordoba], Destino=Aeropuerto [icao=VG37, iata=, name=Umphlett Airstrip, state=Virginia, country=US, elevation=75, lat=36.5892982483, lon=-76.6380004883, tz=America/New_York], Estado=REGISTRADO]
Vuelo [nroVuelo=null, hora de partida= 09:26, nroFila=0, nroColumnas=0, tipo_vuelo=INTERNACIONAL, Origen=Aeropuerto [icao=SATM, iata=MDX, name=Mercedes Airport, state=Corrientes, country=AR, elevation=358, lat=-29.2213993073, lon=-58.0877990723, tz=America/Argentina/Cordoba], Destino=Aeropuerto [icao=MREO, iata=, name=El Ceibo Airport, state=Heredia, country=CR, elevation=33, lat=10.5333328247, lon=-83.8499984741, tz=America/Costa_Rica], Estado=REGISTRADO]
Vuelo [nroVuelo=null, hora de partida= 11:44, nroFila=0, nroColumnas=0, tipo_vuelo=INTERNACIONAL, Origen=Aeropuerto [icao=SATM, iata=MDX, name=Mercedes Airport, state=Corrientes, country=AR, elevation=358, lat=-29.2213993073, lon=-58.0877990723, tz=America/Argentina/Cordoba], Destino=Aeropuerto [icao=SPCR, iata=, name=Acari Airbase Airport, state=Arequipa, country=PE, elevation=540, lat=-15.5, lon=-74.6666717529, tz=America/Lima], Estado=REGISTRADO]
Vuelo [nroVuelo=null, hora de partida= 08:37, nroFila=0, nroColumnas=0, tipo_vuelo=INTERNACIONAL, Origen=Aeropuerto [icao=SATM, iata=MDX, name=Mercedes Airport, state=Corrientes, country=AR, elevation=358, lat=-29.2213993073, lon=-58.0877990723, tz=America/Argentina/Cordoba], Destino=Aeropuerto [icao=SWCE, iata=, name=Fazenda Cedro Airport, state=Mato-Grosso, country=BR, elevation=2310, lat=-16.2042999268, lon=-55.3987007141, tz=America/Cuiaba], Estado=REGISTRADO]
Vuelo [nroVuelo=null, hora de partida= 02:37, nroFila=0, nroColumnas=0, tipo_vuelo=INTERNACIONAL, Origen=Aeropuerto [icao=SATM, iata=MDX, name=Mercedes Airport, state=Corrientes, country=AR, elevation=358, lat=-29.2213993073, lon=-58.0877990723, tz=America/Argentina/Cordoba], Destino=Aeropuerto [icao=KN24, iata=, name=Questa Municipal Nr 2 Airport, state=New-Mexico, country=US, elevation=7700, lat=36.8003005981, lon=-105.5979995728, tz=America/Denver], Estado=REGISTRADO]
Vuelo [nroVuelo=null, hora de partida= 13:24, nroFila=0, nroColumnas=0, tipo_vuelo=INTERNACIONAL, Origen=Aeropuerto [icao=SATM, iata=MDX, name=Mercedes Airport, state=Corrientes, country=AR, elevation=358, lat=-29.2213993073, lon=-58.0877990723, tz=America/Argentina/Cordoba], Destino=Aeropuerto [icao=SOOM, iata=LDX, name=Saint-Laurent-du-Maroni Airport, state=Guyane, country=GF, elevation=16, lat=5.4830598831, lon=-54.0344009399, tz=America/Cayenne], Estado=REGISTRADO]
Vuelo [nroVuelo=null, hora de partida= 16:13, nroFila=0, nroColumnas=0, tipo_vuelo=INTERNACIONAL, Origen=Aeropuerto [icao=SATM, iata=MDX, name=Mercedes Airport, state=Corrientes, country=AR, elevation=358, lat=-29.2213993073, lon=-58.0877990723, tz=America/Argentina/Cordoba], Destino=Aeropuerto [icao=6TA3, iata=, name=Culp Airport, state=Texas, country=US, elevation=470, lat=32.7214012146, lon=-96.7238998413, tz=America/Chicago], Estado=REGISTRADO]
Vuelo [nroVuelo=null, hora de partida= 00:00, nroFila=0, nroColumnas=0, tipo_vuelo=INTERNACIONAL, Origen=Aeropuerto [icao=SATM, iata=MDX, name=Mercedes Airport, state=Corrientes, country=AR, elevation=358, lat=-29.2213993073, lon=-58.0877990723, tz=America/Argentina/Cordoba], Destino=Aeropuerto [icao=FACI, iata=, name=Citrusdal Airport, state=Western-Cape, country=ZA, elevation=532, lat=-32.6176986694, lon=19.005399704, tz=Africa/Johannesburg], Estado=REGISTRADO]
Vuelo [nroVuelo=null, hora de partida= 14:47, nroFila=0, nroColumnas=0, tipo_vuelo=INTERNACIONAL, Origen=Aeropuerto [icao=SATM, iata=MDX, name=Mercedes Airport, state=Corrientes, country=AR, elevation=358, lat=-29.2213993073, lon=-58.0877990723, tz=America/Argentina/Cordoba], Destino=Aeropuerto [icao=LFDQ, iata=, name=Castelnau Magnoac Airport, state=Occitanie, country=FR, elevation=984, lat=43.2793998718, lon=0.5216670036, tz=Europe/Paris], Estado=REGISTRADO]
Vuelo [nroVuelo=null, hora de partida= 22:34, nroFila=0, nroColumnas=0, tipo_vuelo=INTERNACIONAL, Origen=Aeropuerto [icao=SATM, iata=MDX, name=Mercedes Airport, state=Corrientes, country=AR, elevation=358, lat=-29.2213993073, lon=-58.0877990723, tz=America/Argentina/Cordoba], Destino=Aeropuerto [icao=SWAH, iata=, name=Agropecuaria Floresta Sao Joaquim Ltda Airport, state=Mato-Grosso, country=BR, elevation=325, lat=-10.141667366, lon=-60.6527786255, tz=America/Cuiaba], Estado=REGISTRADO]
Vuelo [nroVuelo=null, hora de partida= 03:33, nroFila=0, nroColumnas=0, tipo_vuelo=INTERNACIONAL, Origen=Aeropuerto [icao=SATM, iata=MDX, name=Mercedes Airport, state=Corrientes, country=AR, elevation=358, lat=-29.2213993073, lon=-58.0877990723, tz=America/Argentina/Cordoba], Destino=Aeropuerto [icao=CYZV, iata=YZV, name=Sept-Iles Airport, state=Quebec, country=CA, elevation=180, lat=50.2233009338, lon=-66.2656021118, tz=America/Toronto], Estado=REGISTRADO]
Vuelo [nroVuelo=null, hora de partida= 14:32, nroFila=0, nroColumnas=0, tipo_vuelo=INTERNACIONAL, Origen=Aeropuerto [icao=SATM, iata=MDX, name=Mercedes Airport, state=Corrientes, country=AR, elevation=358, lat=-29.2213993073, lon=-58.0877990723, tz=America/Argentina/Cordoba], Destino=Aeropuerto [icao=EYJB, iata=, name=Jubarkas Airport, state=Taurage-County, country=LT, elevation=0, lat=55.1180496216, lon=22.7648735046, tz=Europe/Vilnius], Estado=REGISTRADO]
Vuelo [nroVuelo=null, hora de partida= 15:48, nroFila=0, nroColumnas=0, tipo_vuelo=INTERNACIONAL, Origen=Aeropuerto [icao=SATM, iata=MDX, name=Mercedes Airport, state=Corrientes, country=AR, elevation=358, lat=-29.2213993073, lon=-58.0877990723, tz=America/Argentina/Cordoba], Destino=Aeropuerto [icao=KEWN, iata=EWN, name=Coastal Carolina Regional Airport, state=North-Carolina, country=US, elevation=18, lat=35.0730018616, lon=-77.0429000854, tz=America/New_York], Estado=REGISTRADO]
Vuelo [nroVuelo=null, hora de partida= 15:19, nroFila=0, nroColumnas=0, tipo_vuelo=INTERNACIONAL, Origen=Aeropuerto [icao=SATM, iata=MDX, name=Mercedes Airport, state=Corrientes, country=AR, elevation=358, lat=-29.2213993073, lon=-58.0877990723, tz=America/Argentina/Cordoba], Destino=Aeropuerto [icao=SWSA, iata=, name=Fazenda Sao Joao Airport, state=Mato-Grosso, country=BR, elevation=1476, lat=-12.2891674042, lon=-56.5338897705, tz=America/Cuiaba], Estado=REGISTRADO]
Vuelo [nroVuelo=null, hora de partida= 19:31, nroFila=0, nroColumnas=0, tipo_vuelo=INTERNACIONAL, Origen=Aeropuerto [icao=SATM, iata=MDX, name=Mercedes Airport, state=Corrientes, country=AR, elevation=358, lat=-29.2213993073, lon=-58.0877990723, tz=America/Argentina/Cordoba], Destino=Aeropuerto [icao=3PA9, iata=, name=Moyer Airport, state=Pennsylvania, country=US, elevation=330, lat=40.2967987061, lon=-75.2480010986, tz=America/New_York], Estado=REGISTRADO]
Vuelo [nroVuelo=null, hora de partida= 20:41, nroFila=0, nroColumnas=0, tipo_vuelo=INTERNACIONAL, Origen=Aeropuerto [icao=SATM, iata=MDX, name=Mercedes Airport, state=Corrientes, country=AR, elevation=358, lat=-29.2213993073, lon=-58.0877990723, tz=America/Argentina/Cordoba], Destino=Aeropuerto [icao=LBMG, iata=, name=Gabrovnitsa Air Base, state=Montana, country=BG, elevation=626, lat=43.5443000793, lon=23.2724990845, tz=Europe/Sofia], Estado=REGISTRADO]
Vuelo [nroVuelo=null, hora de partida= 19:19, nroFila=0, nroColumnas=0, tipo_vuelo=INTERNACIONAL, Origen=Aeropuerto [icao=SATM, iata=MDX, name=Mercedes Airport, state=Corrientes, country=AR, elevation=358, lat=-29.2213993073, lon=-58.0877990723, tz=America/Argentina/Cordoba], Destino=Aeropuerto [icao=SDOV, iata=, name=Mozarlandia Airport, state=Goias, country=BR, elevation=1076, lat=-14.7704000473, lon=-50.5640983582, tz=America/Sao_Paulo], Estado=REGISTRADO]
Vuelo [nroVuelo=null, hora de partida= 08:03, nroFila=0, nroColumnas=0, tipo_vuelo=INTERNACIONAL, Origen=Aeropuerto [icao=SATM, iata=MDX, name=Mercedes Airport, state=Corrientes, country=AR, elevation=358, lat=-29.2213993073, lon=-58.0877990723, tz=America/Argentina/Cordoba], Destino=Aeropuerto [icao=7PA0, iata=, name=Manor Knoll Personal Use Airport, state=Pennsylvania, country=US, elevation=440, lat=40.0209007263, lon=-76.4238967896, tz=America/New_York], Estado=REGISTRADO]
Vuelo [nroVuelo=null, hora de partida= 04:55, nroFila=0, nroColumnas=0, tipo_vuelo=INTERNACIONAL, Origen=Aeropuerto [icao=SATM, iata=MDX, name=Mercedes Airport, state=Corrientes, country=AR, elevation=358, lat=-29.2213993073, lon=-58.0877990723, tz=America/Argentina/Cordoba], Destino=Aeropuerto [icao=KMQB, iata=MQB, name=Macomb Municipal Airport, state=Illinois, country=US, elevation=707, lat=40.5200996399, lon=-90.6523971558, tz=America/Chicago], Estado=REGISTRADO]
Vuelo [nroVuelo=null, hora de partida= 12:39, nroFila=0, nroColumnas=0, tipo_vuelo=INTERNACIONAL, Origen=Aeropuerto [icao=SATM, iata=MDX, name=Mercedes Airport, state=Corrientes, country=AR, elevation=358, lat=-29.2213993073, lon=-58.0877990723, tz=America/Argentina/Cordoba], Destino=Aeropuerto [icao=LOLW, iata=, name=Wels Airport, state=Upper-Austria, country=AT, elevation=1043, lat=48.1833000183, lon=14.0409002304, tz=Europe/Vienna], Estado=REGISTRADO]
Vuelo [nroVuelo=null, hora de partida= 00:05, nroFila=0, nroColumnas=0, tipo_vuelo=INTERNACIONAL, Origen=Aeropuerto [icao=SATM, iata=MDX, name=Mercedes Airport, state=Corrientes, country=AR, elevation=358, lat=-29.2213993073, lon=-58.0877990723, tz=America/Argentina/Cordoba], Destino=Aeropuerto [icao=LTCA, iata=EZS, name=Elazig Airport, state=Elazig, country=TR, elevation=2927, lat=38.6068992615, lon=39.2914009094, tz=Europe/Istanbul], Estado=REGISTRADO]
Vuelo [nroVuelo=null, hora de partida= 03:22, nroFila=0, nroColumnas=0, tipo_vuelo=INTERNACIONAL, Origen=Aeropuerto [icao=SATM, iata=MDX, name=Mercedes Airport, state=Corrientes, country=AR, elevation=358, lat=-29.2213993073, lon=-58.0877990723, tz=America/Argentina/Cordoba], Destino=Aeropuerto [icao=VT20, iata=, name=Mach Personal Strip, state=Vermont, country=US, elevation=854, lat=43.3666992188, lon=-73.1482009888, tz=America/New_York], Estado=REGISTRADO]
Vuelo [nroVuelo=null, hora de partida= 13:24, nroFila=0, nroColumnas=0, tipo_vuelo=INTERNACIONAL, Origen=Aeropuerto [icao=SATM, iata=MDX, name=Mercedes Airport, state=Corrientes, country=AR, elevation=358, lat=-29.2213993073, lon=-58.0877990723, tz=America/Argentina/Cordoba], Destino=Aeropuerto [icao=LFLH, iata=, name=Chalon-Champforgeuil Airport, state=Bourgogne-Franche-Comte, country=FR, elevation=623, lat=46.8260993958, lon=4.8176298141, tz=Europe/Paris], Estado=REGISTRADO]
Vuelo [nroVuelo=null, hora de partida= 17:03, nroFila=0, nroColumnas=0, tipo_vuelo=INTERNACIONAL, Origen=Aeropuerto [icao=SATM, iata=MDX, name=Mercedes Airport, state=Corrientes, country=AR, elevation=358, lat=-29.2213993073, lon=-58.0877990723, tz=America/Argentina/Cordoba], Destino=Aeropuerto [icao=K3W8, iata=, name=Eureka Municipal Airport, state=South-Dakota, country=US, elevation=1935, lat=45.7999992371, lon=-99.6420974731, tz=America/Chicago], Estado=REGISTRADO]
Vuelo [nroVuelo=null, hora de partida= 13:35, nroFila=0, nroColumnas=0, tipo_vuelo=NACIONAL, Origen=Aeropuerto [icao=SATM, iata=MDX, name=Mercedes Airport, state=Corrientes, country=AR, elevation=358, lat=-29.2213993073, lon=-58.0877990723, tz=America/Argentina/Cordoba], Destino=Aeropuerto [icao=SACI, iata=, name=Pilar Airport, state=Cordoba, country=AR, elevation=1072, lat=-31.6819992065, lon=-63.8638000488, tz=America/Argentina/Cordoba], Estado=REGISTRADO]
Vuelo [nroVuelo=null, hora de partida= 06:22, nroFila=0, nroColumnas=0, tipo_vuelo=NACIONAL, Origen=Aeropuerto [icao=SATM, iata=MDX, name=Mercedes Airport, state=Corrientes, country=AR, elevation=358, lat=-29.2213993073, lon=-58.0877990723, tz=America/Argentina/Cordoba], Destino=Aeropuerto [icao=SAAG, iata=GHU, name=Gualeguaychu Airport, state=Entre-Rios, country=AR, elevation=75, lat=-33.0103, lon=-58.6131, tz=America/Argentina/Cordoba], Estado=REGISTRADO]
Vuelo [nroVuelo=null, hora de partida= 14:18, nroFila=0, nroColumnas=0, tipo_vuelo=NACIONAL, Origen=Aeropuerto [icao=SATM, iata=MDX, name=Mercedes Airport, state=Corrientes, country=AR, elevation=358, lat=-29.2213993073, lon=-58.0877990723, tz=America/Argentina/Cordoba], Destino=Aeropuerto [icao=SA21, iata=, name=Veinticinco De Mayo Airport, state=La-Pampa, country=AR, elevation=1138, lat=-37.8097991943, lon=-67.6593017578, tz=America/Argentina/Salta], Estado=REGISTRADO]
Vuelo [nroVuelo=null, hora de partida= 15:40, nroFila=0, nroColumnas=0, tipo_vuelo=NACIONAL, Origen=Aeropuerto [icao=SATM, iata=MDX, name=Mercedes Airport, state=Corrientes, country=AR, elevation=358, lat=-29.2213993073, lon=-58.0877990723, tz=America/Argentina/Cordoba], Destino=Aeropuerto [icao=SAOU, iata=LUQ, name=Brigadier Mayor D Cesar Raul Ojeda Airport, state=San-Luis, country=AR, elevation=2328, lat=-33.2732009888, lon=-66.3563995361, tz=America/Argentina/San_Luis], Estado=REGISTRADO]
Vuelo [nroVuelo=null, hora de partida= 21:57, nroFila=0, nroColumnas=0, tipo_vuelo=NACIONAL, Origen=Aeropuerto [icao=SATM, iata=MDX, name=Mercedes Airport, state=Corrientes, country=AR, elevation=358, lat=-29.2213993073, lon=-58.0877990723, tz=America/Argentina/Cordoba], Destino=Aeropuerto [icao=SAVD, iata=EMX, name=El Maiten Airport, state=Chubut, country=AR, elevation=2355, lat=-42.0292015076, lon=-71.1725006104, tz=America/Argentina/Catamarca], Estado=REGISTRADO]
Vuelo [nroVuelo=null, hora de partida= 17:57, nroFila=0, nroColumnas=0, tipo_vuelo=NACIONAL, Origen=Aeropuerto [icao=SATM, iata=MDX, name=Mercedes Airport, state=Corrientes, country=AR, elevation=358, lat=-29.2213993073, lon=-58.0877990723, tz=America/Argentina/Cordoba], Destino=Aeropuerto [icao=SAMS, iata=, name=San Carlos Airport, state=Mendoza, country=AR, elevation=3050, lat=-33.7756996155, lon=-69.0537033081, tz=America/Argentina/Mendoza], Estado=REGISTRADO]
Vuelo [nroVuelo=null, hora de partida= 00:14, nroFila=0, nroColumnas=0, tipo_vuelo=NACIONAL, Origen=Aeropuerto [icao=SATM, iata=MDX, name=Mercedes Airport, state=Corrientes, country=AR, elevation=358, lat=-29.2213993073, lon=-58.0877990723, tz=America/Argentina/Cordoba], Destino=Aeropuerto [icao=SAWM, iata=ROY, name=Rio Mayo Airport, state=Chubut, country=AR, elevation=1784, lat=-45.7038993835, lon=-70.2455978394, tz=America/Argentina/Catamarca], Estado=REGISTRADO]
Vuelo [nroVuelo=null, hora de partida= 00:03, nroFila=0, nroColumnas=0, tipo_vuelo=NACIONAL, Origen=Aeropuerto [icao=SATM, iata=MDX, name=Mercedes Airport, state=Corrientes, country=AR, elevation=358, lat=-29.2213993073, lon=-58.0877990723, tz=America/Argentina/Cordoba], Destino=Aeropuerto [icao=SAHC, iata=HOS, name=Chos Malal Airport, state=Neuquen, country=AR, elevation=2788, lat=-37.4446983337, lon=-70.2225036621, tz=America/Argentina/Salta], Estado=REGISTRADO]
Vuelo [nroVuelo=null, hora de partida= 22:38, nroFila=0, nroColumnas=0, tipo_vuelo=NACIONAL, Origen=Aeropuerto [icao=SATM, iata=MDX, name=Mercedes Airport, state=Corrientes, country=AR, elevation=358, lat=-29.2213993073, lon=-58.0877990723, tz=America/Argentina/Cordoba], Destino=Aeropuerto [icao=SAWD, iata=PUD, name=Puerto Deseado Airport, state=Santa-Cruz, country=AR, elevation=268, lat=-47.7353, lon=-65.9041, tz=America/Argentina/Rio_Gallegos], Estado=REGISTRADO]
Vuelo [nroVuelo=null, hora de partida= 15:18, nroFila=0, nroColumnas=0, tipo_vuelo=NACIONAL, Origen=Aeropuerto [icao=SATM, iata=MDX, name=Mercedes Airport, state=Corrientes, country=AR, elevation=358, lat=-29.2213993073, lon=-58.0877990723, tz=America/Argentina/Cordoba], Destino=Aeropuerto [icao=SAVC, iata=CRD, name=General E. Mosconi Airport, state=Chubut, country=AR, elevation=189, lat=-45.7853, lon=-67.4655, tz=America/Argentina/Catamarca], Estado=REGISTRADO]
Vuelo [nroVuelo=null, hora de partida= 08:30, nroFila=0, nroColumnas=0, tipo_vuelo=NACIONAL, Origen=Aeropuerto [icao=SATM, iata=MDX, name=Mercedes Airport, state=Corrientes, country=AR, elevation=358, lat=-29.2213993073, lon=-58.0877990723, tz=America/Argentina/Cordoba], Destino=Aeropuerto [icao=SAAI, iata=, name=Punta Indio Airport, state=Buenos-Aires, country=AR, elevation=49, lat=-35.3532981873, lon=-57.2900009155, tz=America/Argentina/Buenos_Aires], Estado=REGISTRADO]
Vuelo [nroVuelo=null, hora de partida= 16:53, nroFila=0, nroColumnas=0, tipo_vuelo=NACIONAL, Origen=Aeropuerto [icao=SATM, iata=MDX, name=Mercedes Airport, state=Corrientes, country=AR, elevation=358, lat=-29.2213993073, lon=-58.0877990723, tz=America/Argentina/Cordoba], Destino=Aeropuerto [icao=SAZL, iata=SST, name=Santa Teresita Airport, state=Buenos-Aires, country=AR, elevation=9, lat=-36.5423, lon=-56.7218, tz=America/Argentina/Buenos_Aires], Estado=REGISTRADO]
Vuelo [nroVuelo=null, hora de partida= 22:37, nroFila=0, nroColumnas=0, tipo_vuelo=NACIONAL, Origen=Aeropuerto [icao=SATM, iata=MDX, name=Mercedes Airport, state=Corrientes, country=AR, elevation=358, lat=-29.2213993073, lon=-58.0877990723, tz=America/Argentina/Cordoba], Destino=Aeropuerto [icao=SARS, iata=PRQ, name=Termal Airport, state=Chaco, country=AR, elevation=308, lat=-26.753610611, lon=-60.4922218323, tz=America/Argentina/Cordoba], Estado=REGISTRADO]
Vuelo [nroVuelo=null, hora de partida= 20:03, nroFila=0, nroColumnas=0, tipo_vuelo=NACIONAL, Origen=Aeropuerto [icao=SATM, iata=MDX, name=Mercedes Airport, state=Corrientes, country=AR, elevation=358, lat=-29.2213993073, lon=-58.0877990723, tz=America/Argentina/Cordoba], Destino=Aeropuerto [icao=SAWJ, iata=ULA, name=Capitan D Daniel Vazquez Airport, state=Santa-Cruz, country=AR, elevation=203, lat=-49.3068, lon=-67.8026, tz=America/Argentina/Rio_Gallegos], Estado=REGISTRADO]
Vuelo [nroVuelo=null, hora de partida= 09:22, nroFila=0, nroColumnas=0, tipo_vuelo=NACIONAL, Origen=Aeropuerto [icao=SATM, iata=MDX, name=Mercedes Airport, state=Corrientes, country=AR, elevation=358, lat=-29.2213993073, lon=-58.0877990723, tz=America/Argentina/Cordoba], Destino=Aeropuerto [icao=SAZM, iata=MDQ, name=Astor Piazzola International Airport, state=Buenos-Aires, country=AR, elevation=72, lat=-37.9342, lon=-57.5733, tz=America/Argentina/Buenos_Aires], Estado=REGISTRADO]
Vuelo [nroVuelo=null, hora de partida= 05:57, nroFila=0, nroColumnas=0, tipo_vuelo=NACIONAL, Origen=Aeropuerto [icao=SATM, iata=MDX, name=Mercedes Airport, state=Corrientes, country=AR, elevation=358, lat=-29.2213993073, lon=-58.0877990723, tz=America/Argentina/Cordoba], Destino=Aeropuerto [icao=SAZX, iata=, name=Nueve De Julio Airport, state=Buenos-Aires, country=AR, elevation=246, lat=-35.3997, lon=-60.9358, tz=America/Argentina/Buenos_Aires], Estado=REGISTRADO]
Vuelo [nroVuelo=null, hora de partida= 08:19, nroFila=0, nroColumnas=0, tipo_vuelo=NACIONAL, Origen=Aeropuerto [icao=SATM, iata=MDX, name=Mercedes Airport, state=Corrientes, country=AR, elevation=358, lat=-29.2213993073, lon=-58.0877990723, tz=America/Argentina/Cordoba], Destino=Aeropuerto [icao=SA07, iata=, name=El Porton Airport, state=Neuquen, country=AR, elevation=2853, lat=-37.1949996948, lon=-69.6094970703, tz=America/Argentina/Salta], Estado=REGISTRADO]
Vuelo [nroVuelo=null, hora de partida= 03:10, nroFila=0, nroColumnas=0, tipo_vuelo=NACIONAL, Origen=Aeropuerto [icao=SATM, iata=MDX, name=Mercedes Airport, state=Corrientes, country=AR, elevation=358, lat=-29.2213993073, lon=-58.0877990723, tz=America/Argentina/Cordoba], Destino=Aeropuerto [icao=SAFS, iata=NCJ, name=Sunchales Aeroclub Airport, state=Santa-Fe, country=AR, elevation=311, lat=-30.9575, lon=-61.5283, tz=America/Argentina/Cordoba], Estado=REGISTRADO]
Vuelo [nroVuelo=null, hora de partida= 15:06, nroFila=0, nroColumnas=0, tipo_vuelo=NACIONAL, Origen=Aeropuerto [icao=SATM, iata=MDX, name=Mercedes Airport, state=Corrientes, country=AR, elevation=358, lat=-29.2213993073, lon=-58.0877990723, tz=America/Argentina/Cordoba], Destino=Aeropuerto [icao=SAZP, iata=PEH, name=Comodoro Pedro Zanni Airport, state=Buenos-Aires, country=AR, elevation=278, lat=-35.8446, lon=-61.8576, tz=America/Argentina/Buenos_Aires], Estado=REGISTRADO]
Vuelo [nroVuelo=null, hora de partida= 09:17, nroFila=0, nroColumnas=0, tipo_vuelo=NACIONAL, Origen=Aeropuerto [icao=SATM, iata=MDX, name=Mercedes Airport, state=Corrientes, country=AR, elevation=358, lat=-29.2213993073, lon=-58.0877990723, tz=America/Argentina/Cordoba], Destino=Aeropuerto [icao=SAZT, iata=TDL, name=Heroes De Malvinas Airport, state=Buenos-Aires, country=AR, elevation=574, lat=-37.2374000549, lon=-59.2279014587, tz=America/Argentina/Buenos_Aires], Estado=REGISTRADO]
Vuelo [nroVuelo=null, hora de partida= 22:23, nroFila=0, nroColumnas=0, tipo_vuelo=NACIONAL, Origen=Aeropuerto [icao=SATM, iata=MDX, name=Mercedes Airport, state=Corrientes, country=AR, elevation=358, lat=-29.2213993073, lon=-58.0877990723, tz=America/Argentina/Cordoba], Destino=Aeropuerto [icao=SAZG, iata=GPO, name=General Pico Airport, state=La-Pampa, country=AR, elevation=459, lat=-35.6962013245, lon=-63.7583007812, tz=America/Argentina/Salta], Estado=REGISTRADO]
Vuelo [nroVuelo=null, hora de partida= 16:39, nroFila=0, nroColumnas=0, tipo_vuelo=NACIONAL, Origen=Aeropuerto [icao=SATM, iata=MDX, name=Mercedes Airport, state=Corrientes, country=AR, elevation=358, lat=-29.2213993073, lon=-58.0877990723, tz=America/Argentina/Cordoba], Destino=Aeropuerto [icao=SABP, iata=, name=Coronel Pringles Airport, state=Buenos-Aires, country=AR, elevation=810, lat=-38.0066680908, lon=-61.331943512, tz=America/Argentina/Buenos_Aires], Estado=REGISTRADO]
Vuelo [nroVuelo=null, hora de partida= 17:47, nroFila=0, nroColumnas=0, tipo_vuelo=NACIONAL, Origen=Aeropuerto [icao=SATM, iata=MDX, name=Mercedes Airport, state=Corrientes, country=AR, elevation=358, lat=-29.2213993073, lon=-58.0877990723, tz=America/Argentina/Cordoba], Destino=Aeropuerto [icao=SAEL, iata=, name=Las Flores Airport, state=Buenos-Aires, country=AR, elevation=111, lat=-36.0672, lon=-59.1042, tz=America/Argentina/Buenos_Aires], Estado=REGISTRADO]
Vuelo [nroVuelo=null, hora de partida= 20:42, nroFila=0, nroColumnas=0, tipo_vuelo=NACIONAL, Origen=Aeropuerto [icao=SATM, iata=MDX, name=Mercedes Airport, state=Corrientes, country=AR, elevation=358, lat=-29.2213993073, lon=-58.0877990723, tz=America/Argentina/Cordoba], Destino=Aeropuerto [icao=SAOM, iata=, name=Marcos Juarez Airport, state=Cordoba, country=AR, elevation=360, lat=-32.6836, lon=-62.1578, tz=America/Argentina/Cordoba], Estado=REGISTRADO]
Vuelo [nroVuelo=null, hora de partida= 22:12, nroFila=0, nroColumnas=0, tipo_vuelo=NACIONAL, Origen=Aeropuerto [icao=SATM, iata=MDX, name=Mercedes Airport, state=Corrientes, country=AR, elevation=358, lat=-29.2213993073, lon=-58.0877990723, tz=America/Argentina/Cordoba], Destino=Aeropuerto [icao=SAHZ, iata=APZ, name=Zapala Airport, state=Neuquen, country=AR, elevation=3330, lat=-38.9754981995, lon=-70.1136016846, tz=America/Argentina/Salta], Estado=REGISTRADO]
Vuelo [nroVuelo=null, hora de partida= 15:16, nroFila=0, nroColumnas=0, tipo_vuelo=INTERNACIONAL, Origen=Aeropuerto [icao=SATM, iata=MDX, name=Mercedes Airport, state=Corrientes, country=AR, elevation=358, lat=-29.2213993073, lon=-58.0877990723, tz=America/Argentina/Cordoba], Destino=Aeropuerto [icao=ID90, iata=, name=Spencer Ranch Landing Strip, state=Idaho, country=US, elevation=4284, lat=45.8387985229, lon=-116.658996582, tz=America/Boise], Estado=DEMORADO]
Vuelo [nroVuelo=null, hora de partida= 17:26, nroFila=0, nroColumnas=0, tipo_vuelo=INTERNACIONAL, Origen=Aeropuerto [icao=SATM, iata=MDX, name=Mercedes Airport, state=Corrientes, country=AR, elevation=358, lat=-29.2213993073, lon=-58.0877990723, tz=America/Argentina/Cordoba], Destino=Aeropuerto [icao=FVAE, iata=, name=Braebourne Airport, state=, country=ZW, elevation=3600, lat=-16.6669998169, lon=31.2329998016, tz=Africa/Harare], Estado=DEMORADO]
Vuelo [nroVuelo=null, hora de partida= 10:10, nroFila=0, nroColumnas=0, tipo_vuelo=INTERNACIONAL, Origen=Aeropuerto [icao=SATM, iata=MDX, name=Mercedes Airport, state=Corrientes, country=AR, elevation=358, lat=-29.2213993073, lon=-58.0877990723, tz=America/Argentina/Cordoba], Destino=Aeropuerto [icao=SSSY, iata=, name=Fazenda Silvana Airport, state=Mato-Grosso-do-Sul, country=BR, elevation=781, lat=-22.5166664124, lon=-53.5116653442, tz=America/Campo_Grande], Estado=DEMORADO]
Vuelo [nroVuelo=null, hora de partida= 21:41, nroFila=0, nroColumnas=0, tipo_vuelo=INTERNACIONAL, Origen=Aeropuerto [icao=SATM, iata=MDX, name=Mercedes Airport, state=Corrientes, country=AR, elevation=358, lat=-29.2213993073, lon=-58.0877990723, tz=America/Argentina/Cordoba], Destino=Aeropuerto [icao=19PA, iata=, name=Lake Airport, state=Pennsylvania, country=US, elevation=750, lat=41.1170005798, lon=-76.5207977295, tz=America/New_York], Estado=DEMORADO]
Vuelo [nroVuelo=null, hora de partida= 18:32, nroFila=0, nroColumnas=0, tipo_vuelo=INTERNACIONAL, Origen=Aeropuerto [icao=SATM, iata=MDX, name=Mercedes Airport, state=Corrientes, country=AR, elevation=358, lat=-29.2213993073, lon=-58.0877990723, tz=America/Argentina/Cordoba], Destino=Aeropuerto [icao=URWI, iata=ESL, name=Elista Airport, state=Kalmykiya, country=RU, elevation=501, lat=46.3739013672, lon=44.3308982849, tz=Europe/Moscow], Estado=DEMORADO]
Vuelo [nroVuelo=null, hora de partida= 00:13, nroFila=0, nroColumnas=0, tipo_vuelo=NACIONAL, Origen=Aeropuerto [icao=SATM, iata=MDX, name=Mercedes Airport, state=Corrientes, country=AR, elevation=358, lat=-29.2213993073, lon=-58.0877990723, tz=America/Argentina/Cordoba], Destino=Aeropuerto [icao=SA16, iata=, name=La Puntilla Airport, state=Mendoza, country=AR, elevation=2952, lat=-32.9627990723, lon=-68.8737030029, tz=America/Argentina/Mendoza], Estado=DEMORADO]
Vuelo [nroVuelo=null, hora de partida= 08:48, nroFila=0, nroColumnas=0, tipo_vuelo=NACIONAL, Origen=Aeropuerto [icao=SATM, iata=MDX, name=Mercedes Airport, state=Corrientes, country=AR, elevation=358, lat=-29.2213993073, lon=-58.0877990723, tz=America/Argentina/Cordoba], Destino=Aeropuerto [icao=SA21, iata=, name=Veinticinco De Mayo Airport, state=La-Pampa, country=AR, elevation=1138, lat=-37.8097991943, lon=-67.6593017578, tz=America/Argentina/Salta], Estado=DEMORADO]
Vuelo [nroVuelo=null, hora de partida= 12:43, nroFila=0, nroColumnas=0, tipo_vuelo=NACIONAL, Origen=Aeropuerto [icao=SATM, iata=MDX, name=Mercedes Airport, state=Corrientes, country=AR, elevation=358, lat=-29.2213993073, lon=-58.0877990723, tz=America/Argentina/Cordoba], Destino=Aeropuerto [icao=SADJ, iata=, name=Mariano Moreno Airport, state=Buenos-Aires, country=AR, elevation=105, lat=-34.5606, lon=-58.7896, tz=America/Argentina/Buenos_Aires], Estado=DEMORADO]
Vuelo [nroVuelo=null, hora de partida= 23:44, nroFila=0, nroColumnas=0, tipo_vuelo=NACIONAL, Origen=Aeropuerto [icao=SATM, iata=MDX, name=Mercedes Airport, state=Corrientes, country=AR, elevation=358, lat=-29.2213993073, lon=-58.0877990723, tz=America/Argentina/Cordoba], Destino=Aeropuerto [icao=SACM, iata=, name=Villa General Mitre Airport, state=Cordoba, country=AR, elevation=1760, lat=-30.7005996704, lon=-64.0430984497, tz=America/Argentina/Cordoba], Estado=DEMORADO]
Vuelo [nroVuelo=null, hora de partida= 05:13, nroFila=0, nroColumnas=0, tipo_vuelo=NACIONAL, Origen=Aeropuerto [icao=SATM, iata=MDX, name=Mercedes Airport, state=Corrientes, country=AR, elevation=358, lat=-29.2213993073, lon=-58.0877990723, tz=America/Argentina/Cordoba], Destino=Aeropuerto [icao=SA38, iata=, name=Las Lajas Airport, state=Neuquen, country=AR, elevation=2788, lat=-38.538898468, lon=-70.337097168, tz=America/Argentina/Salta], Estado=DEMORADO]
--Ejecucion de inserciones terminada.--
]]></system-out>
  </testcase>
</testsuite>