<?xml version="1.0" encoding="UTF-8"?>
<testsuite xmlns:xsi="http://www.w3.org/2001/XMLSchema-instance" xsi:noNamespaceSchemaLocation="https://maven.apache.org/surefire/maven-surefire-plugin/xsd/surefire-test-report-3.0.xsd" version="3.0" name="com.tsti.Daos2023ApplicationTests" time="35.021" tests="1" errors="0" skipped="0" failures="0">
  <properties>
    <property name="java.specification.version" value="17"/>
    <property name="sun.jnu.encoding" value="UTF-8"/>
    <property name="java.class.path" value="/home/debian-user/Documents/workspace-spring-tool-suite-4-4.20.0.RELEASE/airport-management/target/test-classes:/home/debian-user/Documents/workspace-spring-tool-suite-4-4.20.0.RELEASE/airport-management/target/classes:/home/debian-user/.m2/repository/com/vaadin/vaadin-core/24.1.4/vaadin-core-24.1.4.jar:/home/debian-user/.m2/repository/com/vaadin/vaadin-core-internal/24.1.4/vaadin-core-internal-24.1.4.jar:/home/debian-user/.m2/repository/com/vaadin/flow-server/24.1.5/flow-server-24.1.5.jar:/home/debian-user/.m2/repository/com/vaadin/servletdetector/throw-if-servlet3/1.0.2/throw-if-servlet3-1.0.2.jar:/home/debian-user/.m2/repository/com/vaadin/external/gwt/gwt-elemental/2.8.2.vaadin2/gwt-elemental-2.8.2.vaadin2.jar:/home/debian-user/.m2/repository/com/vaadin/flow-commons-upload/24.1.5/flow-commons-upload-24.1.5.jar:/home/debian-user/.m2/repository/commons-io/commons-io/2.11.0/commons-io-2.11.0.jar:/home/debian-user/.m2/repository/org/jsoup/jsoup/1.16.1/jsoup-1.16.1.jar:/home/debian-user/.m2/repository/com/helger/ph-css/7.0.0/ph-css-7.0.0.jar:/home/debian-user/.m2/repository/com/helger/commons/ph-commons/11.0.1/ph-commons-11.0.1.jar:/home/debian-user/.m2/repository/org/ow2/asm/asm/9.5/asm-9.5.jar:/home/debian-user/.m2/repository/com/vaadin/external/gentyref/1.2.0.vaadin1/gentyref-1.2.0.vaadin1.jar:/home/debian-user/.m2/repository/org/apache/commons/commons-compress/1.23.0/commons-compress-1.23.0.jar:/home/debian-user/.m2/repository/org/apache/httpcomponents/httpclient/4.5.14/httpclient-4.5.14.jar:/home/debian-user/.m2/repository/org/apache/httpcomponents/httpcore/4.4.16/httpcore-4.4.16.jar:/home/debian-user/.m2/repository/commons-logging/commons-logging/1.2/commons-logging-1.2.jar:/home/debian-user/.m2/repository/commons-codec/commons-codec/1.15/commons-codec-1.15.jar:/home/debian-user/.m2/repository/com/vaadin/flow-lit-template/24.1.5/flow-lit-template-24.1.5.jar:/home/debian-user/.m2/repository/com/vaadin/flow-push/24.1.5/flow-push-24.1.5.jar:/home/debian-user/.m2/repository/com/vaadin/external/atmosphere/atmosphere-runtime/3.0.3.slf4jvaadin1/atmosphere-runtime-3.0.3.slf4jvaadin1.jar:/home/debian-user/.m2/repository/com/vaadin/flow-client/24.1.5/flow-client-24.1.5.jar:/home/debian-user/.m2/repository/com/vaadin/flow-html-components/24.1.5/flow-html-components-24.1.5.jar:/home/debian-user/.m2/repository/com/vaadin/flow-data/24.1.5/flow-data-24.1.5.jar:/home/debian-user/.m2/repository/com/vaadin/flow-dnd/24.1.5/flow-dnd-24.1.5.jar:/home/debian-user/.m2/repository/com/vaadin/vaadin-lumo-theme/24.1.4/vaadin-lumo-theme-24.1.4.jar:/home/debian-user/.m2/repository/com/vaadin/vaadin-material-theme/24.1.4/vaadin-material-theme-24.1.4.jar:/home/debian-user/.m2/repository/com/vaadin/vaadin-accordion-flow/24.1.4/vaadin-accordion-flow-24.1.4.jar:/home/debian-user/.m2/repository/com/vaadin/vaadin-avatar-flow/24.1.4/vaadin-avatar-flow-24.1.4.jar:/home/debian-user/.m2/repository/com/vaadin/vaadin-flow-components-base/24.1.4/vaadin-flow-components-base-24.1.4.jar:/home/debian-user/.m2/repository/com/vaadin/vaadin-button-flow/24.1.4/vaadin-button-flow-24.1.4.jar:/home/debian-user/.m2/repository/com/vaadin/vaadin-checkbox-flow/24.1.4/vaadin-checkbox-flow-24.1.4.jar:/home/debian-user/.m2/repository/com/vaadin/vaadin-combo-box-flow/24.1.4/vaadin-combo-box-flow-24.1.4.jar:/home/debian-user/.m2/repository/com/vaadin/vaadin-confirm-dialog-flow/24.1.4/vaadin-confirm-dialog-flow-24.1.4.jar:/home/debian-user/.m2/repository/com/vaadin/vaadin-custom-field-flow/24.1.4/vaadin-custom-field-flow-24.1.4.jar:/home/debian-user/.m2/repository/com/vaadin/vaadin-date-picker-flow/24.1.4/vaadin-date-picker-flow-24.1.4.jar:/home/debian-user/.m2/repository/com/vaadin/vaadin-date-time-picker-flow/24.1.4/vaadin-date-time-picker-flow-24.1.4.jar:/home/debian-user/.m2/repository/com/vaadin/vaadin-details-flow/24.1.4/vaadin-details-flow-24.1.4.jar:/home/debian-user/.m2/repository/com/vaadin/vaadin-time-picker-flow/24.1.4/vaadin-time-picker-flow-24.1.4.jar:/home/debian-user/.m2/repository/com/vaadin/vaadin-select-flow/24.1.4/vaadin-select-flow-24.1.4.jar:/home/debian-user/.m2/repository/com/vaadin/vaadin-side-nav-flow/24.1.4/vaadin-side-nav-flow-24.1.4.jar:/home/debian-user/.m2/repository/com/vaadin/vaadin-dialog-flow/24.1.4/vaadin-dialog-flow-24.1.4.jar:/home/debian-user/.m2/repository/com/vaadin/vaadin-form-layout-flow/24.1.4/vaadin-form-layout-flow-24.1.4.jar:/home/debian-user/.m2/repository/com/vaadin/vaadin-field-highlighter-flow/24.1.4/vaadin-field-highlighter-flow-24.1.4.jar:/home/debian-user/.m2/repository/com/vaadin/vaadin-grid-flow/24.1.4/vaadin-grid-flow-24.1.4.jar:/home/debian-user/.m2/repository/org/apache/commons/commons-lang3/3.12.0/commons-lang3-3.12.0.jar:/home/debian-user/.m2/repository/com/vaadin/vaadin-icons-flow/24.1.4/vaadin-icons-flow-24.1.4.jar:/home/debian-user/.m2/repository/com/vaadin/vaadin-virtual-list-flow/24.1.4/vaadin-virtual-list-flow-24.1.4.jar:/home/debian-user/.m2/repository/com/vaadin/vaadin-list-box-flow/24.1.4/vaadin-list-box-flow-24.1.4.jar:/home/debian-user/.m2/repository/com/vaadin/vaadin-login-flow/24.1.4/vaadin-login-flow-24.1.4.jar:/home/debian-user/.m2/repository/com/vaadin/vaadin-messages-flow/24.1.4/vaadin-messages-flow-24.1.4.jar:/home/debian-user/.m2/repository/com/vaadin/vaadin-ordered-layout-flow/24.1.4/vaadin-ordered-layout-flow-24.1.4.jar:/home/debian-user/.m2/repository/com/vaadin/vaadin-progress-bar-flow/24.1.4/vaadin-progress-bar-flow-24.1.4.jar:/home/debian-user/.m2/repository/com/vaadin/vaadin-radio-button-flow/24.1.4/vaadin-radio-button-flow-24.1.4.jar:/home/debian-user/.m2/repository/com/vaadin/vaadin-renderer-flow/24.1.4/vaadin-renderer-flow-24.1.4.jar:/home/debian-user/.m2/repository/com/vaadin/vaadin-split-layout-flow/24.1.4/vaadin-split-layout-flow-24.1.4.jar:/home/debian-user/.m2/repository/com/vaadin/vaadin-tabs-flow/24.1.4/vaadin-tabs-flow-24.1.4.jar:/home/debian-user/.m2/repository/com/vaadin/vaadin-text-field-flow/24.1.4/vaadin-text-field-flow-24.1.4.jar:/home/debian-user/.m2/repository/com/vaadin/vaadin-upload-flow/24.1.4/vaadin-upload-flow-24.1.4.jar:/home/debian-user/.m2/repository/com/vaadin/vaadin-notification-flow/24.1.4/vaadin-notification-flow-24.1.4.jar:/home/debian-user/.m2/repository/com/vaadin/vaadin-app-layout-flow/24.1.4/vaadin-app-layout-flow-24.1.4.jar:/home/debian-user/.m2/repository/com/vaadin/vaadin-context-menu-flow/24.1.4/vaadin-context-menu-flow-24.1.4.jar:/home/debian-user/.m2/repository/com/vaadin/vaadin-menu-bar-flow/24.1.4/vaadin-menu-bar-flow-24.1.4.jar:/home/debian-user/.m2/repository/com/vaadin/vaadin-spring-boot-starter/24.1.4/vaadin-spring-boot-starter-24.1.4.jar:/home/debian-user/.m2/repository/com/vaadin/vaadin-spring/24.1.5/vaadin-spring-24.1.5.jar:/home/debian-user/.m2/repository/org/springframework/spring-websocket/6.0.9/spring-websocket-6.0.9.jar:/home/debian-user/.m2/repository/org/reflections/reflections/0.10.2/reflections-0.10.2.jar:/home/debian-user/.m2/repository/com/google/code/findbugs/jsr305/3.0.2/jsr305-3.0.2.jar:/home/debian-user/.m2/repository/org/parttio/line-awesome/1.1.0/line-awesome-1.1.0.jar:/home/debian-user/.m2/repository/com/h2database/h2/2.1.214/h2-2.1.214.jar:/home/debian-user/.m2/repository/org/springframework/boot/spring-boot-starter-data-jpa/3.1.0/spring-boot-starter-data-jpa-3.1.0.jar:/home/debian-user/.m2/repository/org/springframework/boot/spring-boot-starter-aop/3.1.0/spring-boot-starter-aop-3.1.0.jar:/home/debian-user/.m2/repository/org/aspectj/aspectjweaver/1.9.19/aspectjweaver-1.9.19.jar:/home/debian-user/.m2/repository/org/springframework/boot/spring-boot-starter-jdbc/3.1.0/spring-boot-starter-jdbc-3.1.0.jar:/home/debian-user/.m2/repository/com/zaxxer/HikariCP/5.0.1/HikariCP-5.0.1.jar:/home/debian-user/.m2/repository/org/springframework/spring-jdbc/6.0.9/spring-jdbc-6.0.9.jar:/home/debian-user/.m2/repository/org/hibernate/orm/hibernate-core/6.2.2.Final/hibernate-core-6.2.2.Final.jar:/home/debian-user/.m2/repository/jakarta/persistence/jakarta.persistence-api/3.1.0/jakarta.persistence-api-3.1.0.jar:/home/debian-user/.m2/repository/jakarta/transaction/jakarta.transaction-api/2.0.1/jakarta.transaction-api-2.0.1.jar:/home/debian-user/.m2/repository/org/jboss/logging/jboss-logging/3.5.0.Final/jboss-logging-3.5.0.Final.jar:/home/debian-user/.m2/repository/org/hibernate/common/hibernate-commons-annotations/6.0.6.Final/hibernate-commons-annotations-6.0.6.Final.jar:/home/debian-user/.m2/repository/io/smallrye/jandex/3.0.5/jandex-3.0.5.jar:/home/debian-user/.m2/repository/com/fasterxml/classmate/1.5.1/classmate-1.5.1.jar:/home/debian-user/.m2/repository/net/bytebuddy/byte-buddy/1.14.4/byte-buddy-1.14.4.jar:/home/debian-user/.m2/repository/org/glassfish/jaxb/jaxb-runtime/4.0.2/jaxb-runtime-4.0.2.jar:/home/debian-user/.m2/repository/org/glassfish/jaxb/jaxb-core/4.0.2/jaxb-core-4.0.2.jar:/home/debian-user/.m2/repository/org/eclipse/angus/angus-activation/2.0.0/angus-activation-2.0.0.jar:/home/debian-user/.m2/repository/org/glassfish/jaxb/txw2/4.0.2/txw2-4.0.2.jar:/home/debian-user/.m2/repository/com/sun/istack/istack-commons-runtime/4.1.1/istack-commons-runtime-4.1.1.jar:/home/debian-user/.m2/repository/jakarta/inject/jakarta.inject-api/2.0.1/jakarta.inject-api-2.0.1.jar:/home/debian-user/.m2/repository/org/antlr/antlr4-runtime/4.10.1/antlr4-runtime-4.10.1.jar:/home/debian-user/.m2/repository/org/springframework/data/spring-data-jpa/3.1.0/spring-data-jpa-3.1.0.jar:/home/debian-user/.m2/repository/org/springframework/data/spring-data-commons/3.1.0/spring-data-commons-3.1.0.jar:/home/debian-user/.m2/repository/org/springframework/spring-orm/6.0.9/spring-orm-6.0.9.jar:/home/debian-user/.m2/repository/org/springframework/spring-context/6.0.9/spring-context-6.0.9.jar:/home/debian-user/.m2/repository/org/springframework/spring-tx/6.0.9/spring-tx-6.0.9.jar:/home/debian-user/.m2/repository/org/springframework/spring-beans/6.0.9/spring-beans-6.0.9.jar:/home/debian-user/.m2/repository/org/springframework/spring-aspects/6.0.9/spring-aspects-6.0.9.jar:/home/debian-user/.m2/repository/org/springframework/boot/spring-boot-starter-validation/3.1.0/spring-boot-starter-validation-3.1.0.jar:/home/debian-user/.m2/repository/org/apache/tomcat/embed/tomcat-embed-el/10.1.8/tomcat-embed-el-10.1.8.jar:/home/debian-user/.m2/repository/org/hibernate/validator/hibernate-validator/8.0.0.Final/hibernate-validator-8.0.0.Final.jar:/home/debian-user/.m2/repository/jakarta/validation/jakarta.validation-api/3.0.2/jakarta.validation-api-3.0.2.jar:/home/debian-user/.m2/repository/org/springframework/boot/spring-boot-devtools/3.1.0/spring-boot-devtools-3.1.0.jar:/home/debian-user/.m2/repository/org/springframework/boot/spring-boot/3.1.0/spring-boot-3.1.0.jar:/home/debian-user/.m2/repository/org/springframework/boot/spring-boot-autoconfigure/3.1.0/spring-boot-autoconfigure-3.1.0.jar:/home/debian-user/.m2/repository/org/springframework/boot/spring-boot-starter-test/3.1.0/spring-boot-starter-test-3.1.0.jar:/home/debian-user/.m2/repository/org/springframework/boot/spring-boot-test/3.1.0/spring-boot-test-3.1.0.jar:/home/debian-user/.m2/repository/org/springframework/boot/spring-boot-test-autoconfigure/3.1.0/spring-boot-test-autoconfigure-3.1.0.jar:/home/debian-user/.m2/repository/com/jayway/jsonpath/json-path/2.8.0/json-path-2.8.0.jar:/home/debian-user/.m2/repository/jakarta/xml/bind/jakarta.xml.bind-api/4.0.0/jakarta.xml.bind-api-4.0.0.jar:/home/debian-user/.m2/repository/jakarta/activation/jakarta.activation-api/2.1.2/jakarta.activation-api-2.1.2.jar:/home/debian-user/.m2/repository/net/minidev/json-smart/2.4.10/json-smart-2.4.10.jar:/home/debian-user/.m2/repository/net/minidev/accessors-smart/2.4.9/accessors-smart-2.4.9.jar:/home/debian-user/.m2/repository/org/assertj/assertj-core/3.24.2/assertj-core-3.24.2.jar:/home/debian-user/.m2/repository/org/hamcrest/hamcrest/2.2/hamcrest-2.2.jar:/home/debian-user/.m2/repository/org/junit/jupiter/junit-jupiter/5.9.3/junit-jupiter-5.9.3.jar:/home/debian-user/.m2/repository/org/junit/jupiter/junit-jupiter-api/5.9.3/junit-jupiter-api-5.9.3.jar:/home/debian-user/.m2/repository/org/opentest4j/opentest4j/1.2.0/opentest4j-1.2.0.jar:/home/debian-user/.m2/repository/org/junit/platform/junit-platform-commons/1.9.3/junit-platform-commons-1.9.3.jar:/home/debian-user/.m2/repository/org/apiguardian/apiguardian-api/1.1.2/apiguardian-api-1.1.2.jar:/home/debian-user/.m2/repository/org/junit/jupiter/junit-jupiter-params/5.9.3/junit-jupiter-params-5.9.3.jar:/home/debian-user/.m2/repository/org/junit/jupiter/junit-jupiter-engine/5.9.3/junit-jupiter-engine-5.9.3.jar:/home/debian-user/.m2/repository/org/junit/platform/junit-platform-engine/1.9.3/junit-platform-engine-1.9.3.jar:/home/debian-user/.m2/repository/org/mockito/mockito-core/5.3.1/mockito-core-5.3.1.jar:/home/debian-user/.m2/repository/net/bytebuddy/byte-buddy-agent/1.14.4/byte-buddy-agent-1.14.4.jar:/home/debian-user/.m2/repository/org/objenesis/objenesis/3.3/objenesis-3.3.jar:/home/debian-user/.m2/repository/org/mockito/mockito-junit-jupiter/5.3.1/mockito-junit-jupiter-5.3.1.jar:/home/debian-user/.m2/repository/org/skyscreamer/jsonassert/1.5.1/jsonassert-1.5.1.jar:/home/debian-user/.m2/repository/com/vaadin/external/google/android-json/0.0.20131108.vaadin1/android-json-0.0.20131108.vaadin1.jar:/home/debian-user/.m2/repository/org/springframework/spring-core/6.0.9/spring-core-6.0.9.jar:/home/debian-user/.m2/repository/org/springframework/spring-jcl/6.0.9/spring-jcl-6.0.9.jar:/home/debian-user/.m2/repository/org/springframework/spring-test/6.0.9/spring-test-6.0.9.jar:/home/debian-user/.m2/repository/org/xmlunit/xmlunit-core/2.9.1/xmlunit-core-2.9.1.jar:/home/debian-user/.m2/repository/org/springframework/boot/spring-boot-starter-security/3.1.0/spring-boot-starter-security-3.1.0.jar:/home/debian-user/.m2/repository/org/springframework/spring-aop/6.0.9/spring-aop-6.0.9.jar:/home/debian-user/.m2/repository/org/springframework/security/spring-security-config/6.1.0/spring-security-config-6.1.0.jar:/home/debian-user/.m2/repository/org/springframework/security/spring-security-core/6.1.0/spring-security-core-6.1.0.jar:/home/debian-user/.m2/repository/org/springframework/security/spring-security-crypto/6.1.0/spring-security-crypto-6.1.0.jar:/home/debian-user/.m2/repository/org/springframework/security/spring-security-web/6.1.0/spring-security-web-6.1.0.jar:/home/debian-user/.m2/repository/org/springframework/spring-expression/6.0.9/spring-expression-6.0.9.jar:/home/debian-user/.m2/repository/org/springframework/boot/spring-boot-starter-web/3.1.0/spring-boot-starter-web-3.1.0.jar:/home/debian-user/.m2/repository/org/springframework/boot/spring-boot-starter-json/3.1.0/spring-boot-starter-json-3.1.0.jar:/home/debian-user/.m2/repository/com/fasterxml/jackson/datatype/jackson-datatype-jdk8/2.15.0/jackson-datatype-jdk8-2.15.0.jar:/home/debian-user/.m2/repository/com/fasterxml/jackson/datatype/jackson-datatype-jsr310/2.15.0/jackson-datatype-jsr310-2.15.0.jar:/home/debian-user/.m2/repository/com/fasterxml/jackson/module/jackson-module-parameter-names/2.15.0/jackson-module-parameter-names-2.15.0.jar:/home/debian-user/.m2/repository/org/springframework/boot/spring-boot-starter-tomcat/3.1.0/spring-boot-starter-tomcat-3.1.0.jar:/home/debian-user/.m2/repository/org/apache/tomcat/embed/tomcat-embed-core/10.1.8/tomcat-embed-core-10.1.8.jar:/home/debian-user/.m2/repository/org/apache/tomcat/embed/tomcat-embed-websocket/10.1.8/tomcat-embed-websocket-10.1.8.jar:/home/debian-user/.m2/repository/org/springframework/spring-web/6.0.9/spring-web-6.0.9.jar:/home/debian-user/.m2/repository/io/micrometer/micrometer-observation/1.11.0/micrometer-observation-1.11.0.jar:/home/debian-user/.m2/repository/io/micrometer/micrometer-commons/1.11.0/micrometer-commons-1.11.0.jar:/home/debian-user/.m2/repository/org/springframework/spring-webmvc/6.0.9/spring-webmvc-6.0.9.jar:/home/debian-user/.m2/repository/org/springframework/boot/spring-boot-starter-hateoas/3.1.0/spring-boot-starter-hateoas-3.1.0.jar:/home/debian-user/.m2/repository/org/springframework/hateoas/spring-hateoas/2.1.0/spring-hateoas-2.1.0.jar:/home/debian-user/.m2/repository/org/springframework/plugin/spring-plugin-core/3.0.0/spring-plugin-core-3.0.0.jar:/home/debian-user/.m2/repository/net/datafaker/datafaker/2.0.0/datafaker-2.0.0.jar:/home/debian-user/.m2/repository/org/yaml/snakeyaml/1.33/snakeyaml-1.33.jar:/home/debian-user/.m2/repository/com/github/mifmif/generex/1.0.2/generex-1.0.2.jar:/home/debian-user/.m2/repository/dk/brics/automaton/automaton/1.11-8/automaton-1.11-8.jar:/home/debian-user/.m2/repository/org/modelmapper/modelmapper/3.1.1/modelmapper-3.1.1.jar:/home/debian-user/.m2/repository/com/fasterxml/jackson/core/jackson-databind/2.15.0/jackson-databind-2.15.0.jar:/home/debian-user/.m2/repository/com/fasterxml/jackson/core/jackson-annotations/2.15.0/jackson-annotations-2.15.0.jar:/home/debian-user/.m2/repository/com/fasterxml/jackson/core/jackson-core/2.15.0/jackson-core-2.15.0.jar:/home/debian-user/.m2/repository/org/thymeleaf/thymeleaf/3.1.1.RELEASE/thymeleaf-3.1.1.RELEASE.jar:/home/debian-user/.m2/repository/ognl/ognl/3.3.4/ognl-3.3.4.jar:/home/debian-user/.m2/repository/org/javassist/javassist/3.29.0-GA/javassist-3.29.0-GA.jar:/home/debian-user/.m2/repository/org/attoparser/attoparser/2.0.6.RELEASE/attoparser-2.0.6.RELEASE.jar:/home/debian-user/.m2/repository/org/unbescape/unbescape/1.1.6.RELEASE/unbescape-1.1.6.RELEASE.jar:/home/debian-user/.m2/repository/org/slf4j/slf4j-api/2.0.7/slf4j-api-2.0.7.jar:/home/debian-user/.m2/repository/org/springframework/boot/spring-boot-starter/3.1.0/spring-boot-starter-3.1.0.jar:/home/debian-user/.m2/repository/org/springframework/boot/spring-boot-starter-logging/3.1.0/spring-boot-starter-logging-3.1.0.jar:/home/debian-user/.m2/repository/ch/qos/logback/logback-classic/1.4.7/logback-classic-1.4.7.jar:/home/debian-user/.m2/repository/ch/qos/logback/logback-core/1.4.7/logback-core-1.4.7.jar:/home/debian-user/.m2/repository/org/apache/logging/log4j/log4j-to-slf4j/2.20.0/log4j-to-slf4j-2.20.0.jar:/home/debian-user/.m2/repository/org/apache/logging/log4j/log4j-api/2.20.0/log4j-api-2.20.0.jar:/home/debian-user/.m2/repository/org/slf4j/jul-to-slf4j/2.0.7/jul-to-slf4j-2.0.7.jar:/home/debian-user/.m2/repository/jakarta/annotation/jakarta.annotation-api/2.1.1/jakarta.annotation-api-2.1.1.jar:"/>
    <property name="java.vm.vendor" value="Debian"/>
    <property name="sun.arch.data.model" value="64"/>
    <property name="spring.devtools.livereload.port" value="35729"/>
    <property name="java.vendor.url" value="https://tracker.debian.org/openjdk-17"/>
    <property name="user.timezone" value="America/Buenos_Aires"/>
    <property name="org.jboss.logging.provider" value="slf4j"/>
    <property name="os.name" value="Linux"/>
    <property name="java.vm.specification.version" value="17"/>
    <property name="sun.java.launcher" value="SUN_STANDARD"/>
    <property name="user.country" value="US"/>
    <property name="sun.boot.library.path" value="/usr/lib/jvm/java-17-openjdk-amd64/lib"/>
    <property name="sun.java.command" value="/home/debian-user/Documents/workspace-spring-tool-suite-4-4.20.0.RELEASE/airport-management/target/surefire/surefirebooter-20231006194340946_3.jar /home/debian-user/Documents/workspace-spring-tool-suite-4-4.20.0.RELEASE/airport-management/target/surefire 2023-10-06T19-43-40_717-jvmRun1 surefire-20231006194340946_1tmp surefire_0-20231006194340946_2tmp"/>
    <property name="jdk.debug" value="release"/>
    <property name="surefire.test.class.path" value="/home/debian-user/Documents/workspace-spring-tool-suite-4-4.20.0.RELEASE/airport-management/target/test-classes:/home/debian-user/Documents/workspace-spring-tool-suite-4-4.20.0.RELEASE/airport-management/target/classes:/home/debian-user/.m2/repository/com/vaadin/vaadin-core/24.1.4/vaadin-core-24.1.4.jar:/home/debian-user/.m2/repository/com/vaadin/vaadin-core-internal/24.1.4/vaadin-core-internal-24.1.4.jar:/home/debian-user/.m2/repository/com/vaadin/flow-server/24.1.5/flow-server-24.1.5.jar:/home/debian-user/.m2/repository/com/vaadin/servletdetector/throw-if-servlet3/1.0.2/throw-if-servlet3-1.0.2.jar:/home/debian-user/.m2/repository/com/vaadin/external/gwt/gwt-elemental/2.8.2.vaadin2/gwt-elemental-2.8.2.vaadin2.jar:/home/debian-user/.m2/repository/com/vaadin/flow-commons-upload/24.1.5/flow-commons-upload-24.1.5.jar:/home/debian-user/.m2/repository/commons-io/commons-io/2.11.0/commons-io-2.11.0.jar:/home/debian-user/.m2/repository/org/jsoup/jsoup/1.16.1/jsoup-1.16.1.jar:/home/debian-user/.m2/repository/com/helger/ph-css/7.0.0/ph-css-7.0.0.jar:/home/debian-user/.m2/repository/com/helger/commons/ph-commons/11.0.1/ph-commons-11.0.1.jar:/home/debian-user/.m2/repository/org/ow2/asm/asm/9.5/asm-9.5.jar:/home/debian-user/.m2/repository/com/vaadin/external/gentyref/1.2.0.vaadin1/gentyref-1.2.0.vaadin1.jar:/home/debian-user/.m2/repository/org/apache/commons/commons-compress/1.23.0/commons-compress-1.23.0.jar:/home/debian-user/.m2/repository/org/apache/httpcomponents/httpclient/4.5.14/httpclient-4.5.14.jar:/home/debian-user/.m2/repository/org/apache/httpcomponents/httpcore/4.4.16/httpcore-4.4.16.jar:/home/debian-user/.m2/repository/commons-logging/commons-logging/1.2/commons-logging-1.2.jar:/home/debian-user/.m2/repository/commons-codec/commons-codec/1.15/commons-codec-1.15.jar:/home/debian-user/.m2/repository/com/vaadin/flow-lit-template/24.1.5/flow-lit-template-24.1.5.jar:/home/debian-user/.m2/repository/com/vaadin/flow-push/24.1.5/flow-push-24.1.5.jar:/home/debian-user/.m2/repository/com/vaadin/external/atmosphere/atmosphere-runtime/3.0.3.slf4jvaadin1/atmosphere-runtime-3.0.3.slf4jvaadin1.jar:/home/debian-user/.m2/repository/com/vaadin/flow-client/24.1.5/flow-client-24.1.5.jar:/home/debian-user/.m2/repository/com/vaadin/flow-html-components/24.1.5/flow-html-components-24.1.5.jar:/home/debian-user/.m2/repository/com/vaadin/flow-data/24.1.5/flow-data-24.1.5.jar:/home/debian-user/.m2/repository/com/vaadin/flow-dnd/24.1.5/flow-dnd-24.1.5.jar:/home/debian-user/.m2/repository/com/vaadin/vaadin-lumo-theme/24.1.4/vaadin-lumo-theme-24.1.4.jar:/home/debian-user/.m2/repository/com/vaadin/vaadin-material-theme/24.1.4/vaadin-material-theme-24.1.4.jar:/home/debian-user/.m2/repository/com/vaadin/vaadin-accordion-flow/24.1.4/vaadin-accordion-flow-24.1.4.jar:/home/debian-user/.m2/repository/com/vaadin/vaadin-avatar-flow/24.1.4/vaadin-avatar-flow-24.1.4.jar:/home/debian-user/.m2/repository/com/vaadin/vaadin-flow-components-base/24.1.4/vaadin-flow-components-base-24.1.4.jar:/home/debian-user/.m2/repository/com/vaadin/vaadin-button-flow/24.1.4/vaadin-button-flow-24.1.4.jar:/home/debian-user/.m2/repository/com/vaadin/vaadin-checkbox-flow/24.1.4/vaadin-checkbox-flow-24.1.4.jar:/home/debian-user/.m2/repository/com/vaadin/vaadin-combo-box-flow/24.1.4/vaadin-combo-box-flow-24.1.4.jar:/home/debian-user/.m2/repository/com/vaadin/vaadin-confirm-dialog-flow/24.1.4/vaadin-confirm-dialog-flow-24.1.4.jar:/home/debian-user/.m2/repository/com/vaadin/vaadin-custom-field-flow/24.1.4/vaadin-custom-field-flow-24.1.4.jar:/home/debian-user/.m2/repository/com/vaadin/vaadin-date-picker-flow/24.1.4/vaadin-date-picker-flow-24.1.4.jar:/home/debian-user/.m2/repository/com/vaadin/vaadin-date-time-picker-flow/24.1.4/vaadin-date-time-picker-flow-24.1.4.jar:/home/debian-user/.m2/repository/com/vaadin/vaadin-details-flow/24.1.4/vaadin-details-flow-24.1.4.jar:/home/debian-user/.m2/repository/com/vaadin/vaadin-time-picker-flow/24.1.4/vaadin-time-picker-flow-24.1.4.jar:/home/debian-user/.m2/repository/com/vaadin/vaadin-select-flow/24.1.4/vaadin-select-flow-24.1.4.jar:/home/debian-user/.m2/repository/com/vaadin/vaadin-side-nav-flow/24.1.4/vaadin-side-nav-flow-24.1.4.jar:/home/debian-user/.m2/repository/com/vaadin/vaadin-dialog-flow/24.1.4/vaadin-dialog-flow-24.1.4.jar:/home/debian-user/.m2/repository/com/vaadin/vaadin-form-layout-flow/24.1.4/vaadin-form-layout-flow-24.1.4.jar:/home/debian-user/.m2/repository/com/vaadin/vaadin-field-highlighter-flow/24.1.4/vaadin-field-highlighter-flow-24.1.4.jar:/home/debian-user/.m2/repository/com/vaadin/vaadin-grid-flow/24.1.4/vaadin-grid-flow-24.1.4.jar:/home/debian-user/.m2/repository/org/apache/commons/commons-lang3/3.12.0/commons-lang3-3.12.0.jar:/home/debian-user/.m2/repository/com/vaadin/vaadin-icons-flow/24.1.4/vaadin-icons-flow-24.1.4.jar:/home/debian-user/.m2/repository/com/vaadin/vaadin-virtual-list-flow/24.1.4/vaadin-virtual-list-flow-24.1.4.jar:/home/debian-user/.m2/repository/com/vaadin/vaadin-list-box-flow/24.1.4/vaadin-list-box-flow-24.1.4.jar:/home/debian-user/.m2/repository/com/vaadin/vaadin-login-flow/24.1.4/vaadin-login-flow-24.1.4.jar:/home/debian-user/.m2/repository/com/vaadin/vaadin-messages-flow/24.1.4/vaadin-messages-flow-24.1.4.jar:/home/debian-user/.m2/repository/com/vaadin/vaadin-ordered-layout-flow/24.1.4/vaadin-ordered-layout-flow-24.1.4.jar:/home/debian-user/.m2/repository/com/vaadin/vaadin-progress-bar-flow/24.1.4/vaadin-progress-bar-flow-24.1.4.jar:/home/debian-user/.m2/repository/com/vaadin/vaadin-radio-button-flow/24.1.4/vaadin-radio-button-flow-24.1.4.jar:/home/debian-user/.m2/repository/com/vaadin/vaadin-renderer-flow/24.1.4/vaadin-renderer-flow-24.1.4.jar:/home/debian-user/.m2/repository/com/vaadin/vaadin-split-layout-flow/24.1.4/vaadin-split-layout-flow-24.1.4.jar:/home/debian-user/.m2/repository/com/vaadin/vaadin-tabs-flow/24.1.4/vaadin-tabs-flow-24.1.4.jar:/home/debian-user/.m2/repository/com/vaadin/vaadin-text-field-flow/24.1.4/vaadin-text-field-flow-24.1.4.jar:/home/debian-user/.m2/repository/com/vaadin/vaadin-upload-flow/24.1.4/vaadin-upload-flow-24.1.4.jar:/home/debian-user/.m2/repository/com/vaadin/vaadin-notification-flow/24.1.4/vaadin-notification-flow-24.1.4.jar:/home/debian-user/.m2/repository/com/vaadin/vaadin-app-layout-flow/24.1.4/vaadin-app-layout-flow-24.1.4.jar:/home/debian-user/.m2/repository/com/vaadin/vaadin-context-menu-flow/24.1.4/vaadin-context-menu-flow-24.1.4.jar:/home/debian-user/.m2/repository/com/vaadin/vaadin-menu-bar-flow/24.1.4/vaadin-menu-bar-flow-24.1.4.jar:/home/debian-user/.m2/repository/com/vaadin/vaadin-spring-boot-starter/24.1.4/vaadin-spring-boot-starter-24.1.4.jar:/home/debian-user/.m2/repository/com/vaadin/vaadin-spring/24.1.5/vaadin-spring-24.1.5.jar:/home/debian-user/.m2/repository/org/springframework/spring-websocket/6.0.9/spring-websocket-6.0.9.jar:/home/debian-user/.m2/repository/org/reflections/reflections/0.10.2/reflections-0.10.2.jar:/home/debian-user/.m2/repository/com/google/code/findbugs/jsr305/3.0.2/jsr305-3.0.2.jar:/home/debian-user/.m2/repository/org/parttio/line-awesome/1.1.0/line-awesome-1.1.0.jar:/home/debian-user/.m2/repository/com/h2database/h2/2.1.214/h2-2.1.214.jar:/home/debian-user/.m2/repository/org/springframework/boot/spring-boot-starter-data-jpa/3.1.0/spring-boot-starter-data-jpa-3.1.0.jar:/home/debian-user/.m2/repository/org/springframework/boot/spring-boot-starter-aop/3.1.0/spring-boot-starter-aop-3.1.0.jar:/home/debian-user/.m2/repository/org/aspectj/aspectjweaver/1.9.19/aspectjweaver-1.9.19.jar:/home/debian-user/.m2/repository/org/springframework/boot/spring-boot-starter-jdbc/3.1.0/spring-boot-starter-jdbc-3.1.0.jar:/home/debian-user/.m2/repository/com/zaxxer/HikariCP/5.0.1/HikariCP-5.0.1.jar:/home/debian-user/.m2/repository/org/springframework/spring-jdbc/6.0.9/spring-jdbc-6.0.9.jar:/home/debian-user/.m2/repository/org/hibernate/orm/hibernate-core/6.2.2.Final/hibernate-core-6.2.2.Final.jar:/home/debian-user/.m2/repository/jakarta/persistence/jakarta.persistence-api/3.1.0/jakarta.persistence-api-3.1.0.jar:/home/debian-user/.m2/repository/jakarta/transaction/jakarta.transaction-api/2.0.1/jakarta.transaction-api-2.0.1.jar:/home/debian-user/.m2/repository/org/jboss/logging/jboss-logging/3.5.0.Final/jboss-logging-3.5.0.Final.jar:/home/debian-user/.m2/repository/org/hibernate/common/hibernate-commons-annotations/6.0.6.Final/hibernate-commons-annotations-6.0.6.Final.jar:/home/debian-user/.m2/repository/io/smallrye/jandex/3.0.5/jandex-3.0.5.jar:/home/debian-user/.m2/repository/com/fasterxml/classmate/1.5.1/classmate-1.5.1.jar:/home/debian-user/.m2/repository/net/bytebuddy/byte-buddy/1.14.4/byte-buddy-1.14.4.jar:/home/debian-user/.m2/repository/org/glassfish/jaxb/jaxb-runtime/4.0.2/jaxb-runtime-4.0.2.jar:/home/debian-user/.m2/repository/org/glassfish/jaxb/jaxb-core/4.0.2/jaxb-core-4.0.2.jar:/home/debian-user/.m2/repository/org/eclipse/angus/angus-activation/2.0.0/angus-activation-2.0.0.jar:/home/debian-user/.m2/repository/org/glassfish/jaxb/txw2/4.0.2/txw2-4.0.2.jar:/home/debian-user/.m2/repository/com/sun/istack/istack-commons-runtime/4.1.1/istack-commons-runtime-4.1.1.jar:/home/debian-user/.m2/repository/jakarta/inject/jakarta.inject-api/2.0.1/jakarta.inject-api-2.0.1.jar:/home/debian-user/.m2/repository/org/antlr/antlr4-runtime/4.10.1/antlr4-runtime-4.10.1.jar:/home/debian-user/.m2/repository/org/springframework/data/spring-data-jpa/3.1.0/spring-data-jpa-3.1.0.jar:/home/debian-user/.m2/repository/org/springframework/data/spring-data-commons/3.1.0/spring-data-commons-3.1.0.jar:/home/debian-user/.m2/repository/org/springframework/spring-orm/6.0.9/spring-orm-6.0.9.jar:/home/debian-user/.m2/repository/org/springframework/spring-context/6.0.9/spring-context-6.0.9.jar:/home/debian-user/.m2/repository/org/springframework/spring-tx/6.0.9/spring-tx-6.0.9.jar:/home/debian-user/.m2/repository/org/springframework/spring-beans/6.0.9/spring-beans-6.0.9.jar:/home/debian-user/.m2/repository/org/springframework/spring-aspects/6.0.9/spring-aspects-6.0.9.jar:/home/debian-user/.m2/repository/org/springframework/boot/spring-boot-starter-validation/3.1.0/spring-boot-starter-validation-3.1.0.jar:/home/debian-user/.m2/repository/org/apache/tomcat/embed/tomcat-embed-el/10.1.8/tomcat-embed-el-10.1.8.jar:/home/debian-user/.m2/repository/org/hibernate/validator/hibernate-validator/8.0.0.Final/hibernate-validator-8.0.0.Final.jar:/home/debian-user/.m2/repository/jakarta/validation/jakarta.validation-api/3.0.2/jakarta.validation-api-3.0.2.jar:/home/debian-user/.m2/repository/org/springframework/boot/spring-boot-devtools/3.1.0/spring-boot-devtools-3.1.0.jar:/home/debian-user/.m2/repository/org/springframework/boot/spring-boot/3.1.0/spring-boot-3.1.0.jar:/home/debian-user/.m2/repository/org/springframework/boot/spring-boot-autoconfigure/3.1.0/spring-boot-autoconfigure-3.1.0.jar:/home/debian-user/.m2/repository/org/springframework/boot/spring-boot-starter-test/3.1.0/spring-boot-starter-test-3.1.0.jar:/home/debian-user/.m2/repository/org/springframework/boot/spring-boot-test/3.1.0/spring-boot-test-3.1.0.jar:/home/debian-user/.m2/repository/org/springframework/boot/spring-boot-test-autoconfigure/3.1.0/spring-boot-test-autoconfigure-3.1.0.jar:/home/debian-user/.m2/repository/com/jayway/jsonpath/json-path/2.8.0/json-path-2.8.0.jar:/home/debian-user/.m2/repository/jakarta/xml/bind/jakarta.xml.bind-api/4.0.0/jakarta.xml.bind-api-4.0.0.jar:/home/debian-user/.m2/repository/jakarta/activation/jakarta.activation-api/2.1.2/jakarta.activation-api-2.1.2.jar:/home/debian-user/.m2/repository/net/minidev/json-smart/2.4.10/json-smart-2.4.10.jar:/home/debian-user/.m2/repository/net/minidev/accessors-smart/2.4.9/accessors-smart-2.4.9.jar:/home/debian-user/.m2/repository/org/assertj/assertj-core/3.24.2/assertj-core-3.24.2.jar:/home/debian-user/.m2/repository/org/hamcrest/hamcrest/2.2/hamcrest-2.2.jar:/home/debian-user/.m2/repository/org/junit/jupiter/junit-jupiter/5.9.3/junit-jupiter-5.9.3.jar:/home/debian-user/.m2/repository/org/junit/jupiter/junit-jupiter-api/5.9.3/junit-jupiter-api-5.9.3.jar:/home/debian-user/.m2/repository/org/opentest4j/opentest4j/1.2.0/opentest4j-1.2.0.jar:/home/debian-user/.m2/repository/org/junit/platform/junit-platform-commons/1.9.3/junit-platform-commons-1.9.3.jar:/home/debian-user/.m2/repository/org/apiguardian/apiguardian-api/1.1.2/apiguardian-api-1.1.2.jar:/home/debian-user/.m2/repository/org/junit/jupiter/junit-jupiter-params/5.9.3/junit-jupiter-params-5.9.3.jar:/home/debian-user/.m2/repository/org/junit/jupiter/junit-jupiter-engine/5.9.3/junit-jupiter-engine-5.9.3.jar:/home/debian-user/.m2/repository/org/junit/platform/junit-platform-engine/1.9.3/junit-platform-engine-1.9.3.jar:/home/debian-user/.m2/repository/org/mockito/mockito-core/5.3.1/mockito-core-5.3.1.jar:/home/debian-user/.m2/repository/net/bytebuddy/byte-buddy-agent/1.14.4/byte-buddy-agent-1.14.4.jar:/home/debian-user/.m2/repository/org/objenesis/objenesis/3.3/objenesis-3.3.jar:/home/debian-user/.m2/repository/org/mockito/mockito-junit-jupiter/5.3.1/mockito-junit-jupiter-5.3.1.jar:/home/debian-user/.m2/repository/org/skyscreamer/jsonassert/1.5.1/jsonassert-1.5.1.jar:/home/debian-user/.m2/repository/com/vaadin/external/google/android-json/0.0.20131108.vaadin1/android-json-0.0.20131108.vaadin1.jar:/home/debian-user/.m2/repository/org/springframework/spring-core/6.0.9/spring-core-6.0.9.jar:/home/debian-user/.m2/repository/org/springframework/spring-jcl/6.0.9/spring-jcl-6.0.9.jar:/home/debian-user/.m2/repository/org/springframework/spring-test/6.0.9/spring-test-6.0.9.jar:/home/debian-user/.m2/repository/org/xmlunit/xmlunit-core/2.9.1/xmlunit-core-2.9.1.jar:/home/debian-user/.m2/repository/org/springframework/boot/spring-boot-starter-security/3.1.0/spring-boot-starter-security-3.1.0.jar:/home/debian-user/.m2/repository/org/springframework/spring-aop/6.0.9/spring-aop-6.0.9.jar:/home/debian-user/.m2/repository/org/springframework/security/spring-security-config/6.1.0/spring-security-config-6.1.0.jar:/home/debian-user/.m2/repository/org/springframework/security/spring-security-core/6.1.0/spring-security-core-6.1.0.jar:/home/debian-user/.m2/repository/org/springframework/security/spring-security-crypto/6.1.0/spring-security-crypto-6.1.0.jar:/home/debian-user/.m2/repository/org/springframework/security/spring-security-web/6.1.0/spring-security-web-6.1.0.jar:/home/debian-user/.m2/repository/org/springframework/spring-expression/6.0.9/spring-expression-6.0.9.jar:/home/debian-user/.m2/repository/org/springframework/boot/spring-boot-starter-web/3.1.0/spring-boot-starter-web-3.1.0.jar:/home/debian-user/.m2/repository/org/springframework/boot/spring-boot-starter-json/3.1.0/spring-boot-starter-json-3.1.0.jar:/home/debian-user/.m2/repository/com/fasterxml/jackson/datatype/jackson-datatype-jdk8/2.15.0/jackson-datatype-jdk8-2.15.0.jar:/home/debian-user/.m2/repository/com/fasterxml/jackson/datatype/jackson-datatype-jsr310/2.15.0/jackson-datatype-jsr310-2.15.0.jar:/home/debian-user/.m2/repository/com/fasterxml/jackson/module/jackson-module-parameter-names/2.15.0/jackson-module-parameter-names-2.15.0.jar:/home/debian-user/.m2/repository/org/springframework/boot/spring-boot-starter-tomcat/3.1.0/spring-boot-starter-tomcat-3.1.0.jar:/home/debian-user/.m2/repository/org/apache/tomcat/embed/tomcat-embed-core/10.1.8/tomcat-embed-core-10.1.8.jar:/home/debian-user/.m2/repository/org/apache/tomcat/embed/tomcat-embed-websocket/10.1.8/tomcat-embed-websocket-10.1.8.jar:/home/debian-user/.m2/repository/org/springframework/spring-web/6.0.9/spring-web-6.0.9.jar:/home/debian-user/.m2/repository/io/micrometer/micrometer-observation/1.11.0/micrometer-observation-1.11.0.jar:/home/debian-user/.m2/repository/io/micrometer/micrometer-commons/1.11.0/micrometer-commons-1.11.0.jar:/home/debian-user/.m2/repository/org/springframework/spring-webmvc/6.0.9/spring-webmvc-6.0.9.jar:/home/debian-user/.m2/repository/org/springframework/boot/spring-boot-starter-hateoas/3.1.0/spring-boot-starter-hateoas-3.1.0.jar:/home/debian-user/.m2/repository/org/springframework/hateoas/spring-hateoas/2.1.0/spring-hateoas-2.1.0.jar:/home/debian-user/.m2/repository/org/springframework/plugin/spring-plugin-core/3.0.0/spring-plugin-core-3.0.0.jar:/home/debian-user/.m2/repository/net/datafaker/datafaker/2.0.0/datafaker-2.0.0.jar:/home/debian-user/.m2/repository/org/yaml/snakeyaml/1.33/snakeyaml-1.33.jar:/home/debian-user/.m2/repository/com/github/mifmif/generex/1.0.2/generex-1.0.2.jar:/home/debian-user/.m2/repository/dk/brics/automaton/automaton/1.11-8/automaton-1.11-8.jar:/home/debian-user/.m2/repository/org/modelmapper/modelmapper/3.1.1/modelmapper-3.1.1.jar:/home/debian-user/.m2/repository/com/fasterxml/jackson/core/jackson-databind/2.15.0/jackson-databind-2.15.0.jar:/home/debian-user/.m2/repository/com/fasterxml/jackson/core/jackson-annotations/2.15.0/jackson-annotations-2.15.0.jar:/home/debian-user/.m2/repository/com/fasterxml/jackson/core/jackson-core/2.15.0/jackson-core-2.15.0.jar:/home/debian-user/.m2/repository/org/thymeleaf/thymeleaf/3.1.1.RELEASE/thymeleaf-3.1.1.RELEASE.jar:/home/debian-user/.m2/repository/ognl/ognl/3.3.4/ognl-3.3.4.jar:/home/debian-user/.m2/repository/org/javassist/javassist/3.29.0-GA/javassist-3.29.0-GA.jar:/home/debian-user/.m2/repository/org/attoparser/attoparser/2.0.6.RELEASE/attoparser-2.0.6.RELEASE.jar:/home/debian-user/.m2/repository/org/unbescape/unbescape/1.1.6.RELEASE/unbescape-1.1.6.RELEASE.jar:/home/debian-user/.m2/repository/org/slf4j/slf4j-api/2.0.7/slf4j-api-2.0.7.jar:/home/debian-user/.m2/repository/org/springframework/boot/spring-boot-starter/3.1.0/spring-boot-starter-3.1.0.jar:/home/debian-user/.m2/repository/org/springframework/boot/spring-boot-starter-logging/3.1.0/spring-boot-starter-logging-3.1.0.jar:/home/debian-user/.m2/repository/ch/qos/logback/logback-classic/1.4.7/logback-classic-1.4.7.jar:/home/debian-user/.m2/repository/ch/qos/logback/logback-core/1.4.7/logback-core-1.4.7.jar:/home/debian-user/.m2/repository/org/apache/logging/log4j/log4j-to-slf4j/2.20.0/log4j-to-slf4j-2.20.0.jar:/home/debian-user/.m2/repository/org/apache/logging/log4j/log4j-api/2.20.0/log4j-api-2.20.0.jar:/home/debian-user/.m2/repository/org/slf4j/jul-to-slf4j/2.0.7/jul-to-slf4j-2.0.7.jar:/home/debian-user/.m2/repository/jakarta/annotation/jakarta.annotation-api/2.1.1/jakarta.annotation-api-2.1.1.jar:"/>
    <property name="sun.cpu.endian" value="little"/>
    <property name="user.home" value="/home/debian-user"/>
    <property name="user.language" value="en"/>
    <property name="java.specification.vendor" value="Oracle Corporation"/>
    <property name="java.version.date" value="2023-07-18"/>
    <property name="java.home" value="/usr/lib/jvm/java-17-openjdk-amd64"/>
    <property name="file.separator" value="/"/>
    <property name="basedir" value="/home/debian-user/Documents/workspace-spring-tool-suite-4-4.20.0.RELEASE/airport-management"/>
    <property name="java.vm.compressedOopsMode" value="Zero based"/>
    <property name="line.separator" value="&#10;"/>
    <property name="java.specification.name" value="Java Platform API Specification"/>
    <property name="java.vm.specification.vendor" value="Oracle Corporation"/>
    <property name="FILE_LOG_CHARSET" value="UTF-8"/>
    <property name="java.awt.headless" value="true"/>
    <property name="surefire.real.class.path" value="/home/debian-user/Documents/workspace-spring-tool-suite-4-4.20.0.RELEASE/airport-management/target/surefire/surefirebooter-20231006194340946_3.jar"/>
    <property name="sun.management.compiler" value="HotSpot 64-Bit Tiered Compilers"/>
    <property name="java.runtime.version" value="17.0.8+7-Debian-1deb12u1"/>
    <property name="user.name" value="debian-user"/>
    <property name="path.separator" value=":"/>
    <property name="os.version" value="6.1.0-12-amd64"/>
    <property name="java.runtime.name" value="OpenJDK Runtime Environment"/>
    <property name="file.encoding" value="UTF-8"/>
    <property name="java.vm.name" value="OpenJDK 64-Bit Server VM"/>
    <property name="localRepository" value="/home/debian-user/.m2/repository"/>
    <property name="java.vendor.url.bug" value="https://bugs.debian.org/openjdk-17"/>
    <property name="java.io.tmpdir" value="/tmp"/>
    <property name="com.zaxxer.hikari.pool_number" value="1"/>
    <property name="java.version" value="17.0.8"/>
    <property name="user.dir" value="/home/debian-user/Documents/workspace-spring-tool-suite-4-4.20.0.RELEASE/airport-management"/>
    <property name="os.arch" value="amd64"/>
    <property name="java.vm.specification.name" value="Java Virtual Machine Specification"/>
    <property name="PID" value="34972"/>
    <property name="CONSOLE_LOG_CHARSET" value="UTF-8"/>
    <property name="native.encoding" value="UTF-8"/>
    <property name="java.library.path" value="/usr/java/packages/lib:/usr/lib/x86_64-linux-gnu/jni:/lib/x86_64-linux-gnu:/usr/lib/x86_64-linux-gnu:/usr/lib/jni:/lib:/usr/lib"/>
    <property name="java.vm.info" value="mixed mode, sharing"/>
    <property name="java.vendor" value="Debian"/>
    <property name="java.vm.version" value="17.0.8+7-Debian-1deb12u1"/>
    <property name="sun.io.unicode.encoding" value="UnicodeLittle"/>
    <property name="java.class.version" value="61.0"/>
  </properties>
  <testcase name="contextLoads" classname="com.tsti.Daos2023ApplicationTests" time="1.617">
    <system-out><![CDATA[19:43:42.605 [main] INFO org.springframework.test.context.support.AnnotationConfigContextLoaderUtils -- Could not detect default configuration classes for test class [com.tsti.Daos2023ApplicationTests]: Daos2023ApplicationTests does not declare any static, non-private, non-final, nested classes annotated with @Configuration.
19:43:42.811 [main] INFO org.springframework.boot.test.context.SpringBootTestContextBootstrapper -- Found @SpringBootConfiguration com.tsti.Daos2023Application for test class com.tsti.Daos2023ApplicationTests

  .   ____          _            __ _ _
 /\\ / ___'_ __ _ _(_)_ __  __ _ \ \ \ \
( ( )\___ | '_ | '_| | '_ \/ _` | \ \ \ \
 \\/  ___)| |_)| | | | | || (_| |  ) ) ) )
  '  |____| .__|_| |_|_| |_\__, | / / / /
 =========|_|==============|___/=/_/_/_/
 :: Spring Boot ::                (v3.1.0)

2023-10-06T19:43:43.755-03:00  INFO 34972 --- [           main] com.tsti.Daos2023ApplicationTests        : Starting Daos2023ApplicationTests using Java 17.0.8 with PID 34972 (started by debian-user in /home/debian-user/Documents/workspace-spring-tool-suite-4-4.20.0.RELEASE/airport-management)
2023-10-06T19:43:43.757-03:00  INFO 34972 --- [           main] com.tsti.Daos2023ApplicationTests        : No active profile set, falling back to 1 default profile: "default"
2023-10-06T19:43:46.097-03:00  INFO 34972 --- [           main] .s.d.r.c.RepositoryConfigurationDelegate : Bootstrapping Spring Data JPA repositories in DEFAULT mode.
2023-10-06T19:43:46.269-03:00  INFO 34972 --- [           main] .s.d.r.c.RepositoryConfigurationDelegate : Finished Spring Data repository scanning in 160 ms. Found 6 JPA repository interfaces.
2023-10-06T19:43:47.946-03:00  INFO 34972 --- [           main] o.hibernate.jpa.internal.util.LogHelper  : HHH000204: Processing PersistenceUnitInfo [name: default]
2023-10-06T19:43:48.051-03:00  INFO 34972 --- [           main] org.hibernate.Version                    : HHH000412: Hibernate ORM core version 6.2.2.Final
2023-10-06T19:43:48.055-03:00  INFO 34972 --- [           main] org.hibernate.cfg.Environment            : HHH000406: Using bytecode reflection optimizer
2023-10-06T19:43:48.384-03:00  INFO 34972 --- [           main] o.h.b.i.BytecodeProviderInitiator        : HHH000021: Bytecode provider name : bytebuddy
2023-10-06T19:43:48.698-03:00  INFO 34972 --- [           main] o.s.o.j.p.SpringPersistenceUnitInfo      : No LoadTimeWeaver setup: ignoring JPA class transformer
2023-10-06T19:43:48.729-03:00  INFO 34972 --- [           main] com.zaxxer.hikari.HikariDataSource       : HikariPool-1 - Starting...
2023-10-06T19:43:49.153-03:00  INFO 34972 --- [           main] com.zaxxer.hikari.pool.HikariPool        : HikariPool-1 - Added connection conn0: url=jdbc:h2:file:./data/airport-management user=ROOT
2023-10-06T19:43:49.156-03:00  INFO 34972 --- [           main] com.zaxxer.hikari.HikariDataSource       : HikariPool-1 - Start completed.
2023-10-06T19:43:49.194-03:00  INFO 34972 --- [           main] org.hibernate.orm.dialect                : HHH035001: Using dialect: org.hibernate.dialect.H2Dialect, version: 2.1.214
2023-10-06T19:43:49.779-03:00  INFO 34972 --- [           main] o.h.b.i.BytecodeProviderInitiator        : HHH000021: Bytecode provider name : bytebuddy
2023-10-06T19:43:51.376-03:00  INFO 34972 --- [           main] o.h.e.t.j.p.i.JtaPlatformInitiator       : HHH000490: Using JtaPlatform implementation: [org.hibernate.engine.transaction.jta.platform.internal.NoJtaPlatform]
2023-10-06T19:43:51.455-03:00  INFO 34972 --- [           main] o.h.t.s.i.e.GenerationTargetToDatabase   : HHH000476: Executing script '[injected ScriptSourceInputNonExistentImpl script]'
2023-10-06T19:43:51.458-03:00  INFO 34972 --- [           main] j.LocalContainerEntityManagerFactoryBean : Initialized JPA EntityManagerFactory for persistence unit 'default'
2023-10-06T19:43:52.425-03:00  INFO 34972 --- [           main] o.s.d.j.r.query.QueryEnhancerFactory     : Hibernate is in classpath; If applicable, HQL parser will be used.
2023-10-06T19:43:53.996-03:00  WARN 34972 --- [           main] JpaBaseConfiguration$JpaWebConfiguration : spring.jpa.open-in-view is enabled by default. Therefore, database queries may be performed during view rendering. Explicitly configure spring.jpa.open-in-view to disable this warning
2023-10-06T19:43:54.532-03:00  INFO 34972 --- [           main] o.s.s.web.DefaultSecurityFilterChain     : Will secure any request with [org.springframework.security.web.session.DisableEncodeUrlFilter@5f2788f2, org.springframework.security.web.context.request.async.WebAsyncManagerIntegrationFilter@75f67ea7, org.springframework.security.web.context.SecurityContextHolderFilter@3d3a3738, org.springframework.security.web.header.HeaderWriterFilter@19bdfa3e, org.springframework.security.web.csrf.CsrfFilter@6e832c9, org.springframework.security.web.authentication.logout.LogoutFilter@5bad04d1, org.springframework.security.web.authentication.UsernamePasswordAuthenticationFilter@2762e9a7, org.springframework.security.web.savedrequest.RequestCacheAwareFilter@2e530f34, org.springframework.security.web.servletapi.SecurityContextHolderAwareRequestFilter@2af5eab6, org.springframework.security.web.authentication.AnonymousAuthenticationFilter@549561ab, org.springframework.security.web.access.ExceptionTranslationFilter@53bc8c7e, org.springframework.security.web.access.intercept.AuthorizationFilter@36a65069]
2023-10-06T19:43:55.363-03:00  INFO 34972 --- [           main] o.s.b.a.h2.H2ConsoleAutoConfiguration    : H2 console available at '/h2-console'. Database available at 'jdbc:h2:file:./data/airport-management'
2023-10-06T19:43:55.514-03:00  INFO 34972 --- [           main] com.tsti.Daos2023ApplicationTests        : Started Daos2023ApplicationTests in 12.349 seconds (process running for 14.346)
Vuelo [nroVuelo=null, hora de partida= 11:30, nroFila=0, nroColumnas=0, tipo_vuelo=INTERNACIONAL, Origen=Aeropuerto [icao=SATM, iata=MDX, name=Mercedes Airport, state=Corrientes, country=AR, elevation=358, lat=-29.2213993073, lon=-58.0877990723, tz=America/Argentina/Cordoba], Destino=Aeropuerto [icao=SNWU, iata=, name=Fazenda Ponte Quinha Airport, state=Mato-Grosso-do-Sul, country=BR, elevation=1575, lat=-23.0086116791, lon=-55.5097236633, tz=America/Campo_Grande], Estado=REGISTRADO]
Vuelo [nroVuelo=null, hora de partida= 17:55, nroFila=0, nroColumnas=0, tipo_vuelo=INTERNACIONAL, Origen=Aeropuerto [icao=SATM, iata=MDX, name=Mercedes Airport, state=Corrientes, country=AR, elevation=358, lat=-29.2213993073, lon=-58.0877990723, tz=America/Argentina/Cordoba], Destino=Aeropuerto [icao=14MO, iata=, name=Stevinson Farm Airport, state=Missouri, country=US, elevation=900, lat=39.0499992371, lon=-94.3169021606, tz=America/Chicago], Estado=REGISTRADO]
Vuelo [nroVuelo=null, hora de partida= 22:56, nroFila=0, nroColumnas=0, tipo_vuelo=INTERNACIONAL, Origen=Aeropuerto [icao=SATM, iata=MDX, name=Mercedes Airport, state=Corrientes, country=AR, elevation=358, lat=-29.2213993073, lon=-58.0877990723, tz=America/Argentina/Cordoba], Destino=Aeropuerto [icao=MHRO, iata=RTB, name=Juan Manuel Galvez International Airport, state=Bay-Islands, country=HN, elevation=18, lat=16.3167991638, lon=-86.5230026245, tz=America/Tegucigalpa], Estado=REGISTRADO]
Vuelo [nroVuelo=null, hora de partida= 01:19, nroFila=0, nroColumnas=0, tipo_vuelo=INTERNACIONAL, Origen=Aeropuerto [icao=SATM, iata=MDX, name=Mercedes Airport, state=Corrientes, country=AR, elevation=358, lat=-29.2213993073, lon=-58.0877990723, tz=America/Argentina/Cordoba], Destino=Aeropuerto [icao=KTNT, iata=TNT, name=Dade Collier Training and Transition Airport, state=Florida, country=US, elevation=13, lat=25.8617992401, lon=-80.8970031738, tz=America/New_York], Estado=REGISTRADO]
Vuelo [nroVuelo=null, hora de partida= 08:42, nroFila=0, nroColumnas=0, tipo_vuelo=INTERNACIONAL, Origen=Aeropuerto [icao=SATM, iata=MDX, name=Mercedes Airport, state=Corrientes, country=AR, elevation=358, lat=-29.2213993073, lon=-58.0877990723, tz=America/Argentina/Cordoba], Destino=Aeropuerto [icao=KPYX, iata=, name=Perryton Ochiltree County Airport, state=Texas, country=US, elevation=2918, lat=36.4128990173, lon=-100.7519989014, tz=America/Chicago], Estado=REGISTRADO]
Vuelo [nroVuelo=null, hora de partida= 09:42, nroFila=0, nroColumnas=0, tipo_vuelo=INTERNACIONAL, Origen=Aeropuerto [icao=SATM, iata=MDX, name=Mercedes Airport, state=Corrientes, country=AR, elevation=358, lat=-29.2213993073, lon=-58.0877990723, tz=America/Argentina/Cordoba], Destino=Aeropuerto [icao=3LL9, iata=, name=Compton Airport, state=Illinois, country=US, elevation=535, lat=38.8041992188, lon=-89.6089019775, tz=America/Chicago], Estado=REGISTRADO]
Vuelo [nroVuelo=null, hora de partida= 05:12, nroFila=0, nroColumnas=0, tipo_vuelo=INTERNACIONAL, Origen=Aeropuerto [icao=SATM, iata=MDX, name=Mercedes Airport, state=Corrientes, country=AR, elevation=358, lat=-29.2213993073, lon=-58.0877990723, tz=America/Argentina/Cordoba], Destino=Aeropuerto [icao=OASA, iata=OAS, name=Sharana Airstrip, state=Paktika, country=AF, elevation=7340, lat=33.12575, lon=68.838517, tz=Asia/Kabul], Estado=REGISTRADO]
Vuelo [nroVuelo=null, hora de partida= 20:23, nroFila=0, nroColumnas=0, tipo_vuelo=INTERNACIONAL, Origen=Aeropuerto [icao=SATM, iata=MDX, name=Mercedes Airport, state=Corrientes, country=AR, elevation=358, lat=-29.2213993073, lon=-58.0877990723, tz=America/Argentina/Cordoba], Destino=Aeropuerto [icao=K06A, iata=, name=Moton Field Municipal Airport, state=Alabama, country=US, elevation=264, lat=32.4604988098, lon=-85.6800003052, tz=America/Chicago], Estado=REGISTRADO]
Vuelo [nroVuelo=null, hora de partida= 04:33, nroFila=0, nroColumnas=0, tipo_vuelo=INTERNACIONAL, Origen=Aeropuerto [icao=SATM, iata=MDX, name=Mercedes Airport, state=Corrientes, country=AR, elevation=358, lat=-29.2213993073, lon=-58.0877990723, tz=America/Argentina/Cordoba], Destino=Aeropuerto [icao=KHRJ, iata=, name=Harnett Regional Jetport Airport, state=North-Carolina, country=US, elevation=202, lat=35.37939835, lon=-78.73300171, tz=America/New_York], Estado=REGISTRADO]
Vuelo [nroVuelo=null, hora de partida= 00:50, nroFila=0, nroColumnas=0, tipo_vuelo=INTERNACIONAL, Origen=Aeropuerto [icao=SATM, iata=MDX, name=Mercedes Airport, state=Corrientes, country=AR, elevation=358, lat=-29.2213993073, lon=-58.0877990723, tz=America/Argentina/Cordoba], Destino=Aeropuerto [icao=ULPA, iata=, name=Pudozh Airport, state=Karelia, country=RU, elevation=144, lat=61.8250007629, lon=36.5800018311, tz=Europe/Moscow], Estado=REGISTRADO]
Vuelo [nroVuelo=null, hora de partida= 11:46, nroFila=0, nroColumnas=0, tipo_vuelo=INTERNACIONAL, Origen=Aeropuerto [icao=SATM, iata=MDX, name=Mercedes Airport, state=Corrientes, country=AR, elevation=358, lat=-29.2213993073, lon=-58.0877990723, tz=America/Argentina/Cordoba], Destino=Aeropuerto [icao=KY55, iata=, name=Crandon Municipal Airport, state=Wisconsin, country=US, elevation=1646, lat=45.5166015625, lon=-88.9334030151, tz=America/Chicago], Estado=REGISTRADO]
Vuelo [nroVuelo=null, hora de partida= 14:03, nroFila=0, nroColumnas=0, tipo_vuelo=INTERNACIONAL, Origen=Aeropuerto [icao=SATM, iata=MDX, name=Mercedes Airport, state=Corrientes, country=AR, elevation=358, lat=-29.2213993073, lon=-58.0877990723, tz=America/Argentina/Cordoba], Destino=Aeropuerto [icao=SNKB, iata=, name=Aeroclube Airport, state=Paraiba, country=BR, elevation=1926, lat=-7.1783328056, lon=-35.9902763367, tz=America/Fortaleza], Estado=REGISTRADO]
Vuelo [nroVuelo=null, hora de partida= 20:49, nroFila=0, nroColumnas=0, tipo_vuelo=INTERNACIONAL, Origen=Aeropuerto [icao=SATM, iata=MDX, name=Mercedes Airport, state=Corrientes, country=AR, elevation=358, lat=-29.2213993073, lon=-58.0877990723, tz=America/Argentina/Cordoba], Destino=Aeropuerto [icao=NGTU, iata=BBG, name=Butaritari Atoll Airport, state=Gilbert-Islands, country=KI, elevation=5, lat=3.0858299732, lon=172.8110046387, tz=Pacific/Tarawa], Estado=REGISTRADO]
Vuelo [nroVuelo=null, hora de partida= 22:06, nroFila=0, nroColumnas=0, tipo_vuelo=INTERNACIONAL, Origen=Aeropuerto [icao=SATM, iata=MDX, name=Mercedes Airport, state=Corrientes, country=AR, elevation=358, lat=-29.2213993073, lon=-58.0877990723, tz=America/Argentina/Cordoba], Destino=Aeropuerto [icao=12NE, iata=, name=Reisig Brothers Airport, state=Nebraska, country=US, elevation=3985, lat=41.9066009521, lon=-103.6999969482, tz=America/Denver], Estado=REGISTRADO]
Vuelo [nroVuelo=null, hora de partida= 03:15, nroFila=0, nroColumnas=0, tipo_vuelo=INTERNACIONAL, Origen=Aeropuerto [icao=SATM, iata=MDX, name=Mercedes Airport, state=Corrientes, country=AR, elevation=358, lat=-29.2213993073, lon=-58.0877990723, tz=America/Argentina/Cordoba], Destino=Aeropuerto [icao=FALC, iata=LMR, name=Lime Acres Finsch Mine Airport, state=Northern-Cape, country=ZA, elevation=4900, lat=-28.3600997925, lon=23.4391002655, tz=Africa/Johannesburg], Estado=REGISTRADO]
Vuelo [nroVuelo=null, hora de partida= 12:29, nroFila=0, nroColumnas=0, tipo_vuelo=INTERNACIONAL, Origen=Aeropuerto [icao=SATM, iata=MDX, name=Mercedes Airport, state=Corrientes, country=AR, elevation=358, lat=-29.2213993073, lon=-58.0877990723, tz=America/Argentina/Cordoba], Destino=Aeropuerto [icao=1AK2, iata=, name=Crosswind Lake Airport, state=Alaska, country=US, elevation=2125, lat=62.4009017944, lon=-146.0130004883, tz=America/Anchorage], Estado=REGISTRADO]
Vuelo [nroVuelo=null, hora de partida= 13:54, nroFila=0, nroColumnas=0, tipo_vuelo=INTERNACIONAL, Origen=Aeropuerto [icao=SATM, iata=MDX, name=Mercedes Airport, state=Corrientes, country=AR, elevation=358, lat=-29.2213993073, lon=-58.0877990723, tz=America/Argentina/Cordoba], Destino=Aeropuerto [icao=SKOR, iata=, name=Orito Airport, state=Putumayo, country=CO, elevation=1132, lat=0.669444, lon=-76.88, tz=America/Bogota], Estado=REGISTRADO]
Vuelo [nroVuelo=null, hora de partida= 07:25, nroFila=0, nroColumnas=0, tipo_vuelo=INTERNACIONAL, Origen=Aeropuerto [icao=SATM, iata=MDX, name=Mercedes Airport, state=Corrientes, country=AR, elevation=358, lat=-29.2213993073, lon=-58.0877990723, tz=America/Argentina/Cordoba], Destino=Aeropuerto [icao=NVSW, iata=WLH, name=Walaha Airport, state=Penama, country=VU, elevation=151, lat=-15.4119997025, lon=167.6909942627, tz=Pacific/Efate], Estado=REGISTRADO]
Vuelo [nroVuelo=null, hora de partida= 17:30, nroFila=0, nroColumnas=0, tipo_vuelo=INTERNACIONAL, Origen=Aeropuerto [icao=SATM, iata=MDX, name=Mercedes Airport, state=Corrientes, country=AR, elevation=358, lat=-29.2213993073, lon=-58.0877990723, tz=America/Argentina/Cordoba], Destino=Aeropuerto [icao=0PN8, iata=, name=Shriver Airport, state=Pennsylvania, country=US, elevation=1560, lat=41.6166992188, lon=-79.6830978394, tz=America/New_York], Estado=REGISTRADO]
Vuelo [nroVuelo=null, hora de partida= 00:06, nroFila=0, nroColumnas=0, tipo_vuelo=INTERNACIONAL, Origen=Aeropuerto [icao=SATM, iata=MDX, name=Mercedes Airport, state=Corrientes, country=AR, elevation=358, lat=-29.2213993073, lon=-58.0877990723, tz=America/Argentina/Cordoba], Destino=Aeropuerto [icao=KTVC, iata=TVC, name=Cherry Capital Airport, state=Michigan, country=US, elevation=624, lat=44.7414016724, lon=-85.5821990967, tz=America/Detroit], Estado=REGISTRADO]
Vuelo [nroVuelo=null, hora de partida= 09:22, nroFila=0, nroColumnas=0, tipo_vuelo=INTERNACIONAL, Origen=Aeropuerto [icao=SATM, iata=MDX, name=Mercedes Airport, state=Corrientes, country=AR, elevation=358, lat=-29.2213993073, lon=-58.0877990723, tz=America/Argentina/Cordoba], Destino=Aeropuerto [icao=KGDY, iata=GDY, name=Grundy Municipal Airport, state=Virginia, country=US, elevation=2304, lat=37.2323989868, lon=-82.125, tz=America/New_York], Estado=REGISTRADO]
Vuelo [nroVuelo=null, hora de partida= 23:03, nroFila=0, nroColumnas=0, tipo_vuelo=INTERNACIONAL, Origen=Aeropuerto [icao=SATM, iata=MDX, name=Mercedes Airport, state=Corrientes, country=AR, elevation=358, lat=-29.2213993073, lon=-58.0877990723, tz=America/Argentina/Cordoba], Destino=Aeropuerto [icao=YMMB, iata=MBW, name=Melbourne Moorabbin Airport, state=Victoria, country=AU, elevation=50, lat=-37.9757995605, lon=145.1020050049, tz=Australia/Melbourne], Estado=REGISTRADO]
Vuelo [nroVuelo=null, hora de partida= 19:21, nroFila=0, nroColumnas=0, tipo_vuelo=INTERNACIONAL, Origen=Aeropuerto [icao=SATM, iata=MDX, name=Mercedes Airport, state=Corrientes, country=AR, elevation=358, lat=-29.2213993073, lon=-58.0877990723, tz=America/Argentina/Cordoba], Destino=Aeropuerto [icao=WAPE, iata=MAL, name=Mangole Airport Falabisahaya, state=North-Maluku, country=ID, elevation=889, lat=-1.87579, lon=125.8300018311, tz=Asia/Jayapura], Estado=REGISTRADO]
Vuelo [nroVuelo=null, hora de partida= 22:45, nroFila=0, nroColumnas=0, tipo_vuelo=INTERNACIONAL, Origen=Aeropuerto [icao=SATM, iata=MDX, name=Mercedes Airport, state=Corrientes, country=AR, elevation=358, lat=-29.2213993073, lon=-58.0877990723, tz=America/Argentina/Cordoba], Destino=Aeropuerto [icao=IN08, iata=, name=Shakamak Airport, state=Indiana, country=US, elevation=613, lat=39.1694984436, lon=-87.1902999878, tz=America/Indiana/Indianapolis], Estado=REGISTRADO]
Vuelo [nroVuelo=null, hora de partida= 20:46, nroFila=0, nroColumnas=0, tipo_vuelo=INTERNACIONAL, Origen=Aeropuerto [icao=SATM, iata=MDX, name=Mercedes Airport, state=Corrientes, country=AR, elevation=358, lat=-29.2213993073, lon=-58.0877990723, tz=America/Argentina/Cordoba], Destino=Aeropuerto [icao=KCBM, iata=CBM, name=Columbus Air Force Base, state=Mississippi, country=US, elevation=219, lat=33.6437988281, lon=-88.4438018799, tz=America/Chicago], Estado=REGISTRADO]
Vuelo [nroVuelo=null, hora de partida= 17:12, nroFila=0, nroColumnas=0, tipo_vuelo=NACIONAL, Origen=Aeropuerto [icao=SATM, iata=MDX, name=Mercedes Airport, state=Corrientes, country=AR, elevation=358, lat=-29.2213993073, lon=-58.0877990723, tz=America/Argentina/Cordoba], Destino=Aeropuerto [icao=SAFS, iata=NCJ, name=Sunchales Aeroclub Airport, state=Santa-Fe, country=AR, elevation=311, lat=-30.9575, lon=-61.5283, tz=America/Argentina/Cordoba], Estado=REGISTRADO]
Vuelo [nroVuelo=null, hora de partida= 22:20, nroFila=0, nroColumnas=0, tipo_vuelo=NACIONAL, Origen=Aeropuerto [icao=SATM, iata=MDX, name=Mercedes Airport, state=Corrientes, country=AR, elevation=358, lat=-29.2213993073, lon=-58.0877990723, tz=America/Argentina/Cordoba], Destino=Aeropuerto [icao=SAHC, iata=HOS, name=Chos Malal Airport, state=Neuquen, country=AR, elevation=2788, lat=-37.4446983337, lon=-70.2225036621, tz=America/Argentina/Salta], Estado=REGISTRADO]
Vuelo [nroVuelo=null, hora de partida= 22:00, nroFila=0, nroColumnas=0, tipo_vuelo=NACIONAL, Origen=Aeropuerto [icao=SATM, iata=MDX, name=Mercedes Airport, state=Corrientes, country=AR, elevation=358, lat=-29.2213993073, lon=-58.0877990723, tz=America/Argentina/Cordoba], Destino=Aeropuerto [icao=SA19, iata=, name=Puerto Deseado West Airport, state=Santa-Cruz, country=AR, elevation=271, lat=-47.7201004028, lon=-65.9324035645, tz=America/Argentina/Rio_Gallegos], Estado=REGISTRADO]
Vuelo [nroVuelo=null, hora de partida= 22:02, nroFila=0, nroColumnas=0, tipo_vuelo=NACIONAL, Origen=Aeropuerto [icao=SATM, iata=MDX, name=Mercedes Airport, state=Corrientes, country=AR, elevation=358, lat=-29.2213993073, lon=-58.0877990723, tz=America/Argentina/Cordoba], Destino=Aeropuerto [icao=SAWR, iata=GGS, name=Gobernador Gregores Airport, state=Santa-Cruz, country=AR, elevation=356, lat=-48.7831001282, lon=-70.1500015259, tz=America/Argentina/Rio_Gallegos], Estado=REGISTRADO]
Vuelo [nroVuelo=null, hora de partida= 02:55, nroFila=0, nroColumnas=0, tipo_vuelo=NACIONAL, Origen=Aeropuerto [icao=SATM, iata=MDX, name=Mercedes Airport, state=Corrientes, country=AR, elevation=358, lat=-29.2213993073, lon=-58.0877990723, tz=America/Argentina/Cordoba], Destino=Aeropuerto [icao=SAZF, iata=OVR, name=Olavarria Airport, state=Buenos-Aires, country=AR, elevation=551, lat=-36.8899993896, lon=-60.2165985107, tz=America/Argentina/Buenos_Aires], Estado=REGISTRADO]
Vuelo [nroVuelo=null, hora de partida= 04:44, nroFila=0, nroColumnas=0, tipo_vuelo=NACIONAL, Origen=Aeropuerto [icao=SATM, iata=MDX, name=Mercedes Airport, state=Corrientes, country=AR, elevation=358, lat=-29.2213993073, lon=-58.0877990723, tz=America/Argentina/Cordoba], Destino=Aeropuerto [icao=SASA, iata=SLA, name=Martin Miguel De Guemes International Airport, state=Salta, country=AR, elevation=4088, lat=-24.8560009003, lon=-65.4861984253, tz=America/Argentina/Salta], Estado=REGISTRADO]
Vuelo [nroVuelo=null, hora de partida= 19:09, nroFila=0, nroColumnas=0, tipo_vuelo=NACIONAL, Origen=Aeropuerto [icao=SATM, iata=MDX, name=Mercedes Airport, state=Corrientes, country=AR, elevation=358, lat=-29.2213993073, lon=-58.0877990723, tz=America/Argentina/Cordoba], Destino=Aeropuerto [icao=SA02, iata=, name=Cafayate Airport, state=Salta, country=AR, elevation=5375, lat=-26.0561008453, lon=-65.9368972778, tz=America/Argentina/Salta], Estado=REGISTRADO]
Vuelo [nroVuelo=null, hora de partida= 11:29, nroFila=0, nroColumnas=0, tipo_vuelo=NACIONAL, Origen=Aeropuerto [icao=SATM, iata=MDX, name=Mercedes Airport, state=Corrientes, country=AR, elevation=358, lat=-29.2213993073, lon=-58.0877990723, tz=America/Argentina/Cordoba], Destino=Aeropuerto [icao=SATC, iata=CLX, name=Clorinda Airport, state=Formosa, country=AR, elevation=206, lat=-25.3036, lon=-57.7344, tz=America/Argentina/Cordoba], Estado=REGISTRADO]
Vuelo [nroVuelo=null, hora de partida= 03:18, nroFila=0, nroColumnas=0, tipo_vuelo=NACIONAL, Origen=Aeropuerto [icao=SATM, iata=MDX, name=Mercedes Airport, state=Corrientes, country=AR, elevation=358, lat=-29.2213993073, lon=-58.0877990723, tz=America/Argentina/Cordoba], Destino=Aeropuerto [icao=SASJ, iata=JUJ, name=Gobernador Horacio Guzman International Airport, state=Jujuy, country=AR, elevation=3019, lat=-24.3927993774, lon=-65.0978012085, tz=America/Argentina/Jujuy], Estado=REGISTRADO]
Vuelo [nroVuelo=null, hora de partida= 16:35, nroFila=0, nroColumnas=0, tipo_vuelo=NACIONAL, Origen=Aeropuerto [icao=SATM, iata=MDX, name=Mercedes Airport, state=Corrientes, country=AR, elevation=358, lat=-29.2213993073, lon=-58.0877990723, tz=America/Argentina/Cordoba], Destino=Aeropuerto [icao=SADR, iata=, name=Merlo Airport, state=Buenos-Aires, country=AR, elevation=49, lat=-34.6848, lon=-58.6891, tz=America/Argentina/Buenos_Aires], Estado=REGISTRADO]
Vuelo [nroVuelo=null, hora de partida= 15:00, nroFila=0, nroColumnas=0, tipo_vuelo=NACIONAL, Origen=Aeropuerto [icao=SATM, iata=MDX, name=Mercedes Airport, state=Corrientes, country=AR, elevation=358, lat=-29.2213993073, lon=-58.0877990723, tz=America/Argentina/Cordoba], Destino=Aeropuerto [icao=SAHS, iata=RDS, name=Rincon De Los Sauces Airport, state=Neuquen, country=AR, elevation=1968, lat=-37.3905982971, lon=-68.9041976929, tz=America/Argentina/Mendoza], Estado=REGISTRADO]
Vuelo [nroVuelo=null, hora de partida= 23:42, nroFila=0, nroColumnas=0, tipo_vuelo=NACIONAL, Origen=Aeropuerto [icao=SATM, iata=MDX, name=Mercedes Airport, state=Corrientes, country=AR, elevation=358, lat=-29.2213993073, lon=-58.0877990723, tz=America/Argentina/Cordoba], Destino=Aeropuerto [icao=SA10, iata=, name=Estancia Don Panos Airport, state=Chaco, country=AR, elevation=262, lat=-26.2959, lon=-59.5353, tz=America/Argentina/Cordoba], Estado=REGISTRADO]
Vuelo [nroVuelo=null, hora de partida= 07:21, nroFila=0, nroColumnas=0, tipo_vuelo=NACIONAL, Origen=Aeropuerto [icao=SATM, iata=MDX, name=Mercedes Airport, state=Corrientes, country=AR, elevation=358, lat=-29.2213993073, lon=-58.0877990723, tz=America/Argentina/Cordoba], Destino=Aeropuerto [icao=SARP, iata=PSS, name=Libertador Gral D Jose De San Martin Airport, state=Misiones, country=AR, elevation=430, lat=-27.3858, lon=-55.9707, tz=America/Argentina/Cordoba], Estado=REGISTRADO]
Vuelo [nroVuelo=null, hora de partida= 04:46, nroFila=0, nroColumnas=0, tipo_vuelo=NACIONAL, Origen=Aeropuerto [icao=SATM, iata=MDX, name=Mercedes Airport, state=Corrientes, country=AR, elevation=358, lat=-29.2213993073, lon=-58.0877990723, tz=America/Argentina/Cordoba], Destino=Aeropuerto [icao=SAZO, iata=NEC, name=Necochea Airport, state=Buenos-Aires, country=AR, elevation=72, lat=-38.4831, lon=-58.8172, tz=America/Argentina/Buenos_Aires], Estado=REGISTRADO]
Vuelo [nroVuelo=null, hora de partida= 16:45, nroFila=0, nroColumnas=0, tipo_vuelo=NACIONAL, Origen=Aeropuerto [icao=SATM, iata=MDX, name=Mercedes Airport, state=Corrientes, country=AR, elevation=358, lat=-29.2213993073, lon=-58.0877990723, tz=America/Argentina/Cordoba], Destino=Aeropuerto [icao=SA22, iata=, name=Santa Victoria Airport, state=Salta, country=AR, elevation=918, lat=-22.2856998444, lon=-62.7136993408, tz=America/Argentina/Salta], Estado=REGISTRADO]
Vuelo [nroVuelo=null, hora de partida= 12:54, nroFila=0, nroColumnas=0, tipo_vuelo=NACIONAL, Origen=Aeropuerto [icao=SATM, iata=MDX, name=Mercedes Airport, state=Corrientes, country=AR, elevation=358, lat=-29.2213993073, lon=-58.0877990723, tz=America/Argentina/Cordoba], Destino=Aeropuerto [icao=SACD, iata=, name=Coronel Olmedo Airport, state=Cordoba, country=AR, elevation=1416, lat=-31.4874992371, lon=-64.1414031982, tz=America/Argentina/Cordoba], Estado=REGISTRADO]
Vuelo [nroVuelo=null, hora de partida= 15:34, nroFila=0, nroColumnas=0, tipo_vuelo=NACIONAL, Origen=Aeropuerto [icao=SATM, iata=MDX, name=Mercedes Airport, state=Corrientes, country=AR, elevation=358, lat=-29.2213993073, lon=-58.0877990723, tz=America/Argentina/Cordoba], Destino=Aeropuerto [icao=SAHS, iata=RDS, name=Rincon De Los Sauces Airport, state=Neuquen, country=AR, elevation=1968, lat=-37.3905982971, lon=-68.9041976929, tz=America/Argentina/Mendoza], Estado=REGISTRADO]
Vuelo [nroVuelo=null, hora de partida= 21:56, nroFila=0, nroColumnas=0, tipo_vuelo=NACIONAL, Origen=Aeropuerto [icao=SATM, iata=MDX, name=Mercedes Airport, state=Corrientes, country=AR, elevation=358, lat=-29.2213993073, lon=-58.0877990723, tz=America/Argentina/Cordoba], Destino=Aeropuerto [icao=SACA, iata=, name=Cap D. Omar Dario Gelardi Airport, state=Cordoba, country=AR, elevation=1594, lat=-31.4419002533, lon=-64.2582015991, tz=America/Argentina/Cordoba], Estado=REGISTRADO]
Vuelo [nroVuelo=null, hora de partida= 16:16, nroFila=0, nroColumnas=0, tipo_vuelo=NACIONAL, Origen=Aeropuerto [icao=SATM, iata=MDX, name=Mercedes Airport, state=Corrientes, country=AR, elevation=358, lat=-29.2213993073, lon=-58.0877990723, tz=America/Argentina/Cordoba], Destino=Aeropuerto [icao=SAHC, iata=HOS, name=Chos Malal Airport, state=Neuquen, country=AR, elevation=2788, lat=-37.4446983337, lon=-70.2225036621, tz=America/Argentina/Salta], Estado=REGISTRADO]
Vuelo [nroVuelo=null, hora de partida= 22:42, nroFila=0, nroColumnas=0, tipo_vuelo=NACIONAL, Origen=Aeropuerto [icao=SATM, iata=MDX, name=Mercedes Airport, state=Corrientes, country=AR, elevation=358, lat=-29.2213993073, lon=-58.0877990723, tz=America/Argentina/Cordoba], Destino=Aeropuerto [icao=SAAC, iata=COC, name=Comodoro Pierrestegui Airport, state=Entre-Rios, country=AR, elevation=112, lat=-31.2969, lon=-57.9966, tz=America/Argentina/Cordoba], Estado=REGISTRADO]
Vuelo [nroVuelo=null, hora de partida= 19:50, nroFila=0, nroColumnas=0, tipo_vuelo=NACIONAL, Origen=Aeropuerto [icao=SATM, iata=MDX, name=Mercedes Airport, state=Corrientes, country=AR, elevation=358, lat=-29.2213993073, lon=-58.0877990723, tz=America/Argentina/Cordoba], Destino=Aeropuerto [icao=SAZR, iata=RSA, name=Santa Rosa Airport, state=La-Pampa, country=AR, elevation=630, lat=-36.5882987976, lon=-64.2757034302, tz=America/Argentina/Salta], Estado=REGISTRADO]
Vuelo [nroVuelo=null, hora de partida= 03:11, nroFila=0, nroColumnas=0, tipo_vuelo=NACIONAL, Origen=Aeropuerto [icao=SATM, iata=MDX, name=Mercedes Airport, state=Corrientes, country=AR, elevation=358, lat=-29.2213993073, lon=-58.0877990723, tz=America/Argentina/Cordoba], Destino=Aeropuerto [icao=SAMI, iata=, name=San Martin Airport, state=Mendoza, country=AR, elevation=2154, lat=-33.0625, lon=-68.5083007812, tz=America/Argentina/Mendoza], Estado=REGISTRADO]
Vuelo [nroVuelo=null, hora de partida= 17:51, nroFila=0, nroColumnas=0, tipo_vuelo=NACIONAL, Origen=Aeropuerto [icao=SATM, iata=MDX, name=Mercedes Airport, state=Corrientes, country=AR, elevation=358, lat=-29.2213993073, lon=-58.0877990723, tz=America/Argentina/Cordoba], Destino=Aeropuerto [icao=SAWH, iata=USH, name=Malvinas Argentinas Airport, state=Tierra-del-Fuego, country=AR, elevation=102, lat=-54.8433, lon=-68.2958, tz=America/Argentina/Ushuaia], Estado=REGISTRADO]
Vuelo [nroVuelo=null, hora de partida= 03:03, nroFila=0, nroColumnas=0, tipo_vuelo=NACIONAL, Origen=Aeropuerto [icao=SATM, iata=MDX, name=Mercedes Airport, state=Corrientes, country=AR, elevation=358, lat=-29.2213993073, lon=-58.0877990723, tz=America/Argentina/Cordoba], Destino=Aeropuerto [icao=SAFT, iata=, name=El Trebol Airport, state=Santa-Fe, country=AR, elevation=301, lat=-32.2153, lon=-61.7161, tz=America/Argentina/Cordoba], Estado=REGISTRADO]
Vuelo [nroVuelo=null, hora de partida= 04:15, nroFila=0, nroColumnas=0, tipo_vuelo=NACIONAL, Origen=Aeropuerto [icao=SATM, iata=MDX, name=Mercedes Airport, state=Corrientes, country=AR, elevation=358, lat=-29.2213993073, lon=-58.0877990723, tz=America/Argentina/Cordoba], Destino=Aeropuerto [icao=SAOS, iata=RLO, name=Valle Del Conlara International Airport, state=San-Luis, country=AR, elevation=2021, lat=-32.3847007751, lon=-65.1865005493, tz=America/Argentina/San_Luis], Estado=REGISTRADO]
Vuelo [nroVuelo=null, hora de partida= 23:29, nroFila=0, nroColumnas=0, tipo_vuelo=INTERNACIONAL, Origen=Aeropuerto [icao=SATM, iata=MDX, name=Mercedes Airport, state=Corrientes, country=AR, elevation=358, lat=-29.2213993073, lon=-58.0877990723, tz=America/Argentina/Cordoba], Destino=Aeropuerto [icao=KMNM, iata=MNM, name=Menominee Marinette Twin County Airport, state=Michigan, country=US, elevation=625, lat=45.126701355, lon=-87.6383972168, tz=America/Chicago], Estado=DEMORADO]
Vuelo [nroVuelo=null, hora de partida= 13:12, nroFila=0, nroColumnas=0, tipo_vuelo=INTERNACIONAL, Origen=Aeropuerto [icao=SATM, iata=MDX, name=Mercedes Airport, state=Corrientes, country=AR, elevation=358, lat=-29.2213993073, lon=-58.0877990723, tz=America/Argentina/Cordoba], Destino=Aeropuerto [icao=SWIL, iata=, name=Fazenda Taruma Airport, state=Mato-Grosso, country=BR, elevation=1499, lat=-17.015832901, lon=-54.3497238159, tz=America/Cuiaba], Estado=DEMORADO]
Vuelo [nroVuelo=null, hora de partida= 17:11, nroFila=0, nroColumnas=0, tipo_vuelo=INTERNACIONAL, Origen=Aeropuerto [icao=SATM, iata=MDX, name=Mercedes Airport, state=Corrientes, country=AR, elevation=358, lat=-29.2213993073, lon=-58.0877990723, tz=America/Argentina/Cordoba], Destino=Aeropuerto [icao=MY72, iata=, name=Isle Private Airport, state=Minnesota, country=US, elevation=1271, lat=46.1596984863, lon=-93.4613037109, tz=America/Chicago], Estado=DEMORADO]
Vuelo [nroVuelo=null, hora de partida= 23:47, nroFila=0, nroColumnas=0, tipo_vuelo=INTERNACIONAL, Origen=Aeropuerto [icao=SATM, iata=MDX, name=Mercedes Airport, state=Corrientes, country=AR, elevation=358, lat=-29.2213993073, lon=-58.0877990723, tz=America/Argentina/Cordoba], Destino=Aeropuerto [icao=KGCT, iata=, name=Guthrie County Regional Airport, state=Iowa, country=US, elevation=1230, lat=41.6878013611, lon=-94.4352035522, tz=America/Chicago], Estado=DEMORADO]
Vuelo [nroVuelo=null, hora de partida= 18:12, nroFila=0, nroColumnas=0, tipo_vuelo=INTERNACIONAL, Origen=Aeropuerto [icao=SATM, iata=MDX, name=Mercedes Airport, state=Corrientes, country=AR, elevation=358, lat=-29.2213993073, lon=-58.0877990723, tz=America/Argentina/Cordoba], Destino=Aeropuerto [icao=8FD3, iata=, name=Blackwater Airfield, state=Florida, country=US, elevation=200, lat=30.8777008057, lon=-86.8544006348, tz=America/Chicago], Estado=DEMORADO]
Vuelo [nroVuelo=null, hora de partida= 19:51, nroFila=0, nroColumnas=0, tipo_vuelo=NACIONAL, Origen=Aeropuerto [icao=SATM, iata=MDX, name=Mercedes Airport, state=Corrientes, country=AR, elevation=358, lat=-29.2213993073, lon=-58.0877990723, tz=America/Argentina/Cordoba], Destino=Aeropuerto [icao=SABE, iata=AEP, name=Jorge Newbery Airpark, state=Buenos-Aires-F-D-, country=AR, elevation=18, lat=-34.5592, lon=-58.4156, tz=America/Argentina/Buenos_Aires], Estado=DEMORADO]
Vuelo [nroVuelo=null, hora de partida= 00:50, nroFila=0, nroColumnas=0, tipo_vuelo=NACIONAL, Origen=Aeropuerto [icao=SATM, iata=MDX, name=Mercedes Airport, state=Corrientes, country=AR, elevation=358, lat=-29.2213993073, lon=-58.0877990723, tz=America/Argentina/Cordoba], Destino=Aeropuerto [icao=SA30, iata=CCT, name=Colonia Catriel Airport, state=Rio-Negro, country=AR, elevation=1026, lat=-37.9101982117, lon=-67.8349990845, tz=America/Argentina/Salta], Estado=DEMORADO]
Vuelo [nroVuelo=null, hora de partida= 14:50, nroFila=0, nroColumnas=0, tipo_vuelo=NACIONAL, Origen=Aeropuerto [icao=SATM, iata=MDX, name=Mercedes Airport, state=Corrientes, country=AR, elevation=358, lat=-29.2213993073, lon=-58.0877990723, tz=America/Argentina/Cordoba], Destino=Aeropuerto [icao=SAOU, iata=LUQ, name=Brigadier Mayor D Cesar Raul Ojeda Airport, state=San-Luis, country=AR, elevation=2328, lat=-33.2732009888, lon=-66.3563995361, tz=America/Argentina/San_Luis], Estado=DEMORADO]
Vuelo [nroVuelo=null, hora de partida= 06:05, nroFila=0, nroColumnas=0, tipo_vuelo=NACIONAL, Origen=Aeropuerto [icao=SATM, iata=MDX, name=Mercedes Airport, state=Corrientes, country=AR, elevation=358, lat=-29.2213993073, lon=-58.0877990723, tz=America/Argentina/Cordoba], Destino=Aeropuerto [icao=SAZU, iata=, name=Puelches Airport, state=La-Pampa, country=AR, elevation=180, lat=-38.1451034546, lon=-65.9229431152, tz=America/Argentina/Salta], Estado=DEMORADO]
Vuelo [nroVuelo=null, hora de partida= 06:20, nroFila=0, nroColumnas=0, tipo_vuelo=NACIONAL, Origen=Aeropuerto [icao=SATM, iata=MDX, name=Mercedes Airport, state=Corrientes, country=AR, elevation=358, lat=-29.2213993073, lon=-58.0877990723, tz=America/Argentina/Cordoba], Destino=Aeropuerto [icao=SARD, iata=, name=Resistencia (City) Airport, state=Chaco, country=AR, elevation=175, lat=-27.4657001495, lon=-58.9790000916, tz=America/Argentina/Cordoba], Estado=DEMORADO]
--Ejecucion de inserciones terminada.--
]]></system-out>
  </testcase>
</testsuite>