<?xml version="1.0" encoding="UTF-8"?>
<testsuite xmlns:xsi="http://www.w3.org/2001/XMLSchema-instance" xsi:noNamespaceSchemaLocation="https://maven.apache.org/surefire/maven-surefire-plugin/xsd/surefire-test-report-3.0.xsd" version="3.0" name="com.tsti.Daos2023ApplicationTests" time="24.147" tests="1" errors="0" skipped="0" failures="0">
  <properties>
    <property name="java.specification.version" value="19"/>
    <property name="sun.cpu.isalist" value="amd64"/>
    <property name="vaadin.force.production.build" value="true"/>
    <property name="sun.jnu.encoding" value="Cp1252"/>
    <property name="java.class.path" value="C:\Users\Bruno\Documents\Git\daos2023\target\test-classes;C:\Users\Bruno\Documents\Git\daos2023\target\classes;C:\Users\Bruno\.m2\repository\com\vaadin\vaadin-core\24.1.4\vaadin-core-24.1.4.jar;C:\Users\Bruno\.m2\repository\com\vaadin\vaadin-core-internal\24.1.4\vaadin-core-internal-24.1.4.jar;C:\Users\Bruno\.m2\repository\com\vaadin\flow-server\24.1.5\flow-server-24.1.5.jar;C:\Users\Bruno\.m2\repository\com\vaadin\servletdetector\throw-if-servlet3\1.0.2\throw-if-servlet3-1.0.2.jar;C:\Users\Bruno\.m2\repository\com\vaadin\external\gwt\gwt-elemental\2.8.2.vaadin2\gwt-elemental-2.8.2.vaadin2.jar;C:\Users\Bruno\.m2\repository\com\vaadin\flow-commons-upload\24.1.5\flow-commons-upload-24.1.5.jar;C:\Users\Bruno\.m2\repository\commons-io\commons-io\2.11.0\commons-io-2.11.0.jar;C:\Users\Bruno\.m2\repository\org\jsoup\jsoup\1.16.1\jsoup-1.16.1.jar;C:\Users\Bruno\.m2\repository\com\helger\ph-css\7.0.0\ph-css-7.0.0.jar;C:\Users\Bruno\.m2\repository\com\helger\commons\ph-commons\11.0.1\ph-commons-11.0.1.jar;C:\Users\Bruno\.m2\repository\org\ow2\asm\asm\9.5\asm-9.5.jar;C:\Users\Bruno\.m2\repository\com\vaadin\external\gentyref\1.2.0.vaadin1\gentyref-1.2.0.vaadin1.jar;C:\Users\Bruno\.m2\repository\org\apache\commons\commons-compress\1.23.0\commons-compress-1.23.0.jar;C:\Users\Bruno\.m2\repository\org\apache\httpcomponents\httpclient\4.5.14\httpclient-4.5.14.jar;C:\Users\Bruno\.m2\repository\org\apache\httpcomponents\httpcore\4.4.16\httpcore-4.4.16.jar;C:\Users\Bruno\.m2\repository\commons-logging\commons-logging\1.2\commons-logging-1.2.jar;C:\Users\Bruno\.m2\repository\commons-codec\commons-codec\1.15\commons-codec-1.15.jar;C:\Users\Bruno\.m2\repository\com\vaadin\flow-lit-template\24.1.5\flow-lit-template-24.1.5.jar;C:\Users\Bruno\.m2\repository\com\vaadin\flow-push\24.1.5\flow-push-24.1.5.jar;C:\Users\Bruno\.m2\repository\com\vaadin\external\atmosphere\atmosphere-runtime\3.0.3.slf4jvaadin1\atmosphere-runtime-3.0.3.slf4jvaadin1.jar;C:\Users\Bruno\.m2\repository\com\vaadin\flow-client\24.1.5\flow-client-24.1.5.jar;C:\Users\Bruno\.m2\repository\com\vaadin\flow-html-components\24.1.5\flow-html-components-24.1.5.jar;C:\Users\Bruno\.m2\repository\com\vaadin\flow-data\24.1.5\flow-data-24.1.5.jar;C:\Users\Bruno\.m2\repository\com\vaadin\flow-dnd\24.1.5\flow-dnd-24.1.5.jar;C:\Users\Bruno\.m2\repository\com\vaadin\vaadin-lumo-theme\24.1.4\vaadin-lumo-theme-24.1.4.jar;C:\Users\Bruno\.m2\repository\com\vaadin\vaadin-material-theme\24.1.4\vaadin-material-theme-24.1.4.jar;C:\Users\Bruno\.m2\repository\com\vaadin\vaadin-accordion-flow\24.1.4\vaadin-accordion-flow-24.1.4.jar;C:\Users\Bruno\.m2\repository\com\vaadin\vaadin-avatar-flow\24.1.4\vaadin-avatar-flow-24.1.4.jar;C:\Users\Bruno\.m2\repository\com\vaadin\vaadin-flow-components-base\24.1.4\vaadin-flow-components-base-24.1.4.jar;C:\Users\Bruno\.m2\repository\com\vaadin\vaadin-button-flow\24.1.4\vaadin-button-flow-24.1.4.jar;C:\Users\Bruno\.m2\repository\com\vaadin\vaadin-checkbox-flow\24.1.4\vaadin-checkbox-flow-24.1.4.jar;C:\Users\Bruno\.m2\repository\com\vaadin\vaadin-combo-box-flow\24.1.4\vaadin-combo-box-flow-24.1.4.jar;C:\Users\Bruno\.m2\repository\com\vaadin\vaadin-confirm-dialog-flow\24.1.4\vaadin-confirm-dialog-flow-24.1.4.jar;C:\Users\Bruno\.m2\repository\com\vaadin\vaadin-custom-field-flow\24.1.4\vaadin-custom-field-flow-24.1.4.jar;C:\Users\Bruno\.m2\repository\com\vaadin\vaadin-date-picker-flow\24.1.4\vaadin-date-picker-flow-24.1.4.jar;C:\Users\Bruno\.m2\repository\com\vaadin\vaadin-date-time-picker-flow\24.1.4\vaadin-date-time-picker-flow-24.1.4.jar;C:\Users\Bruno\.m2\repository\com\vaadin\vaadin-details-flow\24.1.4\vaadin-details-flow-24.1.4.jar;C:\Users\Bruno\.m2\repository\com\vaadin\vaadin-time-picker-flow\24.1.4\vaadin-time-picker-flow-24.1.4.jar;C:\Users\Bruno\.m2\repository\com\vaadin\vaadin-select-flow\24.1.4\vaadin-select-flow-24.1.4.jar;C:\Users\Bruno\.m2\repository\com\vaadin\vaadin-side-nav-flow\24.1.4\vaadin-side-nav-flow-24.1.4.jar;C:\Users\Bruno\.m2\repository\com\vaadin\vaadin-dialog-flow\24.1.4\vaadin-dialog-flow-24.1.4.jar;C:\Users\Bruno\.m2\repository\com\vaadin\vaadin-form-layout-flow\24.1.4\vaadin-form-layout-flow-24.1.4.jar;C:\Users\Bruno\.m2\repository\com\vaadin\vaadin-field-highlighter-flow\24.1.4\vaadin-field-highlighter-flow-24.1.4.jar;C:\Users\Bruno\.m2\repository\com\vaadin\vaadin-grid-flow\24.1.4\vaadin-grid-flow-24.1.4.jar;C:\Users\Bruno\.m2\repository\org\apache\commons\commons-lang3\3.12.0\commons-lang3-3.12.0.jar;C:\Users\Bruno\.m2\repository\com\vaadin\vaadin-icons-flow\24.1.4\vaadin-icons-flow-24.1.4.jar;C:\Users\Bruno\.m2\repository\com\vaadin\vaadin-virtual-list-flow\24.1.4\vaadin-virtual-list-flow-24.1.4.jar;C:\Users\Bruno\.m2\repository\com\vaadin\vaadin-list-box-flow\24.1.4\vaadin-list-box-flow-24.1.4.jar;C:\Users\Bruno\.m2\repository\com\vaadin\vaadin-login-flow\24.1.4\vaadin-login-flow-24.1.4.jar;C:\Users\Bruno\.m2\repository\com\vaadin\vaadin-messages-flow\24.1.4\vaadin-messages-flow-24.1.4.jar;C:\Users\Bruno\.m2\repository\com\vaadin\vaadin-ordered-layout-flow\24.1.4\vaadin-ordered-layout-flow-24.1.4.jar;C:\Users\Bruno\.m2\repository\com\vaadin\vaadin-progress-bar-flow\24.1.4\vaadin-progress-bar-flow-24.1.4.jar;C:\Users\Bruno\.m2\repository\com\vaadin\vaadin-radio-button-flow\24.1.4\vaadin-radio-button-flow-24.1.4.jar;C:\Users\Bruno\.m2\repository\com\vaadin\vaadin-renderer-flow\24.1.4\vaadin-renderer-flow-24.1.4.jar;C:\Users\Bruno\.m2\repository\com\vaadin\vaadin-split-layout-flow\24.1.4\vaadin-split-layout-flow-24.1.4.jar;C:\Users\Bruno\.m2\repository\com\vaadin\vaadin-tabs-flow\24.1.4\vaadin-tabs-flow-24.1.4.jar;C:\Users\Bruno\.m2\repository\com\vaadin\vaadin-text-field-flow\24.1.4\vaadin-text-field-flow-24.1.4.jar;C:\Users\Bruno\.m2\repository\com\vaadin\vaadin-upload-flow\24.1.4\vaadin-upload-flow-24.1.4.jar;C:\Users\Bruno\.m2\repository\com\vaadin\vaadin-notification-flow\24.1.4\vaadin-notification-flow-24.1.4.jar;C:\Users\Bruno\.m2\repository\com\vaadin\vaadin-app-layout-flow\24.1.4\vaadin-app-layout-flow-24.1.4.jar;C:\Users\Bruno\.m2\repository\com\vaadin\vaadin-context-menu-flow\24.1.4\vaadin-context-menu-flow-24.1.4.jar;C:\Users\Bruno\.m2\repository\com\vaadin\vaadin-menu-bar-flow\24.1.4\vaadin-menu-bar-flow-24.1.4.jar;C:\Users\Bruno\.m2\repository\com\vaadin\vaadin-spring-boot-starter\24.1.4\vaadin-spring-boot-starter-24.1.4.jar;C:\Users\Bruno\.m2\repository\com\vaadin\vaadin-spring\24.1.5\vaadin-spring-24.1.5.jar;C:\Users\Bruno\.m2\repository\org\springframework\spring-websocket\6.0.9\spring-websocket-6.0.9.jar;C:\Users\Bruno\.m2\repository\org\reflections\reflections\0.10.2\reflections-0.10.2.jar;C:\Users\Bruno\.m2\repository\com\google\code\findbugs\jsr305\3.0.2\jsr305-3.0.2.jar;C:\Users\Bruno\.m2\repository\org\parttio\line-awesome\1.1.0\line-awesome-1.1.0.jar;C:\Users\Bruno\.m2\repository\com\h2database\h2\2.1.214\h2-2.1.214.jar;C:\Users\Bruno\.m2\repository\org\springframework\boot\spring-boot-starter-data-jpa\3.1.0\spring-boot-starter-data-jpa-3.1.0.jar;C:\Users\Bruno\.m2\repository\org\springframework\boot\spring-boot-starter-aop\3.1.0\spring-boot-starter-aop-3.1.0.jar;C:\Users\Bruno\.m2\repository\org\aspectj\aspectjweaver\1.9.19\aspectjweaver-1.9.19.jar;C:\Users\Bruno\.m2\repository\org\springframework\boot\spring-boot-starter-jdbc\3.1.0\spring-boot-starter-jdbc-3.1.0.jar;C:\Users\Bruno\.m2\repository\com\zaxxer\HikariCP\5.0.1\HikariCP-5.0.1.jar;C:\Users\Bruno\.m2\repository\org\springframework\spring-jdbc\6.0.9\spring-jdbc-6.0.9.jar;C:\Users\Bruno\.m2\repository\org\hibernate\orm\hibernate-core\6.2.2.Final\hibernate-core-6.2.2.Final.jar;C:\Users\Bruno\.m2\repository\jakarta\persistence\jakarta.persistence-api\3.1.0\jakarta.persistence-api-3.1.0.jar;C:\Users\Bruno\.m2\repository\jakarta\transaction\jakarta.transaction-api\2.0.1\jakarta.transaction-api-2.0.1.jar;C:\Users\Bruno\.m2\repository\org\jboss\logging\jboss-logging\3.5.0.Final\jboss-logging-3.5.0.Final.jar;C:\Users\Bruno\.m2\repository\org\hibernate\common\hibernate-commons-annotations\6.0.6.Final\hibernate-commons-annotations-6.0.6.Final.jar;C:\Users\Bruno\.m2\repository\io\smallrye\jandex\3.0.5\jandex-3.0.5.jar;C:\Users\Bruno\.m2\repository\com\fasterxml\classmate\1.5.1\classmate-1.5.1.jar;C:\Users\Bruno\.m2\repository\net\bytebuddy\byte-buddy\1.14.4\byte-buddy-1.14.4.jar;C:\Users\Bruno\.m2\repository\org\glassfish\jaxb\jaxb-runtime\4.0.2\jaxb-runtime-4.0.2.jar;C:\Users\Bruno\.m2\repository\org\glassfish\jaxb\jaxb-core\4.0.2\jaxb-core-4.0.2.jar;C:\Users\Bruno\.m2\repository\org\eclipse\angus\angus-activation\2.0.0\angus-activation-2.0.0.jar;C:\Users\Bruno\.m2\repository\org\glassfish\jaxb\txw2\4.0.2\txw2-4.0.2.jar;C:\Users\Bruno\.m2\repository\com\sun\istack\istack-commons-runtime\4.1.1\istack-commons-runtime-4.1.1.jar;C:\Users\Bruno\.m2\repository\jakarta\inject\jakarta.inject-api\2.0.1\jakarta.inject-api-2.0.1.jar;C:\Users\Bruno\.m2\repository\org\antlr\antlr4-runtime\4.10.1\antlr4-runtime-4.10.1.jar;C:\Users\Bruno\.m2\repository\org\springframework\data\spring-data-jpa\3.1.0\spring-data-jpa-3.1.0.jar;C:\Users\Bruno\.m2\repository\org\springframework\data\spring-data-commons\3.1.0\spring-data-commons-3.1.0.jar;C:\Users\Bruno\.m2\repository\org\springframework\spring-orm\6.0.9\spring-orm-6.0.9.jar;C:\Users\Bruno\.m2\repository\org\springframework\spring-context\6.0.9\spring-context-6.0.9.jar;C:\Users\Bruno\.m2\repository\org\springframework\spring-tx\6.0.9\spring-tx-6.0.9.jar;C:\Users\Bruno\.m2\repository\org\springframework\spring-beans\6.0.9\spring-beans-6.0.9.jar;C:\Users\Bruno\.m2\repository\org\springframework\spring-aspects\6.0.9\spring-aspects-6.0.9.jar;C:\Users\Bruno\.m2\repository\org\springframework\boot\spring-boot-starter-validation\3.1.0\spring-boot-starter-validation-3.1.0.jar;C:\Users\Bruno\.m2\repository\org\apache\tomcat\embed\tomcat-embed-el\10.1.8\tomcat-embed-el-10.1.8.jar;C:\Users\Bruno\.m2\repository\org\hibernate\validator\hibernate-validator\8.0.0.Final\hibernate-validator-8.0.0.Final.jar;C:\Users\Bruno\.m2\repository\jakarta\validation\jakarta.validation-api\3.0.2\jakarta.validation-api-3.0.2.jar;C:\Users\Bruno\.m2\repository\org\springframework\boot\spring-boot-devtools\3.1.0\spring-boot-devtools-3.1.0.jar;C:\Users\Bruno\.m2\repository\org\springframework\boot\spring-boot\3.1.0\spring-boot-3.1.0.jar;C:\Users\Bruno\.m2\repository\org\springframework\boot\spring-boot-autoconfigure\3.1.0\spring-boot-autoconfigure-3.1.0.jar;C:\Users\Bruno\.m2\repository\org\springframework\boot\spring-boot-starter-test\3.1.0\spring-boot-starter-test-3.1.0.jar;C:\Users\Bruno\.m2\repository\org\springframework\boot\spring-boot-test\3.1.0\spring-boot-test-3.1.0.jar;C:\Users\Bruno\.m2\repository\org\springframework\boot\spring-boot-test-autoconfigure\3.1.0\spring-boot-test-autoconfigure-3.1.0.jar;C:\Users\Bruno\.m2\repository\com\jayway\jsonpath\json-path\2.8.0\json-path-2.8.0.jar;C:\Users\Bruno\.m2\repository\jakarta\xml\bind\jakarta.xml.bind-api\4.0.0\jakarta.xml.bind-api-4.0.0.jar;C:\Users\Bruno\.m2\repository\jakarta\activation\jakarta.activation-api\2.1.2\jakarta.activation-api-2.1.2.jar;C:\Users\Bruno\.m2\repository\net\minidev\json-smart\2.4.10\json-smart-2.4.10.jar;C:\Users\Bruno\.m2\repository\net\minidev\accessors-smart\2.4.9\accessors-smart-2.4.9.jar;C:\Users\Bruno\.m2\repository\org\assertj\assertj-core\3.24.2\assertj-core-3.24.2.jar;C:\Users\Bruno\.m2\repository\org\hamcrest\hamcrest\2.2\hamcrest-2.2.jar;C:\Users\Bruno\.m2\repository\org\junit\jupiter\junit-jupiter\5.9.3\junit-jupiter-5.9.3.jar;C:\Users\Bruno\.m2\repository\org\junit\jupiter\junit-jupiter-api\5.9.3\junit-jupiter-api-5.9.3.jar;C:\Users\Bruno\.m2\repository\org\opentest4j\opentest4j\1.2.0\opentest4j-1.2.0.jar;C:\Users\Bruno\.m2\repository\org\junit\platform\junit-platform-commons\1.9.3\junit-platform-commons-1.9.3.jar;C:\Users\Bruno\.m2\repository\org\apiguardian\apiguardian-api\1.1.2\apiguardian-api-1.1.2.jar;C:\Users\Bruno\.m2\repository\org\junit\jupiter\junit-jupiter-params\5.9.3\junit-jupiter-params-5.9.3.jar;C:\Users\Bruno\.m2\repository\org\junit\jupiter\junit-jupiter-engine\5.9.3\junit-jupiter-engine-5.9.3.jar;C:\Users\Bruno\.m2\repository\org\junit\platform\junit-platform-engine\1.9.3\junit-platform-engine-1.9.3.jar;C:\Users\Bruno\.m2\repository\org\mockito\mockito-core\5.3.1\mockito-core-5.3.1.jar;C:\Users\Bruno\.m2\repository\net\bytebuddy\byte-buddy-agent\1.14.4\byte-buddy-agent-1.14.4.jar;C:\Users\Bruno\.m2\repository\org\objenesis\objenesis\3.3\objenesis-3.3.jar;C:\Users\Bruno\.m2\repository\org\mockito\mockito-junit-jupiter\5.3.1\mockito-junit-jupiter-5.3.1.jar;C:\Users\Bruno\.m2\repository\org\skyscreamer\jsonassert\1.5.1\jsonassert-1.5.1.jar;C:\Users\Bruno\.m2\repository\com\vaadin\external\google\android-json\0.0.20131108.vaadin1\android-json-0.0.20131108.vaadin1.jar;C:\Users\Bruno\.m2\repository\org\springframework\spring-core\6.0.9\spring-core-6.0.9.jar;C:\Users\Bruno\.m2\repository\org\springframework\spring-jcl\6.0.9\spring-jcl-6.0.9.jar;C:\Users\Bruno\.m2\repository\org\springframework\spring-test\6.0.9\spring-test-6.0.9.jar;C:\Users\Bruno\.m2\repository\org\xmlunit\xmlunit-core\2.9.1\xmlunit-core-2.9.1.jar;C:\Users\Bruno\.m2\repository\org\springframework\boot\spring-boot-starter-security\3.1.0\spring-boot-starter-security-3.1.0.jar;C:\Users\Bruno\.m2\repository\org\springframework\spring-aop\6.0.9\spring-aop-6.0.9.jar;C:\Users\Bruno\.m2\repository\org\springframework\security\spring-security-config\6.1.0\spring-security-config-6.1.0.jar;C:\Users\Bruno\.m2\repository\org\springframework\security\spring-security-core\6.1.0\spring-security-core-6.1.0.jar;C:\Users\Bruno\.m2\repository\org\springframework\security\spring-security-crypto\6.1.0\spring-security-crypto-6.1.0.jar;C:\Users\Bruno\.m2\repository\org\springframework\security\spring-security-web\6.1.0\spring-security-web-6.1.0.jar;C:\Users\Bruno\.m2\repository\org\springframework\spring-expression\6.0.9\spring-expression-6.0.9.jar;C:\Users\Bruno\.m2\repository\org\springframework\boot\spring-boot-starter-web\3.1.0\spring-boot-starter-web-3.1.0.jar;C:\Users\Bruno\.m2\repository\org\springframework\boot\spring-boot-starter-json\3.1.0\spring-boot-starter-json-3.1.0.jar;C:\Users\Bruno\.m2\repository\com\fasterxml\jackson\datatype\jackson-datatype-jdk8\2.15.0\jackson-datatype-jdk8-2.15.0.jar;C:\Users\Bruno\.m2\repository\com\fasterxml\jackson\datatype\jackson-datatype-jsr310\2.15.0\jackson-datatype-jsr310-2.15.0.jar;C:\Users\Bruno\.m2\repository\com\fasterxml\jackson\module\jackson-module-parameter-names\2.15.0\jackson-module-parameter-names-2.15.0.jar;C:\Users\Bruno\.m2\repository\org\springframework\boot\spring-boot-starter-tomcat\3.1.0\spring-boot-starter-tomcat-3.1.0.jar;C:\Users\Bruno\.m2\repository\org\apache\tomcat\embed\tomcat-embed-core\10.1.8\tomcat-embed-core-10.1.8.jar;C:\Users\Bruno\.m2\repository\org\apache\tomcat\embed\tomcat-embed-websocket\10.1.8\tomcat-embed-websocket-10.1.8.jar;C:\Users\Bruno\.m2\repository\org\springframework\spring-web\6.0.9\spring-web-6.0.9.jar;C:\Users\Bruno\.m2\repository\io\micrometer\micrometer-observation\1.11.0\micrometer-observation-1.11.0.jar;C:\Users\Bruno\.m2\repository\io\micrometer\micrometer-commons\1.11.0\micrometer-commons-1.11.0.jar;C:\Users\Bruno\.m2\repository\org\springframework\spring-webmvc\6.0.9\spring-webmvc-6.0.9.jar;C:\Users\Bruno\.m2\repository\org\springframework\boot\spring-boot-starter-hateoas\3.1.0\spring-boot-starter-hateoas-3.1.0.jar;C:\Users\Bruno\.m2\repository\org\springframework\hateoas\spring-hateoas\2.1.0\spring-hateoas-2.1.0.jar;C:\Users\Bruno\.m2\repository\org\springframework\plugin\spring-plugin-core\3.0.0\spring-plugin-core-3.0.0.jar;C:\Users\Bruno\.m2\repository\net\datafaker\datafaker\2.0.0\datafaker-2.0.0.jar;C:\Users\Bruno\.m2\repository\org\yaml\snakeyaml\1.33\snakeyaml-1.33.jar;C:\Users\Bruno\.m2\repository\com\github\mifmif\generex\1.0.2\generex-1.0.2.jar;C:\Users\Bruno\.m2\repository\dk\brics\automaton\automaton\1.11-8\automaton-1.11-8.jar;C:\Users\Bruno\.m2\repository\org\modelmapper\modelmapper\3.1.1\modelmapper-3.1.1.jar;C:\Users\Bruno\.m2\repository\com\fasterxml\jackson\core\jackson-databind\2.15.0\jackson-databind-2.15.0.jar;C:\Users\Bruno\.m2\repository\com\fasterxml\jackson\core\jackson-annotations\2.15.0\jackson-annotations-2.15.0.jar;C:\Users\Bruno\.m2\repository\com\fasterxml\jackson\core\jackson-core\2.15.0\jackson-core-2.15.0.jar;C:\Users\Bruno\.m2\repository\org\thymeleaf\thymeleaf\3.1.1.RELEASE\thymeleaf-3.1.1.RELEASE.jar;C:\Users\Bruno\.m2\repository\ognl\ognl\3.3.4\ognl-3.3.4.jar;C:\Users\Bruno\.m2\repository\org\javassist\javassist\3.29.0-GA\javassist-3.29.0-GA.jar;C:\Users\Bruno\.m2\repository\org\attoparser\attoparser\2.0.6.RELEASE\attoparser-2.0.6.RELEASE.jar;C:\Users\Bruno\.m2\repository\org\unbescape\unbescape\1.1.6.RELEASE\unbescape-1.1.6.RELEASE.jar;C:\Users\Bruno\.m2\repository\org\slf4j\slf4j-api\2.0.7\slf4j-api-2.0.7.jar;C:\Users\Bruno\.m2\repository\org\springframework\boot\spring-boot-starter\3.1.0\spring-boot-starter-3.1.0.jar;C:\Users\Bruno\.m2\repository\org\springframework\boot\spring-boot-starter-logging\3.1.0\spring-boot-starter-logging-3.1.0.jar;C:\Users\Bruno\.m2\repository\ch\qos\logback\logback-classic\1.4.7\logback-classic-1.4.7.jar;C:\Users\Bruno\.m2\repository\ch\qos\logback\logback-core\1.4.7\logback-core-1.4.7.jar;C:\Users\Bruno\.m2\repository\org\apache\logging\log4j\log4j-to-slf4j\2.20.0\log4j-to-slf4j-2.20.0.jar;C:\Users\Bruno\.m2\repository\org\apache\logging\log4j\log4j-api\2.20.0\log4j-api-2.20.0.jar;C:\Users\Bruno\.m2\repository\org\slf4j\jul-to-slf4j\2.0.7\jul-to-slf4j-2.0.7.jar;C:\Users\Bruno\.m2\repository\jakarta\annotation\jakarta.annotation-api\2.1.1\jakarta.annotation-api-2.1.1.jar;"/>
    <property name="java.vm.vendor" value="Oracle Corporation"/>
    <property name="sun.arch.data.model" value="64"/>
    <property name="user.variant" value=""/>
    <property name="spring.devtools.livereload.port" value="35729"/>
    <property name="java.vendor.url" value="https://java.oracle.com/"/>
    <property name="user.timezone" value="America/Buenos_Aires"/>
    <property name="org.jboss.logging.provider" value="slf4j"/>
    <property name="user.country.format" value="AR"/>
    <property name="os.name" value="Windows 10"/>
    <property name="java.vm.specification.version" value="19"/>
    <property name="sun.java.launcher" value="SUN_STANDARD"/>
    <property name="user.country" value="US"/>
    <property name="sun.boot.library.path" value="D:\Program Files\Java\jdk-19\bin"/>
    <property name="sun.java.command" value="C:\Users\Bruno\AppData\Local\Temp\surefire15208449003753398664\surefirebooter-20230928132909582_3.jar C:\Users\Bruno\AppData\Local\Temp\surefire15208449003753398664 2023-09-28T13-29-09_368-jvmRun1 surefire-20230928132909582_1tmp surefire_0-20230928132909582_2tmp"/>
    <property name="jdk.debug" value="release"/>
    <property name="surefire.test.class.path" value="C:\Users\Bruno\Documents\Git\daos2023\target\test-classes;C:\Users\Bruno\Documents\Git\daos2023\target\classes;C:\Users\Bruno\.m2\repository\com\vaadin\vaadin-core\24.1.4\vaadin-core-24.1.4.jar;C:\Users\Bruno\.m2\repository\com\vaadin\vaadin-core-internal\24.1.4\vaadin-core-internal-24.1.4.jar;C:\Users\Bruno\.m2\repository\com\vaadin\flow-server\24.1.5\flow-server-24.1.5.jar;C:\Users\Bruno\.m2\repository\com\vaadin\servletdetector\throw-if-servlet3\1.0.2\throw-if-servlet3-1.0.2.jar;C:\Users\Bruno\.m2\repository\com\vaadin\external\gwt\gwt-elemental\2.8.2.vaadin2\gwt-elemental-2.8.2.vaadin2.jar;C:\Users\Bruno\.m2\repository\com\vaadin\flow-commons-upload\24.1.5\flow-commons-upload-24.1.5.jar;C:\Users\Bruno\.m2\repository\commons-io\commons-io\2.11.0\commons-io-2.11.0.jar;C:\Users\Bruno\.m2\repository\org\jsoup\jsoup\1.16.1\jsoup-1.16.1.jar;C:\Users\Bruno\.m2\repository\com\helger\ph-css\7.0.0\ph-css-7.0.0.jar;C:\Users\Bruno\.m2\repository\com\helger\commons\ph-commons\11.0.1\ph-commons-11.0.1.jar;C:\Users\Bruno\.m2\repository\org\ow2\asm\asm\9.5\asm-9.5.jar;C:\Users\Bruno\.m2\repository\com\vaadin\external\gentyref\1.2.0.vaadin1\gentyref-1.2.0.vaadin1.jar;C:\Users\Bruno\.m2\repository\org\apache\commons\commons-compress\1.23.0\commons-compress-1.23.0.jar;C:\Users\Bruno\.m2\repository\org\apache\httpcomponents\httpclient\4.5.14\httpclient-4.5.14.jar;C:\Users\Bruno\.m2\repository\org\apache\httpcomponents\httpcore\4.4.16\httpcore-4.4.16.jar;C:\Users\Bruno\.m2\repository\commons-logging\commons-logging\1.2\commons-logging-1.2.jar;C:\Users\Bruno\.m2\repository\commons-codec\commons-codec\1.15\commons-codec-1.15.jar;C:\Users\Bruno\.m2\repository\com\vaadin\flow-lit-template\24.1.5\flow-lit-template-24.1.5.jar;C:\Users\Bruno\.m2\repository\com\vaadin\flow-push\24.1.5\flow-push-24.1.5.jar;C:\Users\Bruno\.m2\repository\com\vaadin\external\atmosphere\atmosphere-runtime\3.0.3.slf4jvaadin1\atmosphere-runtime-3.0.3.slf4jvaadin1.jar;C:\Users\Bruno\.m2\repository\com\vaadin\flow-client\24.1.5\flow-client-24.1.5.jar;C:\Users\Bruno\.m2\repository\com\vaadin\flow-html-components\24.1.5\flow-html-components-24.1.5.jar;C:\Users\Bruno\.m2\repository\com\vaadin\flow-data\24.1.5\flow-data-24.1.5.jar;C:\Users\Bruno\.m2\repository\com\vaadin\flow-dnd\24.1.5\flow-dnd-24.1.5.jar;C:\Users\Bruno\.m2\repository\com\vaadin\vaadin-lumo-theme\24.1.4\vaadin-lumo-theme-24.1.4.jar;C:\Users\Bruno\.m2\repository\com\vaadin\vaadin-material-theme\24.1.4\vaadin-material-theme-24.1.4.jar;C:\Users\Bruno\.m2\repository\com\vaadin\vaadin-accordion-flow\24.1.4\vaadin-accordion-flow-24.1.4.jar;C:\Users\Bruno\.m2\repository\com\vaadin\vaadin-avatar-flow\24.1.4\vaadin-avatar-flow-24.1.4.jar;C:\Users\Bruno\.m2\repository\com\vaadin\vaadin-flow-components-base\24.1.4\vaadin-flow-components-base-24.1.4.jar;C:\Users\Bruno\.m2\repository\com\vaadin\vaadin-button-flow\24.1.4\vaadin-button-flow-24.1.4.jar;C:\Users\Bruno\.m2\repository\com\vaadin\vaadin-checkbox-flow\24.1.4\vaadin-checkbox-flow-24.1.4.jar;C:\Users\Bruno\.m2\repository\com\vaadin\vaadin-combo-box-flow\24.1.4\vaadin-combo-box-flow-24.1.4.jar;C:\Users\Bruno\.m2\repository\com\vaadin\vaadin-confirm-dialog-flow\24.1.4\vaadin-confirm-dialog-flow-24.1.4.jar;C:\Users\Bruno\.m2\repository\com\vaadin\vaadin-custom-field-flow\24.1.4\vaadin-custom-field-flow-24.1.4.jar;C:\Users\Bruno\.m2\repository\com\vaadin\vaadin-date-picker-flow\24.1.4\vaadin-date-picker-flow-24.1.4.jar;C:\Users\Bruno\.m2\repository\com\vaadin\vaadin-date-time-picker-flow\24.1.4\vaadin-date-time-picker-flow-24.1.4.jar;C:\Users\Bruno\.m2\repository\com\vaadin\vaadin-details-flow\24.1.4\vaadin-details-flow-24.1.4.jar;C:\Users\Bruno\.m2\repository\com\vaadin\vaadin-time-picker-flow\24.1.4\vaadin-time-picker-flow-24.1.4.jar;C:\Users\Bruno\.m2\repository\com\vaadin\vaadin-select-flow\24.1.4\vaadin-select-flow-24.1.4.jar;C:\Users\Bruno\.m2\repository\com\vaadin\vaadin-side-nav-flow\24.1.4\vaadin-side-nav-flow-24.1.4.jar;C:\Users\Bruno\.m2\repository\com\vaadin\vaadin-dialog-flow\24.1.4\vaadin-dialog-flow-24.1.4.jar;C:\Users\Bruno\.m2\repository\com\vaadin\vaadin-form-layout-flow\24.1.4\vaadin-form-layout-flow-24.1.4.jar;C:\Users\Bruno\.m2\repository\com\vaadin\vaadin-field-highlighter-flow\24.1.4\vaadin-field-highlighter-flow-24.1.4.jar;C:\Users\Bruno\.m2\repository\com\vaadin\vaadin-grid-flow\24.1.4\vaadin-grid-flow-24.1.4.jar;C:\Users\Bruno\.m2\repository\org\apache\commons\commons-lang3\3.12.0\commons-lang3-3.12.0.jar;C:\Users\Bruno\.m2\repository\com\vaadin\vaadin-icons-flow\24.1.4\vaadin-icons-flow-24.1.4.jar;C:\Users\Bruno\.m2\repository\com\vaadin\vaadin-virtual-list-flow\24.1.4\vaadin-virtual-list-flow-24.1.4.jar;C:\Users\Bruno\.m2\repository\com\vaadin\vaadin-list-box-flow\24.1.4\vaadin-list-box-flow-24.1.4.jar;C:\Users\Bruno\.m2\repository\com\vaadin\vaadin-login-flow\24.1.4\vaadin-login-flow-24.1.4.jar;C:\Users\Bruno\.m2\repository\com\vaadin\vaadin-messages-flow\24.1.4\vaadin-messages-flow-24.1.4.jar;C:\Users\Bruno\.m2\repository\com\vaadin\vaadin-ordered-layout-flow\24.1.4\vaadin-ordered-layout-flow-24.1.4.jar;C:\Users\Bruno\.m2\repository\com\vaadin\vaadin-progress-bar-flow\24.1.4\vaadin-progress-bar-flow-24.1.4.jar;C:\Users\Bruno\.m2\repository\com\vaadin\vaadin-radio-button-flow\24.1.4\vaadin-radio-button-flow-24.1.4.jar;C:\Users\Bruno\.m2\repository\com\vaadin\vaadin-renderer-flow\24.1.4\vaadin-renderer-flow-24.1.4.jar;C:\Users\Bruno\.m2\repository\com\vaadin\vaadin-split-layout-flow\24.1.4\vaadin-split-layout-flow-24.1.4.jar;C:\Users\Bruno\.m2\repository\com\vaadin\vaadin-tabs-flow\24.1.4\vaadin-tabs-flow-24.1.4.jar;C:\Users\Bruno\.m2\repository\com\vaadin\vaadin-text-field-flow\24.1.4\vaadin-text-field-flow-24.1.4.jar;C:\Users\Bruno\.m2\repository\com\vaadin\vaadin-upload-flow\24.1.4\vaadin-upload-flow-24.1.4.jar;C:\Users\Bruno\.m2\repository\com\vaadin\vaadin-notification-flow\24.1.4\vaadin-notification-flow-24.1.4.jar;C:\Users\Bruno\.m2\repository\com\vaadin\vaadin-app-layout-flow\24.1.4\vaadin-app-layout-flow-24.1.4.jar;C:\Users\Bruno\.m2\repository\com\vaadin\vaadin-context-menu-flow\24.1.4\vaadin-context-menu-flow-24.1.4.jar;C:\Users\Bruno\.m2\repository\com\vaadin\vaadin-menu-bar-flow\24.1.4\vaadin-menu-bar-flow-24.1.4.jar;C:\Users\Bruno\.m2\repository\com\vaadin\vaadin-spring-boot-starter\24.1.4\vaadin-spring-boot-starter-24.1.4.jar;C:\Users\Bruno\.m2\repository\com\vaadin\vaadin-spring\24.1.5\vaadin-spring-24.1.5.jar;C:\Users\Bruno\.m2\repository\org\springframework\spring-websocket\6.0.9\spring-websocket-6.0.9.jar;C:\Users\Bruno\.m2\repository\org\reflections\reflections\0.10.2\reflections-0.10.2.jar;C:\Users\Bruno\.m2\repository\com\google\code\findbugs\jsr305\3.0.2\jsr305-3.0.2.jar;C:\Users\Bruno\.m2\repository\org\parttio\line-awesome\1.1.0\line-awesome-1.1.0.jar;C:\Users\Bruno\.m2\repository\com\h2database\h2\2.1.214\h2-2.1.214.jar;C:\Users\Bruno\.m2\repository\org\springframework\boot\spring-boot-starter-data-jpa\3.1.0\spring-boot-starter-data-jpa-3.1.0.jar;C:\Users\Bruno\.m2\repository\org\springframework\boot\spring-boot-starter-aop\3.1.0\spring-boot-starter-aop-3.1.0.jar;C:\Users\Bruno\.m2\repository\org\aspectj\aspectjweaver\1.9.19\aspectjweaver-1.9.19.jar;C:\Users\Bruno\.m2\repository\org\springframework\boot\spring-boot-starter-jdbc\3.1.0\spring-boot-starter-jdbc-3.1.0.jar;C:\Users\Bruno\.m2\repository\com\zaxxer\HikariCP\5.0.1\HikariCP-5.0.1.jar;C:\Users\Bruno\.m2\repository\org\springframework\spring-jdbc\6.0.9\spring-jdbc-6.0.9.jar;C:\Users\Bruno\.m2\repository\org\hibernate\orm\hibernate-core\6.2.2.Final\hibernate-core-6.2.2.Final.jar;C:\Users\Bruno\.m2\repository\jakarta\persistence\jakarta.persistence-api\3.1.0\jakarta.persistence-api-3.1.0.jar;C:\Users\Bruno\.m2\repository\jakarta\transaction\jakarta.transaction-api\2.0.1\jakarta.transaction-api-2.0.1.jar;C:\Users\Bruno\.m2\repository\org\jboss\logging\jboss-logging\3.5.0.Final\jboss-logging-3.5.0.Final.jar;C:\Users\Bruno\.m2\repository\org\hibernate\common\hibernate-commons-annotations\6.0.6.Final\hibernate-commons-annotations-6.0.6.Final.jar;C:\Users\Bruno\.m2\repository\io\smallrye\jandex\3.0.5\jandex-3.0.5.jar;C:\Users\Bruno\.m2\repository\com\fasterxml\classmate\1.5.1\classmate-1.5.1.jar;C:\Users\Bruno\.m2\repository\net\bytebuddy\byte-buddy\1.14.4\byte-buddy-1.14.4.jar;C:\Users\Bruno\.m2\repository\org\glassfish\jaxb\jaxb-runtime\4.0.2\jaxb-runtime-4.0.2.jar;C:\Users\Bruno\.m2\repository\org\glassfish\jaxb\jaxb-core\4.0.2\jaxb-core-4.0.2.jar;C:\Users\Bruno\.m2\repository\org\eclipse\angus\angus-activation\2.0.0\angus-activation-2.0.0.jar;C:\Users\Bruno\.m2\repository\org\glassfish\jaxb\txw2\4.0.2\txw2-4.0.2.jar;C:\Users\Bruno\.m2\repository\com\sun\istack\istack-commons-runtime\4.1.1\istack-commons-runtime-4.1.1.jar;C:\Users\Bruno\.m2\repository\jakarta\inject\jakarta.inject-api\2.0.1\jakarta.inject-api-2.0.1.jar;C:\Users\Bruno\.m2\repository\org\antlr\antlr4-runtime\4.10.1\antlr4-runtime-4.10.1.jar;C:\Users\Bruno\.m2\repository\org\springframework\data\spring-data-jpa\3.1.0\spring-data-jpa-3.1.0.jar;C:\Users\Bruno\.m2\repository\org\springframework\data\spring-data-commons\3.1.0\spring-data-commons-3.1.0.jar;C:\Users\Bruno\.m2\repository\org\springframework\spring-orm\6.0.9\spring-orm-6.0.9.jar;C:\Users\Bruno\.m2\repository\org\springframework\spring-context\6.0.9\spring-context-6.0.9.jar;C:\Users\Bruno\.m2\repository\org\springframework\spring-tx\6.0.9\spring-tx-6.0.9.jar;C:\Users\Bruno\.m2\repository\org\springframework\spring-beans\6.0.9\spring-beans-6.0.9.jar;C:\Users\Bruno\.m2\repository\org\springframework\spring-aspects\6.0.9\spring-aspects-6.0.9.jar;C:\Users\Bruno\.m2\repository\org\springframework\boot\spring-boot-starter-validation\3.1.0\spring-boot-starter-validation-3.1.0.jar;C:\Users\Bruno\.m2\repository\org\apache\tomcat\embed\tomcat-embed-el\10.1.8\tomcat-embed-el-10.1.8.jar;C:\Users\Bruno\.m2\repository\org\hibernate\validator\hibernate-validator\8.0.0.Final\hibernate-validator-8.0.0.Final.jar;C:\Users\Bruno\.m2\repository\jakarta\validation\jakarta.validation-api\3.0.2\jakarta.validation-api-3.0.2.jar;C:\Users\Bruno\.m2\repository\org\springframework\boot\spring-boot-devtools\3.1.0\spring-boot-devtools-3.1.0.jar;C:\Users\Bruno\.m2\repository\org\springframework\boot\spring-boot\3.1.0\spring-boot-3.1.0.jar;C:\Users\Bruno\.m2\repository\org\springframework\boot\spring-boot-autoconfigure\3.1.0\spring-boot-autoconfigure-3.1.0.jar;C:\Users\Bruno\.m2\repository\org\springframework\boot\spring-boot-starter-test\3.1.0\spring-boot-starter-test-3.1.0.jar;C:\Users\Bruno\.m2\repository\org\springframework\boot\spring-boot-test\3.1.0\spring-boot-test-3.1.0.jar;C:\Users\Bruno\.m2\repository\org\springframework\boot\spring-boot-test-autoconfigure\3.1.0\spring-boot-test-autoconfigure-3.1.0.jar;C:\Users\Bruno\.m2\repository\com\jayway\jsonpath\json-path\2.8.0\json-path-2.8.0.jar;C:\Users\Bruno\.m2\repository\jakarta\xml\bind\jakarta.xml.bind-api\4.0.0\jakarta.xml.bind-api-4.0.0.jar;C:\Users\Bruno\.m2\repository\jakarta\activation\jakarta.activation-api\2.1.2\jakarta.activation-api-2.1.2.jar;C:\Users\Bruno\.m2\repository\net\minidev\json-smart\2.4.10\json-smart-2.4.10.jar;C:\Users\Bruno\.m2\repository\net\minidev\accessors-smart\2.4.9\accessors-smart-2.4.9.jar;C:\Users\Bruno\.m2\repository\org\assertj\assertj-core\3.24.2\assertj-core-3.24.2.jar;C:\Users\Bruno\.m2\repository\org\hamcrest\hamcrest\2.2\hamcrest-2.2.jar;C:\Users\Bruno\.m2\repository\org\junit\jupiter\junit-jupiter\5.9.3\junit-jupiter-5.9.3.jar;C:\Users\Bruno\.m2\repository\org\junit\jupiter\junit-jupiter-api\5.9.3\junit-jupiter-api-5.9.3.jar;C:\Users\Bruno\.m2\repository\org\opentest4j\opentest4j\1.2.0\opentest4j-1.2.0.jar;C:\Users\Bruno\.m2\repository\org\junit\platform\junit-platform-commons\1.9.3\junit-platform-commons-1.9.3.jar;C:\Users\Bruno\.m2\repository\org\apiguardian\apiguardian-api\1.1.2\apiguardian-api-1.1.2.jar;C:\Users\Bruno\.m2\repository\org\junit\jupiter\junit-jupiter-params\5.9.3\junit-jupiter-params-5.9.3.jar;C:\Users\Bruno\.m2\repository\org\junit\jupiter\junit-jupiter-engine\5.9.3\junit-jupiter-engine-5.9.3.jar;C:\Users\Bruno\.m2\repository\org\junit\platform\junit-platform-engine\1.9.3\junit-platform-engine-1.9.3.jar;C:\Users\Bruno\.m2\repository\org\mockito\mockito-core\5.3.1\mockito-core-5.3.1.jar;C:\Users\Bruno\.m2\repository\net\bytebuddy\byte-buddy-agent\1.14.4\byte-buddy-agent-1.14.4.jar;C:\Users\Bruno\.m2\repository\org\objenesis\objenesis\3.3\objenesis-3.3.jar;C:\Users\Bruno\.m2\repository\org\mockito\mockito-junit-jupiter\5.3.1\mockito-junit-jupiter-5.3.1.jar;C:\Users\Bruno\.m2\repository\org\skyscreamer\jsonassert\1.5.1\jsonassert-1.5.1.jar;C:\Users\Bruno\.m2\repository\com\vaadin\external\google\android-json\0.0.20131108.vaadin1\android-json-0.0.20131108.vaadin1.jar;C:\Users\Bruno\.m2\repository\org\springframework\spring-core\6.0.9\spring-core-6.0.9.jar;C:\Users\Bruno\.m2\repository\org\springframework\spring-jcl\6.0.9\spring-jcl-6.0.9.jar;C:\Users\Bruno\.m2\repository\org\springframework\spring-test\6.0.9\spring-test-6.0.9.jar;C:\Users\Bruno\.m2\repository\org\xmlunit\xmlunit-core\2.9.1\xmlunit-core-2.9.1.jar;C:\Users\Bruno\.m2\repository\org\springframework\boot\spring-boot-starter-security\3.1.0\spring-boot-starter-security-3.1.0.jar;C:\Users\Bruno\.m2\repository\org\springframework\spring-aop\6.0.9\spring-aop-6.0.9.jar;C:\Users\Bruno\.m2\repository\org\springframework\security\spring-security-config\6.1.0\spring-security-config-6.1.0.jar;C:\Users\Bruno\.m2\repository\org\springframework\security\spring-security-core\6.1.0\spring-security-core-6.1.0.jar;C:\Users\Bruno\.m2\repository\org\springframework\security\spring-security-crypto\6.1.0\spring-security-crypto-6.1.0.jar;C:\Users\Bruno\.m2\repository\org\springframework\security\spring-security-web\6.1.0\spring-security-web-6.1.0.jar;C:\Users\Bruno\.m2\repository\org\springframework\spring-expression\6.0.9\spring-expression-6.0.9.jar;C:\Users\Bruno\.m2\repository\org\springframework\boot\spring-boot-starter-web\3.1.0\spring-boot-starter-web-3.1.0.jar;C:\Users\Bruno\.m2\repository\org\springframework\boot\spring-boot-starter-json\3.1.0\spring-boot-starter-json-3.1.0.jar;C:\Users\Bruno\.m2\repository\com\fasterxml\jackson\datatype\jackson-datatype-jdk8\2.15.0\jackson-datatype-jdk8-2.15.0.jar;C:\Users\Bruno\.m2\repository\com\fasterxml\jackson\datatype\jackson-datatype-jsr310\2.15.0\jackson-datatype-jsr310-2.15.0.jar;C:\Users\Bruno\.m2\repository\com\fasterxml\jackson\module\jackson-module-parameter-names\2.15.0\jackson-module-parameter-names-2.15.0.jar;C:\Users\Bruno\.m2\repository\org\springframework\boot\spring-boot-starter-tomcat\3.1.0\spring-boot-starter-tomcat-3.1.0.jar;C:\Users\Bruno\.m2\repository\org\apache\tomcat\embed\tomcat-embed-core\10.1.8\tomcat-embed-core-10.1.8.jar;C:\Users\Bruno\.m2\repository\org\apache\tomcat\embed\tomcat-embed-websocket\10.1.8\tomcat-embed-websocket-10.1.8.jar;C:\Users\Bruno\.m2\repository\org\springframework\spring-web\6.0.9\spring-web-6.0.9.jar;C:\Users\Bruno\.m2\repository\io\micrometer\micrometer-observation\1.11.0\micrometer-observation-1.11.0.jar;C:\Users\Bruno\.m2\repository\io\micrometer\micrometer-commons\1.11.0\micrometer-commons-1.11.0.jar;C:\Users\Bruno\.m2\repository\org\springframework\spring-webmvc\6.0.9\spring-webmvc-6.0.9.jar;C:\Users\Bruno\.m2\repository\org\springframework\boot\spring-boot-starter-hateoas\3.1.0\spring-boot-starter-hateoas-3.1.0.jar;C:\Users\Bruno\.m2\repository\org\springframework\hateoas\spring-hateoas\2.1.0\spring-hateoas-2.1.0.jar;C:\Users\Bruno\.m2\repository\org\springframework\plugin\spring-plugin-core\3.0.0\spring-plugin-core-3.0.0.jar;C:\Users\Bruno\.m2\repository\net\datafaker\datafaker\2.0.0\datafaker-2.0.0.jar;C:\Users\Bruno\.m2\repository\org\yaml\snakeyaml\1.33\snakeyaml-1.33.jar;C:\Users\Bruno\.m2\repository\com\github\mifmif\generex\1.0.2\generex-1.0.2.jar;C:\Users\Bruno\.m2\repository\dk\brics\automaton\automaton\1.11-8\automaton-1.11-8.jar;C:\Users\Bruno\.m2\repository\org\modelmapper\modelmapper\3.1.1\modelmapper-3.1.1.jar;C:\Users\Bruno\.m2\repository\com\fasterxml\jackson\core\jackson-databind\2.15.0\jackson-databind-2.15.0.jar;C:\Users\Bruno\.m2\repository\com\fasterxml\jackson\core\jackson-annotations\2.15.0\jackson-annotations-2.15.0.jar;C:\Users\Bruno\.m2\repository\com\fasterxml\jackson\core\jackson-core\2.15.0\jackson-core-2.15.0.jar;C:\Users\Bruno\.m2\repository\org\thymeleaf\thymeleaf\3.1.1.RELEASE\thymeleaf-3.1.1.RELEASE.jar;C:\Users\Bruno\.m2\repository\ognl\ognl\3.3.4\ognl-3.3.4.jar;C:\Users\Bruno\.m2\repository\org\javassist\javassist\3.29.0-GA\javassist-3.29.0-GA.jar;C:\Users\Bruno\.m2\repository\org\attoparser\attoparser\2.0.6.RELEASE\attoparser-2.0.6.RELEASE.jar;C:\Users\Bruno\.m2\repository\org\unbescape\unbescape\1.1.6.RELEASE\unbescape-1.1.6.RELEASE.jar;C:\Users\Bruno\.m2\repository\org\slf4j\slf4j-api\2.0.7\slf4j-api-2.0.7.jar;C:\Users\Bruno\.m2\repository\org\springframework\boot\spring-boot-starter\3.1.0\spring-boot-starter-3.1.0.jar;C:\Users\Bruno\.m2\repository\org\springframework\boot\spring-boot-starter-logging\3.1.0\spring-boot-starter-logging-3.1.0.jar;C:\Users\Bruno\.m2\repository\ch\qos\logback\logback-classic\1.4.7\logback-classic-1.4.7.jar;C:\Users\Bruno\.m2\repository\ch\qos\logback\logback-core\1.4.7\logback-core-1.4.7.jar;C:\Users\Bruno\.m2\repository\org\apache\logging\log4j\log4j-to-slf4j\2.20.0\log4j-to-slf4j-2.20.0.jar;C:\Users\Bruno\.m2\repository\org\apache\logging\log4j\log4j-api\2.20.0\log4j-api-2.20.0.jar;C:\Users\Bruno\.m2\repository\org\slf4j\jul-to-slf4j\2.0.7\jul-to-slf4j-2.0.7.jar;C:\Users\Bruno\.m2\repository\jakarta\annotation\jakarta.annotation-api\2.1.1\jakarta.annotation-api-2.1.1.jar;"/>
    <property name="sun.cpu.endian" value="little"/>
    <property name="user.home" value="C:\Users\Bruno"/>
    <property name="user.language" value="en"/>
    <property name="java.specification.vendor" value="Oracle Corporation"/>
    <property name="java.version.date" value="2023-01-17"/>
    <property name="java.home" value="D:\Program Files\Java\jdk-19"/>
    <property name="file.separator" value="\"/>
    <property name="basedir" value="C:\Users\Bruno\Documents\Git\daos2023"/>
    <property name="java.vm.compressedOopsMode" value="Zero based"/>
    <property name="line.separator" value="&#10;"/>
    <property name="java.vm.specification.vendor" value="Oracle Corporation"/>
    <property name="java.specification.name" value="Java Platform API Specification"/>
    <property name="FILE_LOG_CHARSET" value="UTF-8"/>
    <property name="java.awt.headless" value="true"/>
    <property name="surefire.real.class.path" value="C:\Users\Bruno\AppData\Local\Temp\surefire15208449003753398664\surefirebooter-20230928132909582_3.jar"/>
    <property name="user.script" value=""/>
    <property name="sun.management.compiler" value="HotSpot 64-Bit Tiered Compilers"/>
    <property name="java.runtime.version" value="19.0.2+7-44"/>
    <property name="user.name" value="Bruno"/>
    <property name="stdout.encoding" value="Cp1252"/>
    <property name="path.separator" value=";"/>
    <property name="os.version" value="10.0"/>
    <property name="java.runtime.name" value="Java(TM) SE Runtime Environment"/>
    <property name="file.encoding" value="UTF-8"/>
    <property name="java.vm.name" value="Java HotSpot(TM) 64-Bit Server VM"/>
    <property name="localRepository" value="C:\Users\Bruno\.m2\repository"/>
    <property name="java.vendor.url.bug" value="https://bugreport.java.com/bugreport/"/>
    <property name="java.io.tmpdir" value="C:\Users\Bruno\AppData\Local\Temp\"/>
    <property name="com.zaxxer.hikari.pool_number" value="1"/>
    <property name="java.version" value="19.0.2"/>
    <property name="user.dir" value="C:\Users\Bruno\Documents\Git\daos2023"/>
    <property name="os.arch" value="amd64"/>
    <property name="java.vm.specification.name" value="Java Virtual Machine Specification"/>
    <property name="PID" value="8916"/>
    <property name="user.language.format" value="es"/>
    <property name="sun.os.patch.level" value=""/>
    <property name="CONSOLE_LOG_CHARSET" value="UTF-8"/>
    <property name="native.encoding" value="Cp1252"/>
    <property name="java.library.path" value="D:\Program Files\Java\jdk-19\bin;C:\Windows\Sun\Java\bin;C:\Windows\system32;C:\Windows;C:\Users\Bruno\bin;D:\Program Files\Git\mingw64\bin;D:\Program Files\Git\usr\local\bin;D:\Program Files\Git\usr\bin;D:\Program Files\Git\usr\bin;D:\Program Files\Git\mingw64\bin;D:\Program Files\Git\usr\bin;C:\Users\Bruno\bin;D:\Program Files\sts-4.18.0.RELEASE\plugins\org.eclipse.justj.openjdk.hotspot.jre.full.win32.x86_64_17.0.6.v20230204-1729\jre\bin\server;D:\Program Files\sts-4.18.0.RELEASE\plugins\org.eclipse.justj.openjdk.hotspot.jre.full.win32.x86_64_17.0.6.v20230204-1729\jre\bin;C:\Program Files (x86)\Microsoft SDKs\Azure\CLI2\wbin;D:\Program Files\Common Files\Oracle\Java\javapath;C:\Windows\system32;C:\Windows;C:\Windows\System32\Wbem;C:\Windows\System32\WindowsPowerShell\v1.0;C:\Windows\System32\OpenSSH;D:\Program Files\Java\jdk-19;D:\Program Files\Git\cmd;D:\Program Files\MySQL\MySQL Server 8.0\bin;D:\Program Files\Java\jdk-19\bin;D:\Program Files\Maven\apache-maven-3.9.3\bin;D:\Program Files\Docker\Docker\resources\bin;D:\Program Files\MySQL\MySQL Shell 8.0\bin;C:\Users\Bruno\AppData\Local\Microsoft\WindowsApps;D:\Program Files\heroku\bin;D:\Program Files\sts-4.18.0.RELEASE;D:\Program Files\Git\usr\bin\vendor_perl;D:\Program Files\Git\usr\bin\core_perl;."/>
    <property name="java.vm.info" value="mixed mode, sharing"/>
    <property name="stderr.encoding" value="Cp1252"/>
    <property name="java.vendor" value="Oracle Corporation"/>
    <property name="java.vm.version" value="19.0.2+7-44"/>
    <property name="sun.io.unicode.encoding" value="UnicodeLittle"/>
    <property name="java.class.version" value="63.0"/>
  </properties>
  <testcase name="contextLoads" classname="com.tsti.Daos2023ApplicationTests" time="0.886">
    <system-out><![CDATA[13:29:10.938 [main] INFO org.springframework.test.context.support.AnnotationConfigContextLoaderUtils -- Could not detect default configuration classes for test class [com.tsti.Daos2023ApplicationTests]: Daos2023ApplicationTests does not declare any static, non-private, non-final, nested classes annotated with @Configuration.
13:29:11.107 [main] INFO org.springframework.boot.test.context.SpringBootTestContextBootstrapper -- Found @SpringBootConfiguration com.tsti.Daos2023Application for test class com.tsti.Daos2023ApplicationTests

  .   ____          _            __ _ _
 /\\ / ___'_ __ _ _(_)_ __  __ _ \ \ \ \
( ( )\___ | '_ | '_| | '_ \/ _` | \ \ \ \
 \\/  ___)| |_)| | | | | || (_| |  ) ) ) )
  '  |____| .__|_| |_|_| |_\__, | / / / /
 =========|_|==============|___/=/_/_/_/
 :: Spring Boot ::                (v3.1.0)

2023-09-28T13:29:11.799-03:00  INFO 8916 --- [           main] com.tsti.Daos2023ApplicationTests        : Starting Daos2023ApplicationTests using Java 19.0.2 with PID 8916 (started by Bruno in C:\Users\Bruno\Documents\Git\daos2023)
2023-09-28T13:29:11.800-03:00  INFO 8916 --- [           main] com.tsti.Daos2023ApplicationTests        : No active profile set, falling back to 1 default profile: "default"
2023-09-28T13:29:13.347-03:00  INFO 8916 --- [           main] .s.d.r.c.RepositoryConfigurationDelegate : Bootstrapping Spring Data JPA repositories in DEFAULT mode.
2023-09-28T13:29:13.522-03:00  INFO 8916 --- [           main] .s.d.r.c.RepositoryConfigurationDelegate : Finished Spring Data repository scanning in 162 ms. Found 6 JPA repository interfaces.
2023-09-28T13:29:14.621-03:00  INFO 8916 --- [           main] o.hibernate.jpa.internal.util.LogHelper  : HHH000204: Processing PersistenceUnitInfo [name: default]
2023-09-28T13:29:14.753-03:00  INFO 8916 --- [           main] org.hibernate.Version                    : HHH000412: Hibernate ORM core version 6.2.2.Final
2023-09-28T13:29:14.758-03:00  INFO 8916 --- [           main] org.hibernate.cfg.Environment            : HHH000406: Using bytecode reflection optimizer
2023-09-28T13:29:15.078-03:00  INFO 8916 --- [           main] o.h.b.i.BytecodeProviderInitiator        : HHH000021: Bytecode provider name : bytebuddy
2023-09-28T13:29:15.349-03:00  INFO 8916 --- [           main] o.s.o.j.p.SpringPersistenceUnitInfo      : No LoadTimeWeaver setup: ignoring JPA class transformer
2023-09-28T13:29:15.382-03:00  INFO 8916 --- [           main] com.zaxxer.hikari.HikariDataSource       : HikariPool-1 - Starting...
2023-09-28T13:29:15.780-03:00  INFO 8916 --- [           main] com.zaxxer.hikari.pool.HikariPool        : HikariPool-1 - Added connection conn0: url=jdbc:h2:file:./data/airport-management user=ROOT
2023-09-28T13:29:15.782-03:00  INFO 8916 --- [           main] com.zaxxer.hikari.HikariDataSource       : HikariPool-1 - Start completed.
2023-09-28T13:29:15.815-03:00  INFO 8916 --- [           main] org.hibernate.orm.dialect                : HHH035001: Using dialect: org.hibernate.dialect.H2Dialect, version: 2.1.214
2023-09-28T13:29:16.324-03:00  INFO 8916 --- [           main] o.h.b.i.BytecodeProviderInitiator        : HHH000021: Bytecode provider name : bytebuddy
2023-09-28T13:29:17.489-03:00  INFO 8916 --- [           main] o.h.e.t.j.p.i.JtaPlatformInitiator       : HHH000490: Using JtaPlatform implementation: [org.hibernate.engine.transaction.jta.platform.internal.NoJtaPlatform]
2023-09-28T13:29:17.566-03:00  INFO 8916 --- [           main] o.h.t.s.i.e.GenerationTargetToDatabase   : HHH000476: Executing script '[injected ScriptSourceInputNonExistentImpl script]'
2023-09-28T13:29:17.569-03:00  INFO 8916 --- [           main] j.LocalContainerEntityManagerFactoryBean : Initialized JPA EntityManagerFactory for persistence unit 'default'
2023-09-28T13:29:18.292-03:00  INFO 8916 --- [           main] o.s.d.j.r.query.QueryEnhancerFactory     : Hibernate is in classpath; If applicable, HQL parser will be used.
2023-09-28T13:29:19.666-03:00  WARN 8916 --- [           main] JpaBaseConfiguration$JpaWebConfiguration : spring.jpa.open-in-view is enabled by default. Therefore, database queries may be performed during view rendering. Explicitly configure spring.jpa.open-in-view to disable this warning
2023-09-28T13:29:20.090-03:00  INFO 8916 --- [           main] o.s.s.web.DefaultSecurityFilterChain     : Will secure any request with [org.springframework.security.web.session.DisableEncodeUrlFilter@664c6bbc, org.springframework.security.web.context.request.async.WebAsyncManagerIntegrationFilter@442545ab, org.springframework.security.web.context.SecurityContextHolderFilter@87f8146, org.springframework.security.web.header.HeaderWriterFilter@5af850f1, org.springframework.security.web.csrf.CsrfFilter@7b159d1b, org.springframework.security.web.authentication.logout.LogoutFilter@23d030b1, org.springframework.security.web.authentication.UsernamePasswordAuthenticationFilter@2cf7ada5, org.springframework.security.web.savedrequest.RequestCacheAwareFilter@50626d22, org.springframework.security.web.servletapi.SecurityContextHolderAwareRequestFilter@61774805, org.springframework.security.web.authentication.AnonymousAuthenticationFilter@2ec3b5dd, org.springframework.security.web.access.ExceptionTranslationFilter@ba65354, org.springframework.security.web.access.intercept.AuthorizationFilter@28ea7f58]
2023-09-28T13:29:20.757-03:00  INFO 8916 --- [           main] o.s.b.a.h2.H2ConsoleAutoConfiguration    : H2 console available at '/h2-console'. Database available at 'jdbc:h2:file:./data/airport-management'
2023-09-28T13:29:20.878-03:00  INFO 8916 --- [           main] com.tsti.Daos2023ApplicationTests        : Started Daos2023ApplicationTests in 9.561 seconds (process running for 11.082)
Vuelo [nroVuelo=null, hora de partida= 00:05, nroFila=0, nroColumnas=0, tipo_vuelo=INTERNACIONAL, Origen=Aeropuerto [icao=SATM, iata=MDX, name=Mercedes Airport, state=Corrientes, country=AR, elevation=358, lat=-29.2213993073, lon=-58.0877990723, tz=America/Argentina/Cordoba], Destino=Aeropuerto [icao=KPSB, iata=PSB, name=Mid State Airport, state=Pennsylvania, country=US, elevation=1948, lat=40.8843994141, lon=-78.0873031616, tz=America/New_York], Estado=REGISTRADO]
Vuelo [nroVuelo=null, hora de partida= 03:55, nroFila=0, nroColumnas=0, tipo_vuelo=INTERNACIONAL, Origen=Aeropuerto [icao=SATM, iata=MDX, name=Mercedes Airport, state=Corrientes, country=AR, elevation=358, lat=-29.2213993073, lon=-58.0877990723, tz=America/Argentina/Cordoba], Destino=Aeropuerto [icao=23MO, iata=, name=Oerke Enterprises Airport, state=Missouri, country=US, elevation=770, lat=38.2200012207, lon=-94.4961013794, tz=America/Chicago], Estado=REGISTRADO]
Vuelo [nroVuelo=null, hora de partida= 07:55, nroFila=0, nroColumnas=0, tipo_vuelo=INTERNACIONAL, Origen=Aeropuerto [icao=SATM, iata=MDX, name=Mercedes Airport, state=Corrientes, country=AR, elevation=358, lat=-29.2213993073, lon=-58.0877990723, tz=America/Argentina/Cordoba], Destino=Aeropuerto [icao=TX36, iata=, name=Green Ranch Airport, state=Texas, country=US, elevation=1190, lat=32.8334999084, lon=-99.0419998169, tz=America/Chicago], Estado=REGISTRADO]
Vuelo [nroVuelo=null, hora de partida= 10:11, nroFila=0, nroColumnas=0, tipo_vuelo=INTERNACIONAL, Origen=Aeropuerto [icao=SATM, iata=MDX, name=Mercedes Airport, state=Corrientes, country=AR, elevation=358, lat=-29.2213993073, lon=-58.0877990723, tz=America/Argentina/Cordoba], Destino=Aeropuerto [icao=WA15, iata=, name=Coulee City Airport, state=Washington, country=US, elevation=1800, lat=47.6165008545, lon=-119.2429962158, tz=America/Los_Angeles], Estado=REGISTRADO]
Vuelo [nroVuelo=null, hora de partida= 05:29, nroFila=0, nroColumnas=0, tipo_vuelo=INTERNACIONAL, Origen=Aeropuerto [icao=SATM, iata=MDX, name=Mercedes Airport, state=Corrientes, country=AR, elevation=358, lat=-29.2213993073, lon=-58.0877990723, tz=America/Argentina/Cordoba], Destino=Aeropuerto [icao=LS11, iata=, name=Liddieville Airport, state=Louisiana, country=US, elevation=73, lat=32.1534996033, lon=-91.8436965942, tz=America/Chicago], Estado=REGISTRADO]
Vuelo [nroVuelo=null, hora de partida= 22:04, nroFila=0, nroColumnas=0, tipo_vuelo=INTERNACIONAL, Origen=Aeropuerto [icao=SATM, iata=MDX, name=Mercedes Airport, state=Corrientes, country=AR, elevation=358, lat=-29.2213993073, lon=-58.0877990723, tz=America/Argentina/Cordoba], Destino=Aeropuerto [icao=NVSL, iata=LPM, name=Lamap Airport, state=Malampa, country=VU, elevation=7, lat=-16.454000473, lon=167.8229980469, tz=Pacific/Efate], Estado=REGISTRADO]
Vuelo [nroVuelo=null, hora de partida= 05:10, nroFila=0, nroColumnas=0, tipo_vuelo=INTERNACIONAL, Origen=Aeropuerto [icao=SATM, iata=MDX, name=Mercedes Airport, state=Corrientes, country=AR, elevation=358, lat=-29.2213993073, lon=-58.0877990723, tz=America/Argentina/Cordoba], Destino=Aeropuerto [icao=SWDN, iata=DNO, name=Dianopolis Airport, state=Tocantins, country=BR, elevation=2001, lat=-11.5953998566, lon=-46.846698761, tz=America/Araguaina], Estado=REGISTRADO]
Vuelo [nroVuelo=null, hora de partida= 11:06, nroFila=0, nroColumnas=0, tipo_vuelo=INTERNACIONAL, Origen=Aeropuerto [icao=SATM, iata=MDX, name=Mercedes Airport, state=Corrientes, country=AR, elevation=358, lat=-29.2213993073, lon=-58.0877990723, tz=America/Argentina/Cordoba], Destino=Aeropuerto [icao=KCAK, iata=CAK, name=Akron Canton Regional Airport, state=Ohio, country=US, elevation=1228, lat=40.9160995483, lon=-81.442199707, tz=America/New_York], Estado=REGISTRADO]
Vuelo [nroVuelo=null, hora de partida= 17:50, nroFila=0, nroColumnas=0, tipo_vuelo=INTERNACIONAL, Origen=Aeropuerto [icao=SATM, iata=MDX, name=Mercedes Airport, state=Corrientes, country=AR, elevation=358, lat=-29.2213993073, lon=-58.0877990723, tz=America/Argentina/Cordoba], Destino=Aeropuerto [icao=KOIC, iata=OIC, name=Lt Warren Eaton Airport, state=New-York, country=US, elevation=1025, lat=42.5666007996, lon=-75.5241012573, tz=America/New_York], Estado=REGISTRADO]
Vuelo [nroVuelo=null, hora de partida= 09:21, nroFila=0, nroColumnas=0, tipo_vuelo=INTERNACIONAL, Origen=Aeropuerto [icao=SATM, iata=MDX, name=Mercedes Airport, state=Corrientes, country=AR, elevation=358, lat=-29.2213993073, lon=-58.0877990723, tz=America/Argentina/Cordoba], Destino=Aeropuerto [icao=GMMX, iata=RAK, name=Menara Airport, state=Marrakesh-Safi, country=MA, elevation=1545, lat=31.6068992615, lon=-8.0362997055, tz=Africa/Casablanca], Estado=REGISTRADO]
Vuelo [nroVuelo=null, hora de partida= 12:57, nroFila=0, nroColumnas=0, tipo_vuelo=INTERNACIONAL, Origen=Aeropuerto [icao=SATM, iata=MDX, name=Mercedes Airport, state=Corrientes, country=AR, elevation=358, lat=-29.2213993073, lon=-58.0877990723, tz=America/Argentina/Cordoba], Destino=Aeropuerto [icao=5AR8, iata=, name=Pine Prairie Airport, state=Arkansas, country=US, elevation=321, lat=33.6167984009, lon=-94.116897583, tz=America/Chicago], Estado=REGISTRADO]
Vuelo [nroVuelo=null, hora de partida= 04:46, nroFila=0, nroColumnas=0, tipo_vuelo=INTERNACIONAL, Origen=Aeropuerto [icao=SATM, iata=MDX, name=Mercedes Airport, state=Corrientes, country=AR, elevation=358, lat=-29.2213993073, lon=-58.0877990723, tz=America/Argentina/Cordoba], Destino=Aeropuerto [icao=NA21, iata=, name=Thompson Private Airport, state=North-Dakota, country=US, elevation=1075, lat=46.2282981873, lon=-97.2361984253, tz=America/Chicago], Estado=REGISTRADO]
Vuelo [nroVuelo=null, hora de partida= 06:05, nroFila=0, nroColumnas=0, tipo_vuelo=INTERNACIONAL, Origen=Aeropuerto [icao=SATM, iata=MDX, name=Mercedes Airport, state=Corrientes, country=AR, elevation=358, lat=-29.2213993073, lon=-58.0877990723, tz=America/Argentina/Cordoba], Destino=Aeropuerto [icao=SWCV, iata=, name=Casalvasco Airport, state=Mato-Grosso, country=BR, elevation=676, lat=-15.489443779, lon=-60.0855560303, tz=America/Cuiaba], Estado=REGISTRADO]
Vuelo [nroVuelo=null, hora de partida= 22:51, nroFila=0, nroColumnas=0, tipo_vuelo=INTERNACIONAL, Origen=Aeropuerto [icao=SATM, iata=MDX, name=Mercedes Airport, state=Corrientes, country=AR, elevation=358, lat=-29.2213993073, lon=-58.0877990723, tz=America/Argentina/Cordoba], Destino=Aeropuerto [icao=LILQ, iata=QMM, name=Massa Cinquale Airport, state=Tuscany, country=IT, elevation=13, lat=43.986000061, lon=10.1428003311, tz=Europe/Rome], Estado=REGISTRADO]
Vuelo [nroVuelo=null, hora de partida= 07:01, nroFila=0, nroColumnas=0, tipo_vuelo=INTERNACIONAL, Origen=Aeropuerto [icao=SATM, iata=MDX, name=Mercedes Airport, state=Corrientes, country=AR, elevation=358, lat=-29.2213993073, lon=-58.0877990723, tz=America/Argentina/Cordoba], Destino=Aeropuerto [icao=XS70, iata=, name=Glover Airport, state=Texas, country=US, elevation=400, lat=33.134601593, lon=-95.0179977417, tz=America/Chicago], Estado=REGISTRADO]
Vuelo [nroVuelo=null, hora de partida= 06:07, nroFila=0, nroColumnas=0, tipo_vuelo=INTERNACIONAL, Origen=Aeropuerto [icao=SATM, iata=MDX, name=Mercedes Airport, state=Corrientes, country=AR, elevation=358, lat=-29.2213993073, lon=-58.0877990723, tz=America/Argentina/Cordoba], Destino=Aeropuerto [icao=CYYZ, iata=YYZ, name=Lester B. Pearson International Airport, state=Ontario, country=CA, elevation=569, lat=43.6772003174, lon=-79.6305999756, tz=America/Toronto], Estado=REGISTRADO]
Vuelo [nroVuelo=null, hora de partida= 01:48, nroFila=0, nroColumnas=0, tipo_vuelo=INTERNACIONAL, Origen=Aeropuerto [icao=SATM, iata=MDX, name=Mercedes Airport, state=Corrientes, country=AR, elevation=358, lat=-29.2213993073, lon=-58.0877990723, tz=America/Argentina/Cordoba], Destino=Aeropuerto [icao=9CO3, iata=, name=Hubbard Airport, state=Colorado, country=US, elevation=4670, lat=38.6833000183, lon=-108.9840011597, tz=America/Denver], Estado=REGISTRADO]
Vuelo [nroVuelo=null, hora de partida= 19:52, nroFila=0, nroColumnas=0, tipo_vuelo=INTERNACIONAL, Origen=Aeropuerto [icao=SATM, iata=MDX, name=Mercedes Airport, state=Corrientes, country=AR, elevation=358, lat=-29.2213993073, lon=-58.0877990723, tz=America/Argentina/Cordoba], Destino=Aeropuerto [icao=KLWT, iata=LWT, name=Lewistown Municipal Airport, state=Montana, country=US, elevation=4170, lat=47.0493011475, lon=-109.4670028687, tz=America/Denver], Estado=REGISTRADO]
Vuelo [nroVuelo=null, hora de partida= 15:24, nroFila=0, nroColumnas=0, tipo_vuelo=INTERNACIONAL, Origen=Aeropuerto [icao=SATM, iata=MDX, name=Mercedes Airport, state=Corrientes, country=AR, elevation=358, lat=-29.2213993073, lon=-58.0877990723, tz=America/Argentina/Cordoba], Destino=Aeropuerto [icao=K2I3, iata=, name=Rough River State Park Airport, state=Kentucky, country=US, elevation=577, lat=37.6097984314, lon=-86.5068969727, tz=America/Chicago], Estado=REGISTRADO]
Vuelo [nroVuelo=null, hora de partida= 23:59, nroFila=0, nroColumnas=0, tipo_vuelo=INTERNACIONAL, Origen=Aeropuerto [icao=SATM, iata=MDX, name=Mercedes Airport, state=Corrientes, country=AR, elevation=358, lat=-29.2213993073, lon=-58.0877990723, tz=America/Argentina/Cordoba], Destino=Aeropuerto [icao=FAVM, iata=, name=Venetia Airport, state=Limpopo, country=ZA, elevation=2333, lat=-22.4480991364, lon=29.3376998901, tz=Africa/Johannesburg], Estado=REGISTRADO]
Vuelo [nroVuelo=null, hora de partida= 12:10, nroFila=0, nroColumnas=0, tipo_vuelo=INTERNACIONAL, Origen=Aeropuerto [icao=SATM, iata=MDX, name=Mercedes Airport, state=Corrientes, country=AR, elevation=358, lat=-29.2213993073, lon=-58.0877990723, tz=America/Argentina/Cordoba], Destino=Aeropuerto [icao=22IN, iata=, name=Mooney Field, state=Indiana, country=US, elevation=865, lat=41.3483009338, lon=-85.0074996948, tz=America/Indiana/Indianapolis], Estado=REGISTRADO]
Vuelo [nroVuelo=null, hora de partida= 14:05, nroFila=0, nroColumnas=0, tipo_vuelo=INTERNACIONAL, Origen=Aeropuerto [icao=SATM, iata=MDX, name=Mercedes Airport, state=Corrientes, country=AR, elevation=358, lat=-29.2213993073, lon=-58.0877990723, tz=America/Argentina/Cordoba], Destino=Aeropuerto [icao=KBTR, iata=BTR, name=Baton Rouge Metropolitan Ryan Field, state=Louisiana, country=US, elevation=70, lat=30.53319931, lon=-91.14959717, tz=America/Chicago], Estado=REGISTRADO]
Vuelo [nroVuelo=null, hora de partida= 21:29, nroFila=0, nroColumnas=0, tipo_vuelo=INTERNACIONAL, Origen=Aeropuerto [icao=SATM, iata=MDX, name=Mercedes Airport, state=Corrientes, country=AR, elevation=358, lat=-29.2213993073, lon=-58.0877990723, tz=America/Argentina/Cordoba], Destino=Aeropuerto [icao=12TE, iata=, name=Curtis Ranch Field, state=Texas, country=US, elevation=1740, lat=31.3167991638, lon=-99.2337036133, tz=America/Chicago], Estado=REGISTRADO]
Vuelo [nroVuelo=null, hora de partida= 18:06, nroFila=0, nroColumnas=0, tipo_vuelo=INTERNACIONAL, Origen=Aeropuerto [icao=SATM, iata=MDX, name=Mercedes Airport, state=Corrientes, country=AR, elevation=358, lat=-29.2213993073, lon=-58.0877990723, tz=America/Argentina/Cordoba], Destino=Aeropuerto [icao=CKR4, iata=, name=Lundar Airport, state=Manitoba, country=CA, elevation=830, lat=50.7033004761, lon=-98.0567016602, tz=America/Winnipeg], Estado=REGISTRADO]
Vuelo [nroVuelo=null, hora de partida= 10:56, nroFila=0, nroColumnas=0, tipo_vuelo=INTERNACIONAL, Origen=Aeropuerto [icao=SATM, iata=MDX, name=Mercedes Airport, state=Corrientes, country=AR, elevation=358, lat=-29.2213993073, lon=-58.0877990723, tz=America/Argentina/Cordoba], Destino=Aeropuerto [icao=EDVG, iata=, name=Mengeringhausen Airport, state=Hesse, country=DE, elevation=1191, lat=51.3763885498, lon=8.9811105728, tz=Europe/Berlin], Estado=REGISTRADO]
Vuelo [nroVuelo=null, hora de partida= 21:12, nroFila=0, nroColumnas=0, tipo_vuelo=NACIONAL, Origen=Aeropuerto [icao=SATM, iata=MDX, name=Mercedes Airport, state=Corrientes, country=AR, elevation=358, lat=-29.2213993073, lon=-58.0877990723, tz=America/Argentina/Cordoba], Destino=Aeropuerto [icao=SA11, iata=, name=Campo Arenal Airport, state=Catamarca, country=AR, elevation=7622, lat=-27.0722999573, lon=-66.5860977173, tz=America/Argentina/Catamarca], Estado=REGISTRADO]
Vuelo [nroVuelo=null, hora de partida= 01:05, nroFila=0, nroColumnas=0, tipo_vuelo=NACIONAL, Origen=Aeropuerto [icao=SATM, iata=MDX, name=Mercedes Airport, state=Corrientes, country=AR, elevation=358, lat=-29.2213993073, lon=-58.0877990723, tz=America/Argentina/Cordoba], Destino=Aeropuerto [icao=SANO, iata=, name=Chilecito Airport, state=La-Rioja, country=AR, elevation=3099, lat=-29.2238998413, lon=-67.4389038086, tz=America/Argentina/La_Rioja], Estado=REGISTRADO]
Vuelo [nroVuelo=null, hora de partida= 02:28, nroFila=0, nroColumnas=0, tipo_vuelo=NACIONAL, Origen=Aeropuerto [icao=SATM, iata=MDX, name=Mercedes Airport, state=Corrientes, country=AR, elevation=358, lat=-29.2213993073, lon=-58.0877990723, tz=America/Argentina/Cordoba], Destino=Aeropuerto [icao=SAVH, iata=LHS, name=Las Heras Airport, state=Santa-Cruz, country=AR, elevation=1082, lat=-46.5382995605, lon=-68.9653015137, tz=America/Argentina/Rio_Gallegos], Estado=REGISTRADO]
Vuelo [nroVuelo=null, hora de partida= 02:13, nroFila=0, nroColumnas=0, tipo_vuelo=NACIONAL, Origen=Aeropuerto [icao=SATM, iata=MDX, name=Mercedes Airport, state=Corrientes, country=AR, elevation=358, lat=-29.2213993073, lon=-58.0877990723, tz=America/Argentina/Cordoba], Destino=Aeropuerto [icao=SAZF, iata=OVR, name=Olavarria Airport, state=Buenos-Aires, country=AR, elevation=551, lat=-36.8899993896, lon=-60.2165985107, tz=America/Argentina/Buenos_Aires], Estado=REGISTRADO]
Vuelo [nroVuelo=null, hora de partida= 06:29, nroFila=0, nroColumnas=0, tipo_vuelo=NACIONAL, Origen=Aeropuerto [icao=SATM, iata=MDX, name=Mercedes Airport, state=Corrientes, country=AR, elevation=358, lat=-29.2213993073, lon=-58.0877990723, tz=America/Argentina/Cordoba], Destino=Aeropuerto [icao=SARE, iata=RES, name=Resistencia International Airport, state=Chaco, country=AR, elevation=173, lat=-27.45, lon=-59.0561, tz=America/Argentina/Cordoba], Estado=REGISTRADO]
Vuelo [nroVuelo=null, hora de partida= 20:39, nroFila=0, nroColumnas=0, tipo_vuelo=NACIONAL, Origen=Aeropuerto [icao=SATM, iata=MDX, name=Mercedes Airport, state=Corrientes, country=AR, elevation=358, lat=-29.2213993073, lon=-58.0877990723, tz=America/Argentina/Cordoba], Destino=Aeropuerto [icao=SA22, iata=, name=Santa Victoria Airport, state=Salta, country=AR, elevation=918, lat=-22.2856998444, lon=-62.7136993408, tz=America/Argentina/Salta], Estado=REGISTRADO]
Vuelo [nroVuelo=null, hora de partida= 01:27, nroFila=0, nroColumnas=0, tipo_vuelo=NACIONAL, Origen=Aeropuerto [icao=SATM, iata=MDX, name=Mercedes Airport, state=Corrientes, country=AR, elevation=358, lat=-29.2213993073, lon=-58.0877990723, tz=America/Argentina/Cordoba], Destino=Aeropuerto [icao=SA29, iata=, name=Choele Choel Airport, state=Rio-Negro, country=AR, elevation=642, lat=-39.2863998413, lon=-65.6102981567, tz=America/Argentina/Salta], Estado=REGISTRADO]
Vuelo [nroVuelo=null, hora de partida= 23:39, nroFila=0, nroColumnas=0, tipo_vuelo=NACIONAL, Origen=Aeropuerto [icao=SATM, iata=MDX, name=Mercedes Airport, state=Corrientes, country=AR, elevation=358, lat=-29.2213993073, lon=-58.0877990723, tz=America/Argentina/Cordoba], Destino=Aeropuerto [icao=SAZF, iata=OVR, name=Olavarria Airport, state=Buenos-Aires, country=AR, elevation=551, lat=-36.8899993896, lon=-60.2165985107, tz=America/Argentina/Buenos_Aires], Estado=REGISTRADO]
Vuelo [nroVuelo=null, hora de partida= 11:10, nroFila=0, nroColumnas=0, tipo_vuelo=NACIONAL, Origen=Aeropuerto [icao=SATM, iata=MDX, name=Mercedes Airport, state=Corrientes, country=AR, elevation=358, lat=-29.2213993073, lon=-58.0877990723, tz=America/Argentina/Cordoba], Destino=Aeropuerto [icao=SASJ, iata=JUJ, name=Gobernador Horacio Guzman International Airport, state=Jujuy, country=AR, elevation=3019, lat=-24.3927993774, lon=-65.0978012085, tz=America/Argentina/Jujuy], Estado=REGISTRADO]
Vuelo [nroVuelo=null, hora de partida= 16:34, nroFila=0, nroColumnas=0, tipo_vuelo=NACIONAL, Origen=Aeropuerto [icao=SATM, iata=MDX, name=Mercedes Airport, state=Corrientes, country=AR, elevation=358, lat=-29.2213993073, lon=-58.0877990723, tz=America/Argentina/Cordoba], Destino=Aeropuerto [icao=SA31, iata=, name=San Nicolas De Los Arroyos Airport, state=Buenos-Aires, country=AR, elevation=98, lat=-33.3907, lon=-60.1957, tz=America/Argentina/Buenos_Aires], Estado=REGISTRADO]
Vuelo [nroVuelo=null, hora de partida= 01:09, nroFila=0, nroColumnas=0, tipo_vuelo=NACIONAL, Origen=Aeropuerto [icao=SATM, iata=MDX, name=Mercedes Airport, state=Corrientes, country=AR, elevation=358, lat=-29.2213993073, lon=-58.0877990723, tz=America/Argentina/Cordoba], Destino=Aeropuerto [icao=SAVB, iata=EHL, name=El Bolson Airport, state=Rio-Negro, country=AR, elevation=1141, lat=-41.9431991577, lon=-71.5323028564, tz=America/Argentina/Salta], Estado=REGISTRADO]
Vuelo [nroVuelo=null, hora de partida= 09:57, nroFila=0, nroColumnas=0, tipo_vuelo=NACIONAL, Origen=Aeropuerto [icao=SATM, iata=MDX, name=Mercedes Airport, state=Corrientes, country=AR, elevation=358, lat=-29.2213993073, lon=-58.0877990723, tz=America/Argentina/Cordoba], Destino=Aeropuerto [icao=SA21, iata=, name=Veinticinco De Mayo Airport, state=La-Pampa, country=AR, elevation=1138, lat=-37.8097991943, lon=-67.6593017578, tz=America/Argentina/Salta], Estado=REGISTRADO]
Vuelo [nroVuelo=null, hora de partida= 21:52, nroFila=0, nroColumnas=0, tipo_vuelo=NACIONAL, Origen=Aeropuerto [icao=SATM, iata=MDX, name=Mercedes Airport, state=Corrientes, country=AR, elevation=358, lat=-29.2213993073, lon=-58.0877990723, tz=America/Argentina/Cordoba], Destino=Aeropuerto [icao=SADQ, iata=, name=Quilmes Airport, state=Buenos-Aires, country=AR, elevation=6, lat=-34.7064, lon=-58.2444, tz=America/Argentina/Buenos_Aires], Estado=REGISTRADO]
Vuelo [nroVuelo=null, hora de partida= 10:22, nroFila=0, nroColumnas=0, tipo_vuelo=NACIONAL, Origen=Aeropuerto [icao=SATM, iata=MDX, name=Mercedes Airport, state=Corrientes, country=AR, elevation=358, lat=-29.2213993073, lon=-58.0877990723, tz=America/Argentina/Cordoba], Destino=Aeropuerto [icao=SASR, iata=, name=Rivadavia Airport, state=Salta, country=AR, elevation=679, lat=-24.1886005402, lon=-62.8833999634, tz=America/Argentina/Salta], Estado=REGISTRADO]
Vuelo [nroVuelo=null, hora de partida= 22:40, nroFila=0, nroColumnas=0, tipo_vuelo=NACIONAL, Origen=Aeropuerto [icao=SATM, iata=MDX, name=Mercedes Airport, state=Corrientes, country=AR, elevation=358, lat=-29.2213993073, lon=-58.0877990723, tz=America/Argentina/Cordoba], Destino=Aeropuerto [icao=SAWA, iata=ING, name=Lago Argentino Airport, state=Santa-Cruz, country=AR, elevation=732, lat=-50.336101532, lon=-72.2485961914, tz=America/Argentina/Rio_Gallegos], Estado=REGISTRADO]
Vuelo [nroVuelo=null, hora de partida= 13:03, nroFila=0, nroColumnas=0, tipo_vuelo=NACIONAL, Origen=Aeropuerto [icao=SATM, iata=MDX, name=Mercedes Airport, state=Corrientes, country=AR, elevation=358, lat=-29.2213993073, lon=-58.0877990723, tz=America/Argentina/Cordoba], Destino=Aeropuerto [icao=SANH, iata=RHD, name=Las Termas Airport, state=Santiago-del-Estero, country=AR, elevation=270, lat=-27.4736995697, lon=-64.9055023193, tz=America/Argentina/Cordoba], Estado=REGISTRADO]
Vuelo [nroVuelo=null, hora de partida= 06:16, nroFila=0, nroColumnas=0, tipo_vuelo=NACIONAL, Origen=Aeropuerto [icao=SATM, iata=MDX, name=Mercedes Airport, state=Corrientes, country=AR, elevation=358, lat=-29.2213993073, lon=-58.0877990723, tz=America/Argentina/Cordoba], Destino=Aeropuerto [icao=SATO, iata=, name=Obera Airport, state=Misiones, country=AR, elevation=1125, lat=-27.5181999207, lon=-55.1241989136, tz=America/Argentina/Cordoba], Estado=REGISTRADO]
Vuelo [nroVuelo=null, hora de partida= 08:18, nroFila=0, nroColumnas=0, tipo_vuelo=NACIONAL, Origen=Aeropuerto [icao=SATM, iata=MDX, name=Mercedes Airport, state=Corrientes, country=AR, elevation=358, lat=-29.2213993073, lon=-58.0877990723, tz=America/Argentina/Cordoba], Destino=Aeropuerto [icao=SAEM, iata=MJR, name=Miramar Airport, state=Buenos-Aires, country=AR, elevation=42, lat=-38.2271, lon=-57.8697, tz=America/Argentina/Buenos_Aires], Estado=REGISTRADO]
Vuelo [nroVuelo=null, hora de partida= 07:53, nroFila=0, nroColumnas=0, tipo_vuelo=NACIONAL, Origen=Aeropuerto [icao=SATM, iata=MDX, name=Mercedes Airport, state=Corrientes, country=AR, elevation=358, lat=-29.2213993073, lon=-58.0877990723, tz=America/Argentina/Cordoba], Destino=Aeropuerto [icao=SADJ, iata=, name=Mariano Moreno Airport, state=Buenos-Aires, country=AR, elevation=105, lat=-34.5606, lon=-58.7896, tz=America/Argentina/Buenos_Aires], Estado=REGISTRADO]
Vuelo [nroVuelo=null, hora de partida= 15:00, nroFila=0, nroColumnas=0, tipo_vuelo=NACIONAL, Origen=Aeropuerto [icao=SATM, iata=MDX, name=Mercedes Airport, state=Corrientes, country=AR, elevation=358, lat=-29.2213993073, lon=-58.0877990723, tz=America/Argentina/Cordoba], Destino=Aeropuerto [icao=SAZI, iata=, name=Bolivar Airport, state=Buenos-Aires, country=AR, elevation=308, lat=-36.1866, lon=-61.0764, tz=America/Argentina/Buenos_Aires], Estado=REGISTRADO]
Vuelo [nroVuelo=null, hora de partida= 10:41, nroFila=0, nroColumnas=0, tipo_vuelo=NACIONAL, Origen=Aeropuerto [icao=SATM, iata=MDX, name=Mercedes Airport, state=Corrientes, country=AR, elevation=358, lat=-29.2213993073, lon=-58.0877990723, tz=America/Argentina/Cordoba], Destino=Aeropuerto [icao=SAAP, iata=PRA, name=General Urquiza Airport, state=Entre-Rios, country=AR, elevation=242, lat=-31.7948, lon=-60.4804, tz=America/Argentina/Cordoba], Estado=REGISTRADO]
Vuelo [nroVuelo=null, hora de partida= 11:18, nroFila=0, nroColumnas=0, tipo_vuelo=NACIONAL, Origen=Aeropuerto [icao=SATM, iata=MDX, name=Mercedes Airport, state=Corrientes, country=AR, elevation=358, lat=-29.2213993073, lon=-58.0877990723, tz=America/Argentina/Cordoba], Destino=Aeropuerto [icao=SASL, iata=, name=Salar De Cauchari Airport, state=Salta, country=AR, elevation=13000, lat=-24.0191993713, lon=-66.797203064, tz=America/Argentina/Jujuy], Estado=REGISTRADO]
Vuelo [nroVuelo=null, hora de partida= 22:31, nroFila=0, nroColumnas=0, tipo_vuelo=NACIONAL, Origen=Aeropuerto [icao=SATM, iata=MDX, name=Mercedes Airport, state=Corrientes, country=AR, elevation=358, lat=-29.2213993073, lon=-58.0877990723, tz=America/Argentina/Cordoba], Destino=Aeropuerto [icao=SA27, iata=, name=Puerto Rosales Airport, state=Buenos-Aires, country=AR, elevation=16, lat=-38.8970985413, lon=-62.0102996826, tz=America/Argentina/Buenos_Aires], Estado=REGISTRADO]
Vuelo [nroVuelo=null, hora de partida= 09:25, nroFila=0, nroColumnas=0, tipo_vuelo=NACIONAL, Origen=Aeropuerto [icao=SATM, iata=MDX, name=Mercedes Airport, state=Corrientes, country=AR, elevation=358, lat=-29.2213993073, lon=-58.0877990723, tz=America/Argentina/Cordoba], Destino=Aeropuerto [icao=SA02, iata=, name=Cafayate Airport, state=Salta, country=AR, elevation=5375, lat=-26.0561008453, lon=-65.9368972778, tz=America/Argentina/Salta], Estado=REGISTRADO]
Vuelo [nroVuelo=null, hora de partida= 09:16, nroFila=0, nroColumnas=0, tipo_vuelo=NACIONAL, Origen=Aeropuerto [icao=SATM, iata=MDX, name=Mercedes Airport, state=Corrientes, country=AR, elevation=358, lat=-29.2213993073, lon=-58.0877990723, tz=America/Argentina/Cordoba], Destino=Aeropuerto [icao=SAWD, iata=PUD, name=Puerto Deseado Airport, state=Santa-Cruz, country=AR, elevation=268, lat=-47.7353, lon=-65.9041, tz=America/Argentina/Rio_Gallegos], Estado=REGISTRADO]
Vuelo [nroVuelo=null, hora de partida= 05:21, nroFila=0, nroColumnas=0, tipo_vuelo=INTERNACIONAL, Origen=Aeropuerto [icao=SATM, iata=MDX, name=Mercedes Airport, state=Corrientes, country=AR, elevation=358, lat=-29.2213993073, lon=-58.0877990723, tz=America/Argentina/Cordoba], Destino=Aeropuerto [icao=KD31, iata=, name=Leeds Municipal Airport, state=North-Dakota, country=US, elevation=1508, lat=48.2849998474, lon=-99.403503418, tz=America/Chicago], Estado=DEMORADO]
Vuelo [nroVuelo=null, hora de partida= 06:22, nroFila=0, nroColumnas=0, tipo_vuelo=INTERNACIONAL, Origen=Aeropuerto [icao=SATM, iata=MDX, name=Mercedes Airport, state=Corrientes, country=AR, elevation=358, lat=-29.2213993073, lon=-58.0877990723, tz=America/Argentina/Cordoba], Destino=Aeropuerto [icao=5CO6, iata=, name=Meyer Ranch Airport, state=Colorado, country=US, elevation=8000, lat=39.5499992371, lon=-105.283996582, tz=America/Denver], Estado=DEMORADO]
Vuelo [nroVuelo=null, hora de partida= 04:59, nroFila=0, nroColumnas=0, tipo_vuelo=INTERNACIONAL, Origen=Aeropuerto [icao=SATM, iata=MDX, name=Mercedes Airport, state=Corrientes, country=AR, elevation=358, lat=-29.2213993073, lon=-58.0877990723, tz=America/Argentina/Cordoba], Destino=Aeropuerto [icao=KCFT, iata=CFT, name=Greenlee County Airport, state=Arizona, country=US, elevation=3798, lat=32.95280075, lon=-109.2099991, tz=America/Phoenix], Estado=DEMORADO]
Vuelo [nroVuelo=null, hora de partida= 11:28, nroFila=0, nroColumnas=0, tipo_vuelo=INTERNACIONAL, Origen=Aeropuerto [icao=SATM, iata=MDX, name=Mercedes Airport, state=Corrientes, country=AR, elevation=358, lat=-29.2213993073, lon=-58.0877990723, tz=America/Argentina/Cordoba], Destino=Aeropuerto [icao=FTTU, iata=AMO, name=Mao Airport, state=Kanem, country=TD, elevation=1072, lat=14.1456003189, lon=15.3143997192, tz=Africa/Ndjamena], Estado=DEMORADO]
Vuelo [nroVuelo=null, hora de partida= 05:10, nroFila=0, nroColumnas=0, tipo_vuelo=INTERNACIONAL, Origen=Aeropuerto [icao=SATM, iata=MDX, name=Mercedes Airport, state=Corrientes, country=AR, elevation=358, lat=-29.2213993073, lon=-58.0877990723, tz=America/Argentina/Cordoba], Destino=Aeropuerto [icao=KOSH, iata=OSH, name=Wittman Regional Airport, state=Wisconsin, country=US, elevation=808, lat=43.9844017029, lon=-88.5569992065, tz=America/Chicago], Estado=DEMORADO]
Vuelo [nroVuelo=null, hora de partida= 04:13, nroFila=0, nroColumnas=0, tipo_vuelo=NACIONAL, Origen=Aeropuerto [icao=SATM, iata=MDX, name=Mercedes Airport, state=Corrientes, country=AR, elevation=358, lat=-29.2213993073, lon=-58.0877990723, tz=America/Argentina/Cordoba], Destino=Aeropuerto [icao=SAWM, iata=ROY, name=Rio Mayo Airport, state=Chubut, country=AR, elevation=1784, lat=-45.7038993835, lon=-70.2455978394, tz=America/Argentina/Catamarca], Estado=DEMORADO]
Vuelo [nroVuelo=null, hora de partida= 13:43, nroFila=0, nroColumnas=0, tipo_vuelo=NACIONAL, Origen=Aeropuerto [icao=SATM, iata=MDX, name=Mercedes Airport, state=Corrientes, country=AR, elevation=358, lat=-29.2213993073, lon=-58.0877990723, tz=America/Argentina/Cordoba], Destino=Aeropuerto [icao=SAOD, iata=VDR, name=Villa Dolores Airport, state=Cordoba, country=AR, elevation=1847, lat=-31.9451999664, lon=-65.1463012695, tz=America/Argentina/Cordoba], Estado=DEMORADO]
Vuelo [nroVuelo=null, hora de partida= 14:21, nroFila=0, nroColumnas=0, tipo_vuelo=NACIONAL, Origen=Aeropuerto [icao=SATM, iata=MDX, name=Mercedes Airport, state=Corrientes, country=AR, elevation=358, lat=-29.2213993073, lon=-58.0877990723, tz=America/Argentina/Cordoba], Destino=Aeropuerto [icao=SARL, iata=AOL, name=Paso De Los Libres Airport, state=Corrientes, country=AR, elevation=230, lat=-29.6894, lon=-57.1521, tz=America/Argentina/Cordoba], Estado=DEMORADO]
Vuelo [nroVuelo=null, hora de partida= 13:34, nroFila=0, nroColumnas=0, tipo_vuelo=NACIONAL, Origen=Aeropuerto [icao=SATM, iata=MDX, name=Mercedes Airport, state=Corrientes, country=AR, elevation=358, lat=-29.2213993073, lon=-58.0877990723, tz=America/Argentina/Cordoba], Destino=Aeropuerto [icao=SAOC, iata=RCU, name=Area De Material Airport, state=Cordoba, country=AR, elevation=1380, lat=-33.0850982666, lon=-64.2612991333, tz=America/Argentina/Cordoba], Estado=DEMORADO]
Vuelo [nroVuelo=null, hora de partida= 14:42, nroFila=0, nroColumnas=0, tipo_vuelo=NACIONAL, Origen=Aeropuerto [icao=SATM, iata=MDX, name=Mercedes Airport, state=Corrientes, country=AR, elevation=358, lat=-29.2213993073, lon=-58.0877990723, tz=America/Argentina/Cordoba], Destino=Aeropuerto [icao=SAWH, iata=USH, name=Malvinas Argentinas Airport, state=Tierra-del-Fuego, country=AR, elevation=102, lat=-54.8433, lon=-68.2958, tz=America/Argentina/Ushuaia], Estado=DEMORADO]
--Ejecucion de inserciones terminada.--
]]></system-out>
  </testcase>
</testsuite>