<?xml version="1.0" encoding="UTF-8"?>
<testsuite xmlns:xsi="http://www.w3.org/2001/XMLSchema-instance" xsi:noNamespaceSchemaLocation="https://maven.apache.org/surefire/maven-surefire-plugin/xsd/surefire-test-report-3.0.xsd" version="3.0" name="com.tsti.Daos2023ApplicationTests" time="21.798" tests="1" errors="0" skipped="0" failures="0">
  <properties>
    <property name="java.specification.version" value="17"/>
    <property name="sun.jnu.encoding" value="UTF-8"/>
    <property name="java.class.path" value="/home/debian-user/Documents/workspace-spring-tool-suite-4-4.20.0.RELEASE/airport-management/target/test-classes:/home/debian-user/Documents/workspace-spring-tool-suite-4-4.20.0.RELEASE/airport-management/target/classes:/home/debian-user/.m2/repository/com/vaadin/vaadin-core/24.1.4/vaadin-core-24.1.4.jar:/home/debian-user/.m2/repository/com/vaadin/vaadin-core-internal/24.1.4/vaadin-core-internal-24.1.4.jar:/home/debian-user/.m2/repository/com/vaadin/flow-server/24.1.5/flow-server-24.1.5.jar:/home/debian-user/.m2/repository/com/vaadin/servletdetector/throw-if-servlet3/1.0.2/throw-if-servlet3-1.0.2.jar:/home/debian-user/.m2/repository/com/vaadin/external/gwt/gwt-elemental/2.8.2.vaadin2/gwt-elemental-2.8.2.vaadin2.jar:/home/debian-user/.m2/repository/com/vaadin/flow-commons-upload/24.1.5/flow-commons-upload-24.1.5.jar:/home/debian-user/.m2/repository/commons-io/commons-io/2.11.0/commons-io-2.11.0.jar:/home/debian-user/.m2/repository/org/jsoup/jsoup/1.16.1/jsoup-1.16.1.jar:/home/debian-user/.m2/repository/com/helger/ph-css/7.0.0/ph-css-7.0.0.jar:/home/debian-user/.m2/repository/com/helger/commons/ph-commons/11.0.1/ph-commons-11.0.1.jar:/home/debian-user/.m2/repository/org/ow2/asm/asm/9.5/asm-9.5.jar:/home/debian-user/.m2/repository/com/vaadin/external/gentyref/1.2.0.vaadin1/gentyref-1.2.0.vaadin1.jar:/home/debian-user/.m2/repository/org/apache/commons/commons-compress/1.23.0/commons-compress-1.23.0.jar:/home/debian-user/.m2/repository/org/apache/httpcomponents/httpclient/4.5.14/httpclient-4.5.14.jar:/home/debian-user/.m2/repository/org/apache/httpcomponents/httpcore/4.4.16/httpcore-4.4.16.jar:/home/debian-user/.m2/repository/commons-logging/commons-logging/1.2/commons-logging-1.2.jar:/home/debian-user/.m2/repository/commons-codec/commons-codec/1.15/commons-codec-1.15.jar:/home/debian-user/.m2/repository/com/vaadin/flow-lit-template/24.1.5/flow-lit-template-24.1.5.jar:/home/debian-user/.m2/repository/com/vaadin/flow-push/24.1.5/flow-push-24.1.5.jar:/home/debian-user/.m2/repository/com/vaadin/external/atmosphere/atmosphere-runtime/3.0.3.slf4jvaadin1/atmosphere-runtime-3.0.3.slf4jvaadin1.jar:/home/debian-user/.m2/repository/com/vaadin/flow-client/24.1.5/flow-client-24.1.5.jar:/home/debian-user/.m2/repository/com/vaadin/flow-html-components/24.1.5/flow-html-components-24.1.5.jar:/home/debian-user/.m2/repository/com/vaadin/flow-data/24.1.5/flow-data-24.1.5.jar:/home/debian-user/.m2/repository/com/vaadin/flow-dnd/24.1.5/flow-dnd-24.1.5.jar:/home/debian-user/.m2/repository/com/vaadin/vaadin-lumo-theme/24.1.4/vaadin-lumo-theme-24.1.4.jar:/home/debian-user/.m2/repository/com/vaadin/vaadin-material-theme/24.1.4/vaadin-material-theme-24.1.4.jar:/home/debian-user/.m2/repository/com/vaadin/vaadin-accordion-flow/24.1.4/vaadin-accordion-flow-24.1.4.jar:/home/debian-user/.m2/repository/com/vaadin/vaadin-avatar-flow/24.1.4/vaadin-avatar-flow-24.1.4.jar:/home/debian-user/.m2/repository/com/vaadin/vaadin-flow-components-base/24.1.4/vaadin-flow-components-base-24.1.4.jar:/home/debian-user/.m2/repository/com/vaadin/vaadin-button-flow/24.1.4/vaadin-button-flow-24.1.4.jar:/home/debian-user/.m2/repository/com/vaadin/vaadin-checkbox-flow/24.1.4/vaadin-checkbox-flow-24.1.4.jar:/home/debian-user/.m2/repository/com/vaadin/vaadin-combo-box-flow/24.1.4/vaadin-combo-box-flow-24.1.4.jar:/home/debian-user/.m2/repository/com/vaadin/vaadin-confirm-dialog-flow/24.1.4/vaadin-confirm-dialog-flow-24.1.4.jar:/home/debian-user/.m2/repository/com/vaadin/vaadin-custom-field-flow/24.1.4/vaadin-custom-field-flow-24.1.4.jar:/home/debian-user/.m2/repository/com/vaadin/vaadin-date-picker-flow/24.1.4/vaadin-date-picker-flow-24.1.4.jar:/home/debian-user/.m2/repository/com/vaadin/vaadin-date-time-picker-flow/24.1.4/vaadin-date-time-picker-flow-24.1.4.jar:/home/debian-user/.m2/repository/com/vaadin/vaadin-details-flow/24.1.4/vaadin-details-flow-24.1.4.jar:/home/debian-user/.m2/repository/com/vaadin/vaadin-time-picker-flow/24.1.4/vaadin-time-picker-flow-24.1.4.jar:/home/debian-user/.m2/repository/com/vaadin/vaadin-select-flow/24.1.4/vaadin-select-flow-24.1.4.jar:/home/debian-user/.m2/repository/com/vaadin/vaadin-side-nav-flow/24.1.4/vaadin-side-nav-flow-24.1.4.jar:/home/debian-user/.m2/repository/com/vaadin/vaadin-dialog-flow/24.1.4/vaadin-dialog-flow-24.1.4.jar:/home/debian-user/.m2/repository/com/vaadin/vaadin-form-layout-flow/24.1.4/vaadin-form-layout-flow-24.1.4.jar:/home/debian-user/.m2/repository/com/vaadin/vaadin-field-highlighter-flow/24.1.4/vaadin-field-highlighter-flow-24.1.4.jar:/home/debian-user/.m2/repository/com/vaadin/vaadin-grid-flow/24.1.4/vaadin-grid-flow-24.1.4.jar:/home/debian-user/.m2/repository/org/apache/commons/commons-lang3/3.12.0/commons-lang3-3.12.0.jar:/home/debian-user/.m2/repository/com/vaadin/vaadin-icons-flow/24.1.4/vaadin-icons-flow-24.1.4.jar:/home/debian-user/.m2/repository/com/vaadin/vaadin-virtual-list-flow/24.1.4/vaadin-virtual-list-flow-24.1.4.jar:/home/debian-user/.m2/repository/com/vaadin/vaadin-list-box-flow/24.1.4/vaadin-list-box-flow-24.1.4.jar:/home/debian-user/.m2/repository/com/vaadin/vaadin-login-flow/24.1.4/vaadin-login-flow-24.1.4.jar:/home/debian-user/.m2/repository/com/vaadin/vaadin-messages-flow/24.1.4/vaadin-messages-flow-24.1.4.jar:/home/debian-user/.m2/repository/com/vaadin/vaadin-ordered-layout-flow/24.1.4/vaadin-ordered-layout-flow-24.1.4.jar:/home/debian-user/.m2/repository/com/vaadin/vaadin-progress-bar-flow/24.1.4/vaadin-progress-bar-flow-24.1.4.jar:/home/debian-user/.m2/repository/com/vaadin/vaadin-radio-button-flow/24.1.4/vaadin-radio-button-flow-24.1.4.jar:/home/debian-user/.m2/repository/com/vaadin/vaadin-renderer-flow/24.1.4/vaadin-renderer-flow-24.1.4.jar:/home/debian-user/.m2/repository/com/vaadin/vaadin-split-layout-flow/24.1.4/vaadin-split-layout-flow-24.1.4.jar:/home/debian-user/.m2/repository/com/vaadin/vaadin-tabs-flow/24.1.4/vaadin-tabs-flow-24.1.4.jar:/home/debian-user/.m2/repository/com/vaadin/vaadin-text-field-flow/24.1.4/vaadin-text-field-flow-24.1.4.jar:/home/debian-user/.m2/repository/com/vaadin/vaadin-upload-flow/24.1.4/vaadin-upload-flow-24.1.4.jar:/home/debian-user/.m2/repository/com/vaadin/vaadin-notification-flow/24.1.4/vaadin-notification-flow-24.1.4.jar:/home/debian-user/.m2/repository/com/vaadin/vaadin-app-layout-flow/24.1.4/vaadin-app-layout-flow-24.1.4.jar:/home/debian-user/.m2/repository/com/vaadin/vaadin-context-menu-flow/24.1.4/vaadin-context-menu-flow-24.1.4.jar:/home/debian-user/.m2/repository/com/vaadin/vaadin-menu-bar-flow/24.1.4/vaadin-menu-bar-flow-24.1.4.jar:/home/debian-user/.m2/repository/com/vaadin/vaadin-dev/24.1.4/vaadin-dev-24.1.4.jar:/home/debian-user/.m2/repository/com/vaadin/vaadin-dev-server/24.1.5/vaadin-dev-server-24.1.5.jar:/home/debian-user/.m2/repository/com/vaadin/license-checker/1.12.3/license-checker-1.12.3.jar:/home/debian-user/.m2/repository/com/github/oshi/oshi-core/6.4.1/oshi-core-6.4.1.jar:/home/debian-user/.m2/repository/net/java/dev/jna/jna/5.13.0/jna-5.13.0.jar:/home/debian-user/.m2/repository/net/java/dev/jna/jna-platform/5.13.0/jna-platform-5.13.0.jar:/home/debian-user/.m2/repository/com/nimbusds/nimbus-jose-jwt/9.31/nimbus-jose-jwt-9.31.jar:/home/debian-user/.m2/repository/org/lucee/jcip-annotations/1.0.0/jcip-annotations-1.0.0.jar:/home/debian-user/.m2/repository/com/vaadin/open/8.5.0/open-8.5.0.jar:/home/debian-user/.m2/repository/com/github/javaparser/javaparser-core/3.25.3/javaparser-core-3.25.3.jar:/home/debian-user/.m2/repository/io/methvin/directory-watcher/0.18.0/directory-watcher-0.18.0.jar:/home/debian-user/.m2/repository/com/vaadin/vaadin-dev-bundle/24.1.4/vaadin-dev-bundle-24.1.4.jar:/home/debian-user/.m2/repository/com/vaadin/vaadin-spring-boot-starter/24.1.4/vaadin-spring-boot-starter-24.1.4.jar:/home/debian-user/.m2/repository/com/vaadin/vaadin-spring/24.1.5/vaadin-spring-24.1.5.jar:/home/debian-user/.m2/repository/org/springframework/spring-websocket/6.0.9/spring-websocket-6.0.9.jar:/home/debian-user/.m2/repository/org/reflections/reflections/0.10.2/reflections-0.10.2.jar:/home/debian-user/.m2/repository/com/google/code/findbugs/jsr305/3.0.2/jsr305-3.0.2.jar:/home/debian-user/.m2/repository/org/parttio/line-awesome/1.1.0/line-awesome-1.1.0.jar:/home/debian-user/.m2/repository/com/h2database/h2/2.1.214/h2-2.1.214.jar:/home/debian-user/.m2/repository/org/springframework/boot/spring-boot-starter-data-jpa/3.1.0/spring-boot-starter-data-jpa-3.1.0.jar:/home/debian-user/.m2/repository/org/springframework/boot/spring-boot-starter-aop/3.1.0/spring-boot-starter-aop-3.1.0.jar:/home/debian-user/.m2/repository/org/aspectj/aspectjweaver/1.9.19/aspectjweaver-1.9.19.jar:/home/debian-user/.m2/repository/org/springframework/boot/spring-boot-starter-jdbc/3.1.0/spring-boot-starter-jdbc-3.1.0.jar:/home/debian-user/.m2/repository/com/zaxxer/HikariCP/5.0.1/HikariCP-5.0.1.jar:/home/debian-user/.m2/repository/org/springframework/spring-jdbc/6.0.9/spring-jdbc-6.0.9.jar:/home/debian-user/.m2/repository/org/hibernate/orm/hibernate-core/6.2.2.Final/hibernate-core-6.2.2.Final.jar:/home/debian-user/.m2/repository/jakarta/persistence/jakarta.persistence-api/3.1.0/jakarta.persistence-api-3.1.0.jar:/home/debian-user/.m2/repository/jakarta/transaction/jakarta.transaction-api/2.0.1/jakarta.transaction-api-2.0.1.jar:/home/debian-user/.m2/repository/org/jboss/logging/jboss-logging/3.5.0.Final/jboss-logging-3.5.0.Final.jar:/home/debian-user/.m2/repository/org/hibernate/common/hibernate-commons-annotations/6.0.6.Final/hibernate-commons-annotations-6.0.6.Final.jar:/home/debian-user/.m2/repository/io/smallrye/jandex/3.0.5/jandex-3.0.5.jar:/home/debian-user/.m2/repository/com/fasterxml/classmate/1.5.1/classmate-1.5.1.jar:/home/debian-user/.m2/repository/net/bytebuddy/byte-buddy/1.14.4/byte-buddy-1.14.4.jar:/home/debian-user/.m2/repository/org/glassfish/jaxb/jaxb-runtime/4.0.2/jaxb-runtime-4.0.2.jar:/home/debian-user/.m2/repository/org/glassfish/jaxb/jaxb-core/4.0.2/jaxb-core-4.0.2.jar:/home/debian-user/.m2/repository/org/eclipse/angus/angus-activation/2.0.0/angus-activation-2.0.0.jar:/home/debian-user/.m2/repository/org/glassfish/jaxb/txw2/4.0.2/txw2-4.0.2.jar:/home/debian-user/.m2/repository/com/sun/istack/istack-commons-runtime/4.1.1/istack-commons-runtime-4.1.1.jar:/home/debian-user/.m2/repository/jakarta/inject/jakarta.inject-api/2.0.1/jakarta.inject-api-2.0.1.jar:/home/debian-user/.m2/repository/org/antlr/antlr4-runtime/4.10.1/antlr4-runtime-4.10.1.jar:/home/debian-user/.m2/repository/org/springframework/data/spring-data-jpa/3.1.0/spring-data-jpa-3.1.0.jar:/home/debian-user/.m2/repository/org/springframework/data/spring-data-commons/3.1.0/spring-data-commons-3.1.0.jar:/home/debian-user/.m2/repository/org/springframework/spring-orm/6.0.9/spring-orm-6.0.9.jar:/home/debian-user/.m2/repository/org/springframework/spring-context/6.0.9/spring-context-6.0.9.jar:/home/debian-user/.m2/repository/org/springframework/spring-tx/6.0.9/spring-tx-6.0.9.jar:/home/debian-user/.m2/repository/org/springframework/spring-beans/6.0.9/spring-beans-6.0.9.jar:/home/debian-user/.m2/repository/org/springframework/spring-aspects/6.0.9/spring-aspects-6.0.9.jar:/home/debian-user/.m2/repository/org/springframework/boot/spring-boot-starter-validation/3.1.0/spring-boot-starter-validation-3.1.0.jar:/home/debian-user/.m2/repository/org/apache/tomcat/embed/tomcat-embed-el/10.1.8/tomcat-embed-el-10.1.8.jar:/home/debian-user/.m2/repository/org/hibernate/validator/hibernate-validator/8.0.0.Final/hibernate-validator-8.0.0.Final.jar:/home/debian-user/.m2/repository/jakarta/validation/jakarta.validation-api/3.0.2/jakarta.validation-api-3.0.2.jar:/home/debian-user/.m2/repository/org/springframework/boot/spring-boot-devtools/3.1.0/spring-boot-devtools-3.1.0.jar:/home/debian-user/.m2/repository/org/springframework/boot/spring-boot/3.1.0/spring-boot-3.1.0.jar:/home/debian-user/.m2/repository/org/springframework/boot/spring-boot-autoconfigure/3.1.0/spring-boot-autoconfigure-3.1.0.jar:/home/debian-user/.m2/repository/org/springframework/boot/spring-boot-starter-test/3.1.0/spring-boot-starter-test-3.1.0.jar:/home/debian-user/.m2/repository/org/springframework/boot/spring-boot-test/3.1.0/spring-boot-test-3.1.0.jar:/home/debian-user/.m2/repository/org/springframework/boot/spring-boot-test-autoconfigure/3.1.0/spring-boot-test-autoconfigure-3.1.0.jar:/home/debian-user/.m2/repository/com/jayway/jsonpath/json-path/2.8.0/json-path-2.8.0.jar:/home/debian-user/.m2/repository/jakarta/xml/bind/jakarta.xml.bind-api/4.0.0/jakarta.xml.bind-api-4.0.0.jar:/home/debian-user/.m2/repository/jakarta/activation/jakarta.activation-api/2.1.2/jakarta.activation-api-2.1.2.jar:/home/debian-user/.m2/repository/net/minidev/json-smart/2.4.10/json-smart-2.4.10.jar:/home/debian-user/.m2/repository/net/minidev/accessors-smart/2.4.9/accessors-smart-2.4.9.jar:/home/debian-user/.m2/repository/org/assertj/assertj-core/3.24.2/assertj-core-3.24.2.jar:/home/debian-user/.m2/repository/org/hamcrest/hamcrest/2.2/hamcrest-2.2.jar:/home/debian-user/.m2/repository/org/junit/jupiter/junit-jupiter/5.9.3/junit-jupiter-5.9.3.jar:/home/debian-user/.m2/repository/org/junit/jupiter/junit-jupiter-api/5.9.3/junit-jupiter-api-5.9.3.jar:/home/debian-user/.m2/repository/org/opentest4j/opentest4j/1.2.0/opentest4j-1.2.0.jar:/home/debian-user/.m2/repository/org/junit/platform/junit-platform-commons/1.9.3/junit-platform-commons-1.9.3.jar:/home/debian-user/.m2/repository/org/apiguardian/apiguardian-api/1.1.2/apiguardian-api-1.1.2.jar:/home/debian-user/.m2/repository/org/junit/jupiter/junit-jupiter-params/5.9.3/junit-jupiter-params-5.9.3.jar:/home/debian-user/.m2/repository/org/junit/jupiter/junit-jupiter-engine/5.9.3/junit-jupiter-engine-5.9.3.jar:/home/debian-user/.m2/repository/org/junit/platform/junit-platform-engine/1.9.3/junit-platform-engine-1.9.3.jar:/home/debian-user/.m2/repository/org/mockito/mockito-core/5.3.1/mockito-core-5.3.1.jar:/home/debian-user/.m2/repository/net/bytebuddy/byte-buddy-agent/1.14.4/byte-buddy-agent-1.14.4.jar:/home/debian-user/.m2/repository/org/objenesis/objenesis/3.3/objenesis-3.3.jar:/home/debian-user/.m2/repository/org/mockito/mockito-junit-jupiter/5.3.1/mockito-junit-jupiter-5.3.1.jar:/home/debian-user/.m2/repository/org/skyscreamer/jsonassert/1.5.1/jsonassert-1.5.1.jar:/home/debian-user/.m2/repository/com/vaadin/external/google/android-json/0.0.20131108.vaadin1/android-json-0.0.20131108.vaadin1.jar:/home/debian-user/.m2/repository/org/springframework/spring-core/6.0.9/spring-core-6.0.9.jar:/home/debian-user/.m2/repository/org/springframework/spring-jcl/6.0.9/spring-jcl-6.0.9.jar:/home/debian-user/.m2/repository/org/springframework/spring-test/6.0.9/spring-test-6.0.9.jar:/home/debian-user/.m2/repository/org/xmlunit/xmlunit-core/2.9.1/xmlunit-core-2.9.1.jar:/home/debian-user/.m2/repository/org/springframework/boot/spring-boot-starter-security/3.1.0/spring-boot-starter-security-3.1.0.jar:/home/debian-user/.m2/repository/org/springframework/spring-aop/6.0.9/spring-aop-6.0.9.jar:/home/debian-user/.m2/repository/org/springframework/security/spring-security-config/6.1.0/spring-security-config-6.1.0.jar:/home/debian-user/.m2/repository/org/springframework/security/spring-security-core/6.1.0/spring-security-core-6.1.0.jar:/home/debian-user/.m2/repository/org/springframework/security/spring-security-crypto/6.1.0/spring-security-crypto-6.1.0.jar:/home/debian-user/.m2/repository/org/springframework/security/spring-security-web/6.1.0/spring-security-web-6.1.0.jar:/home/debian-user/.m2/repository/org/springframework/spring-expression/6.0.9/spring-expression-6.0.9.jar:/home/debian-user/.m2/repository/org/springframework/boot/spring-boot-starter-web/3.1.0/spring-boot-starter-web-3.1.0.jar:/home/debian-user/.m2/repository/org/springframework/boot/spring-boot-starter-json/3.1.0/spring-boot-starter-json-3.1.0.jar:/home/debian-user/.m2/repository/com/fasterxml/jackson/datatype/jackson-datatype-jdk8/2.15.0/jackson-datatype-jdk8-2.15.0.jar:/home/debian-user/.m2/repository/com/fasterxml/jackson/datatype/jackson-datatype-jsr310/2.15.0/jackson-datatype-jsr310-2.15.0.jar:/home/debian-user/.m2/repository/com/fasterxml/jackson/module/jackson-module-parameter-names/2.15.0/jackson-module-parameter-names-2.15.0.jar:/home/debian-user/.m2/repository/org/springframework/boot/spring-boot-starter-tomcat/3.1.0/spring-boot-starter-tomcat-3.1.0.jar:/home/debian-user/.m2/repository/org/apache/tomcat/embed/tomcat-embed-core/10.1.8/tomcat-embed-core-10.1.8.jar:/home/debian-user/.m2/repository/org/apache/tomcat/embed/tomcat-embed-websocket/10.1.8/tomcat-embed-websocket-10.1.8.jar:/home/debian-user/.m2/repository/org/springframework/spring-web/6.0.9/spring-web-6.0.9.jar:/home/debian-user/.m2/repository/io/micrometer/micrometer-observation/1.11.0/micrometer-observation-1.11.0.jar:/home/debian-user/.m2/repository/io/micrometer/micrometer-commons/1.11.0/micrometer-commons-1.11.0.jar:/home/debian-user/.m2/repository/org/springframework/spring-webmvc/6.0.9/spring-webmvc-6.0.9.jar:/home/debian-user/.m2/repository/org/springframework/boot/spring-boot-starter-hateoas/3.1.0/spring-boot-starter-hateoas-3.1.0.jar:/home/debian-user/.m2/repository/org/springframework/hateoas/spring-hateoas/2.1.0/spring-hateoas-2.1.0.jar:/home/debian-user/.m2/repository/org/springframework/plugin/spring-plugin-core/3.0.0/spring-plugin-core-3.0.0.jar:/home/debian-user/.m2/repository/net/datafaker/datafaker/2.0.0/datafaker-2.0.0.jar:/home/debian-user/.m2/repository/org/yaml/snakeyaml/1.33/snakeyaml-1.33.jar:/home/debian-user/.m2/repository/com/github/mifmif/generex/1.0.2/generex-1.0.2.jar:/home/debian-user/.m2/repository/dk/brics/automaton/automaton/1.11-8/automaton-1.11-8.jar:/home/debian-user/.m2/repository/org/modelmapper/modelmapper/3.1.1/modelmapper-3.1.1.jar:/home/debian-user/.m2/repository/com/fasterxml/jackson/core/jackson-databind/2.15.0/jackson-databind-2.15.0.jar:/home/debian-user/.m2/repository/com/fasterxml/jackson/core/jackson-annotations/2.15.0/jackson-annotations-2.15.0.jar:/home/debian-user/.m2/repository/com/fasterxml/jackson/core/jackson-core/2.15.0/jackson-core-2.15.0.jar:/home/debian-user/.m2/repository/org/thymeleaf/thymeleaf/3.1.1.RELEASE/thymeleaf-3.1.1.RELEASE.jar:/home/debian-user/.m2/repository/ognl/ognl/3.3.4/ognl-3.3.4.jar:/home/debian-user/.m2/repository/org/javassist/javassist/3.29.0-GA/javassist-3.29.0-GA.jar:/home/debian-user/.m2/repository/org/attoparser/attoparser/2.0.6.RELEASE/attoparser-2.0.6.RELEASE.jar:/home/debian-user/.m2/repository/org/unbescape/unbescape/1.1.6.RELEASE/unbescape-1.1.6.RELEASE.jar:/home/debian-user/.m2/repository/org/slf4j/slf4j-api/2.0.7/slf4j-api-2.0.7.jar:/home/debian-user/.m2/repository/org/springframework/boot/spring-boot-starter/3.1.0/spring-boot-starter-3.1.0.jar:/home/debian-user/.m2/repository/org/springframework/boot/spring-boot-starter-logging/3.1.0/spring-boot-starter-logging-3.1.0.jar:/home/debian-user/.m2/repository/ch/qos/logback/logback-classic/1.4.7/logback-classic-1.4.7.jar:/home/debian-user/.m2/repository/ch/qos/logback/logback-core/1.4.7/logback-core-1.4.7.jar:/home/debian-user/.m2/repository/org/apache/logging/log4j/log4j-to-slf4j/2.20.0/log4j-to-slf4j-2.20.0.jar:/home/debian-user/.m2/repository/org/apache/logging/log4j/log4j-api/2.20.0/log4j-api-2.20.0.jar:/home/debian-user/.m2/repository/org/slf4j/jul-to-slf4j/2.0.7/jul-to-slf4j-2.0.7.jar:/home/debian-user/.m2/repository/jakarta/annotation/jakarta.annotation-api/2.1.1/jakarta.annotation-api-2.1.1.jar:"/>
    <property name="java.vm.vendor" value="Debian"/>
    <property name="sun.arch.data.model" value="64"/>
    <property name="spring.devtools.livereload.port" value="35729"/>
    <property name="java.vendor.url" value="https://tracker.debian.org/openjdk-17"/>
    <property name="user.timezone" value="America/Buenos_Aires"/>
    <property name="org.jboss.logging.provider" value="slf4j"/>
    <property name="os.name" value="Linux"/>
    <property name="java.vm.specification.version" value="17"/>
    <property name="sun.java.launcher" value="SUN_STANDARD"/>
    <property name="user.country" value="US"/>
    <property name="sun.boot.library.path" value="/usr/lib/jvm/java-17-openjdk-amd64/lib"/>
    <property name="sun.java.command" value="/home/debian-user/Documents/workspace-spring-tool-suite-4-4.20.0.RELEASE/airport-management/target/surefire/surefirebooter-20231003121027260_3.jar /home/debian-user/Documents/workspace-spring-tool-suite-4-4.20.0.RELEASE/airport-management/target/surefire 2023-10-03T12-10-27_097-jvmRun1 surefire-20231003121027260_1tmp surefire_0-20231003121027260_2tmp"/>
    <property name="jdk.debug" value="release"/>
    <property name="surefire.test.class.path" value="/home/debian-user/Documents/workspace-spring-tool-suite-4-4.20.0.RELEASE/airport-management/target/test-classes:/home/debian-user/Documents/workspace-spring-tool-suite-4-4.20.0.RELEASE/airport-management/target/classes:/home/debian-user/.m2/repository/com/vaadin/vaadin-core/24.1.4/vaadin-core-24.1.4.jar:/home/debian-user/.m2/repository/com/vaadin/vaadin-core-internal/24.1.4/vaadin-core-internal-24.1.4.jar:/home/debian-user/.m2/repository/com/vaadin/flow-server/24.1.5/flow-server-24.1.5.jar:/home/debian-user/.m2/repository/com/vaadin/servletdetector/throw-if-servlet3/1.0.2/throw-if-servlet3-1.0.2.jar:/home/debian-user/.m2/repository/com/vaadin/external/gwt/gwt-elemental/2.8.2.vaadin2/gwt-elemental-2.8.2.vaadin2.jar:/home/debian-user/.m2/repository/com/vaadin/flow-commons-upload/24.1.5/flow-commons-upload-24.1.5.jar:/home/debian-user/.m2/repository/commons-io/commons-io/2.11.0/commons-io-2.11.0.jar:/home/debian-user/.m2/repository/org/jsoup/jsoup/1.16.1/jsoup-1.16.1.jar:/home/debian-user/.m2/repository/com/helger/ph-css/7.0.0/ph-css-7.0.0.jar:/home/debian-user/.m2/repository/com/helger/commons/ph-commons/11.0.1/ph-commons-11.0.1.jar:/home/debian-user/.m2/repository/org/ow2/asm/asm/9.5/asm-9.5.jar:/home/debian-user/.m2/repository/com/vaadin/external/gentyref/1.2.0.vaadin1/gentyref-1.2.0.vaadin1.jar:/home/debian-user/.m2/repository/org/apache/commons/commons-compress/1.23.0/commons-compress-1.23.0.jar:/home/debian-user/.m2/repository/org/apache/httpcomponents/httpclient/4.5.14/httpclient-4.5.14.jar:/home/debian-user/.m2/repository/org/apache/httpcomponents/httpcore/4.4.16/httpcore-4.4.16.jar:/home/debian-user/.m2/repository/commons-logging/commons-logging/1.2/commons-logging-1.2.jar:/home/debian-user/.m2/repository/commons-codec/commons-codec/1.15/commons-codec-1.15.jar:/home/debian-user/.m2/repository/com/vaadin/flow-lit-template/24.1.5/flow-lit-template-24.1.5.jar:/home/debian-user/.m2/repository/com/vaadin/flow-push/24.1.5/flow-push-24.1.5.jar:/home/debian-user/.m2/repository/com/vaadin/external/atmosphere/atmosphere-runtime/3.0.3.slf4jvaadin1/atmosphere-runtime-3.0.3.slf4jvaadin1.jar:/home/debian-user/.m2/repository/com/vaadin/flow-client/24.1.5/flow-client-24.1.5.jar:/home/debian-user/.m2/repository/com/vaadin/flow-html-components/24.1.5/flow-html-components-24.1.5.jar:/home/debian-user/.m2/repository/com/vaadin/flow-data/24.1.5/flow-data-24.1.5.jar:/home/debian-user/.m2/repository/com/vaadin/flow-dnd/24.1.5/flow-dnd-24.1.5.jar:/home/debian-user/.m2/repository/com/vaadin/vaadin-lumo-theme/24.1.4/vaadin-lumo-theme-24.1.4.jar:/home/debian-user/.m2/repository/com/vaadin/vaadin-material-theme/24.1.4/vaadin-material-theme-24.1.4.jar:/home/debian-user/.m2/repository/com/vaadin/vaadin-accordion-flow/24.1.4/vaadin-accordion-flow-24.1.4.jar:/home/debian-user/.m2/repository/com/vaadin/vaadin-avatar-flow/24.1.4/vaadin-avatar-flow-24.1.4.jar:/home/debian-user/.m2/repository/com/vaadin/vaadin-flow-components-base/24.1.4/vaadin-flow-components-base-24.1.4.jar:/home/debian-user/.m2/repository/com/vaadin/vaadin-button-flow/24.1.4/vaadin-button-flow-24.1.4.jar:/home/debian-user/.m2/repository/com/vaadin/vaadin-checkbox-flow/24.1.4/vaadin-checkbox-flow-24.1.4.jar:/home/debian-user/.m2/repository/com/vaadin/vaadin-combo-box-flow/24.1.4/vaadin-combo-box-flow-24.1.4.jar:/home/debian-user/.m2/repository/com/vaadin/vaadin-confirm-dialog-flow/24.1.4/vaadin-confirm-dialog-flow-24.1.4.jar:/home/debian-user/.m2/repository/com/vaadin/vaadin-custom-field-flow/24.1.4/vaadin-custom-field-flow-24.1.4.jar:/home/debian-user/.m2/repository/com/vaadin/vaadin-date-picker-flow/24.1.4/vaadin-date-picker-flow-24.1.4.jar:/home/debian-user/.m2/repository/com/vaadin/vaadin-date-time-picker-flow/24.1.4/vaadin-date-time-picker-flow-24.1.4.jar:/home/debian-user/.m2/repository/com/vaadin/vaadin-details-flow/24.1.4/vaadin-details-flow-24.1.4.jar:/home/debian-user/.m2/repository/com/vaadin/vaadin-time-picker-flow/24.1.4/vaadin-time-picker-flow-24.1.4.jar:/home/debian-user/.m2/repository/com/vaadin/vaadin-select-flow/24.1.4/vaadin-select-flow-24.1.4.jar:/home/debian-user/.m2/repository/com/vaadin/vaadin-side-nav-flow/24.1.4/vaadin-side-nav-flow-24.1.4.jar:/home/debian-user/.m2/repository/com/vaadin/vaadin-dialog-flow/24.1.4/vaadin-dialog-flow-24.1.4.jar:/home/debian-user/.m2/repository/com/vaadin/vaadin-form-layout-flow/24.1.4/vaadin-form-layout-flow-24.1.4.jar:/home/debian-user/.m2/repository/com/vaadin/vaadin-field-highlighter-flow/24.1.4/vaadin-field-highlighter-flow-24.1.4.jar:/home/debian-user/.m2/repository/com/vaadin/vaadin-grid-flow/24.1.4/vaadin-grid-flow-24.1.4.jar:/home/debian-user/.m2/repository/org/apache/commons/commons-lang3/3.12.0/commons-lang3-3.12.0.jar:/home/debian-user/.m2/repository/com/vaadin/vaadin-icons-flow/24.1.4/vaadin-icons-flow-24.1.4.jar:/home/debian-user/.m2/repository/com/vaadin/vaadin-virtual-list-flow/24.1.4/vaadin-virtual-list-flow-24.1.4.jar:/home/debian-user/.m2/repository/com/vaadin/vaadin-list-box-flow/24.1.4/vaadin-list-box-flow-24.1.4.jar:/home/debian-user/.m2/repository/com/vaadin/vaadin-login-flow/24.1.4/vaadin-login-flow-24.1.4.jar:/home/debian-user/.m2/repository/com/vaadin/vaadin-messages-flow/24.1.4/vaadin-messages-flow-24.1.4.jar:/home/debian-user/.m2/repository/com/vaadin/vaadin-ordered-layout-flow/24.1.4/vaadin-ordered-layout-flow-24.1.4.jar:/home/debian-user/.m2/repository/com/vaadin/vaadin-progress-bar-flow/24.1.4/vaadin-progress-bar-flow-24.1.4.jar:/home/debian-user/.m2/repository/com/vaadin/vaadin-radio-button-flow/24.1.4/vaadin-radio-button-flow-24.1.4.jar:/home/debian-user/.m2/repository/com/vaadin/vaadin-renderer-flow/24.1.4/vaadin-renderer-flow-24.1.4.jar:/home/debian-user/.m2/repository/com/vaadin/vaadin-split-layout-flow/24.1.4/vaadin-split-layout-flow-24.1.4.jar:/home/debian-user/.m2/repository/com/vaadin/vaadin-tabs-flow/24.1.4/vaadin-tabs-flow-24.1.4.jar:/home/debian-user/.m2/repository/com/vaadin/vaadin-text-field-flow/24.1.4/vaadin-text-field-flow-24.1.4.jar:/home/debian-user/.m2/repository/com/vaadin/vaadin-upload-flow/24.1.4/vaadin-upload-flow-24.1.4.jar:/home/debian-user/.m2/repository/com/vaadin/vaadin-notification-flow/24.1.4/vaadin-notification-flow-24.1.4.jar:/home/debian-user/.m2/repository/com/vaadin/vaadin-app-layout-flow/24.1.4/vaadin-app-layout-flow-24.1.4.jar:/home/debian-user/.m2/repository/com/vaadin/vaadin-context-menu-flow/24.1.4/vaadin-context-menu-flow-24.1.4.jar:/home/debian-user/.m2/repository/com/vaadin/vaadin-menu-bar-flow/24.1.4/vaadin-menu-bar-flow-24.1.4.jar:/home/debian-user/.m2/repository/com/vaadin/vaadin-dev/24.1.4/vaadin-dev-24.1.4.jar:/home/debian-user/.m2/repository/com/vaadin/vaadin-dev-server/24.1.5/vaadin-dev-server-24.1.5.jar:/home/debian-user/.m2/repository/com/vaadin/license-checker/1.12.3/license-checker-1.12.3.jar:/home/debian-user/.m2/repository/com/github/oshi/oshi-core/6.4.1/oshi-core-6.4.1.jar:/home/debian-user/.m2/repository/net/java/dev/jna/jna/5.13.0/jna-5.13.0.jar:/home/debian-user/.m2/repository/net/java/dev/jna/jna-platform/5.13.0/jna-platform-5.13.0.jar:/home/debian-user/.m2/repository/com/nimbusds/nimbus-jose-jwt/9.31/nimbus-jose-jwt-9.31.jar:/home/debian-user/.m2/repository/org/lucee/jcip-annotations/1.0.0/jcip-annotations-1.0.0.jar:/home/debian-user/.m2/repository/com/vaadin/open/8.5.0/open-8.5.0.jar:/home/debian-user/.m2/repository/com/github/javaparser/javaparser-core/3.25.3/javaparser-core-3.25.3.jar:/home/debian-user/.m2/repository/io/methvin/directory-watcher/0.18.0/directory-watcher-0.18.0.jar:/home/debian-user/.m2/repository/com/vaadin/vaadin-dev-bundle/24.1.4/vaadin-dev-bundle-24.1.4.jar:/home/debian-user/.m2/repository/com/vaadin/vaadin-spring-boot-starter/24.1.4/vaadin-spring-boot-starter-24.1.4.jar:/home/debian-user/.m2/repository/com/vaadin/vaadin-spring/24.1.5/vaadin-spring-24.1.5.jar:/home/debian-user/.m2/repository/org/springframework/spring-websocket/6.0.9/spring-websocket-6.0.9.jar:/home/debian-user/.m2/repository/org/reflections/reflections/0.10.2/reflections-0.10.2.jar:/home/debian-user/.m2/repository/com/google/code/findbugs/jsr305/3.0.2/jsr305-3.0.2.jar:/home/debian-user/.m2/repository/org/parttio/line-awesome/1.1.0/line-awesome-1.1.0.jar:/home/debian-user/.m2/repository/com/h2database/h2/2.1.214/h2-2.1.214.jar:/home/debian-user/.m2/repository/org/springframework/boot/spring-boot-starter-data-jpa/3.1.0/spring-boot-starter-data-jpa-3.1.0.jar:/home/debian-user/.m2/repository/org/springframework/boot/spring-boot-starter-aop/3.1.0/spring-boot-starter-aop-3.1.0.jar:/home/debian-user/.m2/repository/org/aspectj/aspectjweaver/1.9.19/aspectjweaver-1.9.19.jar:/home/debian-user/.m2/repository/org/springframework/boot/spring-boot-starter-jdbc/3.1.0/spring-boot-starter-jdbc-3.1.0.jar:/home/debian-user/.m2/repository/com/zaxxer/HikariCP/5.0.1/HikariCP-5.0.1.jar:/home/debian-user/.m2/repository/org/springframework/spring-jdbc/6.0.9/spring-jdbc-6.0.9.jar:/home/debian-user/.m2/repository/org/hibernate/orm/hibernate-core/6.2.2.Final/hibernate-core-6.2.2.Final.jar:/home/debian-user/.m2/repository/jakarta/persistence/jakarta.persistence-api/3.1.0/jakarta.persistence-api-3.1.0.jar:/home/debian-user/.m2/repository/jakarta/transaction/jakarta.transaction-api/2.0.1/jakarta.transaction-api-2.0.1.jar:/home/debian-user/.m2/repository/org/jboss/logging/jboss-logging/3.5.0.Final/jboss-logging-3.5.0.Final.jar:/home/debian-user/.m2/repository/org/hibernate/common/hibernate-commons-annotations/6.0.6.Final/hibernate-commons-annotations-6.0.6.Final.jar:/home/debian-user/.m2/repository/io/smallrye/jandex/3.0.5/jandex-3.0.5.jar:/home/debian-user/.m2/repository/com/fasterxml/classmate/1.5.1/classmate-1.5.1.jar:/home/debian-user/.m2/repository/net/bytebuddy/byte-buddy/1.14.4/byte-buddy-1.14.4.jar:/home/debian-user/.m2/repository/org/glassfish/jaxb/jaxb-runtime/4.0.2/jaxb-runtime-4.0.2.jar:/home/debian-user/.m2/repository/org/glassfish/jaxb/jaxb-core/4.0.2/jaxb-core-4.0.2.jar:/home/debian-user/.m2/repository/org/eclipse/angus/angus-activation/2.0.0/angus-activation-2.0.0.jar:/home/debian-user/.m2/repository/org/glassfish/jaxb/txw2/4.0.2/txw2-4.0.2.jar:/home/debian-user/.m2/repository/com/sun/istack/istack-commons-runtime/4.1.1/istack-commons-runtime-4.1.1.jar:/home/debian-user/.m2/repository/jakarta/inject/jakarta.inject-api/2.0.1/jakarta.inject-api-2.0.1.jar:/home/debian-user/.m2/repository/org/antlr/antlr4-runtime/4.10.1/antlr4-runtime-4.10.1.jar:/home/debian-user/.m2/repository/org/springframework/data/spring-data-jpa/3.1.0/spring-data-jpa-3.1.0.jar:/home/debian-user/.m2/repository/org/springframework/data/spring-data-commons/3.1.0/spring-data-commons-3.1.0.jar:/home/debian-user/.m2/repository/org/springframework/spring-orm/6.0.9/spring-orm-6.0.9.jar:/home/debian-user/.m2/repository/org/springframework/spring-context/6.0.9/spring-context-6.0.9.jar:/home/debian-user/.m2/repository/org/springframework/spring-tx/6.0.9/spring-tx-6.0.9.jar:/home/debian-user/.m2/repository/org/springframework/spring-beans/6.0.9/spring-beans-6.0.9.jar:/home/debian-user/.m2/repository/org/springframework/spring-aspects/6.0.9/spring-aspects-6.0.9.jar:/home/debian-user/.m2/repository/org/springframework/boot/spring-boot-starter-validation/3.1.0/spring-boot-starter-validation-3.1.0.jar:/home/debian-user/.m2/repository/org/apache/tomcat/embed/tomcat-embed-el/10.1.8/tomcat-embed-el-10.1.8.jar:/home/debian-user/.m2/repository/org/hibernate/validator/hibernate-validator/8.0.0.Final/hibernate-validator-8.0.0.Final.jar:/home/debian-user/.m2/repository/jakarta/validation/jakarta.validation-api/3.0.2/jakarta.validation-api-3.0.2.jar:/home/debian-user/.m2/repository/org/springframework/boot/spring-boot-devtools/3.1.0/spring-boot-devtools-3.1.0.jar:/home/debian-user/.m2/repository/org/springframework/boot/spring-boot/3.1.0/spring-boot-3.1.0.jar:/home/debian-user/.m2/repository/org/springframework/boot/spring-boot-autoconfigure/3.1.0/spring-boot-autoconfigure-3.1.0.jar:/home/debian-user/.m2/repository/org/springframework/boot/spring-boot-starter-test/3.1.0/spring-boot-starter-test-3.1.0.jar:/home/debian-user/.m2/repository/org/springframework/boot/spring-boot-test/3.1.0/spring-boot-test-3.1.0.jar:/home/debian-user/.m2/repository/org/springframework/boot/spring-boot-test-autoconfigure/3.1.0/spring-boot-test-autoconfigure-3.1.0.jar:/home/debian-user/.m2/repository/com/jayway/jsonpath/json-path/2.8.0/json-path-2.8.0.jar:/home/debian-user/.m2/repository/jakarta/xml/bind/jakarta.xml.bind-api/4.0.0/jakarta.xml.bind-api-4.0.0.jar:/home/debian-user/.m2/repository/jakarta/activation/jakarta.activation-api/2.1.2/jakarta.activation-api-2.1.2.jar:/home/debian-user/.m2/repository/net/minidev/json-smart/2.4.10/json-smart-2.4.10.jar:/home/debian-user/.m2/repository/net/minidev/accessors-smart/2.4.9/accessors-smart-2.4.9.jar:/home/debian-user/.m2/repository/org/assertj/assertj-core/3.24.2/assertj-core-3.24.2.jar:/home/debian-user/.m2/repository/org/hamcrest/hamcrest/2.2/hamcrest-2.2.jar:/home/debian-user/.m2/repository/org/junit/jupiter/junit-jupiter/5.9.3/junit-jupiter-5.9.3.jar:/home/debian-user/.m2/repository/org/junit/jupiter/junit-jupiter-api/5.9.3/junit-jupiter-api-5.9.3.jar:/home/debian-user/.m2/repository/org/opentest4j/opentest4j/1.2.0/opentest4j-1.2.0.jar:/home/debian-user/.m2/repository/org/junit/platform/junit-platform-commons/1.9.3/junit-platform-commons-1.9.3.jar:/home/debian-user/.m2/repository/org/apiguardian/apiguardian-api/1.1.2/apiguardian-api-1.1.2.jar:/home/debian-user/.m2/repository/org/junit/jupiter/junit-jupiter-params/5.9.3/junit-jupiter-params-5.9.3.jar:/home/debian-user/.m2/repository/org/junit/jupiter/junit-jupiter-engine/5.9.3/junit-jupiter-engine-5.9.3.jar:/home/debian-user/.m2/repository/org/junit/platform/junit-platform-engine/1.9.3/junit-platform-engine-1.9.3.jar:/home/debian-user/.m2/repository/org/mockito/mockito-core/5.3.1/mockito-core-5.3.1.jar:/home/debian-user/.m2/repository/net/bytebuddy/byte-buddy-agent/1.14.4/byte-buddy-agent-1.14.4.jar:/home/debian-user/.m2/repository/org/objenesis/objenesis/3.3/objenesis-3.3.jar:/home/debian-user/.m2/repository/org/mockito/mockito-junit-jupiter/5.3.1/mockito-junit-jupiter-5.3.1.jar:/home/debian-user/.m2/repository/org/skyscreamer/jsonassert/1.5.1/jsonassert-1.5.1.jar:/home/debian-user/.m2/repository/com/vaadin/external/google/android-json/0.0.20131108.vaadin1/android-json-0.0.20131108.vaadin1.jar:/home/debian-user/.m2/repository/org/springframework/spring-core/6.0.9/spring-core-6.0.9.jar:/home/debian-user/.m2/repository/org/springframework/spring-jcl/6.0.9/spring-jcl-6.0.9.jar:/home/debian-user/.m2/repository/org/springframework/spring-test/6.0.9/spring-test-6.0.9.jar:/home/debian-user/.m2/repository/org/xmlunit/xmlunit-core/2.9.1/xmlunit-core-2.9.1.jar:/home/debian-user/.m2/repository/org/springframework/boot/spring-boot-starter-security/3.1.0/spring-boot-starter-security-3.1.0.jar:/home/debian-user/.m2/repository/org/springframework/spring-aop/6.0.9/spring-aop-6.0.9.jar:/home/debian-user/.m2/repository/org/springframework/security/spring-security-config/6.1.0/spring-security-config-6.1.0.jar:/home/debian-user/.m2/repository/org/springframework/security/spring-security-core/6.1.0/spring-security-core-6.1.0.jar:/home/debian-user/.m2/repository/org/springframework/security/spring-security-crypto/6.1.0/spring-security-crypto-6.1.0.jar:/home/debian-user/.m2/repository/org/springframework/security/spring-security-web/6.1.0/spring-security-web-6.1.0.jar:/home/debian-user/.m2/repository/org/springframework/spring-expression/6.0.9/spring-expression-6.0.9.jar:/home/debian-user/.m2/repository/org/springframework/boot/spring-boot-starter-web/3.1.0/spring-boot-starter-web-3.1.0.jar:/home/debian-user/.m2/repository/org/springframework/boot/spring-boot-starter-json/3.1.0/spring-boot-starter-json-3.1.0.jar:/home/debian-user/.m2/repository/com/fasterxml/jackson/datatype/jackson-datatype-jdk8/2.15.0/jackson-datatype-jdk8-2.15.0.jar:/home/debian-user/.m2/repository/com/fasterxml/jackson/datatype/jackson-datatype-jsr310/2.15.0/jackson-datatype-jsr310-2.15.0.jar:/home/debian-user/.m2/repository/com/fasterxml/jackson/module/jackson-module-parameter-names/2.15.0/jackson-module-parameter-names-2.15.0.jar:/home/debian-user/.m2/repository/org/springframework/boot/spring-boot-starter-tomcat/3.1.0/spring-boot-starter-tomcat-3.1.0.jar:/home/debian-user/.m2/repository/org/apache/tomcat/embed/tomcat-embed-core/10.1.8/tomcat-embed-core-10.1.8.jar:/home/debian-user/.m2/repository/org/apache/tomcat/embed/tomcat-embed-websocket/10.1.8/tomcat-embed-websocket-10.1.8.jar:/home/debian-user/.m2/repository/org/springframework/spring-web/6.0.9/spring-web-6.0.9.jar:/home/debian-user/.m2/repository/io/micrometer/micrometer-observation/1.11.0/micrometer-observation-1.11.0.jar:/home/debian-user/.m2/repository/io/micrometer/micrometer-commons/1.11.0/micrometer-commons-1.11.0.jar:/home/debian-user/.m2/repository/org/springframework/spring-webmvc/6.0.9/spring-webmvc-6.0.9.jar:/home/debian-user/.m2/repository/org/springframework/boot/spring-boot-starter-hateoas/3.1.0/spring-boot-starter-hateoas-3.1.0.jar:/home/debian-user/.m2/repository/org/springframework/hateoas/spring-hateoas/2.1.0/spring-hateoas-2.1.0.jar:/home/debian-user/.m2/repository/org/springframework/plugin/spring-plugin-core/3.0.0/spring-plugin-core-3.0.0.jar:/home/debian-user/.m2/repository/net/datafaker/datafaker/2.0.0/datafaker-2.0.0.jar:/home/debian-user/.m2/repository/org/yaml/snakeyaml/1.33/snakeyaml-1.33.jar:/home/debian-user/.m2/repository/com/github/mifmif/generex/1.0.2/generex-1.0.2.jar:/home/debian-user/.m2/repository/dk/brics/automaton/automaton/1.11-8/automaton-1.11-8.jar:/home/debian-user/.m2/repository/org/modelmapper/modelmapper/3.1.1/modelmapper-3.1.1.jar:/home/debian-user/.m2/repository/com/fasterxml/jackson/core/jackson-databind/2.15.0/jackson-databind-2.15.0.jar:/home/debian-user/.m2/repository/com/fasterxml/jackson/core/jackson-annotations/2.15.0/jackson-annotations-2.15.0.jar:/home/debian-user/.m2/repository/com/fasterxml/jackson/core/jackson-core/2.15.0/jackson-core-2.15.0.jar:/home/debian-user/.m2/repository/org/thymeleaf/thymeleaf/3.1.1.RELEASE/thymeleaf-3.1.1.RELEASE.jar:/home/debian-user/.m2/repository/ognl/ognl/3.3.4/ognl-3.3.4.jar:/home/debian-user/.m2/repository/org/javassist/javassist/3.29.0-GA/javassist-3.29.0-GA.jar:/home/debian-user/.m2/repository/org/attoparser/attoparser/2.0.6.RELEASE/attoparser-2.0.6.RELEASE.jar:/home/debian-user/.m2/repository/org/unbescape/unbescape/1.1.6.RELEASE/unbescape-1.1.6.RELEASE.jar:/home/debian-user/.m2/repository/org/slf4j/slf4j-api/2.0.7/slf4j-api-2.0.7.jar:/home/debian-user/.m2/repository/org/springframework/boot/spring-boot-starter/3.1.0/spring-boot-starter-3.1.0.jar:/home/debian-user/.m2/repository/org/springframework/boot/spring-boot-starter-logging/3.1.0/spring-boot-starter-logging-3.1.0.jar:/home/debian-user/.m2/repository/ch/qos/logback/logback-classic/1.4.7/logback-classic-1.4.7.jar:/home/debian-user/.m2/repository/ch/qos/logback/logback-core/1.4.7/logback-core-1.4.7.jar:/home/debian-user/.m2/repository/org/apache/logging/log4j/log4j-to-slf4j/2.20.0/log4j-to-slf4j-2.20.0.jar:/home/debian-user/.m2/repository/org/apache/logging/log4j/log4j-api/2.20.0/log4j-api-2.20.0.jar:/home/debian-user/.m2/repository/org/slf4j/jul-to-slf4j/2.0.7/jul-to-slf4j-2.0.7.jar:/home/debian-user/.m2/repository/jakarta/annotation/jakarta.annotation-api/2.1.1/jakarta.annotation-api-2.1.1.jar:"/>
    <property name="sun.cpu.endian" value="little"/>
    <property name="user.home" value="/home/debian-user"/>
    <property name="user.language" value="en"/>
    <property name="java.specification.vendor" value="Oracle Corporation"/>
    <property name="java.version.date" value="2023-07-18"/>
    <property name="java.home" value="/usr/lib/jvm/java-17-openjdk-amd64"/>
    <property name="file.separator" value="/"/>
    <property name="basedir" value="/home/debian-user/Documents/workspace-spring-tool-suite-4-4.20.0.RELEASE/airport-management"/>
    <property name="java.vm.compressedOopsMode" value="Zero based"/>
    <property name="line.separator" value="&#10;"/>
    <property name="java.specification.name" value="Java Platform API Specification"/>
    <property name="java.vm.specification.vendor" value="Oracle Corporation"/>
    <property name="FILE_LOG_CHARSET" value="UTF-8"/>
    <property name="java.awt.headless" value="true"/>
    <property name="surefire.real.class.path" value="/home/debian-user/Documents/workspace-spring-tool-suite-4-4.20.0.RELEASE/airport-management/target/surefire/surefirebooter-20231003121027260_3.jar"/>
    <property name="sun.management.compiler" value="HotSpot 64-Bit Tiered Compilers"/>
    <property name="java.runtime.version" value="17.0.8+7-Debian-1deb12u1"/>
    <property name="user.name" value="debian-user"/>
    <property name="path.separator" value=":"/>
    <property name="os.version" value="6.1.0-12-amd64"/>
    <property name="java.runtime.name" value="OpenJDK Runtime Environment"/>
    <property name="file.encoding" value="UTF-8"/>
    <property name="java.vm.name" value="OpenJDK 64-Bit Server VM"/>
    <property name="localRepository" value="/home/debian-user/.m2/repository"/>
    <property name="java.vendor.url.bug" value="https://bugs.debian.org/openjdk-17"/>
    <property name="java.io.tmpdir" value="/tmp"/>
    <property name="com.zaxxer.hikari.pool_number" value="1"/>
    <property name="java.version" value="17.0.8"/>
    <property name="user.dir" value="/home/debian-user/Documents/workspace-spring-tool-suite-4-4.20.0.RELEASE/airport-management"/>
    <property name="os.arch" value="amd64"/>
    <property name="java.vm.specification.name" value="Java Virtual Machine Specification"/>
    <property name="PID" value="7080"/>
    <property name="CONSOLE_LOG_CHARSET" value="UTF-8"/>
    <property name="native.encoding" value="UTF-8"/>
    <property name="java.library.path" value="/usr/java/packages/lib:/usr/lib/x86_64-linux-gnu/jni:/lib/x86_64-linux-gnu:/usr/lib/x86_64-linux-gnu:/usr/lib/jni:/lib:/usr/lib"/>
    <property name="java.vm.info" value="mixed mode, sharing"/>
    <property name="java.vendor" value="Debian"/>
    <property name="java.vm.version" value="17.0.8+7-Debian-1deb12u1"/>
    <property name="sun.io.unicode.encoding" value="UnicodeLittle"/>
    <property name="java.class.version" value="61.0"/>
  </properties>
  <testcase name="contextLoads" classname="com.tsti.Daos2023ApplicationTests" time="0.775">
    <system-out><![CDATA[12:10:28.425 [main] INFO org.springframework.test.context.support.AnnotationConfigContextLoaderUtils -- Could not detect default configuration classes for test class [com.tsti.Daos2023ApplicationTests]: Daos2023ApplicationTests does not declare any static, non-private, non-final, nested classes annotated with @Configuration.
12:10:28.545 [main] INFO org.springframework.boot.test.context.SpringBootTestContextBootstrapper -- Found @SpringBootConfiguration com.tsti.Daos2023Application for test class com.tsti.Daos2023ApplicationTests

  .   ____          _            __ _ _
 /\\ / ___'_ __ _ _(_)_ __  __ _ \ \ \ \
( ( )\___ | '_ | '_| | '_ \/ _` | \ \ \ \
 \\/  ___)| |_)| | | | | || (_| |  ) ) ) )
  '  |____| .__|_| |_|_| |_\__, | / / / /
 =========|_|==============|___/=/_/_/_/
 :: Spring Boot ::                (v3.1.0)

2023-10-03T12:10:29.069-03:00  INFO 7080 --- [           main] com.tsti.Daos2023ApplicationTests        : Starting Daos2023ApplicationTests using Java 17.0.8 with PID 7080 (started by debian-user in /home/debian-user/Documents/workspace-spring-tool-suite-4-4.20.0.RELEASE/airport-management)
2023-10-03T12:10:29.072-03:00  INFO 7080 --- [           main] com.tsti.Daos2023ApplicationTests        : No active profile set, falling back to 1 default profile: "default"
2023-10-03T12:10:30.390-03:00  INFO 7080 --- [           main] .s.d.r.c.RepositoryConfigurationDelegate : Bootstrapping Spring Data JPA repositories in DEFAULT mode.
2023-10-03T12:10:30.554-03:00  INFO 7080 --- [           main] .s.d.r.c.RepositoryConfigurationDelegate : Finished Spring Data repository scanning in 150 ms. Found 6 JPA repository interfaces.
2023-10-03T12:10:31.476-03:00  INFO 7080 --- [           main] o.hibernate.jpa.internal.util.LogHelper  : HHH000204: Processing PersistenceUnitInfo [name: default]
2023-10-03T12:10:31.532-03:00  INFO 7080 --- [           main] org.hibernate.Version                    : HHH000412: Hibernate ORM core version 6.2.2.Final
2023-10-03T12:10:31.534-03:00  INFO 7080 --- [           main] org.hibernate.cfg.Environment            : HHH000406: Using bytecode reflection optimizer
2023-10-03T12:10:31.728-03:00  INFO 7080 --- [           main] o.h.b.i.BytecodeProviderInitiator        : HHH000021: Bytecode provider name : bytebuddy
2023-10-03T12:10:31.922-03:00  INFO 7080 --- [           main] o.s.o.j.p.SpringPersistenceUnitInfo      : No LoadTimeWeaver setup: ignoring JPA class transformer
2023-10-03T12:10:31.960-03:00  INFO 7080 --- [           main] com.zaxxer.hikari.HikariDataSource       : HikariPool-1 - Starting...
2023-10-03T12:10:32.234-03:00  INFO 7080 --- [           main] com.zaxxer.hikari.pool.HikariPool        : HikariPool-1 - Added connection conn0: url=jdbc:h2:file:./data/airport-management user=ROOT
2023-10-03T12:10:32.236-03:00  INFO 7080 --- [           main] com.zaxxer.hikari.HikariDataSource       : HikariPool-1 - Start completed.
2023-10-03T12:10:32.260-03:00  INFO 7080 --- [           main] org.hibernate.orm.dialect                : HHH035001: Using dialect: org.hibernate.dialect.H2Dialect, version: 2.1.214
2023-10-03T12:10:32.653-03:00  INFO 7080 --- [           main] o.h.b.i.BytecodeProviderInitiator        : HHH000021: Bytecode provider name : bytebuddy
2023-10-03T12:10:33.731-03:00  INFO 7080 --- [           main] o.h.e.t.j.p.i.JtaPlatformInitiator       : HHH000490: Using JtaPlatform implementation: [org.hibernate.engine.transaction.jta.platform.internal.NoJtaPlatform]
2023-10-03T12:10:33.840-03:00  INFO 7080 --- [           main] o.h.t.s.i.e.GenerationTargetToDatabase   : HHH000476: Executing script '[injected ScriptSourceInputNonExistentImpl script]'
2023-10-03T12:10:33.844-03:00  INFO 7080 --- [           main] j.LocalContainerEntityManagerFactoryBean : Initialized JPA EntityManagerFactory for persistence unit 'default'
2023-10-03T12:10:34.551-03:00  INFO 7080 --- [           main] o.s.d.j.r.query.QueryEnhancerFactory     : Hibernate is in classpath; If applicable, HQL parser will be used.
2023-10-03T12:10:35.643-03:00  WARN 7080 --- [           main] JpaBaseConfiguration$JpaWebConfiguration : spring.jpa.open-in-view is enabled by default. Therefore, database queries may be performed during view rendering. Explicitly configure spring.jpa.open-in-view to disable this warning
2023-10-03T12:10:35.991-03:00  INFO 7080 --- [           main] o.s.s.web.DefaultSecurityFilterChain     : Will secure any request with [org.springframework.security.web.session.DisableEncodeUrlFilter@184b3575, org.springframework.security.web.context.request.async.WebAsyncManagerIntegrationFilter@b0e903a, org.springframework.security.web.context.SecurityContextHolderFilter@6f6c4462, org.springframework.security.web.header.HeaderWriterFilter@43347199, org.springframework.security.web.csrf.CsrfFilter@f48a79a, org.springframework.security.web.authentication.logout.LogoutFilter@2762e9a7, org.springframework.security.web.authentication.UsernamePasswordAuthenticationFilter@22fb60f3, org.springframework.security.web.savedrequest.RequestCacheAwareFilter@20ac726c, org.springframework.security.web.servletapi.SecurityContextHolderAwareRequestFilter@64bed8b2, org.springframework.security.web.authentication.AnonymousAuthenticationFilter@2ca2fcb5, org.springframework.security.web.access.ExceptionTranslationFilter@1c697ca0, org.springframework.security.web.access.intercept.AuthorizationFilter@5d9ccad2]
2023-10-03T12:10:36.572-03:00  INFO 7080 --- [           main] o.s.b.a.h2.H2ConsoleAutoConfiguration    : H2 console available at '/h2-console'. Database available at 'jdbc:h2:file:./data/airport-management'
2023-10-03T12:10:36.708-03:00  INFO 7080 --- [           main] com.tsti.Daos2023ApplicationTests        : Started Daos2023ApplicationTests in 7.98 seconds (process running for 9.307)
Vuelo [nroVuelo=null, hora de partida= 10:50, nroFila=0, nroColumnas=0, tipo_vuelo=INTERNACIONAL, Origen=Aeropuerto [icao=SATM, iata=MDX, name=Mercedes Airport, state=Corrientes, country=AR, elevation=358, lat=-29.2213993073, lon=-58.0877990723, tz=America/Argentina/Cordoba], Destino=Aeropuerto [icao=MRPN, iata=, name=Pelon Nuevo Airport, state=Guanacaste, country=CR, elevation=49, lat=10.486700058, lon=-85.4141998291, tz=America/Costa_Rica], Estado=REGISTRADO]
Vuelo [nroVuelo=null, hora de partida= 05:24, nroFila=0, nroColumnas=0, tipo_vuelo=INTERNACIONAL, Origen=Aeropuerto [icao=SATM, iata=MDX, name=Mercedes Airport, state=Corrientes, country=AR, elevation=358, lat=-29.2213993073, lon=-58.0877990723, tz=America/Argentina/Cordoba], Destino=Aeropuerto [icao=SCKN, iata=, name=Licancel Airport, state=Maule, country=CL, elevation=59, lat=-34.9891662598, lon=-72.0188903809, tz=America/Santiago], Estado=REGISTRADO]
Vuelo [nroVuelo=null, hora de partida= 16:51, nroFila=0, nroColumnas=0, tipo_vuelo=INTERNACIONAL, Origen=Aeropuerto [icao=SATM, iata=MDX, name=Mercedes Airport, state=Corrientes, country=AR, elevation=358, lat=-29.2213993073, lon=-58.0877990723, tz=America/Argentina/Cordoba], Destino=Aeropuerto [icao=SKMN, iata=, name=Casanare Airport, state=Casanare, country=CO, elevation=600, lat=4.83333, lon=-72.2667, tz=America/Bogota], Estado=REGISTRADO]
Vuelo [nroVuelo=null, hora de partida= 17:43, nroFila=0, nroColumnas=0, tipo_vuelo=INTERNACIONAL, Origen=Aeropuerto [icao=SATM, iata=MDX, name=Mercedes Airport, state=Corrientes, country=AR, elevation=358, lat=-29.2213993073, lon=-58.0877990723, tz=America/Argentina/Cordoba], Destino=Aeropuerto [icao=UUOO, iata=VOZ, name=Voronezh International Airport, state=Voronezj, country=RU, elevation=514, lat=51.814201355, lon=39.229598999, tz=Europe/Moscow], Estado=REGISTRADO]
Vuelo [nroVuelo=null, hora de partida= 19:14, nroFila=0, nroColumnas=0, tipo_vuelo=INTERNACIONAL, Origen=Aeropuerto [icao=SATM, iata=MDX, name=Mercedes Airport, state=Corrientes, country=AR, elevation=358, lat=-29.2213993073, lon=-58.0877990723, tz=America/Argentina/Cordoba], Destino=Aeropuerto [icao=24MU, iata=, name=Steele Airport, state=Missouri, country=US, elevation=1077, lat=40.3628005981, lon=-95.4385986328, tz=America/Chicago], Estado=REGISTRADO]
Vuelo [nroVuelo=null, hora de partida= 09:45, nroFila=0, nroColumnas=0, tipo_vuelo=INTERNACIONAL, Origen=Aeropuerto [icao=SATM, iata=MDX, name=Mercedes Airport, state=Corrientes, country=AR, elevation=358, lat=-29.2213993073, lon=-58.0877990723, tz=America/Argentina/Cordoba], Destino=Aeropuerto [icao=CA88, iata=, name=San Ardo Field, state=California, country=US, elevation=441, lat=36.0261001587, lon=-120.9079971313, tz=America/Los_Angeles], Estado=REGISTRADO]
Vuelo [nroVuelo=null, hora de partida= 06:19, nroFila=0, nroColumnas=0, tipo_vuelo=INTERNACIONAL, Origen=Aeropuerto [icao=SATM, iata=MDX, name=Mercedes Airport, state=Corrientes, country=AR, elevation=358, lat=-29.2213993073, lon=-58.0877990723, tz=America/Argentina/Cordoba], Destino=Aeropuerto [icao=SIQQ, iata=, name=Aero Resende Airport, state=Goias, country=BR, elevation=6825, lat=-18.1336116791, lon=-49.7961120605, tz=America/Sao_Paulo], Estado=REGISTRADO]
Vuelo [nroVuelo=null, hora de partida= 02:18, nroFila=0, nroColumnas=0, tipo_vuelo=INTERNACIONAL, Origen=Aeropuerto [icao=SATM, iata=MDX, name=Mercedes Airport, state=Corrientes, country=AR, elevation=358, lat=-29.2213993073, lon=-58.0877990723, tz=America/Argentina/Cordoba], Destino=Aeropuerto [icao=SWII, iata=IPG, name=Ipiranga Airport, state=Amazonas, country=BR, elevation=131, lat=-2.9390699863, lon=-69.6940002441, tz=America/Bogota], Estado=REGISTRADO]
Vuelo [nroVuelo=null, hora de partida= 07:33, nroFila=0, nroColumnas=0, tipo_vuelo=INTERNACIONAL, Origen=Aeropuerto [icao=SATM, iata=MDX, name=Mercedes Airport, state=Corrientes, country=AR, elevation=358, lat=-29.2213993073, lon=-58.0877990723, tz=America/Argentina/Cordoba], Destino=Aeropuerto [icao=EGLM, iata=, name=White Waltham Airfield, state=, country=GB, elevation=131, lat=51.5008010864, lon=-0.774443984, tz=Europe/London], Estado=REGISTRADO]
Vuelo [nroVuelo=null, hora de partida= 03:41, nroFila=0, nroColumnas=0, tipo_vuelo=INTERNACIONAL, Origen=Aeropuerto [icao=SATM, iata=MDX, name=Mercedes Airport, state=Corrientes, country=AR, elevation=358, lat=-29.2213993073, lon=-58.0877990723, tz=America/Argentina/Cordoba], Destino=Aeropuerto [icao=SSPG, iata=PNG, name=Paranagua Airport, state=Parana, country=BR, elevation=16, lat=-25.5401000977, lon=-48.5312004089, tz=America/Sao_Paulo], Estado=REGISTRADO]
Vuelo [nroVuelo=null, hora de partida= 05:19, nroFila=0, nroColumnas=0, tipo_vuelo=INTERNACIONAL, Origen=Aeropuerto [icao=SATM, iata=MDX, name=Mercedes Airport, state=Corrientes, country=AR, elevation=358, lat=-29.2213993073, lon=-58.0877990723, tz=America/Argentina/Cordoba], Destino=Aeropuerto [icao=NA12, iata=, name=Johnson Private Airport, state=North-Dakota, country=US, elevation=1920, lat=47.4317016602, lon=-100.8420028687, tz=America/Chicago], Estado=REGISTRADO]
Vuelo [nroVuelo=null, hora de partida= 22:01, nroFila=0, nroColumnas=0, tipo_vuelo=INTERNACIONAL, Origen=Aeropuerto [icao=SATM, iata=MDX, name=Mercedes Airport, state=Corrientes, country=AR, elevation=358, lat=-29.2213993073, lon=-58.0877990723, tz=America/Argentina/Cordoba], Destino=Aeropuerto [icao=WV08, iata=, name=Island Airport, state=West-Virginia, country=US, elevation=600, lat=38.2168006897, lon=-81.533203125, tz=America/New_York], Estado=REGISTRADO]
Vuelo [nroVuelo=null, hora de partida= 09:48, nroFila=0, nroColumnas=0, tipo_vuelo=INTERNACIONAL, Origen=Aeropuerto [icao=SATM, iata=MDX, name=Mercedes Airport, state=Corrientes, country=AR, elevation=358, lat=-29.2213993073, lon=-58.0877990723, tz=America/Argentina/Cordoba], Destino=Aeropuerto [icao=KF53, iata=, name=Franklin County Airport, state=Texas, country=US, elevation=412, lat=33.2154007, lon=-95.23739624, tz=America/Chicago], Estado=REGISTRADO]
Vuelo [nroVuelo=null, hora de partida= 14:42, nroFila=0, nroColumnas=0, tipo_vuelo=INTERNACIONAL, Origen=Aeropuerto [icao=SATM, iata=MDX, name=Mercedes Airport, state=Corrientes, country=AR, elevation=358, lat=-29.2213993073, lon=-58.0877990723, tz=America/Argentina/Cordoba], Destino=Aeropuerto [icao=XS50, iata=, name=4-G Ranch Airport, state=Texas, country=US, elevation=272, lat=27.383600235, lon=-98.3099975586, tz=America/Chicago], Estado=REGISTRADO]
Vuelo [nroVuelo=null, hora de partida= 02:13, nroFila=0, nroColumnas=0, tipo_vuelo=INTERNACIONAL, Origen=Aeropuerto [icao=SATM, iata=MDX, name=Mercedes Airport, state=Corrientes, country=AR, elevation=358, lat=-29.2213993073, lon=-58.0877990723, tz=America/Argentina/Cordoba], Destino=Aeropuerto [icao=02MS, iata=, name=Watts Field, state=Mississippi, country=US, elevation=153, lat=34.1001014709, lon=-90.8468017578, tz=America/Chicago], Estado=REGISTRADO]
Vuelo [nroVuelo=null, hora de partida= 23:08, nroFila=0, nroColumnas=0, tipo_vuelo=INTERNACIONAL, Origen=Aeropuerto [icao=SATM, iata=MDX, name=Mercedes Airport, state=Corrientes, country=AR, elevation=358, lat=-29.2213993073, lon=-58.0877990723, tz=America/Argentina/Cordoba], Destino=Aeropuerto [icao=SBPS, iata=BPS, name=Porto Seguro Airport, state=Bahia, country=BR, elevation=168, lat=-16.4386005402, lon=-39.0808982849, tz=America/Bahia], Estado=REGISTRADO]
Vuelo [nroVuelo=null, hora de partida= 12:35, nroFila=0, nroColumnas=0, tipo_vuelo=INTERNACIONAL, Origen=Aeropuerto [icao=SATM, iata=MDX, name=Mercedes Airport, state=Corrientes, country=AR, elevation=358, lat=-29.2213993073, lon=-58.0877990723, tz=America/Argentina/Cordoba], Destino=Aeropuerto [icao=YMDG, iata=DGE, name=Mudgee Airport, state=New-South-Wales, country=AU, elevation=1545, lat=-32.5625, lon=149.610992432, tz=Australia/Sydney], Estado=REGISTRADO]
Vuelo [nroVuelo=null, hora de partida= 22:15, nroFila=0, nroColumnas=0, tipo_vuelo=INTERNACIONAL, Origen=Aeropuerto [icao=SATM, iata=MDX, name=Mercedes Airport, state=Corrientes, country=AR, elevation=358, lat=-29.2213993073, lon=-58.0877990723, tz=America/Argentina/Cordoba], Destino=Aeropuerto [icao=FVMB, iata=, name=Mashumbi Airport, state=Mashonaland-Central, country=ZW, elevation=1240, lat=-16.1669998169, lon=30.5669994354, tz=Africa/Harare], Estado=REGISTRADO]
Vuelo [nroVuelo=null, hora de partida= 06:36, nroFila=0, nroColumnas=0, tipo_vuelo=INTERNACIONAL, Origen=Aeropuerto [icao=SATM, iata=MDX, name=Mercedes Airport, state=Corrientes, country=AR, elevation=358, lat=-29.2213993073, lon=-58.0877990723, tz=America/Argentina/Cordoba], Destino=Aeropuerto [icao=CZPB, iata=ZPB, name=Sachigo Lake Airport, state=Ontario, country=CA, elevation=876, lat=53.8911018372, lon=-92.1964035034, tz=America/Rainy_River], Estado=REGISTRADO]
Vuelo [nroVuelo=null, hora de partida= 14:24, nroFila=0, nroColumnas=0, tipo_vuelo=INTERNACIONAL, Origen=Aeropuerto [icao=SATM, iata=MDX, name=Mercedes Airport, state=Corrientes, country=AR, elevation=358, lat=-29.2213993073, lon=-58.0877990723, tz=America/Argentina/Cordoba], Destino=Aeropuerto [icao=FZAP, iata=, name=Lukala Airport, state=Bas-Congo, country=CD, elevation=1312, lat=-5.5170001984, lon=14.5, tz=Africa/Kinshasa], Estado=REGISTRADO]
Vuelo [nroVuelo=null, hora de partida= 23:37, nroFila=0, nroColumnas=0, tipo_vuelo=INTERNACIONAL, Origen=Aeropuerto [icao=SATM, iata=MDX, name=Mercedes Airport, state=Corrientes, country=AR, elevation=358, lat=-29.2213993073, lon=-58.0877990723, tz=America/Argentina/Cordoba], Destino=Aeropuerto [icao=FZWS, iata=, name=Lubao Airport, state=Lomami, country=CD, elevation=2625, lat=-5.3000001907, lon=25.7329998016, tz=Africa/Lubumbashi], Estado=REGISTRADO]
Vuelo [nroVuelo=null, hora de partida= 04:30, nroFila=0, nroColumnas=0, tipo_vuelo=INTERNACIONAL, Origen=Aeropuerto [icao=SATM, iata=MDX, name=Mercedes Airport, state=Corrientes, country=AR, elevation=358, lat=-29.2213993073, lon=-58.0877990723, tz=America/Argentina/Cordoba], Destino=Aeropuerto [icao=41NY, iata=, name=Bonebender Airport, state=New York, country=US, elevation=336, lat=44.3124008179, lon=-73.3849029541, tz=America/New_York], Estado=REGISTRADO]
Vuelo [nroVuelo=null, hora de partida= 15:00, nroFila=0, nroColumnas=0, tipo_vuelo=INTERNACIONAL, Origen=Aeropuerto [icao=SATM, iata=MDX, name=Mercedes Airport, state=Corrientes, country=AR, elevation=358, lat=-29.2213993073, lon=-58.0877990723, tz=America/Argentina/Cordoba], Destino=Aeropuerto [icao=38LA, iata=, name=Whiteville Airport, state=Louisiana, country=US, elevation=43, lat=30.7844009399, lon=-92.1822967529, tz=America/Chicago], Estado=REGISTRADO]
Vuelo [nroVuelo=null, hora de partida= 01:26, nroFila=0, nroColumnas=0, tipo_vuelo=INTERNACIONAL, Origen=Aeropuerto [icao=SATM, iata=MDX, name=Mercedes Airport, state=Corrientes, country=AR, elevation=358, lat=-29.2213993073, lon=-58.0877990723, tz=America/Argentina/Cordoba], Destino=Aeropuerto [icao=YFNE, iata=FIK, name=Finke Airport, state=Northern-Territory, country=AU, elevation=0, lat=-25.5946998596, lon=134.582992554, tz=Australia/Darwin], Estado=REGISTRADO]
Vuelo [nroVuelo=null, hora de partida= 14:26, nroFila=0, nroColumnas=0, tipo_vuelo=INTERNACIONAL, Origen=Aeropuerto [icao=SATM, iata=MDX, name=Mercedes Airport, state=Corrientes, country=AR, elevation=358, lat=-29.2213993073, lon=-58.0877990723, tz=America/Argentina/Cordoba], Destino=Aeropuerto [icao=K7A8, iata=, name=Avery County Morrison Field, state=North-Carolina, country=US, elevation=2750, lat=35.9445991516, lon=-81.9956970215, tz=America/New_York], Estado=REGISTRADO]
Vuelo [nroVuelo=null, hora de partida= 17:20, nroFila=0, nroColumnas=0, tipo_vuelo=NACIONAL, Origen=Aeropuerto [icao=SATM, iata=MDX, name=Mercedes Airport, state=Corrientes, country=AR, elevation=358, lat=-29.2213993073, lon=-58.0877990723, tz=America/Argentina/Cordoba], Destino=Aeropuerto [icao=SA07, iata=, name=El Porton Airport, state=Neuquen, country=AR, elevation=2853, lat=-37.1949996948, lon=-69.6094970703, tz=America/Argentina/Salta], Estado=REGISTRADO]
Vuelo [nroVuelo=null, hora de partida= 20:19, nroFila=0, nroColumnas=0, tipo_vuelo=NACIONAL, Origen=Aeropuerto [icao=SATM, iata=MDX, name=Mercedes Airport, state=Corrientes, country=AR, elevation=358, lat=-29.2213993073, lon=-58.0877990723, tz=America/Argentina/Cordoba], Destino=Aeropuerto [icao=SANH, iata=RHD, name=Las Termas Airport, state=Santiago-del-Estero, country=AR, elevation=270, lat=-27.4736995697, lon=-64.9055023193, tz=America/Argentina/Cordoba], Estado=REGISTRADO]
Vuelo [nroVuelo=null, hora de partida= 15:34, nroFila=0, nroColumnas=0, tipo_vuelo=NACIONAL, Origen=Aeropuerto [icao=SATM, iata=MDX, name=Mercedes Airport, state=Corrientes, country=AR, elevation=358, lat=-29.2213993073, lon=-58.0877990723, tz=America/Argentina/Cordoba], Destino=Aeropuerto [icao=SADF, iata=FDO, name=San Fernando Airport, state=Buenos-Aires, country=AR, elevation=10, lat=-34.4532, lon=-58.5896, tz=America/Argentina/Buenos_Aires], Estado=REGISTRADO]
Vuelo [nroVuelo=null, hora de partida= 10:49, nroFila=0, nroColumnas=0, tipo_vuelo=NACIONAL, Origen=Aeropuerto [icao=SATM, iata=MDX, name=Mercedes Airport, state=Corrientes, country=AR, elevation=358, lat=-29.2213993073, lon=-58.0877990723, tz=America/Argentina/Cordoba], Destino=Aeropuerto [icao=SAZN, iata=NQN, name=Presidente Peron Airport, state=Neuquen, country=AR, elevation=895, lat=-38.9490013123, lon=-68.1557006836, tz=America/Argentina/Salta], Estado=REGISTRADO]
Vuelo [nroVuelo=null, hora de partida= 22:02, nroFila=0, nroColumnas=0, tipo_vuelo=NACIONAL, Origen=Aeropuerto [icao=SATM, iata=MDX, name=Mercedes Airport, state=Corrientes, country=AR, elevation=358, lat=-29.2213993073, lon=-58.0877990723, tz=America/Argentina/Cordoba], Destino=Aeropuerto [icao=SACN, iata=, name=Ascochinga Airport, state=Cordoba, country=AR, elevation=677, lat=-30.9679203033, lon=-64.2777404785, tz=America/Argentina/Cordoba], Estado=REGISTRADO]
Vuelo [nroVuelo=null, hora de partida= 10:36, nroFila=0, nroColumnas=0, tipo_vuelo=NACIONAL, Origen=Aeropuerto [icao=SATM, iata=MDX, name=Mercedes Airport, state=Corrientes, country=AR, elevation=358, lat=-29.2213993073, lon=-58.0877990723, tz=America/Argentina/Cordoba], Destino=Aeropuerto [icao=SA05, iata=, name=Bell Ville Airport, state=Cordoba, country=AR, elevation=429, lat=-32.6599, lon=-62.702, tz=America/Argentina/Cordoba], Estado=REGISTRADO]
Vuelo [nroVuelo=null, hora de partida= 23:36, nroFila=0, nroColumnas=0, tipo_vuelo=NACIONAL, Origen=Aeropuerto [icao=SATM, iata=MDX, name=Mercedes Airport, state=Corrientes, country=AR, elevation=358, lat=-29.2213993073, lon=-58.0877990723, tz=America/Argentina/Cordoba], Destino=Aeropuerto [icao=SAOE, iata=, name=Rio Tercero Airport, state=Cordoba, country=AR, elevation=1246, lat=-32.1733016968, lon=-64.0883026123, tz=America/Argentina/Cordoba], Estado=REGISTRADO]
Vuelo [nroVuelo=null, hora de partida= 14:49, nroFila=0, nroColumnas=0, tipo_vuelo=NACIONAL, Origen=Aeropuerto [icao=SATM, iata=MDX, name=Mercedes Airport, state=Corrientes, country=AR, elevation=358, lat=-29.2213993073, lon=-58.0877990723, tz=America/Argentina/Cordoba], Destino=Aeropuerto [icao=SADP, iata=EPA, name=El Palomar Airport, state=Buenos-Aires, country=AR, elevation=59, lat=-34.6099, lon=-58.6126, tz=America/Argentina/Buenos_Aires], Estado=REGISTRADO]
Vuelo [nroVuelo=null, hora de partida= 16:52, nroFila=0, nroColumnas=0, tipo_vuelo=NACIONAL, Origen=Aeropuerto [icao=SATM, iata=MDX, name=Mercedes Airport, state=Corrientes, country=AR, elevation=358, lat=-29.2213993073, lon=-58.0877990723, tz=America/Argentina/Cordoba], Destino=Aeropuerto [icao=SAVA, iata=, name=Piedra Del Aguila Airport, state=Rio-Negro, country=AR, elevation=2128, lat=-40.192199707, lon=-70.0100021362, tz=America/Argentina/Salta], Estado=REGISTRADO]
Vuelo [nroVuelo=null, hora de partida= 16:39, nroFila=0, nroColumnas=0, tipo_vuelo=NACIONAL, Origen=Aeropuerto [icao=SATM, iata=MDX, name=Mercedes Airport, state=Corrientes, country=AR, elevation=358, lat=-29.2213993073, lon=-58.0877990723, tz=America/Argentina/Cordoba], Destino=Aeropuerto [icao=SAST, iata=TTG, name=General Enrique Mosconi Airport, state=Salta, country=AR, elevation=1472, lat=-22.619600296, lon=-63.7937011719, tz=America/Argentina/Salta], Estado=REGISTRADO]
Vuelo [nroVuelo=null, hora de partida= 05:06, nroFila=0, nroColumnas=0, tipo_vuelo=NACIONAL, Origen=Aeropuerto [icao=SATM, iata=MDX, name=Mercedes Airport, state=Corrientes, country=AR, elevation=358, lat=-29.2213993073, lon=-58.0877990723, tz=America/Argentina/Cordoba], Destino=Aeropuerto [icao=SAVA, iata=, name=Piedra Del Aguila Airport, state=Rio-Negro, country=AR, elevation=2128, lat=-40.192199707, lon=-70.0100021362, tz=America/Argentina/Salta], Estado=REGISTRADO]
Vuelo [nroVuelo=null, hora de partida= 22:56, nroFila=0, nroColumnas=0, tipo_vuelo=NACIONAL, Origen=Aeropuerto [icao=SATM, iata=MDX, name=Mercedes Airport, state=Corrientes, country=AR, elevation=358, lat=-29.2213993073, lon=-58.0877990723, tz=America/Argentina/Cordoba], Destino=Aeropuerto [icao=SAAV, iata=SFN, name=Sauce Viejo Airport, state=Santa-Fe, country=AR, elevation=55, lat=-31.7117, lon=-60.8117, tz=America/Argentina/Cordoba], Estado=REGISTRADO]
Vuelo [nroVuelo=null, hora de partida= 15:50, nroFila=0, nroColumnas=0, tipo_vuelo=NACIONAL, Origen=Aeropuerto [icao=SATM, iata=MDX, name=Mercedes Airport, state=Corrientes, country=AR, elevation=358, lat=-29.2213993073, lon=-58.0877990723, tz=America/Argentina/Cordoba], Destino=Aeropuerto [icao=SAOS, iata=RLO, name=Valle Del Conlara International Airport, state=San-Luis, country=AR, elevation=2021, lat=-32.3847007751, lon=-65.1865005493, tz=America/Argentina/San_Luis], Estado=REGISTRADO]
Vuelo [nroVuelo=null, hora de partida= 01:52, nroFila=0, nroColumnas=0, tipo_vuelo=NACIONAL, Origen=Aeropuerto [icao=SATM, iata=MDX, name=Mercedes Airport, state=Corrientes, country=AR, elevation=358, lat=-29.2213993073, lon=-58.0877990723, tz=America/Argentina/Cordoba], Destino=Aeropuerto [icao=SADM, iata=, name=Moron Airport, state=Buenos-Aires, country=AR, elevation=95, lat=-34.6763, lon=-58.6428, tz=America/Argentina/Buenos_Aires], Estado=REGISTRADO]
Vuelo [nroVuelo=null, hora de partida= 02:17, nroFila=0, nroColumnas=0, tipo_vuelo=NACIONAL, Origen=Aeropuerto [icao=SATM, iata=MDX, name=Mercedes Airport, state=Corrientes, country=AR, elevation=358, lat=-29.2213993073, lon=-58.0877990723, tz=America/Argentina/Cordoba], Destino=Aeropuerto [icao=SATD, iata=ELO, name=El Dorado Airport, state=Misiones, country=AR, elevation=685, lat=-26.3974990845, lon=-54.5746994019, tz=America/Argentina/Cordoba], Estado=REGISTRADO]
Vuelo [nroVuelo=null, hora de partida= 13:37, nroFila=0, nroColumnas=0, tipo_vuelo=NACIONAL, Origen=Aeropuerto [icao=SATM, iata=MDX, name=Mercedes Airport, state=Corrientes, country=AR, elevation=358, lat=-29.2213993073, lon=-58.0877990723, tz=America/Argentina/Cordoba], Destino=Aeropuerto [icao=SABE, iata=AEP, name=Jorge Newbery Airpark, state=Buenos-Aires-F-D-, country=AR, elevation=18, lat=-34.5592, lon=-58.4156, tz=America/Argentina/Buenos_Aires], Estado=REGISTRADO]
Vuelo [nroVuelo=null, hora de partida= 07:08, nroFila=0, nroColumnas=0, tipo_vuelo=NACIONAL, Origen=Aeropuerto [icao=SATM, iata=MDX, name=Mercedes Airport, state=Corrientes, country=AR, elevation=358, lat=-29.2213993073, lon=-58.0877990723, tz=America/Argentina/Cordoba], Destino=Aeropuerto [icao=SACC, iata=LCM, name=La Cumbre Airport, state=Cordoba, country=AR, elevation=3733, lat=-31.0058002472, lon=-64.5318984985, tz=America/Argentina/Cordoba], Estado=REGISTRADO]
Vuelo [nroVuelo=null, hora de partida= 00:10, nroFila=0, nroColumnas=0, tipo_vuelo=NACIONAL, Origen=Aeropuerto [icao=SATM, iata=MDX, name=Mercedes Airport, state=Corrientes, country=AR, elevation=358, lat=-29.2213993073, lon=-58.0877990723, tz=America/Argentina/Cordoba], Destino=Aeropuerto [icao=SA45, iata=, name=Frias Airport, state=Santiago-del-Estero, country=AR, elevation=1082, lat=-28.6343994141, lon=-65.1091995239, tz=America/Argentina/Catamarca], Estado=REGISTRADO]
Vuelo [nroVuelo=null, hora de partida= 18:10, nroFila=0, nroColumnas=0, tipo_vuelo=NACIONAL, Origen=Aeropuerto [icao=SATM, iata=MDX, name=Mercedes Airport, state=Corrientes, country=AR, elevation=358, lat=-29.2213993073, lon=-58.0877990723, tz=America/Argentina/Cordoba], Destino=Aeropuerto [icao=SARM, iata=MCS, name=Monte Caseros Airport, state=Corrientes, country=AR, elevation=170, lat=-30.2719, lon=-57.6402, tz=America/Argentina/Cordoba], Estado=REGISTRADO]
Vuelo [nroVuelo=null, hora de partida= 11:02, nroFila=0, nroColumnas=0, tipo_vuelo=NACIONAL, Origen=Aeropuerto [icao=SATM, iata=MDX, name=Mercedes Airport, state=Corrientes, country=AR, elevation=358, lat=-29.2213993073, lon=-58.0877990723, tz=America/Argentina/Cordoba], Destino=Aeropuerto [icao=SASR, iata=, name=Rivadavia Airport, state=Salta, country=AR, elevation=679, lat=-24.1886005402, lon=-62.8833999634, tz=America/Argentina/Salta], Estado=REGISTRADO]
Vuelo [nroVuelo=null, hora de partida= 03:06, nroFila=0, nroColumnas=0, tipo_vuelo=NACIONAL, Origen=Aeropuerto [icao=SATM, iata=MDX, name=Mercedes Airport, state=Corrientes, country=AR, elevation=358, lat=-29.2213993073, lon=-58.0877990723, tz=America/Argentina/Cordoba], Destino=Aeropuerto [icao=SAZB, iata=BHI, name=Comandante Espora Airport, state=Buenos-Aires, country=AR, elevation=246, lat=-38.725, lon=-62.1693, tz=America/Argentina/Buenos_Aires], Estado=REGISTRADO]
Vuelo [nroVuelo=null, hora de partida= 00:20, nroFila=0, nroColumnas=0, tipo_vuelo=NACIONAL, Origen=Aeropuerto [icao=SATM, iata=MDX, name=Mercedes Airport, state=Corrientes, country=AR, elevation=358, lat=-29.2213993073, lon=-58.0877990723, tz=America/Argentina/Cordoba], Destino=Aeropuerto [icao=SAVB, iata=EHL, name=El Bolson Airport, state=Rio-Negro, country=AR, elevation=1141, lat=-41.9431991577, lon=-71.5323028564, tz=America/Argentina/Salta], Estado=REGISTRADO]
Vuelo [nroVuelo=null, hora de partida= 08:21, nroFila=0, nroColumnas=0, tipo_vuelo=NACIONAL, Origen=Aeropuerto [icao=SATM, iata=MDX, name=Mercedes Airport, state=Corrientes, country=AR, elevation=358, lat=-29.2213993073, lon=-58.0877990723, tz=America/Argentina/Cordoba], Destino=Aeropuerto [icao=SAZO, iata=NEC, name=Necochea Airport, state=Buenos-Aires, country=AR, elevation=72, lat=-38.4831, lon=-58.8172, tz=America/Argentina/Buenos_Aires], Estado=REGISTRADO]
Vuelo [nroVuelo=null, hora de partida= 21:05, nroFila=0, nroColumnas=0, tipo_vuelo=NACIONAL, Origen=Aeropuerto [icao=SATM, iata=MDX, name=Mercedes Airport, state=Corrientes, country=AR, elevation=358, lat=-29.2213993073, lon=-58.0877990723, tz=America/Argentina/Cordoba], Destino=Aeropuerto [icao=SANH, iata=RHD, name=Las Termas Airport, state=Santiago-del-Estero, country=AR, elevation=270, lat=-27.4736995697, lon=-64.9055023193, tz=America/Argentina/Cordoba], Estado=REGISTRADO]
Vuelo [nroVuelo=null, hora de partida= 00:44, nroFila=0, nroColumnas=0, tipo_vuelo=NACIONAL, Origen=Aeropuerto [icao=SATM, iata=MDX, name=Mercedes Airport, state=Corrientes, country=AR, elevation=358, lat=-29.2213993073, lon=-58.0877990723, tz=America/Argentina/Cordoba], Destino=Aeropuerto [icao=SA05, iata=, name=Bell Ville Airport, state=Cordoba, country=AR, elevation=429, lat=-32.6599, lon=-62.702, tz=America/Argentina/Cordoba], Estado=REGISTRADO]
Vuelo [nroVuelo=null, hora de partida= 00:25, nroFila=0, nroColumnas=0, tipo_vuelo=INTERNACIONAL, Origen=Aeropuerto [icao=SATM, iata=MDX, name=Mercedes Airport, state=Corrientes, country=AR, elevation=358, lat=-29.2213993073, lon=-58.0877990723, tz=America/Argentina/Cordoba], Destino=Aeropuerto [icao=WAWW, iata=KDI, name=Wolter Monginsidi Airport, state=Southeast-Sulawesi, country=ID, elevation=538, lat=-4.0816102028, lon=122.4179992676, tz=Asia/Makassar], Estado=DEMORADO]
Vuelo [nroVuelo=null, hora de partida= 22:10, nroFila=0, nroColumnas=0, tipo_vuelo=INTERNACIONAL, Origen=Aeropuerto [icao=SATM, iata=MDX, name=Mercedes Airport, state=Corrientes, country=AR, elevation=358, lat=-29.2213993073, lon=-58.0877990723, tz=America/Argentina/Cordoba], Destino=Aeropuerto [icao=SDWI, iata=, name=Fazenda Lagoa do Cavalo Airport, state=Pernambuco, country=BR, elevation=1709, lat=-8.17, lon=-35.63, tz=America/Recife], Estado=DEMORADO]
Vuelo [nroVuelo=null, hora de partida= 13:01, nroFila=0, nroColumnas=0, tipo_vuelo=INTERNACIONAL, Origen=Aeropuerto [icao=SATM, iata=MDX, name=Mercedes Airport, state=Corrientes, country=AR, elevation=358, lat=-29.2213993073, lon=-58.0877990723, tz=America/Argentina/Cordoba], Destino=Aeropuerto [icao=GABR, iata=, name=Bourem Airport, state=Gao, country=ML, elevation=941, lat=17.033000946, lon=-0.400000006, tz=Africa/Bamako], Estado=DEMORADO]
Vuelo [nroVuelo=null, hora de partida= 05:29, nroFila=0, nroColumnas=0, tipo_vuelo=INTERNACIONAL, Origen=Aeropuerto [icao=SATM, iata=MDX, name=Mercedes Airport, state=Corrientes, country=AR, elevation=358, lat=-29.2213993073, lon=-58.0877990723, tz=America/Argentina/Cordoba], Destino=Aeropuerto [icao=2ID6, iata=, name=Lemons Field, state=Idaho, country=US, elevation=2280, lat=43.927336, lon=-116.946475, tz=America/Boise], Estado=DEMORADO]
Vuelo [nroVuelo=null, hora de partida= 13:12, nroFila=0, nroColumnas=0, tipo_vuelo=INTERNACIONAL, Origen=Aeropuerto [icao=SATM, iata=MDX, name=Mercedes Airport, state=Corrientes, country=AR, elevation=358, lat=-29.2213993073, lon=-58.0877990723, tz=America/Argentina/Cordoba], Destino=Aeropuerto [icao=NK26, iata=, name=Old Forge Airport, state=New-York, country=US, elevation=1753, lat=43.725183, lon=-74.976217, tz=America/New_York], Estado=DEMORADO]
Vuelo [nroVuelo=null, hora de partida= 00:17, nroFila=0, nroColumnas=0, tipo_vuelo=NACIONAL, Origen=Aeropuerto [icao=SATM, iata=MDX, name=Mercedes Airport, state=Corrientes, country=AR, elevation=358, lat=-29.2213993073, lon=-58.0877990723, tz=America/Argentina/Cordoba], Destino=Aeropuerto [icao=SATM, iata=MDX, name=Mercedes Airport, state=Corrientes, country=AR, elevation=358, lat=-29.2213993073, lon=-58.0877990723, tz=America/Argentina/Cordoba], Estado=DEMORADO]
Vuelo [nroVuelo=null, hora de partida= 07:52, nroFila=0, nroColumnas=0, tipo_vuelo=NACIONAL, Origen=Aeropuerto [icao=SATM, iata=MDX, name=Mercedes Airport, state=Corrientes, country=AR, elevation=358, lat=-29.2213993073, lon=-58.0877990723, tz=America/Argentina/Cordoba], Destino=Aeropuerto [icao=SASJ, iata=JUJ, name=Gobernador Horacio Guzman International Airport, state=Jujuy, country=AR, elevation=3019, lat=-24.3927993774, lon=-65.0978012085, tz=America/Argentina/Jujuy], Estado=DEMORADO]
Vuelo [nroVuelo=null, hora de partida= 08:34, nroFila=0, nroColumnas=0, tipo_vuelo=NACIONAL, Origen=Aeropuerto [icao=SATM, iata=MDX, name=Mercedes Airport, state=Corrientes, country=AR, elevation=358, lat=-29.2213993073, lon=-58.0877990723, tz=America/Argentina/Cordoba], Destino=Aeropuerto [icao=SAOC, iata=RCU, name=Area De Material Airport, state=Cordoba, country=AR, elevation=1380, lat=-33.0850982666, lon=-64.2612991333, tz=America/Argentina/Cordoba], Estado=DEMORADO]
Vuelo [nroVuelo=null, hora de partida= 08:27, nroFila=0, nroColumnas=0, tipo_vuelo=NACIONAL, Origen=Aeropuerto [icao=SATM, iata=MDX, name=Mercedes Airport, state=Corrientes, country=AR, elevation=358, lat=-29.2213993073, lon=-58.0877990723, tz=America/Argentina/Cordoba], Destino=Aeropuerto [icao=SASO, iata=ORA, name=Oran Airport, state=Salta, country=AR, elevation=1171, lat=-23.1527996063, lon=-64.3292007446, tz=America/Argentina/Salta], Estado=DEMORADO]
Vuelo [nroVuelo=null, hora de partida= 15:50, nroFila=0, nroColumnas=0, tipo_vuelo=NACIONAL, Origen=Aeropuerto [icao=SATM, iata=MDX, name=Mercedes Airport, state=Corrientes, country=AR, elevation=358, lat=-29.2213993073, lon=-58.0877990723, tz=America/Argentina/Cordoba], Destino=Aeropuerto [icao=SADO, iata=, name=Campo De Mayo Airport, state=Buenos-Aires, country=AR, elevation=78, lat=-34.5344, lon=-58.6717, tz=America/Argentina/Buenos_Aires], Estado=DEMORADO]
--Ejecucion de inserciones terminada.--
]]></system-out>
  </testcase>
</testsuite>