<?xml version="1.0" encoding="UTF-8"?>
<testsuite xmlns:xsi="http://www.w3.org/2001/XMLSchema-instance" xsi:noNamespaceSchemaLocation="https://maven.apache.org/surefire/maven-surefire-plugin/xsd/surefire-test-report-3.0.xsd" version="3.0" name="com.tsti.Daos2023ApplicationTests" time="22.503" tests="1" errors="0" skipped="0" failures="0">
  <properties>
    <property name="java.specification.version" value="17"/>
    <property name="sun.jnu.encoding" value="UTF-8"/>
    <property name="java.class.path" value="/home/debian-user/Documents/workspace-spring-tool-suite-4-4.20.0.RELEASE/airport-management/target/test-classes:/home/debian-user/Documents/workspace-spring-tool-suite-4-4.20.0.RELEASE/airport-management/target/classes:/home/debian-user/.m2/repository/com/vaadin/vaadin-core/24.1.4/vaadin-core-24.1.4.jar:/home/debian-user/.m2/repository/com/vaadin/vaadin-core-internal/24.1.4/vaadin-core-internal-24.1.4.jar:/home/debian-user/.m2/repository/com/vaadin/flow-server/24.1.5/flow-server-24.1.5.jar:/home/debian-user/.m2/repository/com/vaadin/servletdetector/throw-if-servlet3/1.0.2/throw-if-servlet3-1.0.2.jar:/home/debian-user/.m2/repository/com/vaadin/external/gwt/gwt-elemental/2.8.2.vaadin2/gwt-elemental-2.8.2.vaadin2.jar:/home/debian-user/.m2/repository/com/vaadin/flow-commons-upload/24.1.5/flow-commons-upload-24.1.5.jar:/home/debian-user/.m2/repository/commons-io/commons-io/2.11.0/commons-io-2.11.0.jar:/home/debian-user/.m2/repository/org/jsoup/jsoup/1.16.1/jsoup-1.16.1.jar:/home/debian-user/.m2/repository/com/helger/ph-css/7.0.0/ph-css-7.0.0.jar:/home/debian-user/.m2/repository/com/helger/commons/ph-commons/11.0.1/ph-commons-11.0.1.jar:/home/debian-user/.m2/repository/org/ow2/asm/asm/9.5/asm-9.5.jar:/home/debian-user/.m2/repository/com/vaadin/external/gentyref/1.2.0.vaadin1/gentyref-1.2.0.vaadin1.jar:/home/debian-user/.m2/repository/org/apache/commons/commons-compress/1.23.0/commons-compress-1.23.0.jar:/home/debian-user/.m2/repository/org/apache/httpcomponents/httpclient/4.5.14/httpclient-4.5.14.jar:/home/debian-user/.m2/repository/org/apache/httpcomponents/httpcore/4.4.16/httpcore-4.4.16.jar:/home/debian-user/.m2/repository/commons-logging/commons-logging/1.2/commons-logging-1.2.jar:/home/debian-user/.m2/repository/commons-codec/commons-codec/1.15/commons-codec-1.15.jar:/home/debian-user/.m2/repository/com/vaadin/flow-lit-template/24.1.5/flow-lit-template-24.1.5.jar:/home/debian-user/.m2/repository/com/vaadin/flow-push/24.1.5/flow-push-24.1.5.jar:/home/debian-user/.m2/repository/com/vaadin/external/atmosphere/atmosphere-runtime/3.0.3.slf4jvaadin1/atmosphere-runtime-3.0.3.slf4jvaadin1.jar:/home/debian-user/.m2/repository/com/vaadin/flow-client/24.1.5/flow-client-24.1.5.jar:/home/debian-user/.m2/repository/com/vaadin/flow-html-components/24.1.5/flow-html-components-24.1.5.jar:/home/debian-user/.m2/repository/com/vaadin/flow-data/24.1.5/flow-data-24.1.5.jar:/home/debian-user/.m2/repository/com/vaadin/flow-dnd/24.1.5/flow-dnd-24.1.5.jar:/home/debian-user/.m2/repository/com/vaadin/vaadin-lumo-theme/24.1.4/vaadin-lumo-theme-24.1.4.jar:/home/debian-user/.m2/repository/com/vaadin/vaadin-material-theme/24.1.4/vaadin-material-theme-24.1.4.jar:/home/debian-user/.m2/repository/com/vaadin/vaadin-accordion-flow/24.1.4/vaadin-accordion-flow-24.1.4.jar:/home/debian-user/.m2/repository/com/vaadin/vaadin-avatar-flow/24.1.4/vaadin-avatar-flow-24.1.4.jar:/home/debian-user/.m2/repository/com/vaadin/vaadin-flow-components-base/24.1.4/vaadin-flow-components-base-24.1.4.jar:/home/debian-user/.m2/repository/com/vaadin/vaadin-button-flow/24.1.4/vaadin-button-flow-24.1.4.jar:/home/debian-user/.m2/repository/com/vaadin/vaadin-checkbox-flow/24.1.4/vaadin-checkbox-flow-24.1.4.jar:/home/debian-user/.m2/repository/com/vaadin/vaadin-combo-box-flow/24.1.4/vaadin-combo-box-flow-24.1.4.jar:/home/debian-user/.m2/repository/com/vaadin/vaadin-confirm-dialog-flow/24.1.4/vaadin-confirm-dialog-flow-24.1.4.jar:/home/debian-user/.m2/repository/com/vaadin/vaadin-custom-field-flow/24.1.4/vaadin-custom-field-flow-24.1.4.jar:/home/debian-user/.m2/repository/com/vaadin/vaadin-date-picker-flow/24.1.4/vaadin-date-picker-flow-24.1.4.jar:/home/debian-user/.m2/repository/com/vaadin/vaadin-date-time-picker-flow/24.1.4/vaadin-date-time-picker-flow-24.1.4.jar:/home/debian-user/.m2/repository/com/vaadin/vaadin-details-flow/24.1.4/vaadin-details-flow-24.1.4.jar:/home/debian-user/.m2/repository/com/vaadin/vaadin-time-picker-flow/24.1.4/vaadin-time-picker-flow-24.1.4.jar:/home/debian-user/.m2/repository/com/vaadin/vaadin-select-flow/24.1.4/vaadin-select-flow-24.1.4.jar:/home/debian-user/.m2/repository/com/vaadin/vaadin-side-nav-flow/24.1.4/vaadin-side-nav-flow-24.1.4.jar:/home/debian-user/.m2/repository/com/vaadin/vaadin-dialog-flow/24.1.4/vaadin-dialog-flow-24.1.4.jar:/home/debian-user/.m2/repository/com/vaadin/vaadin-form-layout-flow/24.1.4/vaadin-form-layout-flow-24.1.4.jar:/home/debian-user/.m2/repository/com/vaadin/vaadin-field-highlighter-flow/24.1.4/vaadin-field-highlighter-flow-24.1.4.jar:/home/debian-user/.m2/repository/com/vaadin/vaadin-grid-flow/24.1.4/vaadin-grid-flow-24.1.4.jar:/home/debian-user/.m2/repository/org/apache/commons/commons-lang3/3.12.0/commons-lang3-3.12.0.jar:/home/debian-user/.m2/repository/com/vaadin/vaadin-icons-flow/24.1.4/vaadin-icons-flow-24.1.4.jar:/home/debian-user/.m2/repository/com/vaadin/vaadin-virtual-list-flow/24.1.4/vaadin-virtual-list-flow-24.1.4.jar:/home/debian-user/.m2/repository/com/vaadin/vaadin-list-box-flow/24.1.4/vaadin-list-box-flow-24.1.4.jar:/home/debian-user/.m2/repository/com/vaadin/vaadin-login-flow/24.1.4/vaadin-login-flow-24.1.4.jar:/home/debian-user/.m2/repository/com/vaadin/vaadin-messages-flow/24.1.4/vaadin-messages-flow-24.1.4.jar:/home/debian-user/.m2/repository/com/vaadin/vaadin-ordered-layout-flow/24.1.4/vaadin-ordered-layout-flow-24.1.4.jar:/home/debian-user/.m2/repository/com/vaadin/vaadin-progress-bar-flow/24.1.4/vaadin-progress-bar-flow-24.1.4.jar:/home/debian-user/.m2/repository/com/vaadin/vaadin-radio-button-flow/24.1.4/vaadin-radio-button-flow-24.1.4.jar:/home/debian-user/.m2/repository/com/vaadin/vaadin-renderer-flow/24.1.4/vaadin-renderer-flow-24.1.4.jar:/home/debian-user/.m2/repository/com/vaadin/vaadin-split-layout-flow/24.1.4/vaadin-split-layout-flow-24.1.4.jar:/home/debian-user/.m2/repository/com/vaadin/vaadin-tabs-flow/24.1.4/vaadin-tabs-flow-24.1.4.jar:/home/debian-user/.m2/repository/com/vaadin/vaadin-text-field-flow/24.1.4/vaadin-text-field-flow-24.1.4.jar:/home/debian-user/.m2/repository/com/vaadin/vaadin-upload-flow/24.1.4/vaadin-upload-flow-24.1.4.jar:/home/debian-user/.m2/repository/com/vaadin/vaadin-notification-flow/24.1.4/vaadin-notification-flow-24.1.4.jar:/home/debian-user/.m2/repository/com/vaadin/vaadin-app-layout-flow/24.1.4/vaadin-app-layout-flow-24.1.4.jar:/home/debian-user/.m2/repository/com/vaadin/vaadin-context-menu-flow/24.1.4/vaadin-context-menu-flow-24.1.4.jar:/home/debian-user/.m2/repository/com/vaadin/vaadin-menu-bar-flow/24.1.4/vaadin-menu-bar-flow-24.1.4.jar:/home/debian-user/.m2/repository/com/vaadin/vaadin-spring-boot-starter/24.1.4/vaadin-spring-boot-starter-24.1.4.jar:/home/debian-user/.m2/repository/com/vaadin/vaadin-spring/24.1.5/vaadin-spring-24.1.5.jar:/home/debian-user/.m2/repository/org/springframework/spring-websocket/6.0.9/spring-websocket-6.0.9.jar:/home/debian-user/.m2/repository/org/reflections/reflections/0.10.2/reflections-0.10.2.jar:/home/debian-user/.m2/repository/com/google/code/findbugs/jsr305/3.0.2/jsr305-3.0.2.jar:/home/debian-user/.m2/repository/org/parttio/line-awesome/1.1.0/line-awesome-1.1.0.jar:/home/debian-user/.m2/repository/com/h2database/h2/2.1.214/h2-2.1.214.jar:/home/debian-user/.m2/repository/org/springframework/boot/spring-boot-starter-data-jpa/3.1.0/spring-boot-starter-data-jpa-3.1.0.jar:/home/debian-user/.m2/repository/org/springframework/boot/spring-boot-starter-aop/3.1.0/spring-boot-starter-aop-3.1.0.jar:/home/debian-user/.m2/repository/org/aspectj/aspectjweaver/1.9.19/aspectjweaver-1.9.19.jar:/home/debian-user/.m2/repository/org/springframework/boot/spring-boot-starter-jdbc/3.1.0/spring-boot-starter-jdbc-3.1.0.jar:/home/debian-user/.m2/repository/com/zaxxer/HikariCP/5.0.1/HikariCP-5.0.1.jar:/home/debian-user/.m2/repository/org/springframework/spring-jdbc/6.0.9/spring-jdbc-6.0.9.jar:/home/debian-user/.m2/repository/org/hibernate/orm/hibernate-core/6.2.2.Final/hibernate-core-6.2.2.Final.jar:/home/debian-user/.m2/repository/jakarta/persistence/jakarta.persistence-api/3.1.0/jakarta.persistence-api-3.1.0.jar:/home/debian-user/.m2/repository/jakarta/transaction/jakarta.transaction-api/2.0.1/jakarta.transaction-api-2.0.1.jar:/home/debian-user/.m2/repository/org/jboss/logging/jboss-logging/3.5.0.Final/jboss-logging-3.5.0.Final.jar:/home/debian-user/.m2/repository/org/hibernate/common/hibernate-commons-annotations/6.0.6.Final/hibernate-commons-annotations-6.0.6.Final.jar:/home/debian-user/.m2/repository/io/smallrye/jandex/3.0.5/jandex-3.0.5.jar:/home/debian-user/.m2/repository/com/fasterxml/classmate/1.5.1/classmate-1.5.1.jar:/home/debian-user/.m2/repository/net/bytebuddy/byte-buddy/1.14.4/byte-buddy-1.14.4.jar:/home/debian-user/.m2/repository/org/glassfish/jaxb/jaxb-runtime/4.0.2/jaxb-runtime-4.0.2.jar:/home/debian-user/.m2/repository/org/glassfish/jaxb/jaxb-core/4.0.2/jaxb-core-4.0.2.jar:/home/debian-user/.m2/repository/org/eclipse/angus/angus-activation/2.0.0/angus-activation-2.0.0.jar:/home/debian-user/.m2/repository/org/glassfish/jaxb/txw2/4.0.2/txw2-4.0.2.jar:/home/debian-user/.m2/repository/com/sun/istack/istack-commons-runtime/4.1.1/istack-commons-runtime-4.1.1.jar:/home/debian-user/.m2/repository/jakarta/inject/jakarta.inject-api/2.0.1/jakarta.inject-api-2.0.1.jar:/home/debian-user/.m2/repository/org/antlr/antlr4-runtime/4.10.1/antlr4-runtime-4.10.1.jar:/home/debian-user/.m2/repository/org/springframework/data/spring-data-jpa/3.1.0/spring-data-jpa-3.1.0.jar:/home/debian-user/.m2/repository/org/springframework/data/spring-data-commons/3.1.0/spring-data-commons-3.1.0.jar:/home/debian-user/.m2/repository/org/springframework/spring-orm/6.0.9/spring-orm-6.0.9.jar:/home/debian-user/.m2/repository/org/springframework/spring-context/6.0.9/spring-context-6.0.9.jar:/home/debian-user/.m2/repository/org/springframework/spring-tx/6.0.9/spring-tx-6.0.9.jar:/home/debian-user/.m2/repository/org/springframework/spring-beans/6.0.9/spring-beans-6.0.9.jar:/home/debian-user/.m2/repository/org/springframework/spring-aspects/6.0.9/spring-aspects-6.0.9.jar:/home/debian-user/.m2/repository/org/springframework/boot/spring-boot-starter-validation/3.1.0/spring-boot-starter-validation-3.1.0.jar:/home/debian-user/.m2/repository/org/apache/tomcat/embed/tomcat-embed-el/10.1.8/tomcat-embed-el-10.1.8.jar:/home/debian-user/.m2/repository/org/hibernate/validator/hibernate-validator/8.0.0.Final/hibernate-validator-8.0.0.Final.jar:/home/debian-user/.m2/repository/jakarta/validation/jakarta.validation-api/3.0.2/jakarta.validation-api-3.0.2.jar:/home/debian-user/.m2/repository/org/springframework/boot/spring-boot-devtools/3.1.0/spring-boot-devtools-3.1.0.jar:/home/debian-user/.m2/repository/org/springframework/boot/spring-boot/3.1.0/spring-boot-3.1.0.jar:/home/debian-user/.m2/repository/org/springframework/boot/spring-boot-autoconfigure/3.1.0/spring-boot-autoconfigure-3.1.0.jar:/home/debian-user/.m2/repository/org/springframework/boot/spring-boot-starter-test/3.1.0/spring-boot-starter-test-3.1.0.jar:/home/debian-user/.m2/repository/org/springframework/boot/spring-boot-test/3.1.0/spring-boot-test-3.1.0.jar:/home/debian-user/.m2/repository/org/springframework/boot/spring-boot-test-autoconfigure/3.1.0/spring-boot-test-autoconfigure-3.1.0.jar:/home/debian-user/.m2/repository/com/jayway/jsonpath/json-path/2.8.0/json-path-2.8.0.jar:/home/debian-user/.m2/repository/jakarta/xml/bind/jakarta.xml.bind-api/4.0.0/jakarta.xml.bind-api-4.0.0.jar:/home/debian-user/.m2/repository/jakarta/activation/jakarta.activation-api/2.1.2/jakarta.activation-api-2.1.2.jar:/home/debian-user/.m2/repository/net/minidev/json-smart/2.4.10/json-smart-2.4.10.jar:/home/debian-user/.m2/repository/net/minidev/accessors-smart/2.4.9/accessors-smart-2.4.9.jar:/home/debian-user/.m2/repository/org/assertj/assertj-core/3.24.2/assertj-core-3.24.2.jar:/home/debian-user/.m2/repository/org/hamcrest/hamcrest/2.2/hamcrest-2.2.jar:/home/debian-user/.m2/repository/org/junit/jupiter/junit-jupiter/5.9.3/junit-jupiter-5.9.3.jar:/home/debian-user/.m2/repository/org/junit/jupiter/junit-jupiter-api/5.9.3/junit-jupiter-api-5.9.3.jar:/home/debian-user/.m2/repository/org/opentest4j/opentest4j/1.2.0/opentest4j-1.2.0.jar:/home/debian-user/.m2/repository/org/junit/platform/junit-platform-commons/1.9.3/junit-platform-commons-1.9.3.jar:/home/debian-user/.m2/repository/org/apiguardian/apiguardian-api/1.1.2/apiguardian-api-1.1.2.jar:/home/debian-user/.m2/repository/org/junit/jupiter/junit-jupiter-params/5.9.3/junit-jupiter-params-5.9.3.jar:/home/debian-user/.m2/repository/org/junit/jupiter/junit-jupiter-engine/5.9.3/junit-jupiter-engine-5.9.3.jar:/home/debian-user/.m2/repository/org/junit/platform/junit-platform-engine/1.9.3/junit-platform-engine-1.9.3.jar:/home/debian-user/.m2/repository/org/mockito/mockito-core/5.3.1/mockito-core-5.3.1.jar:/home/debian-user/.m2/repository/net/bytebuddy/byte-buddy-agent/1.14.4/byte-buddy-agent-1.14.4.jar:/home/debian-user/.m2/repository/org/objenesis/objenesis/3.3/objenesis-3.3.jar:/home/debian-user/.m2/repository/org/mockito/mockito-junit-jupiter/5.3.1/mockito-junit-jupiter-5.3.1.jar:/home/debian-user/.m2/repository/org/skyscreamer/jsonassert/1.5.1/jsonassert-1.5.1.jar:/home/debian-user/.m2/repository/com/vaadin/external/google/android-json/0.0.20131108.vaadin1/android-json-0.0.20131108.vaadin1.jar:/home/debian-user/.m2/repository/org/springframework/spring-core/6.0.9/spring-core-6.0.9.jar:/home/debian-user/.m2/repository/org/springframework/spring-jcl/6.0.9/spring-jcl-6.0.9.jar:/home/debian-user/.m2/repository/org/springframework/spring-test/6.0.9/spring-test-6.0.9.jar:/home/debian-user/.m2/repository/org/xmlunit/xmlunit-core/2.9.1/xmlunit-core-2.9.1.jar:/home/debian-user/.m2/repository/org/springframework/boot/spring-boot-starter-security/3.1.0/spring-boot-starter-security-3.1.0.jar:/home/debian-user/.m2/repository/org/springframework/spring-aop/6.0.9/spring-aop-6.0.9.jar:/home/debian-user/.m2/repository/org/springframework/security/spring-security-config/6.1.0/spring-security-config-6.1.0.jar:/home/debian-user/.m2/repository/org/springframework/security/spring-security-core/6.1.0/spring-security-core-6.1.0.jar:/home/debian-user/.m2/repository/org/springframework/security/spring-security-crypto/6.1.0/spring-security-crypto-6.1.0.jar:/home/debian-user/.m2/repository/org/springframework/security/spring-security-web/6.1.0/spring-security-web-6.1.0.jar:/home/debian-user/.m2/repository/org/springframework/spring-expression/6.0.9/spring-expression-6.0.9.jar:/home/debian-user/.m2/repository/org/springframework/boot/spring-boot-starter-web/3.1.0/spring-boot-starter-web-3.1.0.jar:/home/debian-user/.m2/repository/org/springframework/boot/spring-boot-starter-json/3.1.0/spring-boot-starter-json-3.1.0.jar:/home/debian-user/.m2/repository/com/fasterxml/jackson/datatype/jackson-datatype-jdk8/2.15.0/jackson-datatype-jdk8-2.15.0.jar:/home/debian-user/.m2/repository/com/fasterxml/jackson/datatype/jackson-datatype-jsr310/2.15.0/jackson-datatype-jsr310-2.15.0.jar:/home/debian-user/.m2/repository/com/fasterxml/jackson/module/jackson-module-parameter-names/2.15.0/jackson-module-parameter-names-2.15.0.jar:/home/debian-user/.m2/repository/org/springframework/boot/spring-boot-starter-tomcat/3.1.0/spring-boot-starter-tomcat-3.1.0.jar:/home/debian-user/.m2/repository/org/apache/tomcat/embed/tomcat-embed-core/10.1.8/tomcat-embed-core-10.1.8.jar:/home/debian-user/.m2/repository/org/apache/tomcat/embed/tomcat-embed-websocket/10.1.8/tomcat-embed-websocket-10.1.8.jar:/home/debian-user/.m2/repository/org/springframework/spring-web/6.0.9/spring-web-6.0.9.jar:/home/debian-user/.m2/repository/io/micrometer/micrometer-observation/1.11.0/micrometer-observation-1.11.0.jar:/home/debian-user/.m2/repository/io/micrometer/micrometer-commons/1.11.0/micrometer-commons-1.11.0.jar:/home/debian-user/.m2/repository/org/springframework/spring-webmvc/6.0.9/spring-webmvc-6.0.9.jar:/home/debian-user/.m2/repository/org/springframework/boot/spring-boot-starter-hateoas/3.1.0/spring-boot-starter-hateoas-3.1.0.jar:/home/debian-user/.m2/repository/org/springframework/hateoas/spring-hateoas/2.1.0/spring-hateoas-2.1.0.jar:/home/debian-user/.m2/repository/org/springframework/plugin/spring-plugin-core/3.0.0/spring-plugin-core-3.0.0.jar:/home/debian-user/.m2/repository/net/datafaker/datafaker/2.0.0/datafaker-2.0.0.jar:/home/debian-user/.m2/repository/org/yaml/snakeyaml/1.33/snakeyaml-1.33.jar:/home/debian-user/.m2/repository/com/github/mifmif/generex/1.0.2/generex-1.0.2.jar:/home/debian-user/.m2/repository/dk/brics/automaton/automaton/1.11-8/automaton-1.11-8.jar:/home/debian-user/.m2/repository/org/modelmapper/modelmapper/3.1.1/modelmapper-3.1.1.jar:/home/debian-user/.m2/repository/com/fasterxml/jackson/core/jackson-databind/2.15.0/jackson-databind-2.15.0.jar:/home/debian-user/.m2/repository/com/fasterxml/jackson/core/jackson-annotations/2.15.0/jackson-annotations-2.15.0.jar:/home/debian-user/.m2/repository/com/fasterxml/jackson/core/jackson-core/2.15.0/jackson-core-2.15.0.jar:/home/debian-user/.m2/repository/org/thymeleaf/thymeleaf/3.1.1.RELEASE/thymeleaf-3.1.1.RELEASE.jar:/home/debian-user/.m2/repository/ognl/ognl/3.3.4/ognl-3.3.4.jar:/home/debian-user/.m2/repository/org/javassist/javassist/3.29.0-GA/javassist-3.29.0-GA.jar:/home/debian-user/.m2/repository/org/attoparser/attoparser/2.0.6.RELEASE/attoparser-2.0.6.RELEASE.jar:/home/debian-user/.m2/repository/org/unbescape/unbescape/1.1.6.RELEASE/unbescape-1.1.6.RELEASE.jar:/home/debian-user/.m2/repository/org/slf4j/slf4j-api/2.0.7/slf4j-api-2.0.7.jar:/home/debian-user/.m2/repository/org/springframework/boot/spring-boot-starter/3.1.0/spring-boot-starter-3.1.0.jar:/home/debian-user/.m2/repository/org/springframework/boot/spring-boot-starter-logging/3.1.0/spring-boot-starter-logging-3.1.0.jar:/home/debian-user/.m2/repository/ch/qos/logback/logback-classic/1.4.7/logback-classic-1.4.7.jar:/home/debian-user/.m2/repository/ch/qos/logback/logback-core/1.4.7/logback-core-1.4.7.jar:/home/debian-user/.m2/repository/org/apache/logging/log4j/log4j-to-slf4j/2.20.0/log4j-to-slf4j-2.20.0.jar:/home/debian-user/.m2/repository/org/apache/logging/log4j/log4j-api/2.20.0/log4j-api-2.20.0.jar:/home/debian-user/.m2/repository/org/slf4j/jul-to-slf4j/2.0.7/jul-to-slf4j-2.0.7.jar:/home/debian-user/.m2/repository/jakarta/annotation/jakarta.annotation-api/2.1.1/jakarta.annotation-api-2.1.1.jar:"/>
    <property name="java.vm.vendor" value="Debian"/>
    <property name="sun.arch.data.model" value="64"/>
    <property name="spring.devtools.livereload.port" value="35729"/>
    <property name="java.vendor.url" value="https://tracker.debian.org/openjdk-17"/>
    <property name="user.timezone" value="America/Buenos_Aires"/>
    <property name="org.jboss.logging.provider" value="slf4j"/>
    <property name="os.name" value="Linux"/>
    <property name="java.vm.specification.version" value="17"/>
    <property name="sun.java.launcher" value="SUN_STANDARD"/>
    <property name="user.country" value="US"/>
    <property name="sun.boot.library.path" value="/usr/lib/jvm/java-17-openjdk-amd64/lib"/>
    <property name="sun.java.command" value="/home/debian-user/Documents/workspace-spring-tool-suite-4-4.20.0.RELEASE/airport-management/target/surefire/surefirebooter-20231008025611204_3.jar /home/debian-user/Documents/workspace-spring-tool-suite-4-4.20.0.RELEASE/airport-management/target/surefire 2023-10-08T02-56-11_084-jvmRun1 surefire-20231008025611204_1tmp surefire_0-20231008025611204_2tmp"/>
    <property name="jdk.debug" value="release"/>
    <property name="surefire.test.class.path" value="/home/debian-user/Documents/workspace-spring-tool-suite-4-4.20.0.RELEASE/airport-management/target/test-classes:/home/debian-user/Documents/workspace-spring-tool-suite-4-4.20.0.RELEASE/airport-management/target/classes:/home/debian-user/.m2/repository/com/vaadin/vaadin-core/24.1.4/vaadin-core-24.1.4.jar:/home/debian-user/.m2/repository/com/vaadin/vaadin-core-internal/24.1.4/vaadin-core-internal-24.1.4.jar:/home/debian-user/.m2/repository/com/vaadin/flow-server/24.1.5/flow-server-24.1.5.jar:/home/debian-user/.m2/repository/com/vaadin/servletdetector/throw-if-servlet3/1.0.2/throw-if-servlet3-1.0.2.jar:/home/debian-user/.m2/repository/com/vaadin/external/gwt/gwt-elemental/2.8.2.vaadin2/gwt-elemental-2.8.2.vaadin2.jar:/home/debian-user/.m2/repository/com/vaadin/flow-commons-upload/24.1.5/flow-commons-upload-24.1.5.jar:/home/debian-user/.m2/repository/commons-io/commons-io/2.11.0/commons-io-2.11.0.jar:/home/debian-user/.m2/repository/org/jsoup/jsoup/1.16.1/jsoup-1.16.1.jar:/home/debian-user/.m2/repository/com/helger/ph-css/7.0.0/ph-css-7.0.0.jar:/home/debian-user/.m2/repository/com/helger/commons/ph-commons/11.0.1/ph-commons-11.0.1.jar:/home/debian-user/.m2/repository/org/ow2/asm/asm/9.5/asm-9.5.jar:/home/debian-user/.m2/repository/com/vaadin/external/gentyref/1.2.0.vaadin1/gentyref-1.2.0.vaadin1.jar:/home/debian-user/.m2/repository/org/apache/commons/commons-compress/1.23.0/commons-compress-1.23.0.jar:/home/debian-user/.m2/repository/org/apache/httpcomponents/httpclient/4.5.14/httpclient-4.5.14.jar:/home/debian-user/.m2/repository/org/apache/httpcomponents/httpcore/4.4.16/httpcore-4.4.16.jar:/home/debian-user/.m2/repository/commons-logging/commons-logging/1.2/commons-logging-1.2.jar:/home/debian-user/.m2/repository/commons-codec/commons-codec/1.15/commons-codec-1.15.jar:/home/debian-user/.m2/repository/com/vaadin/flow-lit-template/24.1.5/flow-lit-template-24.1.5.jar:/home/debian-user/.m2/repository/com/vaadin/flow-push/24.1.5/flow-push-24.1.5.jar:/home/debian-user/.m2/repository/com/vaadin/external/atmosphere/atmosphere-runtime/3.0.3.slf4jvaadin1/atmosphere-runtime-3.0.3.slf4jvaadin1.jar:/home/debian-user/.m2/repository/com/vaadin/flow-client/24.1.5/flow-client-24.1.5.jar:/home/debian-user/.m2/repository/com/vaadin/flow-html-components/24.1.5/flow-html-components-24.1.5.jar:/home/debian-user/.m2/repository/com/vaadin/flow-data/24.1.5/flow-data-24.1.5.jar:/home/debian-user/.m2/repository/com/vaadin/flow-dnd/24.1.5/flow-dnd-24.1.5.jar:/home/debian-user/.m2/repository/com/vaadin/vaadin-lumo-theme/24.1.4/vaadin-lumo-theme-24.1.4.jar:/home/debian-user/.m2/repository/com/vaadin/vaadin-material-theme/24.1.4/vaadin-material-theme-24.1.4.jar:/home/debian-user/.m2/repository/com/vaadin/vaadin-accordion-flow/24.1.4/vaadin-accordion-flow-24.1.4.jar:/home/debian-user/.m2/repository/com/vaadin/vaadin-avatar-flow/24.1.4/vaadin-avatar-flow-24.1.4.jar:/home/debian-user/.m2/repository/com/vaadin/vaadin-flow-components-base/24.1.4/vaadin-flow-components-base-24.1.4.jar:/home/debian-user/.m2/repository/com/vaadin/vaadin-button-flow/24.1.4/vaadin-button-flow-24.1.4.jar:/home/debian-user/.m2/repository/com/vaadin/vaadin-checkbox-flow/24.1.4/vaadin-checkbox-flow-24.1.4.jar:/home/debian-user/.m2/repository/com/vaadin/vaadin-combo-box-flow/24.1.4/vaadin-combo-box-flow-24.1.4.jar:/home/debian-user/.m2/repository/com/vaadin/vaadin-confirm-dialog-flow/24.1.4/vaadin-confirm-dialog-flow-24.1.4.jar:/home/debian-user/.m2/repository/com/vaadin/vaadin-custom-field-flow/24.1.4/vaadin-custom-field-flow-24.1.4.jar:/home/debian-user/.m2/repository/com/vaadin/vaadin-date-picker-flow/24.1.4/vaadin-date-picker-flow-24.1.4.jar:/home/debian-user/.m2/repository/com/vaadin/vaadin-date-time-picker-flow/24.1.4/vaadin-date-time-picker-flow-24.1.4.jar:/home/debian-user/.m2/repository/com/vaadin/vaadin-details-flow/24.1.4/vaadin-details-flow-24.1.4.jar:/home/debian-user/.m2/repository/com/vaadin/vaadin-time-picker-flow/24.1.4/vaadin-time-picker-flow-24.1.4.jar:/home/debian-user/.m2/repository/com/vaadin/vaadin-select-flow/24.1.4/vaadin-select-flow-24.1.4.jar:/home/debian-user/.m2/repository/com/vaadin/vaadin-side-nav-flow/24.1.4/vaadin-side-nav-flow-24.1.4.jar:/home/debian-user/.m2/repository/com/vaadin/vaadin-dialog-flow/24.1.4/vaadin-dialog-flow-24.1.4.jar:/home/debian-user/.m2/repository/com/vaadin/vaadin-form-layout-flow/24.1.4/vaadin-form-layout-flow-24.1.4.jar:/home/debian-user/.m2/repository/com/vaadin/vaadin-field-highlighter-flow/24.1.4/vaadin-field-highlighter-flow-24.1.4.jar:/home/debian-user/.m2/repository/com/vaadin/vaadin-grid-flow/24.1.4/vaadin-grid-flow-24.1.4.jar:/home/debian-user/.m2/repository/org/apache/commons/commons-lang3/3.12.0/commons-lang3-3.12.0.jar:/home/debian-user/.m2/repository/com/vaadin/vaadin-icons-flow/24.1.4/vaadin-icons-flow-24.1.4.jar:/home/debian-user/.m2/repository/com/vaadin/vaadin-virtual-list-flow/24.1.4/vaadin-virtual-list-flow-24.1.4.jar:/home/debian-user/.m2/repository/com/vaadin/vaadin-list-box-flow/24.1.4/vaadin-list-box-flow-24.1.4.jar:/home/debian-user/.m2/repository/com/vaadin/vaadin-login-flow/24.1.4/vaadin-login-flow-24.1.4.jar:/home/debian-user/.m2/repository/com/vaadin/vaadin-messages-flow/24.1.4/vaadin-messages-flow-24.1.4.jar:/home/debian-user/.m2/repository/com/vaadin/vaadin-ordered-layout-flow/24.1.4/vaadin-ordered-layout-flow-24.1.4.jar:/home/debian-user/.m2/repository/com/vaadin/vaadin-progress-bar-flow/24.1.4/vaadin-progress-bar-flow-24.1.4.jar:/home/debian-user/.m2/repository/com/vaadin/vaadin-radio-button-flow/24.1.4/vaadin-radio-button-flow-24.1.4.jar:/home/debian-user/.m2/repository/com/vaadin/vaadin-renderer-flow/24.1.4/vaadin-renderer-flow-24.1.4.jar:/home/debian-user/.m2/repository/com/vaadin/vaadin-split-layout-flow/24.1.4/vaadin-split-layout-flow-24.1.4.jar:/home/debian-user/.m2/repository/com/vaadin/vaadin-tabs-flow/24.1.4/vaadin-tabs-flow-24.1.4.jar:/home/debian-user/.m2/repository/com/vaadin/vaadin-text-field-flow/24.1.4/vaadin-text-field-flow-24.1.4.jar:/home/debian-user/.m2/repository/com/vaadin/vaadin-upload-flow/24.1.4/vaadin-upload-flow-24.1.4.jar:/home/debian-user/.m2/repository/com/vaadin/vaadin-notification-flow/24.1.4/vaadin-notification-flow-24.1.4.jar:/home/debian-user/.m2/repository/com/vaadin/vaadin-app-layout-flow/24.1.4/vaadin-app-layout-flow-24.1.4.jar:/home/debian-user/.m2/repository/com/vaadin/vaadin-context-menu-flow/24.1.4/vaadin-context-menu-flow-24.1.4.jar:/home/debian-user/.m2/repository/com/vaadin/vaadin-menu-bar-flow/24.1.4/vaadin-menu-bar-flow-24.1.4.jar:/home/debian-user/.m2/repository/com/vaadin/vaadin-spring-boot-starter/24.1.4/vaadin-spring-boot-starter-24.1.4.jar:/home/debian-user/.m2/repository/com/vaadin/vaadin-spring/24.1.5/vaadin-spring-24.1.5.jar:/home/debian-user/.m2/repository/org/springframework/spring-websocket/6.0.9/spring-websocket-6.0.9.jar:/home/debian-user/.m2/repository/org/reflections/reflections/0.10.2/reflections-0.10.2.jar:/home/debian-user/.m2/repository/com/google/code/findbugs/jsr305/3.0.2/jsr305-3.0.2.jar:/home/debian-user/.m2/repository/org/parttio/line-awesome/1.1.0/line-awesome-1.1.0.jar:/home/debian-user/.m2/repository/com/h2database/h2/2.1.214/h2-2.1.214.jar:/home/debian-user/.m2/repository/org/springframework/boot/spring-boot-starter-data-jpa/3.1.0/spring-boot-starter-data-jpa-3.1.0.jar:/home/debian-user/.m2/repository/org/springframework/boot/spring-boot-starter-aop/3.1.0/spring-boot-starter-aop-3.1.0.jar:/home/debian-user/.m2/repository/org/aspectj/aspectjweaver/1.9.19/aspectjweaver-1.9.19.jar:/home/debian-user/.m2/repository/org/springframework/boot/spring-boot-starter-jdbc/3.1.0/spring-boot-starter-jdbc-3.1.0.jar:/home/debian-user/.m2/repository/com/zaxxer/HikariCP/5.0.1/HikariCP-5.0.1.jar:/home/debian-user/.m2/repository/org/springframework/spring-jdbc/6.0.9/spring-jdbc-6.0.9.jar:/home/debian-user/.m2/repository/org/hibernate/orm/hibernate-core/6.2.2.Final/hibernate-core-6.2.2.Final.jar:/home/debian-user/.m2/repository/jakarta/persistence/jakarta.persistence-api/3.1.0/jakarta.persistence-api-3.1.0.jar:/home/debian-user/.m2/repository/jakarta/transaction/jakarta.transaction-api/2.0.1/jakarta.transaction-api-2.0.1.jar:/home/debian-user/.m2/repository/org/jboss/logging/jboss-logging/3.5.0.Final/jboss-logging-3.5.0.Final.jar:/home/debian-user/.m2/repository/org/hibernate/common/hibernate-commons-annotations/6.0.6.Final/hibernate-commons-annotations-6.0.6.Final.jar:/home/debian-user/.m2/repository/io/smallrye/jandex/3.0.5/jandex-3.0.5.jar:/home/debian-user/.m2/repository/com/fasterxml/classmate/1.5.1/classmate-1.5.1.jar:/home/debian-user/.m2/repository/net/bytebuddy/byte-buddy/1.14.4/byte-buddy-1.14.4.jar:/home/debian-user/.m2/repository/org/glassfish/jaxb/jaxb-runtime/4.0.2/jaxb-runtime-4.0.2.jar:/home/debian-user/.m2/repository/org/glassfish/jaxb/jaxb-core/4.0.2/jaxb-core-4.0.2.jar:/home/debian-user/.m2/repository/org/eclipse/angus/angus-activation/2.0.0/angus-activation-2.0.0.jar:/home/debian-user/.m2/repository/org/glassfish/jaxb/txw2/4.0.2/txw2-4.0.2.jar:/home/debian-user/.m2/repository/com/sun/istack/istack-commons-runtime/4.1.1/istack-commons-runtime-4.1.1.jar:/home/debian-user/.m2/repository/jakarta/inject/jakarta.inject-api/2.0.1/jakarta.inject-api-2.0.1.jar:/home/debian-user/.m2/repository/org/antlr/antlr4-runtime/4.10.1/antlr4-runtime-4.10.1.jar:/home/debian-user/.m2/repository/org/springframework/data/spring-data-jpa/3.1.0/spring-data-jpa-3.1.0.jar:/home/debian-user/.m2/repository/org/springframework/data/spring-data-commons/3.1.0/spring-data-commons-3.1.0.jar:/home/debian-user/.m2/repository/org/springframework/spring-orm/6.0.9/spring-orm-6.0.9.jar:/home/debian-user/.m2/repository/org/springframework/spring-context/6.0.9/spring-context-6.0.9.jar:/home/debian-user/.m2/repository/org/springframework/spring-tx/6.0.9/spring-tx-6.0.9.jar:/home/debian-user/.m2/repository/org/springframework/spring-beans/6.0.9/spring-beans-6.0.9.jar:/home/debian-user/.m2/repository/org/springframework/spring-aspects/6.0.9/spring-aspects-6.0.9.jar:/home/debian-user/.m2/repository/org/springframework/boot/spring-boot-starter-validation/3.1.0/spring-boot-starter-validation-3.1.0.jar:/home/debian-user/.m2/repository/org/apache/tomcat/embed/tomcat-embed-el/10.1.8/tomcat-embed-el-10.1.8.jar:/home/debian-user/.m2/repository/org/hibernate/validator/hibernate-validator/8.0.0.Final/hibernate-validator-8.0.0.Final.jar:/home/debian-user/.m2/repository/jakarta/validation/jakarta.validation-api/3.0.2/jakarta.validation-api-3.0.2.jar:/home/debian-user/.m2/repository/org/springframework/boot/spring-boot-devtools/3.1.0/spring-boot-devtools-3.1.0.jar:/home/debian-user/.m2/repository/org/springframework/boot/spring-boot/3.1.0/spring-boot-3.1.0.jar:/home/debian-user/.m2/repository/org/springframework/boot/spring-boot-autoconfigure/3.1.0/spring-boot-autoconfigure-3.1.0.jar:/home/debian-user/.m2/repository/org/springframework/boot/spring-boot-starter-test/3.1.0/spring-boot-starter-test-3.1.0.jar:/home/debian-user/.m2/repository/org/springframework/boot/spring-boot-test/3.1.0/spring-boot-test-3.1.0.jar:/home/debian-user/.m2/repository/org/springframework/boot/spring-boot-test-autoconfigure/3.1.0/spring-boot-test-autoconfigure-3.1.0.jar:/home/debian-user/.m2/repository/com/jayway/jsonpath/json-path/2.8.0/json-path-2.8.0.jar:/home/debian-user/.m2/repository/jakarta/xml/bind/jakarta.xml.bind-api/4.0.0/jakarta.xml.bind-api-4.0.0.jar:/home/debian-user/.m2/repository/jakarta/activation/jakarta.activation-api/2.1.2/jakarta.activation-api-2.1.2.jar:/home/debian-user/.m2/repository/net/minidev/json-smart/2.4.10/json-smart-2.4.10.jar:/home/debian-user/.m2/repository/net/minidev/accessors-smart/2.4.9/accessors-smart-2.4.9.jar:/home/debian-user/.m2/repository/org/assertj/assertj-core/3.24.2/assertj-core-3.24.2.jar:/home/debian-user/.m2/repository/org/hamcrest/hamcrest/2.2/hamcrest-2.2.jar:/home/debian-user/.m2/repository/org/junit/jupiter/junit-jupiter/5.9.3/junit-jupiter-5.9.3.jar:/home/debian-user/.m2/repository/org/junit/jupiter/junit-jupiter-api/5.9.3/junit-jupiter-api-5.9.3.jar:/home/debian-user/.m2/repository/org/opentest4j/opentest4j/1.2.0/opentest4j-1.2.0.jar:/home/debian-user/.m2/repository/org/junit/platform/junit-platform-commons/1.9.3/junit-platform-commons-1.9.3.jar:/home/debian-user/.m2/repository/org/apiguardian/apiguardian-api/1.1.2/apiguardian-api-1.1.2.jar:/home/debian-user/.m2/repository/org/junit/jupiter/junit-jupiter-params/5.9.3/junit-jupiter-params-5.9.3.jar:/home/debian-user/.m2/repository/org/junit/jupiter/junit-jupiter-engine/5.9.3/junit-jupiter-engine-5.9.3.jar:/home/debian-user/.m2/repository/org/junit/platform/junit-platform-engine/1.9.3/junit-platform-engine-1.9.3.jar:/home/debian-user/.m2/repository/org/mockito/mockito-core/5.3.1/mockito-core-5.3.1.jar:/home/debian-user/.m2/repository/net/bytebuddy/byte-buddy-agent/1.14.4/byte-buddy-agent-1.14.4.jar:/home/debian-user/.m2/repository/org/objenesis/objenesis/3.3/objenesis-3.3.jar:/home/debian-user/.m2/repository/org/mockito/mockito-junit-jupiter/5.3.1/mockito-junit-jupiter-5.3.1.jar:/home/debian-user/.m2/repository/org/skyscreamer/jsonassert/1.5.1/jsonassert-1.5.1.jar:/home/debian-user/.m2/repository/com/vaadin/external/google/android-json/0.0.20131108.vaadin1/android-json-0.0.20131108.vaadin1.jar:/home/debian-user/.m2/repository/org/springframework/spring-core/6.0.9/spring-core-6.0.9.jar:/home/debian-user/.m2/repository/org/springframework/spring-jcl/6.0.9/spring-jcl-6.0.9.jar:/home/debian-user/.m2/repository/org/springframework/spring-test/6.0.9/spring-test-6.0.9.jar:/home/debian-user/.m2/repository/org/xmlunit/xmlunit-core/2.9.1/xmlunit-core-2.9.1.jar:/home/debian-user/.m2/repository/org/springframework/boot/spring-boot-starter-security/3.1.0/spring-boot-starter-security-3.1.0.jar:/home/debian-user/.m2/repository/org/springframework/spring-aop/6.0.9/spring-aop-6.0.9.jar:/home/debian-user/.m2/repository/org/springframework/security/spring-security-config/6.1.0/spring-security-config-6.1.0.jar:/home/debian-user/.m2/repository/org/springframework/security/spring-security-core/6.1.0/spring-security-core-6.1.0.jar:/home/debian-user/.m2/repository/org/springframework/security/spring-security-crypto/6.1.0/spring-security-crypto-6.1.0.jar:/home/debian-user/.m2/repository/org/springframework/security/spring-security-web/6.1.0/spring-security-web-6.1.0.jar:/home/debian-user/.m2/repository/org/springframework/spring-expression/6.0.9/spring-expression-6.0.9.jar:/home/debian-user/.m2/repository/org/springframework/boot/spring-boot-starter-web/3.1.0/spring-boot-starter-web-3.1.0.jar:/home/debian-user/.m2/repository/org/springframework/boot/spring-boot-starter-json/3.1.0/spring-boot-starter-json-3.1.0.jar:/home/debian-user/.m2/repository/com/fasterxml/jackson/datatype/jackson-datatype-jdk8/2.15.0/jackson-datatype-jdk8-2.15.0.jar:/home/debian-user/.m2/repository/com/fasterxml/jackson/datatype/jackson-datatype-jsr310/2.15.0/jackson-datatype-jsr310-2.15.0.jar:/home/debian-user/.m2/repository/com/fasterxml/jackson/module/jackson-module-parameter-names/2.15.0/jackson-module-parameter-names-2.15.0.jar:/home/debian-user/.m2/repository/org/springframework/boot/spring-boot-starter-tomcat/3.1.0/spring-boot-starter-tomcat-3.1.0.jar:/home/debian-user/.m2/repository/org/apache/tomcat/embed/tomcat-embed-core/10.1.8/tomcat-embed-core-10.1.8.jar:/home/debian-user/.m2/repository/org/apache/tomcat/embed/tomcat-embed-websocket/10.1.8/tomcat-embed-websocket-10.1.8.jar:/home/debian-user/.m2/repository/org/springframework/spring-web/6.0.9/spring-web-6.0.9.jar:/home/debian-user/.m2/repository/io/micrometer/micrometer-observation/1.11.0/micrometer-observation-1.11.0.jar:/home/debian-user/.m2/repository/io/micrometer/micrometer-commons/1.11.0/micrometer-commons-1.11.0.jar:/home/debian-user/.m2/repository/org/springframework/spring-webmvc/6.0.9/spring-webmvc-6.0.9.jar:/home/debian-user/.m2/repository/org/springframework/boot/spring-boot-starter-hateoas/3.1.0/spring-boot-starter-hateoas-3.1.0.jar:/home/debian-user/.m2/repository/org/springframework/hateoas/spring-hateoas/2.1.0/spring-hateoas-2.1.0.jar:/home/debian-user/.m2/repository/org/springframework/plugin/spring-plugin-core/3.0.0/spring-plugin-core-3.0.0.jar:/home/debian-user/.m2/repository/net/datafaker/datafaker/2.0.0/datafaker-2.0.0.jar:/home/debian-user/.m2/repository/org/yaml/snakeyaml/1.33/snakeyaml-1.33.jar:/home/debian-user/.m2/repository/com/github/mifmif/generex/1.0.2/generex-1.0.2.jar:/home/debian-user/.m2/repository/dk/brics/automaton/automaton/1.11-8/automaton-1.11-8.jar:/home/debian-user/.m2/repository/org/modelmapper/modelmapper/3.1.1/modelmapper-3.1.1.jar:/home/debian-user/.m2/repository/com/fasterxml/jackson/core/jackson-databind/2.15.0/jackson-databind-2.15.0.jar:/home/debian-user/.m2/repository/com/fasterxml/jackson/core/jackson-annotations/2.15.0/jackson-annotations-2.15.0.jar:/home/debian-user/.m2/repository/com/fasterxml/jackson/core/jackson-core/2.15.0/jackson-core-2.15.0.jar:/home/debian-user/.m2/repository/org/thymeleaf/thymeleaf/3.1.1.RELEASE/thymeleaf-3.1.1.RELEASE.jar:/home/debian-user/.m2/repository/ognl/ognl/3.3.4/ognl-3.3.4.jar:/home/debian-user/.m2/repository/org/javassist/javassist/3.29.0-GA/javassist-3.29.0-GA.jar:/home/debian-user/.m2/repository/org/attoparser/attoparser/2.0.6.RELEASE/attoparser-2.0.6.RELEASE.jar:/home/debian-user/.m2/repository/org/unbescape/unbescape/1.1.6.RELEASE/unbescape-1.1.6.RELEASE.jar:/home/debian-user/.m2/repository/org/slf4j/slf4j-api/2.0.7/slf4j-api-2.0.7.jar:/home/debian-user/.m2/repository/org/springframework/boot/spring-boot-starter/3.1.0/spring-boot-starter-3.1.0.jar:/home/debian-user/.m2/repository/org/springframework/boot/spring-boot-starter-logging/3.1.0/spring-boot-starter-logging-3.1.0.jar:/home/debian-user/.m2/repository/ch/qos/logback/logback-classic/1.4.7/logback-classic-1.4.7.jar:/home/debian-user/.m2/repository/ch/qos/logback/logback-core/1.4.7/logback-core-1.4.7.jar:/home/debian-user/.m2/repository/org/apache/logging/log4j/log4j-to-slf4j/2.20.0/log4j-to-slf4j-2.20.0.jar:/home/debian-user/.m2/repository/org/apache/logging/log4j/log4j-api/2.20.0/log4j-api-2.20.0.jar:/home/debian-user/.m2/repository/org/slf4j/jul-to-slf4j/2.0.7/jul-to-slf4j-2.0.7.jar:/home/debian-user/.m2/repository/jakarta/annotation/jakarta.annotation-api/2.1.1/jakarta.annotation-api-2.1.1.jar:"/>
    <property name="sun.cpu.endian" value="little"/>
    <property name="user.home" value="/home/debian-user"/>
    <property name="user.language" value="en"/>
    <property name="java.specification.vendor" value="Oracle Corporation"/>
    <property name="java.version.date" value="2023-07-18"/>
    <property name="java.home" value="/usr/lib/jvm/java-17-openjdk-amd64"/>
    <property name="file.separator" value="/"/>
    <property name="basedir" value="/home/debian-user/Documents/workspace-spring-tool-suite-4-4.20.0.RELEASE/airport-management"/>
    <property name="java.vm.compressedOopsMode" value="Zero based"/>
    <property name="line.separator" value="&#10;"/>
    <property name="java.specification.name" value="Java Platform API Specification"/>
    <property name="java.vm.specification.vendor" value="Oracle Corporation"/>
    <property name="FILE_LOG_CHARSET" value="UTF-8"/>
    <property name="java.awt.headless" value="true"/>
    <property name="surefire.real.class.path" value="/home/debian-user/Documents/workspace-spring-tool-suite-4-4.20.0.RELEASE/airport-management/target/surefire/surefirebooter-20231008025611204_3.jar"/>
    <property name="sun.management.compiler" value="HotSpot 64-Bit Tiered Compilers"/>
    <property name="java.runtime.version" value="17.0.8+7-Debian-1deb12u1"/>
    <property name="user.name" value="debian-user"/>
    <property name="path.separator" value=":"/>
    <property name="os.version" value="6.1.0-12-amd64"/>
    <property name="java.runtime.name" value="OpenJDK Runtime Environment"/>
    <property name="file.encoding" value="UTF-8"/>
    <property name="java.vm.name" value="OpenJDK 64-Bit Server VM"/>
    <property name="localRepository" value="/home/debian-user/.m2/repository"/>
    <property name="java.vendor.url.bug" value="https://bugs.debian.org/openjdk-17"/>
    <property name="java.io.tmpdir" value="/tmp"/>
    <property name="com.zaxxer.hikari.pool_number" value="1"/>
    <property name="java.version" value="17.0.8"/>
    <property name="user.dir" value="/home/debian-user/Documents/workspace-spring-tool-suite-4-4.20.0.RELEASE/airport-management"/>
    <property name="os.arch" value="amd64"/>
    <property name="java.vm.specification.name" value="Java Virtual Machine Specification"/>
    <property name="PID" value="70844"/>
    <property name="CONSOLE_LOG_CHARSET" value="UTF-8"/>
    <property name="native.encoding" value="UTF-8"/>
    <property name="java.library.path" value="/usr/java/packages/lib:/usr/lib/x86_64-linux-gnu/jni:/lib/x86_64-linux-gnu:/usr/lib/x86_64-linux-gnu:/usr/lib/jni:/lib:/usr/lib"/>
    <property name="java.vm.info" value="mixed mode, sharing"/>
    <property name="java.vendor" value="Debian"/>
    <property name="java.vm.version" value="17.0.8+7-Debian-1deb12u1"/>
    <property name="sun.io.unicode.encoding" value="UnicodeLittle"/>
    <property name="java.class.version" value="61.0"/>
  </properties>
  <testcase name="contextLoads" classname="com.tsti.Daos2023ApplicationTests" time="0.786">
    <system-out><![CDATA[02:56:12.495 [main] INFO org.springframework.test.context.support.AnnotationConfigContextLoaderUtils -- Could not detect default configuration classes for test class [com.tsti.Daos2023ApplicationTests]: Daos2023ApplicationTests does not declare any static, non-private, non-final, nested classes annotated with @Configuration.
02:56:12.629 [main] INFO org.springframework.boot.test.context.SpringBootTestContextBootstrapper -- Found @SpringBootConfiguration com.tsti.Daos2023Application for test class com.tsti.Daos2023ApplicationTests

  .   ____          _            __ _ _
 /\\ / ___'_ __ _ _(_)_ __  __ _ \ \ \ \
( ( )\___ | '_ | '_| | '_ \/ _` | \ \ \ \
 \\/  ___)| |_)| | | | | || (_| |  ) ) ) )
  '  |____| .__|_| |_|_| |_\__, | / / / /
 =========|_|==============|___/=/_/_/_/
 :: Spring Boot ::                (v3.1.0)

2023-10-08T02:56:13.231-03:00  INFO 70844 --- [           main] com.tsti.Daos2023ApplicationTests        : Starting Daos2023ApplicationTests using Java 17.0.8 with PID 70844 (started by debian-user in /home/debian-user/Documents/workspace-spring-tool-suite-4-4.20.0.RELEASE/airport-management)
2023-10-08T02:56:13.233-03:00  INFO 70844 --- [           main] com.tsti.Daos2023ApplicationTests        : No active profile set, falling back to 1 default profile: "default"
2023-10-08T02:56:14.590-03:00  INFO 70844 --- [           main] .s.d.r.c.RepositoryConfigurationDelegate : Bootstrapping Spring Data JPA repositories in DEFAULT mode.
2023-10-08T02:56:14.768-03:00  INFO 70844 --- [           main] .s.d.r.c.RepositoryConfigurationDelegate : Finished Spring Data repository scanning in 165 ms. Found 6 JPA repository interfaces.
2023-10-08T02:56:15.832-03:00  INFO 70844 --- [           main] o.hibernate.jpa.internal.util.LogHelper  : HHH000204: Processing PersistenceUnitInfo [name: default]
2023-10-08T02:56:15.905-03:00  INFO 70844 --- [           main] org.hibernate.Version                    : HHH000412: Hibernate ORM core version 6.2.2.Final
2023-10-08T02:56:15.909-03:00  INFO 70844 --- [           main] org.hibernate.cfg.Environment            : HHH000406: Using bytecode reflection optimizer
2023-10-08T02:56:16.140-03:00  INFO 70844 --- [           main] o.h.b.i.BytecodeProviderInitiator        : HHH000021: Bytecode provider name : bytebuddy
2023-10-08T02:56:16.364-03:00  INFO 70844 --- [           main] o.s.o.j.p.SpringPersistenceUnitInfo      : No LoadTimeWeaver setup: ignoring JPA class transformer
2023-10-08T02:56:16.393-03:00  INFO 70844 --- [           main] com.zaxxer.hikari.HikariDataSource       : HikariPool-1 - Starting...
2023-10-08T02:56:16.905-03:00  INFO 70844 --- [           main] com.zaxxer.hikari.pool.HikariPool        : HikariPool-1 - Added connection conn0: url=jdbc:h2:file:./data/airport-management user=ROOT
2023-10-08T02:56:16.908-03:00  INFO 70844 --- [           main] com.zaxxer.hikari.HikariDataSource       : HikariPool-1 - Start completed.
2023-10-08T02:56:16.944-03:00  INFO 70844 --- [           main] org.hibernate.orm.dialect                : HHH035001: Using dialect: org.hibernate.dialect.H2Dialect, version: 2.1.214
2023-10-08T02:56:17.437-03:00  INFO 70844 --- [           main] o.h.b.i.BytecodeProviderInitiator        : HHH000021: Bytecode provider name : bytebuddy
2023-10-08T02:56:18.632-03:00  INFO 70844 --- [           main] o.h.e.t.j.p.i.JtaPlatformInitiator       : HHH000490: Using JtaPlatform implementation: [org.hibernate.engine.transaction.jta.platform.internal.NoJtaPlatform]
2023-10-08T02:56:18.754-03:00  INFO 70844 --- [           main] o.h.t.s.i.e.GenerationTargetToDatabase   : HHH000476: Executing script '[injected ScriptSourceInputNonExistentImpl script]'
2023-10-08T02:56:18.758-03:00  INFO 70844 --- [           main] j.LocalContainerEntityManagerFactoryBean : Initialized JPA EntityManagerFactory for persistence unit 'default'
2023-10-08T02:56:19.600-03:00  INFO 70844 --- [           main] o.s.d.j.r.query.QueryEnhancerFactory     : Hibernate is in classpath; If applicable, HQL parser will be used.
2023-10-08T02:56:20.816-03:00  WARN 70844 --- [           main] JpaBaseConfiguration$JpaWebConfiguration : spring.jpa.open-in-view is enabled by default. Therefore, database queries may be performed during view rendering. Explicitly configure spring.jpa.open-in-view to disable this warning
2023-10-08T02:56:21.181-03:00  INFO 70844 --- [           main] o.s.s.web.DefaultSecurityFilterChain     : Will secure any request with [org.springframework.security.web.session.DisableEncodeUrlFilter@1bd98c48, org.springframework.security.web.context.request.async.WebAsyncManagerIntegrationFilter@5d9ccad2, org.springframework.security.web.context.SecurityContextHolderFilter@55b56db3, org.springframework.security.web.header.HeaderWriterFilter@4ba056ab, org.springframework.security.web.csrf.CsrfFilter@124ba047, org.springframework.security.web.authentication.logout.LogoutFilter@280d1d8d, org.springframework.security.web.authentication.UsernamePasswordAuthenticationFilter@5f2788f2, org.springframework.security.web.savedrequest.RequestCacheAwareFilter@2af5eab6, org.springframework.security.web.servletapi.SecurityContextHolderAwareRequestFilter@6f6c4462, org.springframework.security.web.authentication.AnonymousAuthenticationFilter@22fb60f3, org.springframework.security.web.access.ExceptionTranslationFilter@4f0b02a3, org.springframework.security.web.access.intercept.AuthorizationFilter@6fb87b73]
2023-10-08T02:56:21.759-03:00  INFO 70844 --- [           main] o.s.b.a.h2.H2ConsoleAutoConfiguration    : H2 console available at '/h2-console'. Database available at 'jdbc:h2:file:./data/airport-management'
2023-10-08T02:56:21.963-03:00  INFO 70844 --- [           main] com.tsti.Daos2023ApplicationTests        : Started Daos2023ApplicationTests in 9.092 seconds (process running for 10.651)
Vuelo [nroVuelo=null, hora de partida= 00:17, nroFila=0, nroColumnas=0, tipo_vuelo=INTERNACIONAL, Origen=Aeropuerto [icao=SATM, iata=MDX, name=Mercedes Airport, state=Corrientes, country=AR, elevation=358, lat=-29.2213993073, lon=-58.0877990723, tz=America/Argentina/Cordoba], Destino=Aeropuerto [icao=KSPA, iata=SPA, name=Spartanburg Downtown Memorial Airport, state=South-Carolina, country=US, elevation=801, lat=34.9156990051, lon=-81.9564971924, tz=America/New_York], Estado=REGISTRADO]
Vuelo [nroVuelo=null, hora de partida= 10:31, nroFila=0, nroColumnas=0, tipo_vuelo=INTERNACIONAL, Origen=Aeropuerto [icao=SATM, iata=MDX, name=Mercedes Airport, state=Corrientes, country=AR, elevation=358, lat=-29.2213993073, lon=-58.0877990723, tz=America/Argentina/Cordoba], Destino=Aeropuerto [icao=SCGA, iata=, name=Punta Galera Airport, state=Los-Rios, country=CL, elevation=118, lat=-40.0018997192, lon=-73.6964035034, tz=America/Santiago], Estado=REGISTRADO]
Vuelo [nroVuelo=null, hora de partida= 18:54, nroFila=0, nroColumnas=0, tipo_vuelo=INTERNACIONAL, Origen=Aeropuerto [icao=SATM, iata=MDX, name=Mercedes Airport, state=Corrientes, country=AR, elevation=358, lat=-29.2213993073, lon=-58.0877990723, tz=America/Argentina/Cordoba], Destino=Aeropuerto [icao=PAVA, iata=VAK, name=Chevak Airport, state=Alaska, country=US, elevation=75, lat=61.5409, lon=-165.6005, tz=America/Nome], Estado=REGISTRADO]
Vuelo [nroVuelo=null, hora de partida= 08:36, nroFila=0, nroColumnas=0, tipo_vuelo=INTERNACIONAL, Origen=Aeropuerto [icao=SATM, iata=MDX, name=Mercedes Airport, state=Corrientes, country=AR, elevation=358, lat=-29.2213993073, lon=-58.0877990723, tz=America/Argentina/Cordoba], Destino=Aeropuerto [icao=LFFZ, iata=, name=Sezanne St Remy Airport, state=Grand-Est, country=FR, elevation=354, lat=48.7106018066, lon=3.7641699314, tz=Europe/Paris], Estado=REGISTRADO]
Vuelo [nroVuelo=null, hora de partida= 11:34, nroFila=0, nroColumnas=0, tipo_vuelo=INTERNACIONAL, Origen=Aeropuerto [icao=SATM, iata=MDX, name=Mercedes Airport, state=Corrientes, country=AR, elevation=358, lat=-29.2213993073, lon=-58.0877990723, tz=America/Argentina/Cordoba], Destino=Aeropuerto [icao=NK54, iata=, name=Matejka Field, state=New-York, country=US, elevation=1690, lat=42.176700592, lon=-76.6410980225, tz=America/New_York], Estado=REGISTRADO]
Vuelo [nroVuelo=null, hora de partida= 17:37, nroFila=0, nroColumnas=0, tipo_vuelo=INTERNACIONAL, Origen=Aeropuerto [icao=SATM, iata=MDX, name=Mercedes Airport, state=Corrientes, country=AR, elevation=358, lat=-29.2213993073, lon=-58.0877990723, tz=America/Argentina/Cordoba], Destino=Aeropuerto [icao=86CO, iata=, name=Lazy W Airport, state=Colorado, country=US, elevation=5200, lat=40.3135986328, lon=-105.1449966431, tz=America/Denver], Estado=REGISTRADO]
Vuelo [nroVuelo=null, hora de partida= 02:18, nroFila=0, nroColumnas=0, tipo_vuelo=INTERNACIONAL, Origen=Aeropuerto [icao=SATM, iata=MDX, name=Mercedes Airport, state=Corrientes, country=AR, elevation=358, lat=-29.2213993073, lon=-58.0877990723, tz=America/Argentina/Cordoba], Destino=Aeropuerto [icao=SCUN, iata=, name=Uni Frutti Airport, state=O'Higgins, country=CL, elevation=950, lat=-34.8130569458, lon=-71.0461120605, tz=America/Santiago], Estado=REGISTRADO]
Vuelo [nroVuelo=null, hora de partida= 06:37, nroFila=0, nroColumnas=0, tipo_vuelo=INTERNACIONAL, Origen=Aeropuerto [icao=SATM, iata=MDX, name=Mercedes Airport, state=Corrientes, country=AR, elevation=358, lat=-29.2213993073, lon=-58.0877990723, tz=America/Argentina/Cordoba], Destino=Aeropuerto [icao=30AK, iata=, name=Doyle Estates Airport, state=Alaska, country=US, elevation=50, lat=60.5027999878, lon=-151.2599945068, tz=America/Anchorage], Estado=REGISTRADO]
Vuelo [nroVuelo=null, hora de partida= 14:36, nroFila=0, nroColumnas=0, tipo_vuelo=INTERNACIONAL, Origen=Aeropuerto [icao=SATM, iata=MDX, name=Mercedes Airport, state=Corrientes, country=AR, elevation=358, lat=-29.2213993073, lon=-58.0877990723, tz=America/Argentina/Cordoba], Destino=Aeropuerto [icao=WMKM, iata=MKZ, name=Malacca Airport, state=, country=MY, elevation=35, lat=2.2633600235, lon=102.251998901, tz=Asia/Kuala_Lumpur], Estado=REGISTRADO]
Vuelo [nroVuelo=null, hora de partida= 09:10, nroFila=0, nroColumnas=0, tipo_vuelo=INTERNACIONAL, Origen=Aeropuerto [icao=SATM, iata=MDX, name=Mercedes Airport, state=Corrientes, country=AR, elevation=358, lat=-29.2213993073, lon=-58.0877990723, tz=America/Argentina/Cordoba], Destino=Aeropuerto [icao=SWQH, iata=, name=Agropecuaria Nova Santana Airport, state=Mato-Grosso, country=BR, elevation=797, lat=-10.1472215652, lon=-60.5386123657, tz=America/Cuiaba], Estado=REGISTRADO]
Vuelo [nroVuelo=null, hora de partida= 23:56, nroFila=0, nroColumnas=0, tipo_vuelo=INTERNACIONAL, Origen=Aeropuerto [icao=SATM, iata=MDX, name=Mercedes Airport, state=Corrientes, country=AR, elevation=358, lat=-29.2213993073, lon=-58.0877990723, tz=America/Argentina/Cordoba], Destino=Aeropuerto [icao=2NJ3, iata=, name=Weidel/Private/ Airport, state=New Jersey, country=US, elevation=301, lat=40.3404006958, lon=-74.8543014526, tz=America/New_York], Estado=REGISTRADO]
Vuelo [nroVuelo=null, hora de partida= 14:00, nroFila=0, nroColumnas=0, tipo_vuelo=INTERNACIONAL, Origen=Aeropuerto [icao=SATM, iata=MDX, name=Mercedes Airport, state=Corrientes, country=AR, elevation=358, lat=-29.2213993073, lon=-58.0877990723, tz=America/Argentina/Cordoba], Destino=Aeropuerto [icao=OA85, iata=, name=Riverview Airport, state=Ohio, country=US, elevation=730, lat=40.1365013123, lon=-81.9936981201, tz=America/New_York], Estado=REGISTRADO]
Vuelo [nroVuelo=null, hora de partida= 15:31, nroFila=0, nroColumnas=0, tipo_vuelo=INTERNACIONAL, Origen=Aeropuerto [icao=SATM, iata=MDX, name=Mercedes Airport, state=Corrientes, country=AR, elevation=358, lat=-29.2213993073, lon=-58.0877990723, tz=America/Argentina/Cordoba], Destino=Aeropuerto [icao=KREO, iata=REO, name=Rome State Airport, state=Oregon, country=US, elevation=4053, lat=42.5777015686, lon=-117.8850021362, tz=America/Boise], Estado=REGISTRADO]
Vuelo [nroVuelo=null, hora de partida= 01:10, nroFila=0, nroColumnas=0, tipo_vuelo=INTERNACIONAL, Origen=Aeropuerto [icao=SATM, iata=MDX, name=Mercedes Airport, state=Corrientes, country=AR, elevation=358, lat=-29.2213993073, lon=-58.0877990723, tz=America/Argentina/Cordoba], Destino=Aeropuerto [icao=KVAD, iata=VAD, name=Moody Air Force Base, state=Georgia, country=US, elevation=233, lat=30.9678001404, lon=-83.1930007935, tz=America/New_York], Estado=REGISTRADO]
Vuelo [nroVuelo=null, hora de partida= 04:27, nroFila=0, nroColumnas=0, tipo_vuelo=INTERNACIONAL, Origen=Aeropuerto [icao=SATM, iata=MDX, name=Mercedes Airport, state=Corrientes, country=AR, elevation=358, lat=-29.2213993073, lon=-58.0877990723, tz=America/Argentina/Cordoba], Destino=Aeropuerto [icao=86CO, iata=, name=Lazy W Airport, state=Colorado, country=US, elevation=5200, lat=40.3135986328, lon=-105.1449966431, tz=America/Denver], Estado=REGISTRADO]
Vuelo [nroVuelo=null, hora de partida= 10:56, nroFila=0, nroColumnas=0, tipo_vuelo=INTERNACIONAL, Origen=Aeropuerto [icao=SATM, iata=MDX, name=Mercedes Airport, state=Corrientes, country=AR, elevation=358, lat=-29.2213993073, lon=-58.0877990723, tz=America/Argentina/Cordoba], Destino=Aeropuerto [icao=NCRG, iata=RAR, name=Rarotonga International Airport, state=, country=CK, elevation=19, lat=-21.2026996613, lon=-159.8059997559, tz=Pacific/Rarotonga], Estado=REGISTRADO]
Vuelo [nroVuelo=null, hora de partida= 16:23, nroFila=0, nroColumnas=0, tipo_vuelo=INTERNACIONAL, Origen=Aeropuerto [icao=SATM, iata=MDX, name=Mercedes Airport, state=Corrientes, country=AR, elevation=358, lat=-29.2213993073, lon=-58.0877990723, tz=America/Argentina/Cordoba], Destino=Aeropuerto [icao=OR89, iata=, name=Kinzua Airport, state=Oregon, country=US, elevation=3966, lat=44.9999008179, lon=-120.0530014038, tz=America/Los_Angeles], Estado=REGISTRADO]
Vuelo [nroVuelo=null, hora de partida= 16:13, nroFila=0, nroColumnas=0, tipo_vuelo=INTERNACIONAL, Origen=Aeropuerto [icao=SATM, iata=MDX, name=Mercedes Airport, state=Corrientes, country=AR, elevation=358, lat=-29.2213993073, lon=-58.0877990723, tz=America/Argentina/Cordoba], Destino=Aeropuerto [icao=CST3, iata=, name=Montreal / St-Lazare Airport, state=Quebec, country=CA, elevation=175, lat=45.3903282887, lon=-74.1340041161, tz=America/Toronto], Estado=REGISTRADO]
Vuelo [nroVuelo=null, hora de partida= 03:00, nroFila=0, nroColumnas=0, tipo_vuelo=INTERNACIONAL, Origen=Aeropuerto [icao=SATM, iata=MDX, name=Mercedes Airport, state=Corrientes, country=AR, elevation=358, lat=-29.2213993073, lon=-58.0877990723, tz=America/Argentina/Cordoba], Destino=Aeropuerto [icao=KPHN, iata=PHN, name=St Clair County International Airport, state=Michigan, country=US, elevation=650, lat=42.9109993, lon=-82.52890015, tz=America/Detroit], Estado=REGISTRADO]
Vuelo [nroVuelo=null, hora de partida= 13:54, nroFila=0, nroColumnas=0, tipo_vuelo=INTERNACIONAL, Origen=Aeropuerto [icao=SATM, iata=MDX, name=Mercedes Airport, state=Corrientes, country=AR, elevation=358, lat=-29.2213993073, lon=-58.0877990723, tz=America/Argentina/Cordoba], Destino=Aeropuerto [icao=SSAV, iata=, name=Fazenda Amonguija Airport, state=Mato-Grosso-do-Sul, country=BR, elevation=400, lat=-21.6908321381, lon=-57.4741668701, tz=America/Campo_Grande], Estado=REGISTRADO]
Vuelo [nroVuelo=null, hora de partida= 10:21, nroFila=0, nroColumnas=0, tipo_vuelo=INTERNACIONAL, Origen=Aeropuerto [icao=SATM, iata=MDX, name=Mercedes Airport, state=Corrientes, country=AR, elevation=358, lat=-29.2213993073, lon=-58.0877990723, tz=America/Argentina/Cordoba], Destino=Aeropuerto [icao=SWSK, iata=, name=Fazenda Sao Marco Airport, state=Roraima, country=BR, elevation=295, lat=3.0497200489, lon=-60.4838981628, tz=America/Boa_Vista], Estado=REGISTRADO]
Vuelo [nroVuelo=null, hora de partida= 17:17, nroFila=0, nroColumnas=0, tipo_vuelo=INTERNACIONAL, Origen=Aeropuerto [icao=SATM, iata=MDX, name=Mercedes Airport, state=Corrientes, country=AR, elevation=358, lat=-29.2213993073, lon=-58.0877990723, tz=America/Argentina/Cordoba], Destino=Aeropuerto [icao=FL41, iata=, name=Okeelanta Airport, state=Florida, country=US, elevation=14, lat=26.581199646, lon=-80.755897522, tz=America/New_York], Estado=REGISTRADO]
Vuelo [nroVuelo=null, hora de partida= 07:04, nroFila=0, nroColumnas=0, tipo_vuelo=INTERNACIONAL, Origen=Aeropuerto [icao=SATM, iata=MDX, name=Mercedes Airport, state=Corrientes, country=AR, elevation=358, lat=-29.2213993073, lon=-58.0877990723, tz=America/Argentina/Cordoba], Destino=Aeropuerto [icao=MHLM, iata=SAP, name=Ramon Villeda Morales International Airport, state=Cortes, country=HN, elevation=91, lat=15.4525995255, lon=-87.9235992432, tz=America/Tegucigalpa], Estado=REGISTRADO]
Vuelo [nroVuelo=null, hora de partida= 04:14, nroFila=0, nroColumnas=0, tipo_vuelo=INTERNACIONAL, Origen=Aeropuerto [icao=SATM, iata=MDX, name=Mercedes Airport, state=Corrientes, country=AR, elevation=358, lat=-29.2213993073, lon=-58.0877990723, tz=America/Argentina/Cordoba], Destino=Aeropuerto [icao=KW41, iata=, name=Crisfield Municipal Airport, state=Maryland, country=US, elevation=4, lat=38.0176010132, lon=-75.827796936, tz=America/New_York], Estado=REGISTRADO]
Vuelo [nroVuelo=null, hora de partida= 02:42, nroFila=0, nroColumnas=0, tipo_vuelo=INTERNACIONAL, Origen=Aeropuerto [icao=SATM, iata=MDX, name=Mercedes Airport, state=Corrientes, country=AR, elevation=358, lat=-29.2213993073, lon=-58.0877990723, tz=America/Argentina/Cordoba], Destino=Aeropuerto [icao=LFMF, iata=, name=Fayence Airport, state=Provence-Alpes-Cote-d'Azur, country=FR, elevation=741, lat=43.6088981628, lon=6.7027797699, tz=Europe/Paris], Estado=REGISTRADO]
Vuelo [nroVuelo=null, hora de partida= 05:41, nroFila=0, nroColumnas=0, tipo_vuelo=NACIONAL, Origen=Aeropuerto [icao=SATM, iata=MDX, name=Mercedes Airport, state=Corrientes, country=AR, elevation=358, lat=-29.2213993073, lon=-58.0877990723, tz=America/Argentina/Cordoba], Destino=Aeropuerto [icao=SARP, iata=PSS, name=Libertador Gral D Jose De San Martin Airport, state=Misiones, country=AR, elevation=430, lat=-27.3858, lon=-55.9707, tz=America/Argentina/Cordoba], Estado=REGISTRADO]
Vuelo [nroVuelo=null, hora de partida= 03:40, nroFila=0, nroColumnas=0, tipo_vuelo=NACIONAL, Origen=Aeropuerto [icao=SATM, iata=MDX, name=Mercedes Airport, state=Corrientes, country=AR, elevation=358, lat=-29.2213993073, lon=-58.0877990723, tz=America/Argentina/Cordoba], Destino=Aeropuerto [icao=SAOS, iata=RLO, name=Valle Del Conlara International Airport, state=San-Luis, country=AR, elevation=2021, lat=-32.3847007751, lon=-65.1865005493, tz=America/Argentina/San_Luis], Estado=REGISTRADO]
Vuelo [nroVuelo=null, hora de partida= 06:37, nroFila=0, nroColumnas=0, tipo_vuelo=NACIONAL, Origen=Aeropuerto [icao=SATM, iata=MDX, name=Mercedes Airport, state=Corrientes, country=AR, elevation=358, lat=-29.2213993073, lon=-58.0877990723, tz=America/Argentina/Cordoba], Destino=Aeropuerto [icao=SAEM, iata=MJR, name=Miramar Airport, state=Buenos-Aires, country=AR, elevation=42, lat=-38.2271, lon=-57.8697, tz=America/Argentina/Buenos_Aires], Estado=REGISTRADO]
Vuelo [nroVuelo=null, hora de partida= 17:51, nroFila=0, nroColumnas=0, tipo_vuelo=NACIONAL, Origen=Aeropuerto [icao=SATM, iata=MDX, name=Mercedes Airport, state=Corrientes, country=AR, elevation=358, lat=-29.2213993073, lon=-58.0877990723, tz=America/Argentina/Cordoba], Destino=Aeropuerto [icao=SAOC, iata=RCU, name=Area De Material Airport, state=Cordoba, country=AR, elevation=1380, lat=-33.0850982666, lon=-64.2612991333, tz=America/Argentina/Cordoba], Estado=REGISTRADO]
Vuelo [nroVuelo=null, hora de partida= 00:04, nroFila=0, nroColumnas=0, tipo_vuelo=NACIONAL, Origen=Aeropuerto [icao=SATM, iata=MDX, name=Mercedes Airport, state=Corrientes, country=AR, elevation=358, lat=-29.2213993073, lon=-58.0877990723, tz=America/Argentina/Cordoba], Destino=Aeropuerto [icao=SAVS, iata=SGV, name=Sierra Grande Airport, state=Rio-Negro, country=AR, elevation=688, lat=-41.5917015076, lon=-65.3394012451, tz=America/Argentina/Salta], Estado=REGISTRADO]
Vuelo [nroVuelo=null, hora de partida= 22:43, nroFila=0, nroColumnas=0, tipo_vuelo=NACIONAL, Origen=Aeropuerto [icao=SATM, iata=MDX, name=Mercedes Airport, state=Corrientes, country=AR, elevation=358, lat=-29.2213993073, lon=-58.0877990723, tz=America/Argentina/Cordoba], Destino=Aeropuerto [icao=SAVC, iata=CRD, name=General E. Mosconi Airport, state=Chubut, country=AR, elevation=189, lat=-45.7853, lon=-67.4655, tz=America/Argentina/Catamarca], Estado=REGISTRADO]
Vuelo [nroVuelo=null, hora de partida= 09:24, nroFila=0, nroColumnas=0, tipo_vuelo=NACIONAL, Origen=Aeropuerto [icao=SATM, iata=MDX, name=Mercedes Airport, state=Corrientes, country=AR, elevation=358, lat=-29.2213993073, lon=-58.0877990723, tz=America/Argentina/Cordoba], Destino=Aeropuerto [icao=SAAA, iata=, name=San Antonio De Areco Airport, state=Buenos-Aires, country=AR, elevation=98, lat=-34.2214, lon=-59.4422, tz=America/Argentina/Buenos_Aires], Estado=REGISTRADO]
Vuelo [nroVuelo=null, hora de partida= 21:07, nroFila=0, nroColumnas=0, tipo_vuelo=NACIONAL, Origen=Aeropuerto [icao=SATM, iata=MDX, name=Mercedes Airport, state=Corrientes, country=AR, elevation=358, lat=-29.2213993073, lon=-58.0877990723, tz=America/Argentina/Cordoba], Destino=Aeropuerto [icao=SATG, iata=OYA, name=Goya Airport, state=Corrientes, country=AR, elevation=128, lat=-29.1058, lon=-59.2189, tz=America/Argentina/Cordoba], Estado=REGISTRADO]
Vuelo [nroVuelo=null, hora de partida= 13:27, nroFila=0, nroColumnas=0, tipo_vuelo=NACIONAL, Origen=Aeropuerto [icao=SATM, iata=MDX, name=Mercedes Airport, state=Corrientes, country=AR, elevation=358, lat=-29.2213993073, lon=-58.0877990723, tz=America/Argentina/Cordoba], Destino=Aeropuerto [icao=SAME, iata=MDZ, name=El Plumerillo Airport, state=Mendoza, country=AR, elevation=2310, lat=-32.8316993713, lon=-68.7929000854, tz=America/Argentina/Mendoza], Estado=REGISTRADO]
Vuelo [nroVuelo=null, hora de partida= 02:48, nroFila=0, nroColumnas=0, tipo_vuelo=NACIONAL, Origen=Aeropuerto [icao=SATM, iata=MDX, name=Mercedes Airport, state=Corrientes, country=AR, elevation=358, lat=-29.2213993073, lon=-58.0877990723, tz=America/Argentina/Cordoba], Destino=Aeropuerto [icao=SAOR, iata=VME, name=Villa Reynolds Airport, state=San-Luis, country=AR, elevation=1591, lat=-33.7299003601, lon=-65.3873977661, tz=America/Argentina/San_Luis], Estado=REGISTRADO]
Vuelo [nroVuelo=null, hora de partida= 01:14, nroFila=0, nroColumnas=0, tipo_vuelo=NACIONAL, Origen=Aeropuerto [icao=SATM, iata=MDX, name=Mercedes Airport, state=Corrientes, country=AR, elevation=358, lat=-29.2213993073, lon=-58.0877990723, tz=America/Argentina/Cordoba], Destino=Aeropuerto [icao=SA38, iata=, name=Las Lajas Airport, state=Neuquen, country=AR, elevation=2788, lat=-38.538898468, lon=-70.337097168, tz=America/Argentina/Salta], Estado=REGISTRADO]
Vuelo [nroVuelo=null, hora de partida= 12:42, nroFila=0, nroColumnas=0, tipo_vuelo=NACIONAL, Origen=Aeropuerto [icao=SATM, iata=MDX, name=Mercedes Airport, state=Corrientes, country=AR, elevation=358, lat=-29.2213993073, lon=-58.0877990723, tz=America/Argentina/Cordoba], Destino=Aeropuerto [icao=SAAP, iata=PRA, name=General Urquiza Airport, state=Entre-Rios, country=AR, elevation=242, lat=-31.7948, lon=-60.4804, tz=America/Argentina/Cordoba], Estado=REGISTRADO]
Vuelo [nroVuelo=null, hora de partida= 16:03, nroFila=0, nroColumnas=0, tipo_vuelo=NACIONAL, Origen=Aeropuerto [icao=SATM, iata=MDX, name=Mercedes Airport, state=Corrientes, country=AR, elevation=358, lat=-29.2213993073, lon=-58.0877990723, tz=America/Argentina/Cordoba], Destino=Aeropuerto [icao=SA25, iata=, name=Canadon Seco Airport, state=Santa-Cruz, country=AR, elevation=295, lat=-46.539, lon=-67.5639, tz=America/Argentina/Rio_Gallegos], Estado=REGISTRADO]
Vuelo [nroVuelo=null, hora de partida= 22:18, nroFila=0, nroColumnas=0, tipo_vuelo=NACIONAL, Origen=Aeropuerto [icao=SATM, iata=MDX, name=Mercedes Airport, state=Corrientes, country=AR, elevation=358, lat=-29.2213993073, lon=-58.0877990723, tz=America/Argentina/Cordoba], Destino=Aeropuerto [icao=SANO, iata=, name=Chilecito Airport, state=La-Rioja, country=AR, elevation=3099, lat=-29.2238998413, lon=-67.4389038086, tz=America/Argentina/La_Rioja], Estado=REGISTRADO]
Vuelo [nroVuelo=null, hora de partida= 19:23, nroFila=0, nroColumnas=0, tipo_vuelo=NACIONAL, Origen=Aeropuerto [icao=SATM, iata=MDX, name=Mercedes Airport, state=Corrientes, country=AR, elevation=358, lat=-29.2213993073, lon=-58.0877990723, tz=America/Argentina/Cordoba], Destino=Aeropuerto [icao=SACQ, iata=, name=Monte Quemado Airport, state=Santiago-del-Estero, country=AR, elevation=1242, lat=-26.1597995758, lon=-64.4091033936, tz=America/Argentina/Cordoba], Estado=REGISTRADO]
Vuelo [nroVuelo=null, hora de partida= 03:10, nroFila=0, nroColumnas=0, tipo_vuelo=NACIONAL, Origen=Aeropuerto [icao=SATM, iata=MDX, name=Mercedes Airport, state=Corrientes, country=AR, elevation=358, lat=-29.2213993073, lon=-58.0877990723, tz=America/Argentina/Cordoba], Destino=Aeropuerto [icao=SA22, iata=, name=Santa Victoria Airport, state=Salta, country=AR, elevation=918, lat=-22.2856998444, lon=-62.7136993408, tz=America/Argentina/Salta], Estado=REGISTRADO]
Vuelo [nroVuelo=null, hora de partida= 11:20, nroFila=0, nroColumnas=0, tipo_vuelo=NACIONAL, Origen=Aeropuerto [icao=SATM, iata=MDX, name=Mercedes Airport, state=Corrientes, country=AR, elevation=358, lat=-29.2213993073, lon=-58.0877990723, tz=America/Argentina/Cordoba], Destino=Aeropuerto [icao=SA10, iata=, name=Estancia Don Panos Airport, state=Chaco, country=AR, elevation=262, lat=-26.2959, lon=-59.5353, tz=America/Argentina/Cordoba], Estado=REGISTRADO]
Vuelo [nroVuelo=null, hora de partida= 20:23, nroFila=0, nroColumnas=0, tipo_vuelo=NACIONAL, Origen=Aeropuerto [icao=SATM, iata=MDX, name=Mercedes Airport, state=Corrientes, country=AR, elevation=358, lat=-29.2213993073, lon=-58.0877990723, tz=America/Argentina/Cordoba], Destino=Aeropuerto [icao=SAVQ, iata=MQD, name=Maquinchao Airport, state=Rio-Negro, country=AR, elevation=2912, lat=-41.2430992126, lon=-68.7078018188, tz=America/Argentina/Salta], Estado=REGISTRADO]
Vuelo [nroVuelo=null, hora de partida= 19:36, nroFila=0, nroColumnas=0, tipo_vuelo=NACIONAL, Origen=Aeropuerto [icao=SATM, iata=MDX, name=Mercedes Airport, state=Corrientes, country=AR, elevation=358, lat=-29.2213993073, lon=-58.0877990723, tz=America/Argentina/Cordoba], Destino=Aeropuerto [icao=SAAU, iata=, name=Villaguay Airport, state=Entre-Rios, country=AR, elevation=131, lat=-31.855, lon=-59.0756, tz=America/Argentina/Cordoba], Estado=REGISTRADO]
Vuelo [nroVuelo=null, hora de partida= 03:46, nroFila=0, nroColumnas=0, tipo_vuelo=NACIONAL, Origen=Aeropuerto [icao=SATM, iata=MDX, name=Mercedes Airport, state=Corrientes, country=AR, elevation=358, lat=-29.2213993073, lon=-58.0877990723, tz=America/Argentina/Cordoba], Destino=Aeropuerto [icao=SAHI, iata=, name=Cipoletti Aeroclub Airport, state=Rio-Negro, country=AR, elevation=885, lat=-38.8931007385, lon=-67.9886016846, tz=America/Argentina/Salta], Estado=REGISTRADO]
Vuelo [nroVuelo=null, hora de partida= 05:17, nroFila=0, nroColumnas=0, tipo_vuelo=NACIONAL, Origen=Aeropuerto [icao=SATM, iata=MDX, name=Mercedes Airport, state=Corrientes, country=AR, elevation=358, lat=-29.2213993073, lon=-58.0877990723, tz=America/Argentina/Cordoba], Destino=Aeropuerto [icao=SA31, iata=, name=San Nicolas De Los Arroyos Airport, state=Buenos-Aires, country=AR, elevation=98, lat=-33.3907, lon=-60.1957, tz=America/Argentina/Buenos_Aires], Estado=REGISTRADO]
Vuelo [nroVuelo=null, hora de partida= 09:44, nroFila=0, nroColumnas=0, tipo_vuelo=NACIONAL, Origen=Aeropuerto [icao=SATM, iata=MDX, name=Mercedes Airport, state=Corrientes, country=AR, elevation=358, lat=-29.2213993073, lon=-58.0877990723, tz=America/Argentina/Cordoba], Destino=Aeropuerto [icao=SAZM, iata=MDQ, name=Astor Piazzola International Airport, state=Buenos-Aires, country=AR, elevation=72, lat=-37.9342, lon=-57.5733, tz=America/Argentina/Buenos_Aires], Estado=REGISTRADO]
Vuelo [nroVuelo=null, hora de partida= 03:14, nroFila=0, nroColumnas=0, tipo_vuelo=NACIONAL, Origen=Aeropuerto [icao=SATM, iata=MDX, name=Mercedes Airport, state=Corrientes, country=AR, elevation=358, lat=-29.2213993073, lon=-58.0877990723, tz=America/Argentina/Cordoba], Destino=Aeropuerto [icao=SAFV, iata=, name=Venado Tuerto Airport, state=Santa-Fe, country=AR, elevation=367, lat=-33.6818, lon=-61.9564, tz=America/Argentina/Cordoba], Estado=REGISTRADO]
Vuelo [nroVuelo=null, hora de partida= 21:28, nroFila=0, nroColumnas=0, tipo_vuelo=NACIONAL, Origen=Aeropuerto [icao=SATM, iata=MDX, name=Mercedes Airport, state=Corrientes, country=AR, elevation=358, lat=-29.2213993073, lon=-58.0877990723, tz=America/Argentina/Cordoba], Destino=Aeropuerto [icao=SAVR, iata=ARR, name=D. Casimiro Szlapelis Airport, state=Chubut, country=AR, elevation=2286, lat=-45.0135993958, lon=-70.8122024536, tz=America/Argentina/Catamarca], Estado=REGISTRADO]
Vuelo [nroVuelo=null, hora de partida= 05:16, nroFila=0, nroColumnas=0, tipo_vuelo=NACIONAL, Origen=Aeropuerto [icao=SATM, iata=MDX, name=Mercedes Airport, state=Corrientes, country=AR, elevation=358, lat=-29.2213993073, lon=-58.0877990723, tz=America/Argentina/Cordoba], Destino=Aeropuerto [icao=SAVP, iata=, name=Paso De Los Indios Airport, state=Chubut, country=AR, elevation=575, lat=-43.8666992188, lon=-69.0500030518, tz=America/Argentina/Catamarca], Estado=REGISTRADO]
Vuelo [nroVuelo=null, hora de partida= 15:57, nroFila=0, nroColumnas=0, tipo_vuelo=INTERNACIONAL, Origen=Aeropuerto [icao=SATM, iata=MDX, name=Mercedes Airport, state=Corrientes, country=AR, elevation=358, lat=-29.2213993073, lon=-58.0877990723, tz=America/Argentina/Cordoba], Destino=Aeropuerto [icao=FDUB, iata=, name=Ubombo Ranches Airport, state=, country=SZ, elevation=0, lat=-26.7707996368, lon=31.9363994598, tz=Africa/Mbabane], Estado=DEMORADO]
Vuelo [nroVuelo=null, hora de partida= 05:25, nroFila=0, nroColumnas=0, tipo_vuelo=INTERNACIONAL, Origen=Aeropuerto [icao=SATM, iata=MDX, name=Mercedes Airport, state=Corrientes, country=AR, elevation=358, lat=-29.2213993073, lon=-58.0877990723, tz=America/Argentina/Cordoba], Destino=Aeropuerto [icao=7NC9, iata=, name=Spencer Field, state=North Carolina, country=US, elevation=460, lat=35.7274017334, lon=-79.9111022949, tz=America/New_York], Estado=DEMORADO]
Vuelo [nroVuelo=null, hora de partida= 02:33, nroFila=0, nroColumnas=0, tipo_vuelo=INTERNACIONAL, Origen=Aeropuerto [icao=SATM, iata=MDX, name=Mercedes Airport, state=Corrientes, country=AR, elevation=358, lat=-29.2213993073, lon=-58.0877990723, tz=America/Argentina/Cordoba], Destino=Aeropuerto [icao=LHEC, iata=, name=Ersekcsanad Airport, state=Bacs-Kiskun, country=HU, elevation=285, lat=46.2462425232, lon=18.9210224152, tz=Europe/Budapest], Estado=DEMORADO]
Vuelo [nroVuelo=null, hora de partida= 12:46, nroFila=0, nroColumnas=0, tipo_vuelo=INTERNACIONAL, Origen=Aeropuerto [icao=SATM, iata=MDX, name=Mercedes Airport, state=Corrientes, country=AR, elevation=358, lat=-29.2213993073, lon=-58.0877990723, tz=America/Argentina/Cordoba], Destino=Aeropuerto [icao=OA12, iata=, name=Buena Vista Farm Airport, state=Ohio, country=US, elevation=855, lat=39.334400177, lon=-84.0699996948, tz=America/New_York], Estado=DEMORADO]
Vuelo [nroVuelo=null, hora de partida= 07:32, nroFila=0, nroColumnas=0, tipo_vuelo=INTERNACIONAL, Origen=Aeropuerto [icao=SATM, iata=MDX, name=Mercedes Airport, state=Corrientes, country=AR, elevation=358, lat=-29.2213993073, lon=-58.0877990723, tz=America/Argentina/Cordoba], Destino=Aeropuerto [icao=IA83, iata=, name=Kohlhaas Airport, state=Iowa, country=US, elevation=1153, lat=42.9538993835, lon=-94.1677017212, tz=America/Chicago], Estado=DEMORADO]
Vuelo [nroVuelo=null, hora de partida= 10:24, nroFila=0, nroColumnas=0, tipo_vuelo=NACIONAL, Origen=Aeropuerto [icao=SATM, iata=MDX, name=Mercedes Airport, state=Corrientes, country=AR, elevation=358, lat=-29.2213993073, lon=-58.0877990723, tz=America/Argentina/Cordoba], Destino=Aeropuerto [icao=SAET, iata=, name=Trenque Lauquen Airport, state=Buenos-Aires, country=AR, elevation=324, lat=-36.0158, lon=-62.6939, tz=America/Argentina/Buenos_Aires], Estado=DEMORADO]
Vuelo [nroVuelo=null, hora de partida= 03:43, nroFila=0, nroColumnas=0, tipo_vuelo=NACIONAL, Origen=Aeropuerto [icao=SATM, iata=MDX, name=Mercedes Airport, state=Corrientes, country=AR, elevation=358, lat=-29.2213993073, lon=-58.0877990723, tz=America/Argentina/Cordoba], Destino=Aeropuerto [icao=SACQ, iata=, name=Monte Quemado Airport, state=Santiago-del-Estero, country=AR, elevation=1242, lat=-26.1597995758, lon=-64.4091033936, tz=America/Argentina/Cordoba], Estado=DEMORADO]
Vuelo [nroVuelo=null, hora de partida= 18:36, nroFila=0, nroColumnas=0, tipo_vuelo=NACIONAL, Origen=Aeropuerto [icao=SATM, iata=MDX, name=Mercedes Airport, state=Corrientes, country=AR, elevation=358, lat=-29.2213993073, lon=-58.0877990723, tz=America/Argentina/Cordoba], Destino=Aeropuerto [icao=SA42, iata=, name=Santa Maria Airport, state=Catamarca, country=AR, elevation=5904, lat=-26.6734008789, lon=-66.0240020752, tz=America/Argentina/Catamarca], Estado=DEMORADO]
Vuelo [nroVuelo=null, hora de partida= 11:26, nroFila=0, nroColumnas=0, tipo_vuelo=NACIONAL, Origen=Aeropuerto [icao=SATM, iata=MDX, name=Mercedes Airport, state=Corrientes, country=AR, elevation=358, lat=-29.2213993073, lon=-58.0877990723, tz=America/Argentina/Cordoba], Destino=Aeropuerto [icao=SA33, iata=, name=Comandante Luis Piedrabuena Airport, state=Santa-Cruz, country=AR, elevation=78, lat=-49.9951, lon=-68.9531, tz=America/Argentina/Rio_Gallegos], Estado=DEMORADO]
Vuelo [nroVuelo=null, hora de partida= 22:43, nroFila=0, nroColumnas=0, tipo_vuelo=NACIONAL, Origen=Aeropuerto [icao=SATM, iata=MDX, name=Mercedes Airport, state=Corrientes, country=AR, elevation=358, lat=-29.2213993073, lon=-58.0877990723, tz=America/Argentina/Cordoba], Destino=Aeropuerto [icao=SATK, iata=LLS, name=Alferez Armando Rodriguez Airport, state=Formosa, country=AR, elevation=426, lat=-24.7213993073, lon=-60.5488014221, tz=America/Argentina/Cordoba], Estado=DEMORADO]
--Ejecucion de inserciones terminada.--
]]></system-out>
  </testcase>
</testsuite>