<?xml version="1.0" encoding="UTF-8"?>
<testsuite xmlns:xsi="http://www.w3.org/2001/XMLSchema-instance" xsi:noNamespaceSchemaLocation="https://maven.apache.org/surefire/maven-surefire-plugin/xsd/surefire-test-report-3.0.xsd" version="3.0" name="com.tsti.Daos2023ApplicationTests" time="24.668" tests="1" errors="0" skipped="0" failures="0">
  <properties>
    <property name="java.specification.version" value="19"/>
    <property name="sun.cpu.isalist" value="amd64"/>
    <property name="vaadin.force.production.build" value="true"/>
    <property name="sun.jnu.encoding" value="Cp1252"/>
    <property name="java.class.path" value="C:\Users\Bruno\Documents\Git\daos2023\target\test-classes;C:\Users\Bruno\Documents\Git\daos2023\target\classes;C:\Users\Bruno\.m2\repository\com\vaadin\vaadin-core\24.1.4\vaadin-core-24.1.4.jar;C:\Users\Bruno\.m2\repository\com\vaadin\vaadin-core-internal\24.1.4\vaadin-core-internal-24.1.4.jar;C:\Users\Bruno\.m2\repository\com\vaadin\flow-server\24.1.5\flow-server-24.1.5.jar;C:\Users\Bruno\.m2\repository\com\vaadin\servletdetector\throw-if-servlet3\1.0.2\throw-if-servlet3-1.0.2.jar;C:\Users\Bruno\.m2\repository\com\vaadin\external\gwt\gwt-elemental\2.8.2.vaadin2\gwt-elemental-2.8.2.vaadin2.jar;C:\Users\Bruno\.m2\repository\com\vaadin\flow-commons-upload\24.1.5\flow-commons-upload-24.1.5.jar;C:\Users\Bruno\.m2\repository\commons-io\commons-io\2.11.0\commons-io-2.11.0.jar;C:\Users\Bruno\.m2\repository\org\jsoup\jsoup\1.16.1\jsoup-1.16.1.jar;C:\Users\Bruno\.m2\repository\com\helger\ph-css\7.0.0\ph-css-7.0.0.jar;C:\Users\Bruno\.m2\repository\com\helger\commons\ph-commons\11.0.1\ph-commons-11.0.1.jar;C:\Users\Bruno\.m2\repository\org\ow2\asm\asm\9.5\asm-9.5.jar;C:\Users\Bruno\.m2\repository\com\vaadin\external\gentyref\1.2.0.vaadin1\gentyref-1.2.0.vaadin1.jar;C:\Users\Bruno\.m2\repository\org\apache\commons\commons-compress\1.23.0\commons-compress-1.23.0.jar;C:\Users\Bruno\.m2\repository\org\apache\httpcomponents\httpclient\4.5.14\httpclient-4.5.14.jar;C:\Users\Bruno\.m2\repository\org\apache\httpcomponents\httpcore\4.4.16\httpcore-4.4.16.jar;C:\Users\Bruno\.m2\repository\commons-logging\commons-logging\1.2\commons-logging-1.2.jar;C:\Users\Bruno\.m2\repository\commons-codec\commons-codec\1.15\commons-codec-1.15.jar;C:\Users\Bruno\.m2\repository\com\vaadin\flow-lit-template\24.1.5\flow-lit-template-24.1.5.jar;C:\Users\Bruno\.m2\repository\com\vaadin\flow-push\24.1.5\flow-push-24.1.5.jar;C:\Users\Bruno\.m2\repository\com\vaadin\external\atmosphere\atmosphere-runtime\3.0.3.slf4jvaadin1\atmosphere-runtime-3.0.3.slf4jvaadin1.jar;C:\Users\Bruno\.m2\repository\com\vaadin\flow-client\24.1.5\flow-client-24.1.5.jar;C:\Users\Bruno\.m2\repository\com\vaadin\flow-html-components\24.1.5\flow-html-components-24.1.5.jar;C:\Users\Bruno\.m2\repository\com\vaadin\flow-data\24.1.5\flow-data-24.1.5.jar;C:\Users\Bruno\.m2\repository\com\vaadin\flow-dnd\24.1.5\flow-dnd-24.1.5.jar;C:\Users\Bruno\.m2\repository\com\vaadin\vaadin-lumo-theme\24.1.4\vaadin-lumo-theme-24.1.4.jar;C:\Users\Bruno\.m2\repository\com\vaadin\vaadin-material-theme\24.1.4\vaadin-material-theme-24.1.4.jar;C:\Users\Bruno\.m2\repository\com\vaadin\vaadin-accordion-flow\24.1.4\vaadin-accordion-flow-24.1.4.jar;C:\Users\Bruno\.m2\repository\com\vaadin\vaadin-avatar-flow\24.1.4\vaadin-avatar-flow-24.1.4.jar;C:\Users\Bruno\.m2\repository\com\vaadin\vaadin-flow-components-base\24.1.4\vaadin-flow-components-base-24.1.4.jar;C:\Users\Bruno\.m2\repository\com\vaadin\vaadin-button-flow\24.1.4\vaadin-button-flow-24.1.4.jar;C:\Users\Bruno\.m2\repository\com\vaadin\vaadin-checkbox-flow\24.1.4\vaadin-checkbox-flow-24.1.4.jar;C:\Users\Bruno\.m2\repository\com\vaadin\vaadin-combo-box-flow\24.1.4\vaadin-combo-box-flow-24.1.4.jar;C:\Users\Bruno\.m2\repository\com\vaadin\vaadin-confirm-dialog-flow\24.1.4\vaadin-confirm-dialog-flow-24.1.4.jar;C:\Users\Bruno\.m2\repository\com\vaadin\vaadin-custom-field-flow\24.1.4\vaadin-custom-field-flow-24.1.4.jar;C:\Users\Bruno\.m2\repository\com\vaadin\vaadin-date-picker-flow\24.1.4\vaadin-date-picker-flow-24.1.4.jar;C:\Users\Bruno\.m2\repository\com\vaadin\vaadin-date-time-picker-flow\24.1.4\vaadin-date-time-picker-flow-24.1.4.jar;C:\Users\Bruno\.m2\repository\com\vaadin\vaadin-details-flow\24.1.4\vaadin-details-flow-24.1.4.jar;C:\Users\Bruno\.m2\repository\com\vaadin\vaadin-time-picker-flow\24.1.4\vaadin-time-picker-flow-24.1.4.jar;C:\Users\Bruno\.m2\repository\com\vaadin\vaadin-select-flow\24.1.4\vaadin-select-flow-24.1.4.jar;C:\Users\Bruno\.m2\repository\com\vaadin\vaadin-side-nav-flow\24.1.4\vaadin-side-nav-flow-24.1.4.jar;C:\Users\Bruno\.m2\repository\com\vaadin\vaadin-dialog-flow\24.1.4\vaadin-dialog-flow-24.1.4.jar;C:\Users\Bruno\.m2\repository\com\vaadin\vaadin-form-layout-flow\24.1.4\vaadin-form-layout-flow-24.1.4.jar;C:\Users\Bruno\.m2\repository\com\vaadin\vaadin-field-highlighter-flow\24.1.4\vaadin-field-highlighter-flow-24.1.4.jar;C:\Users\Bruno\.m2\repository\com\vaadin\vaadin-grid-flow\24.1.4\vaadin-grid-flow-24.1.4.jar;C:\Users\Bruno\.m2\repository\org\apache\commons\commons-lang3\3.12.0\commons-lang3-3.12.0.jar;C:\Users\Bruno\.m2\repository\com\vaadin\vaadin-icons-flow\24.1.4\vaadin-icons-flow-24.1.4.jar;C:\Users\Bruno\.m2\repository\com\vaadin\vaadin-virtual-list-flow\24.1.4\vaadin-virtual-list-flow-24.1.4.jar;C:\Users\Bruno\.m2\repository\com\vaadin\vaadin-list-box-flow\24.1.4\vaadin-list-box-flow-24.1.4.jar;C:\Users\Bruno\.m2\repository\com\vaadin\vaadin-login-flow\24.1.4\vaadin-login-flow-24.1.4.jar;C:\Users\Bruno\.m2\repository\com\vaadin\vaadin-messages-flow\24.1.4\vaadin-messages-flow-24.1.4.jar;C:\Users\Bruno\.m2\repository\com\vaadin\vaadin-ordered-layout-flow\24.1.4\vaadin-ordered-layout-flow-24.1.4.jar;C:\Users\Bruno\.m2\repository\com\vaadin\vaadin-progress-bar-flow\24.1.4\vaadin-progress-bar-flow-24.1.4.jar;C:\Users\Bruno\.m2\repository\com\vaadin\vaadin-radio-button-flow\24.1.4\vaadin-radio-button-flow-24.1.4.jar;C:\Users\Bruno\.m2\repository\com\vaadin\vaadin-renderer-flow\24.1.4\vaadin-renderer-flow-24.1.4.jar;C:\Users\Bruno\.m2\repository\com\vaadin\vaadin-split-layout-flow\24.1.4\vaadin-split-layout-flow-24.1.4.jar;C:\Users\Bruno\.m2\repository\com\vaadin\vaadin-tabs-flow\24.1.4\vaadin-tabs-flow-24.1.4.jar;C:\Users\Bruno\.m2\repository\com\vaadin\vaadin-text-field-flow\24.1.4\vaadin-text-field-flow-24.1.4.jar;C:\Users\Bruno\.m2\repository\com\vaadin\vaadin-upload-flow\24.1.4\vaadin-upload-flow-24.1.4.jar;C:\Users\Bruno\.m2\repository\com\vaadin\vaadin-notification-flow\24.1.4\vaadin-notification-flow-24.1.4.jar;C:\Users\Bruno\.m2\repository\com\vaadin\vaadin-app-layout-flow\24.1.4\vaadin-app-layout-flow-24.1.4.jar;C:\Users\Bruno\.m2\repository\com\vaadin\vaadin-context-menu-flow\24.1.4\vaadin-context-menu-flow-24.1.4.jar;C:\Users\Bruno\.m2\repository\com\vaadin\vaadin-menu-bar-flow\24.1.4\vaadin-menu-bar-flow-24.1.4.jar;C:\Users\Bruno\.m2\repository\com\vaadin\vaadin-spring-boot-starter\24.1.4\vaadin-spring-boot-starter-24.1.4.jar;C:\Users\Bruno\.m2\repository\com\vaadin\vaadin-spring\24.1.5\vaadin-spring-24.1.5.jar;C:\Users\Bruno\.m2\repository\org\springframework\spring-websocket\6.0.9\spring-websocket-6.0.9.jar;C:\Users\Bruno\.m2\repository\org\reflections\reflections\0.10.2\reflections-0.10.2.jar;C:\Users\Bruno\.m2\repository\com\google\code\findbugs\jsr305\3.0.2\jsr305-3.0.2.jar;C:\Users\Bruno\.m2\repository\org\parttio\line-awesome\1.1.0\line-awesome-1.1.0.jar;C:\Users\Bruno\.m2\repository\com\h2database\h2\2.1.214\h2-2.1.214.jar;C:\Users\Bruno\.m2\repository\org\springframework\boot\spring-boot-starter-data-jpa\3.1.0\spring-boot-starter-data-jpa-3.1.0.jar;C:\Users\Bruno\.m2\repository\org\springframework\boot\spring-boot-starter-aop\3.1.0\spring-boot-starter-aop-3.1.0.jar;C:\Users\Bruno\.m2\repository\org\aspectj\aspectjweaver\1.9.19\aspectjweaver-1.9.19.jar;C:\Users\Bruno\.m2\repository\org\springframework\boot\spring-boot-starter-jdbc\3.1.0\spring-boot-starter-jdbc-3.1.0.jar;C:\Users\Bruno\.m2\repository\com\zaxxer\HikariCP\5.0.1\HikariCP-5.0.1.jar;C:\Users\Bruno\.m2\repository\org\springframework\spring-jdbc\6.0.9\spring-jdbc-6.0.9.jar;C:\Users\Bruno\.m2\repository\org\hibernate\orm\hibernate-core\6.2.2.Final\hibernate-core-6.2.2.Final.jar;C:\Users\Bruno\.m2\repository\jakarta\persistence\jakarta.persistence-api\3.1.0\jakarta.persistence-api-3.1.0.jar;C:\Users\Bruno\.m2\repository\jakarta\transaction\jakarta.transaction-api\2.0.1\jakarta.transaction-api-2.0.1.jar;C:\Users\Bruno\.m2\repository\org\jboss\logging\jboss-logging\3.5.0.Final\jboss-logging-3.5.0.Final.jar;C:\Users\Bruno\.m2\repository\org\hibernate\common\hibernate-commons-annotations\6.0.6.Final\hibernate-commons-annotations-6.0.6.Final.jar;C:\Users\Bruno\.m2\repository\io\smallrye\jandex\3.0.5\jandex-3.0.5.jar;C:\Users\Bruno\.m2\repository\com\fasterxml\classmate\1.5.1\classmate-1.5.1.jar;C:\Users\Bruno\.m2\repository\net\bytebuddy\byte-buddy\1.14.4\byte-buddy-1.14.4.jar;C:\Users\Bruno\.m2\repository\org\glassfish\jaxb\jaxb-runtime\4.0.2\jaxb-runtime-4.0.2.jar;C:\Users\Bruno\.m2\repository\org\glassfish\jaxb\jaxb-core\4.0.2\jaxb-core-4.0.2.jar;C:\Users\Bruno\.m2\repository\org\eclipse\angus\angus-activation\2.0.0\angus-activation-2.0.0.jar;C:\Users\Bruno\.m2\repository\org\glassfish\jaxb\txw2\4.0.2\txw2-4.0.2.jar;C:\Users\Bruno\.m2\repository\com\sun\istack\istack-commons-runtime\4.1.1\istack-commons-runtime-4.1.1.jar;C:\Users\Bruno\.m2\repository\jakarta\inject\jakarta.inject-api\2.0.1\jakarta.inject-api-2.0.1.jar;C:\Users\Bruno\.m2\repository\org\antlr\antlr4-runtime\4.10.1\antlr4-runtime-4.10.1.jar;C:\Users\Bruno\.m2\repository\org\springframework\data\spring-data-jpa\3.1.0\spring-data-jpa-3.1.0.jar;C:\Users\Bruno\.m2\repository\org\springframework\data\spring-data-commons\3.1.0\spring-data-commons-3.1.0.jar;C:\Users\Bruno\.m2\repository\org\springframework\spring-orm\6.0.9\spring-orm-6.0.9.jar;C:\Users\Bruno\.m2\repository\org\springframework\spring-context\6.0.9\spring-context-6.0.9.jar;C:\Users\Bruno\.m2\repository\org\springframework\spring-tx\6.0.9\spring-tx-6.0.9.jar;C:\Users\Bruno\.m2\repository\org\springframework\spring-beans\6.0.9\spring-beans-6.0.9.jar;C:\Users\Bruno\.m2\repository\org\springframework\spring-aspects\6.0.9\spring-aspects-6.0.9.jar;C:\Users\Bruno\.m2\repository\org\springframework\boot\spring-boot-starter-validation\3.1.0\spring-boot-starter-validation-3.1.0.jar;C:\Users\Bruno\.m2\repository\org\apache\tomcat\embed\tomcat-embed-el\10.1.8\tomcat-embed-el-10.1.8.jar;C:\Users\Bruno\.m2\repository\org\hibernate\validator\hibernate-validator\8.0.0.Final\hibernate-validator-8.0.0.Final.jar;C:\Users\Bruno\.m2\repository\jakarta\validation\jakarta.validation-api\3.0.2\jakarta.validation-api-3.0.2.jar;C:\Users\Bruno\.m2\repository\org\springframework\boot\spring-boot-devtools\3.1.0\spring-boot-devtools-3.1.0.jar;C:\Users\Bruno\.m2\repository\org\springframework\boot\spring-boot\3.1.0\spring-boot-3.1.0.jar;C:\Users\Bruno\.m2\repository\org\springframework\boot\spring-boot-autoconfigure\3.1.0\spring-boot-autoconfigure-3.1.0.jar;C:\Users\Bruno\.m2\repository\org\springframework\boot\spring-boot-starter-test\3.1.0\spring-boot-starter-test-3.1.0.jar;C:\Users\Bruno\.m2\repository\org\springframework\boot\spring-boot-test\3.1.0\spring-boot-test-3.1.0.jar;C:\Users\Bruno\.m2\repository\org\springframework\boot\spring-boot-test-autoconfigure\3.1.0\spring-boot-test-autoconfigure-3.1.0.jar;C:\Users\Bruno\.m2\repository\com\jayway\jsonpath\json-path\2.8.0\json-path-2.8.0.jar;C:\Users\Bruno\.m2\repository\jakarta\xml\bind\jakarta.xml.bind-api\4.0.0\jakarta.xml.bind-api-4.0.0.jar;C:\Users\Bruno\.m2\repository\jakarta\activation\jakarta.activation-api\2.1.2\jakarta.activation-api-2.1.2.jar;C:\Users\Bruno\.m2\repository\net\minidev\json-smart\2.4.10\json-smart-2.4.10.jar;C:\Users\Bruno\.m2\repository\net\minidev\accessors-smart\2.4.9\accessors-smart-2.4.9.jar;C:\Users\Bruno\.m2\repository\org\assertj\assertj-core\3.24.2\assertj-core-3.24.2.jar;C:\Users\Bruno\.m2\repository\org\hamcrest\hamcrest\2.2\hamcrest-2.2.jar;C:\Users\Bruno\.m2\repository\org\junit\jupiter\junit-jupiter\5.9.3\junit-jupiter-5.9.3.jar;C:\Users\Bruno\.m2\repository\org\junit\jupiter\junit-jupiter-api\5.9.3\junit-jupiter-api-5.9.3.jar;C:\Users\Bruno\.m2\repository\org\opentest4j\opentest4j\1.2.0\opentest4j-1.2.0.jar;C:\Users\Bruno\.m2\repository\org\junit\platform\junit-platform-commons\1.9.3\junit-platform-commons-1.9.3.jar;C:\Users\Bruno\.m2\repository\org\apiguardian\apiguardian-api\1.1.2\apiguardian-api-1.1.2.jar;C:\Users\Bruno\.m2\repository\org\junit\jupiter\junit-jupiter-params\5.9.3\junit-jupiter-params-5.9.3.jar;C:\Users\Bruno\.m2\repository\org\junit\jupiter\junit-jupiter-engine\5.9.3\junit-jupiter-engine-5.9.3.jar;C:\Users\Bruno\.m2\repository\org\junit\platform\junit-platform-engine\1.9.3\junit-platform-engine-1.9.3.jar;C:\Users\Bruno\.m2\repository\org\mockito\mockito-core\5.3.1\mockito-core-5.3.1.jar;C:\Users\Bruno\.m2\repository\net\bytebuddy\byte-buddy-agent\1.14.4\byte-buddy-agent-1.14.4.jar;C:\Users\Bruno\.m2\repository\org\objenesis\objenesis\3.3\objenesis-3.3.jar;C:\Users\Bruno\.m2\repository\org\mockito\mockito-junit-jupiter\5.3.1\mockito-junit-jupiter-5.3.1.jar;C:\Users\Bruno\.m2\repository\org\skyscreamer\jsonassert\1.5.1\jsonassert-1.5.1.jar;C:\Users\Bruno\.m2\repository\com\vaadin\external\google\android-json\0.0.20131108.vaadin1\android-json-0.0.20131108.vaadin1.jar;C:\Users\Bruno\.m2\repository\org\springframework\spring-core\6.0.9\spring-core-6.0.9.jar;C:\Users\Bruno\.m2\repository\org\springframework\spring-jcl\6.0.9\spring-jcl-6.0.9.jar;C:\Users\Bruno\.m2\repository\org\springframework\spring-test\6.0.9\spring-test-6.0.9.jar;C:\Users\Bruno\.m2\repository\org\xmlunit\xmlunit-core\2.9.1\xmlunit-core-2.9.1.jar;C:\Users\Bruno\.m2\repository\org\springframework\boot\spring-boot-starter-security\3.1.0\spring-boot-starter-security-3.1.0.jar;C:\Users\Bruno\.m2\repository\org\springframework\spring-aop\6.0.9\spring-aop-6.0.9.jar;C:\Users\Bruno\.m2\repository\org\springframework\security\spring-security-config\6.1.0\spring-security-config-6.1.0.jar;C:\Users\Bruno\.m2\repository\org\springframework\security\spring-security-core\6.1.0\spring-security-core-6.1.0.jar;C:\Users\Bruno\.m2\repository\org\springframework\security\spring-security-crypto\6.1.0\spring-security-crypto-6.1.0.jar;C:\Users\Bruno\.m2\repository\org\springframework\security\spring-security-web\6.1.0\spring-security-web-6.1.0.jar;C:\Users\Bruno\.m2\repository\org\springframework\spring-expression\6.0.9\spring-expression-6.0.9.jar;C:\Users\Bruno\.m2\repository\org\springframework\boot\spring-boot-starter-web\3.1.0\spring-boot-starter-web-3.1.0.jar;C:\Users\Bruno\.m2\repository\org\springframework\boot\spring-boot-starter-json\3.1.0\spring-boot-starter-json-3.1.0.jar;C:\Users\Bruno\.m2\repository\com\fasterxml\jackson\datatype\jackson-datatype-jdk8\2.15.0\jackson-datatype-jdk8-2.15.0.jar;C:\Users\Bruno\.m2\repository\com\fasterxml\jackson\datatype\jackson-datatype-jsr310\2.15.0\jackson-datatype-jsr310-2.15.0.jar;C:\Users\Bruno\.m2\repository\com\fasterxml\jackson\module\jackson-module-parameter-names\2.15.0\jackson-module-parameter-names-2.15.0.jar;C:\Users\Bruno\.m2\repository\org\springframework\boot\spring-boot-starter-tomcat\3.1.0\spring-boot-starter-tomcat-3.1.0.jar;C:\Users\Bruno\.m2\repository\org\apache\tomcat\embed\tomcat-embed-core\10.1.8\tomcat-embed-core-10.1.8.jar;C:\Users\Bruno\.m2\repository\org\apache\tomcat\embed\tomcat-embed-websocket\10.1.8\tomcat-embed-websocket-10.1.8.jar;C:\Users\Bruno\.m2\repository\org\springframework\spring-web\6.0.9\spring-web-6.0.9.jar;C:\Users\Bruno\.m2\repository\io\micrometer\micrometer-observation\1.11.0\micrometer-observation-1.11.0.jar;C:\Users\Bruno\.m2\repository\io\micrometer\micrometer-commons\1.11.0\micrometer-commons-1.11.0.jar;C:\Users\Bruno\.m2\repository\org\springframework\spring-webmvc\6.0.9\spring-webmvc-6.0.9.jar;C:\Users\Bruno\.m2\repository\org\springframework\boot\spring-boot-starter-hateoas\3.1.0\spring-boot-starter-hateoas-3.1.0.jar;C:\Users\Bruno\.m2\repository\org\springframework\hateoas\spring-hateoas\2.1.0\spring-hateoas-2.1.0.jar;C:\Users\Bruno\.m2\repository\org\springframework\plugin\spring-plugin-core\3.0.0\spring-plugin-core-3.0.0.jar;C:\Users\Bruno\.m2\repository\net\datafaker\datafaker\2.0.0\datafaker-2.0.0.jar;C:\Users\Bruno\.m2\repository\org\yaml\snakeyaml\1.33\snakeyaml-1.33.jar;C:\Users\Bruno\.m2\repository\com\github\mifmif\generex\1.0.2\generex-1.0.2.jar;C:\Users\Bruno\.m2\repository\dk\brics\automaton\automaton\1.11-8\automaton-1.11-8.jar;C:\Users\Bruno\.m2\repository\org\modelmapper\modelmapper\3.1.1\modelmapper-3.1.1.jar;C:\Users\Bruno\.m2\repository\com\fasterxml\jackson\core\jackson-databind\2.15.0\jackson-databind-2.15.0.jar;C:\Users\Bruno\.m2\repository\com\fasterxml\jackson\core\jackson-annotations\2.15.0\jackson-annotations-2.15.0.jar;C:\Users\Bruno\.m2\repository\com\fasterxml\jackson\core\jackson-core\2.15.0\jackson-core-2.15.0.jar;C:\Users\Bruno\.m2\repository\org\thymeleaf\thymeleaf\3.1.1.RELEASE\thymeleaf-3.1.1.RELEASE.jar;C:\Users\Bruno\.m2\repository\ognl\ognl\3.3.4\ognl-3.3.4.jar;C:\Users\Bruno\.m2\repository\org\javassist\javassist\3.29.0-GA\javassist-3.29.0-GA.jar;C:\Users\Bruno\.m2\repository\org\attoparser\attoparser\2.0.6.RELEASE\attoparser-2.0.6.RELEASE.jar;C:\Users\Bruno\.m2\repository\org\unbescape\unbescape\1.1.6.RELEASE\unbescape-1.1.6.RELEASE.jar;C:\Users\Bruno\.m2\repository\org\slf4j\slf4j-api\2.0.7\slf4j-api-2.0.7.jar;C:\Users\Bruno\.m2\repository\org\springframework\boot\spring-boot-starter\3.1.0\spring-boot-starter-3.1.0.jar;C:\Users\Bruno\.m2\repository\org\springframework\boot\spring-boot-starter-logging\3.1.0\spring-boot-starter-logging-3.1.0.jar;C:\Users\Bruno\.m2\repository\ch\qos\logback\logback-classic\1.4.7\logback-classic-1.4.7.jar;C:\Users\Bruno\.m2\repository\ch\qos\logback\logback-core\1.4.7\logback-core-1.4.7.jar;C:\Users\Bruno\.m2\repository\org\apache\logging\log4j\log4j-to-slf4j\2.20.0\log4j-to-slf4j-2.20.0.jar;C:\Users\Bruno\.m2\repository\org\apache\logging\log4j\log4j-api\2.20.0\log4j-api-2.20.0.jar;C:\Users\Bruno\.m2\repository\org\slf4j\jul-to-slf4j\2.0.7\jul-to-slf4j-2.0.7.jar;C:\Users\Bruno\.m2\repository\jakarta\annotation\jakarta.annotation-api\2.1.1\jakarta.annotation-api-2.1.1.jar;"/>
    <property name="java.vm.vendor" value="Oracle Corporation"/>
    <property name="sun.arch.data.model" value="64"/>
    <property name="user.variant" value=""/>
    <property name="spring.devtools.livereload.port" value="35729"/>
    <property name="java.vendor.url" value="https://java.oracle.com/"/>
    <property name="user.timezone" value="America/Buenos_Aires"/>
    <property name="org.jboss.logging.provider" value="slf4j"/>
    <property name="user.country.format" value="AR"/>
    <property name="os.name" value="Windows 10"/>
    <property name="java.vm.specification.version" value="19"/>
    <property name="sun.java.launcher" value="SUN_STANDARD"/>
    <property name="user.country" value="US"/>
    <property name="sun.boot.library.path" value="D:\Program Files\Java\jdk-19\bin"/>
    <property name="sun.java.command" value="C:\Users\Bruno\AppData\Local\Temp\surefire13016405234353959381\surefirebooter-20230927220950829_3.jar C:\Users\Bruno\AppData\Local\Temp\surefire13016405234353959381 2023-09-27T22-09-50_528-jvmRun1 surefire-20230927220950829_1tmp surefire_0-20230927220950829_2tmp"/>
    <property name="jdk.debug" value="release"/>
    <property name="surefire.test.class.path" value="C:\Users\Bruno\Documents\Git\daos2023\target\test-classes;C:\Users\Bruno\Documents\Git\daos2023\target\classes;C:\Users\Bruno\.m2\repository\com\vaadin\vaadin-core\24.1.4\vaadin-core-24.1.4.jar;C:\Users\Bruno\.m2\repository\com\vaadin\vaadin-core-internal\24.1.4\vaadin-core-internal-24.1.4.jar;C:\Users\Bruno\.m2\repository\com\vaadin\flow-server\24.1.5\flow-server-24.1.5.jar;C:\Users\Bruno\.m2\repository\com\vaadin\servletdetector\throw-if-servlet3\1.0.2\throw-if-servlet3-1.0.2.jar;C:\Users\Bruno\.m2\repository\com\vaadin\external\gwt\gwt-elemental\2.8.2.vaadin2\gwt-elemental-2.8.2.vaadin2.jar;C:\Users\Bruno\.m2\repository\com\vaadin\flow-commons-upload\24.1.5\flow-commons-upload-24.1.5.jar;C:\Users\Bruno\.m2\repository\commons-io\commons-io\2.11.0\commons-io-2.11.0.jar;C:\Users\Bruno\.m2\repository\org\jsoup\jsoup\1.16.1\jsoup-1.16.1.jar;C:\Users\Bruno\.m2\repository\com\helger\ph-css\7.0.0\ph-css-7.0.0.jar;C:\Users\Bruno\.m2\repository\com\helger\commons\ph-commons\11.0.1\ph-commons-11.0.1.jar;C:\Users\Bruno\.m2\repository\org\ow2\asm\asm\9.5\asm-9.5.jar;C:\Users\Bruno\.m2\repository\com\vaadin\external\gentyref\1.2.0.vaadin1\gentyref-1.2.0.vaadin1.jar;C:\Users\Bruno\.m2\repository\org\apache\commons\commons-compress\1.23.0\commons-compress-1.23.0.jar;C:\Users\Bruno\.m2\repository\org\apache\httpcomponents\httpclient\4.5.14\httpclient-4.5.14.jar;C:\Users\Bruno\.m2\repository\org\apache\httpcomponents\httpcore\4.4.16\httpcore-4.4.16.jar;C:\Users\Bruno\.m2\repository\commons-logging\commons-logging\1.2\commons-logging-1.2.jar;C:\Users\Bruno\.m2\repository\commons-codec\commons-codec\1.15\commons-codec-1.15.jar;C:\Users\Bruno\.m2\repository\com\vaadin\flow-lit-template\24.1.5\flow-lit-template-24.1.5.jar;C:\Users\Bruno\.m2\repository\com\vaadin\flow-push\24.1.5\flow-push-24.1.5.jar;C:\Users\Bruno\.m2\repository\com\vaadin\external\atmosphere\atmosphere-runtime\3.0.3.slf4jvaadin1\atmosphere-runtime-3.0.3.slf4jvaadin1.jar;C:\Users\Bruno\.m2\repository\com\vaadin\flow-client\24.1.5\flow-client-24.1.5.jar;C:\Users\Bruno\.m2\repository\com\vaadin\flow-html-components\24.1.5\flow-html-components-24.1.5.jar;C:\Users\Bruno\.m2\repository\com\vaadin\flow-data\24.1.5\flow-data-24.1.5.jar;C:\Users\Bruno\.m2\repository\com\vaadin\flow-dnd\24.1.5\flow-dnd-24.1.5.jar;C:\Users\Bruno\.m2\repository\com\vaadin\vaadin-lumo-theme\24.1.4\vaadin-lumo-theme-24.1.4.jar;C:\Users\Bruno\.m2\repository\com\vaadin\vaadin-material-theme\24.1.4\vaadin-material-theme-24.1.4.jar;C:\Users\Bruno\.m2\repository\com\vaadin\vaadin-accordion-flow\24.1.4\vaadin-accordion-flow-24.1.4.jar;C:\Users\Bruno\.m2\repository\com\vaadin\vaadin-avatar-flow\24.1.4\vaadin-avatar-flow-24.1.4.jar;C:\Users\Bruno\.m2\repository\com\vaadin\vaadin-flow-components-base\24.1.4\vaadin-flow-components-base-24.1.4.jar;C:\Users\Bruno\.m2\repository\com\vaadin\vaadin-button-flow\24.1.4\vaadin-button-flow-24.1.4.jar;C:\Users\Bruno\.m2\repository\com\vaadin\vaadin-checkbox-flow\24.1.4\vaadin-checkbox-flow-24.1.4.jar;C:\Users\Bruno\.m2\repository\com\vaadin\vaadin-combo-box-flow\24.1.4\vaadin-combo-box-flow-24.1.4.jar;C:\Users\Bruno\.m2\repository\com\vaadin\vaadin-confirm-dialog-flow\24.1.4\vaadin-confirm-dialog-flow-24.1.4.jar;C:\Users\Bruno\.m2\repository\com\vaadin\vaadin-custom-field-flow\24.1.4\vaadin-custom-field-flow-24.1.4.jar;C:\Users\Bruno\.m2\repository\com\vaadin\vaadin-date-picker-flow\24.1.4\vaadin-date-picker-flow-24.1.4.jar;C:\Users\Bruno\.m2\repository\com\vaadin\vaadin-date-time-picker-flow\24.1.4\vaadin-date-time-picker-flow-24.1.4.jar;C:\Users\Bruno\.m2\repository\com\vaadin\vaadin-details-flow\24.1.4\vaadin-details-flow-24.1.4.jar;C:\Users\Bruno\.m2\repository\com\vaadin\vaadin-time-picker-flow\24.1.4\vaadin-time-picker-flow-24.1.4.jar;C:\Users\Bruno\.m2\repository\com\vaadin\vaadin-select-flow\24.1.4\vaadin-select-flow-24.1.4.jar;C:\Users\Bruno\.m2\repository\com\vaadin\vaadin-side-nav-flow\24.1.4\vaadin-side-nav-flow-24.1.4.jar;C:\Users\Bruno\.m2\repository\com\vaadin\vaadin-dialog-flow\24.1.4\vaadin-dialog-flow-24.1.4.jar;C:\Users\Bruno\.m2\repository\com\vaadin\vaadin-form-layout-flow\24.1.4\vaadin-form-layout-flow-24.1.4.jar;C:\Users\Bruno\.m2\repository\com\vaadin\vaadin-field-highlighter-flow\24.1.4\vaadin-field-highlighter-flow-24.1.4.jar;C:\Users\Bruno\.m2\repository\com\vaadin\vaadin-grid-flow\24.1.4\vaadin-grid-flow-24.1.4.jar;C:\Users\Bruno\.m2\repository\org\apache\commons\commons-lang3\3.12.0\commons-lang3-3.12.0.jar;C:\Users\Bruno\.m2\repository\com\vaadin\vaadin-icons-flow\24.1.4\vaadin-icons-flow-24.1.4.jar;C:\Users\Bruno\.m2\repository\com\vaadin\vaadin-virtual-list-flow\24.1.4\vaadin-virtual-list-flow-24.1.4.jar;C:\Users\Bruno\.m2\repository\com\vaadin\vaadin-list-box-flow\24.1.4\vaadin-list-box-flow-24.1.4.jar;C:\Users\Bruno\.m2\repository\com\vaadin\vaadin-login-flow\24.1.4\vaadin-login-flow-24.1.4.jar;C:\Users\Bruno\.m2\repository\com\vaadin\vaadin-messages-flow\24.1.4\vaadin-messages-flow-24.1.4.jar;C:\Users\Bruno\.m2\repository\com\vaadin\vaadin-ordered-layout-flow\24.1.4\vaadin-ordered-layout-flow-24.1.4.jar;C:\Users\Bruno\.m2\repository\com\vaadin\vaadin-progress-bar-flow\24.1.4\vaadin-progress-bar-flow-24.1.4.jar;C:\Users\Bruno\.m2\repository\com\vaadin\vaadin-radio-button-flow\24.1.4\vaadin-radio-button-flow-24.1.4.jar;C:\Users\Bruno\.m2\repository\com\vaadin\vaadin-renderer-flow\24.1.4\vaadin-renderer-flow-24.1.4.jar;C:\Users\Bruno\.m2\repository\com\vaadin\vaadin-split-layout-flow\24.1.4\vaadin-split-layout-flow-24.1.4.jar;C:\Users\Bruno\.m2\repository\com\vaadin\vaadin-tabs-flow\24.1.4\vaadin-tabs-flow-24.1.4.jar;C:\Users\Bruno\.m2\repository\com\vaadin\vaadin-text-field-flow\24.1.4\vaadin-text-field-flow-24.1.4.jar;C:\Users\Bruno\.m2\repository\com\vaadin\vaadin-upload-flow\24.1.4\vaadin-upload-flow-24.1.4.jar;C:\Users\Bruno\.m2\repository\com\vaadin\vaadin-notification-flow\24.1.4\vaadin-notification-flow-24.1.4.jar;C:\Users\Bruno\.m2\repository\com\vaadin\vaadin-app-layout-flow\24.1.4\vaadin-app-layout-flow-24.1.4.jar;C:\Users\Bruno\.m2\repository\com\vaadin\vaadin-context-menu-flow\24.1.4\vaadin-context-menu-flow-24.1.4.jar;C:\Users\Bruno\.m2\repository\com\vaadin\vaadin-menu-bar-flow\24.1.4\vaadin-menu-bar-flow-24.1.4.jar;C:\Users\Bruno\.m2\repository\com\vaadin\vaadin-spring-boot-starter\24.1.4\vaadin-spring-boot-starter-24.1.4.jar;C:\Users\Bruno\.m2\repository\com\vaadin\vaadin-spring\24.1.5\vaadin-spring-24.1.5.jar;C:\Users\Bruno\.m2\repository\org\springframework\spring-websocket\6.0.9\spring-websocket-6.0.9.jar;C:\Users\Bruno\.m2\repository\org\reflections\reflections\0.10.2\reflections-0.10.2.jar;C:\Users\Bruno\.m2\repository\com\google\code\findbugs\jsr305\3.0.2\jsr305-3.0.2.jar;C:\Users\Bruno\.m2\repository\org\parttio\line-awesome\1.1.0\line-awesome-1.1.0.jar;C:\Users\Bruno\.m2\repository\com\h2database\h2\2.1.214\h2-2.1.214.jar;C:\Users\Bruno\.m2\repository\org\springframework\boot\spring-boot-starter-data-jpa\3.1.0\spring-boot-starter-data-jpa-3.1.0.jar;C:\Users\Bruno\.m2\repository\org\springframework\boot\spring-boot-starter-aop\3.1.0\spring-boot-starter-aop-3.1.0.jar;C:\Users\Bruno\.m2\repository\org\aspectj\aspectjweaver\1.9.19\aspectjweaver-1.9.19.jar;C:\Users\Bruno\.m2\repository\org\springframework\boot\spring-boot-starter-jdbc\3.1.0\spring-boot-starter-jdbc-3.1.0.jar;C:\Users\Bruno\.m2\repository\com\zaxxer\HikariCP\5.0.1\HikariCP-5.0.1.jar;C:\Users\Bruno\.m2\repository\org\springframework\spring-jdbc\6.0.9\spring-jdbc-6.0.9.jar;C:\Users\Bruno\.m2\repository\org\hibernate\orm\hibernate-core\6.2.2.Final\hibernate-core-6.2.2.Final.jar;C:\Users\Bruno\.m2\repository\jakarta\persistence\jakarta.persistence-api\3.1.0\jakarta.persistence-api-3.1.0.jar;C:\Users\Bruno\.m2\repository\jakarta\transaction\jakarta.transaction-api\2.0.1\jakarta.transaction-api-2.0.1.jar;C:\Users\Bruno\.m2\repository\org\jboss\logging\jboss-logging\3.5.0.Final\jboss-logging-3.5.0.Final.jar;C:\Users\Bruno\.m2\repository\org\hibernate\common\hibernate-commons-annotations\6.0.6.Final\hibernate-commons-annotations-6.0.6.Final.jar;C:\Users\Bruno\.m2\repository\io\smallrye\jandex\3.0.5\jandex-3.0.5.jar;C:\Users\Bruno\.m2\repository\com\fasterxml\classmate\1.5.1\classmate-1.5.1.jar;C:\Users\Bruno\.m2\repository\net\bytebuddy\byte-buddy\1.14.4\byte-buddy-1.14.4.jar;C:\Users\Bruno\.m2\repository\org\glassfish\jaxb\jaxb-runtime\4.0.2\jaxb-runtime-4.0.2.jar;C:\Users\Bruno\.m2\repository\org\glassfish\jaxb\jaxb-core\4.0.2\jaxb-core-4.0.2.jar;C:\Users\Bruno\.m2\repository\org\eclipse\angus\angus-activation\2.0.0\angus-activation-2.0.0.jar;C:\Users\Bruno\.m2\repository\org\glassfish\jaxb\txw2\4.0.2\txw2-4.0.2.jar;C:\Users\Bruno\.m2\repository\com\sun\istack\istack-commons-runtime\4.1.1\istack-commons-runtime-4.1.1.jar;C:\Users\Bruno\.m2\repository\jakarta\inject\jakarta.inject-api\2.0.1\jakarta.inject-api-2.0.1.jar;C:\Users\Bruno\.m2\repository\org\antlr\antlr4-runtime\4.10.1\antlr4-runtime-4.10.1.jar;C:\Users\Bruno\.m2\repository\org\springframework\data\spring-data-jpa\3.1.0\spring-data-jpa-3.1.0.jar;C:\Users\Bruno\.m2\repository\org\springframework\data\spring-data-commons\3.1.0\spring-data-commons-3.1.0.jar;C:\Users\Bruno\.m2\repository\org\springframework\spring-orm\6.0.9\spring-orm-6.0.9.jar;C:\Users\Bruno\.m2\repository\org\springframework\spring-context\6.0.9\spring-context-6.0.9.jar;C:\Users\Bruno\.m2\repository\org\springframework\spring-tx\6.0.9\spring-tx-6.0.9.jar;C:\Users\Bruno\.m2\repository\org\springframework\spring-beans\6.0.9\spring-beans-6.0.9.jar;C:\Users\Bruno\.m2\repository\org\springframework\spring-aspects\6.0.9\spring-aspects-6.0.9.jar;C:\Users\Bruno\.m2\repository\org\springframework\boot\spring-boot-starter-validation\3.1.0\spring-boot-starter-validation-3.1.0.jar;C:\Users\Bruno\.m2\repository\org\apache\tomcat\embed\tomcat-embed-el\10.1.8\tomcat-embed-el-10.1.8.jar;C:\Users\Bruno\.m2\repository\org\hibernate\validator\hibernate-validator\8.0.0.Final\hibernate-validator-8.0.0.Final.jar;C:\Users\Bruno\.m2\repository\jakarta\validation\jakarta.validation-api\3.0.2\jakarta.validation-api-3.0.2.jar;C:\Users\Bruno\.m2\repository\org\springframework\boot\spring-boot-devtools\3.1.0\spring-boot-devtools-3.1.0.jar;C:\Users\Bruno\.m2\repository\org\springframework\boot\spring-boot\3.1.0\spring-boot-3.1.0.jar;C:\Users\Bruno\.m2\repository\org\springframework\boot\spring-boot-autoconfigure\3.1.0\spring-boot-autoconfigure-3.1.0.jar;C:\Users\Bruno\.m2\repository\org\springframework\boot\spring-boot-starter-test\3.1.0\spring-boot-starter-test-3.1.0.jar;C:\Users\Bruno\.m2\repository\org\springframework\boot\spring-boot-test\3.1.0\spring-boot-test-3.1.0.jar;C:\Users\Bruno\.m2\repository\org\springframework\boot\spring-boot-test-autoconfigure\3.1.0\spring-boot-test-autoconfigure-3.1.0.jar;C:\Users\Bruno\.m2\repository\com\jayway\jsonpath\json-path\2.8.0\json-path-2.8.0.jar;C:\Users\Bruno\.m2\repository\jakarta\xml\bind\jakarta.xml.bind-api\4.0.0\jakarta.xml.bind-api-4.0.0.jar;C:\Users\Bruno\.m2\repository\jakarta\activation\jakarta.activation-api\2.1.2\jakarta.activation-api-2.1.2.jar;C:\Users\Bruno\.m2\repository\net\minidev\json-smart\2.4.10\json-smart-2.4.10.jar;C:\Users\Bruno\.m2\repository\net\minidev\accessors-smart\2.4.9\accessors-smart-2.4.9.jar;C:\Users\Bruno\.m2\repository\org\assertj\assertj-core\3.24.2\assertj-core-3.24.2.jar;C:\Users\Bruno\.m2\repository\org\hamcrest\hamcrest\2.2\hamcrest-2.2.jar;C:\Users\Bruno\.m2\repository\org\junit\jupiter\junit-jupiter\5.9.3\junit-jupiter-5.9.3.jar;C:\Users\Bruno\.m2\repository\org\junit\jupiter\junit-jupiter-api\5.9.3\junit-jupiter-api-5.9.3.jar;C:\Users\Bruno\.m2\repository\org\opentest4j\opentest4j\1.2.0\opentest4j-1.2.0.jar;C:\Users\Bruno\.m2\repository\org\junit\platform\junit-platform-commons\1.9.3\junit-platform-commons-1.9.3.jar;C:\Users\Bruno\.m2\repository\org\apiguardian\apiguardian-api\1.1.2\apiguardian-api-1.1.2.jar;C:\Users\Bruno\.m2\repository\org\junit\jupiter\junit-jupiter-params\5.9.3\junit-jupiter-params-5.9.3.jar;C:\Users\Bruno\.m2\repository\org\junit\jupiter\junit-jupiter-engine\5.9.3\junit-jupiter-engine-5.9.3.jar;C:\Users\Bruno\.m2\repository\org\junit\platform\junit-platform-engine\1.9.3\junit-platform-engine-1.9.3.jar;C:\Users\Bruno\.m2\repository\org\mockito\mockito-core\5.3.1\mockito-core-5.3.1.jar;C:\Users\Bruno\.m2\repository\net\bytebuddy\byte-buddy-agent\1.14.4\byte-buddy-agent-1.14.4.jar;C:\Users\Bruno\.m2\repository\org\objenesis\objenesis\3.3\objenesis-3.3.jar;C:\Users\Bruno\.m2\repository\org\mockito\mockito-junit-jupiter\5.3.1\mockito-junit-jupiter-5.3.1.jar;C:\Users\Bruno\.m2\repository\org\skyscreamer\jsonassert\1.5.1\jsonassert-1.5.1.jar;C:\Users\Bruno\.m2\repository\com\vaadin\external\google\android-json\0.0.20131108.vaadin1\android-json-0.0.20131108.vaadin1.jar;C:\Users\Bruno\.m2\repository\org\springframework\spring-core\6.0.9\spring-core-6.0.9.jar;C:\Users\Bruno\.m2\repository\org\springframework\spring-jcl\6.0.9\spring-jcl-6.0.9.jar;C:\Users\Bruno\.m2\repository\org\springframework\spring-test\6.0.9\spring-test-6.0.9.jar;C:\Users\Bruno\.m2\repository\org\xmlunit\xmlunit-core\2.9.1\xmlunit-core-2.9.1.jar;C:\Users\Bruno\.m2\repository\org\springframework\boot\spring-boot-starter-security\3.1.0\spring-boot-starter-security-3.1.0.jar;C:\Users\Bruno\.m2\repository\org\springframework\spring-aop\6.0.9\spring-aop-6.0.9.jar;C:\Users\Bruno\.m2\repository\org\springframework\security\spring-security-config\6.1.0\spring-security-config-6.1.0.jar;C:\Users\Bruno\.m2\repository\org\springframework\security\spring-security-core\6.1.0\spring-security-core-6.1.0.jar;C:\Users\Bruno\.m2\repository\org\springframework\security\spring-security-crypto\6.1.0\spring-security-crypto-6.1.0.jar;C:\Users\Bruno\.m2\repository\org\springframework\security\spring-security-web\6.1.0\spring-security-web-6.1.0.jar;C:\Users\Bruno\.m2\repository\org\springframework\spring-expression\6.0.9\spring-expression-6.0.9.jar;C:\Users\Bruno\.m2\repository\org\springframework\boot\spring-boot-starter-web\3.1.0\spring-boot-starter-web-3.1.0.jar;C:\Users\Bruno\.m2\repository\org\springframework\boot\spring-boot-starter-json\3.1.0\spring-boot-starter-json-3.1.0.jar;C:\Users\Bruno\.m2\repository\com\fasterxml\jackson\datatype\jackson-datatype-jdk8\2.15.0\jackson-datatype-jdk8-2.15.0.jar;C:\Users\Bruno\.m2\repository\com\fasterxml\jackson\datatype\jackson-datatype-jsr310\2.15.0\jackson-datatype-jsr310-2.15.0.jar;C:\Users\Bruno\.m2\repository\com\fasterxml\jackson\module\jackson-module-parameter-names\2.15.0\jackson-module-parameter-names-2.15.0.jar;C:\Users\Bruno\.m2\repository\org\springframework\boot\spring-boot-starter-tomcat\3.1.0\spring-boot-starter-tomcat-3.1.0.jar;C:\Users\Bruno\.m2\repository\org\apache\tomcat\embed\tomcat-embed-core\10.1.8\tomcat-embed-core-10.1.8.jar;C:\Users\Bruno\.m2\repository\org\apache\tomcat\embed\tomcat-embed-websocket\10.1.8\tomcat-embed-websocket-10.1.8.jar;C:\Users\Bruno\.m2\repository\org\springframework\spring-web\6.0.9\spring-web-6.0.9.jar;C:\Users\Bruno\.m2\repository\io\micrometer\micrometer-observation\1.11.0\micrometer-observation-1.11.0.jar;C:\Users\Bruno\.m2\repository\io\micrometer\micrometer-commons\1.11.0\micrometer-commons-1.11.0.jar;C:\Users\Bruno\.m2\repository\org\springframework\spring-webmvc\6.0.9\spring-webmvc-6.0.9.jar;C:\Users\Bruno\.m2\repository\org\springframework\boot\spring-boot-starter-hateoas\3.1.0\spring-boot-starter-hateoas-3.1.0.jar;C:\Users\Bruno\.m2\repository\org\springframework\hateoas\spring-hateoas\2.1.0\spring-hateoas-2.1.0.jar;C:\Users\Bruno\.m2\repository\org\springframework\plugin\spring-plugin-core\3.0.0\spring-plugin-core-3.0.0.jar;C:\Users\Bruno\.m2\repository\net\datafaker\datafaker\2.0.0\datafaker-2.0.0.jar;C:\Users\Bruno\.m2\repository\org\yaml\snakeyaml\1.33\snakeyaml-1.33.jar;C:\Users\Bruno\.m2\repository\com\github\mifmif\generex\1.0.2\generex-1.0.2.jar;C:\Users\Bruno\.m2\repository\dk\brics\automaton\automaton\1.11-8\automaton-1.11-8.jar;C:\Users\Bruno\.m2\repository\org\modelmapper\modelmapper\3.1.1\modelmapper-3.1.1.jar;C:\Users\Bruno\.m2\repository\com\fasterxml\jackson\core\jackson-databind\2.15.0\jackson-databind-2.15.0.jar;C:\Users\Bruno\.m2\repository\com\fasterxml\jackson\core\jackson-annotations\2.15.0\jackson-annotations-2.15.0.jar;C:\Users\Bruno\.m2\repository\com\fasterxml\jackson\core\jackson-core\2.15.0\jackson-core-2.15.0.jar;C:\Users\Bruno\.m2\repository\org\thymeleaf\thymeleaf\3.1.1.RELEASE\thymeleaf-3.1.1.RELEASE.jar;C:\Users\Bruno\.m2\repository\ognl\ognl\3.3.4\ognl-3.3.4.jar;C:\Users\Bruno\.m2\repository\org\javassist\javassist\3.29.0-GA\javassist-3.29.0-GA.jar;C:\Users\Bruno\.m2\repository\org\attoparser\attoparser\2.0.6.RELEASE\attoparser-2.0.6.RELEASE.jar;C:\Users\Bruno\.m2\repository\org\unbescape\unbescape\1.1.6.RELEASE\unbescape-1.1.6.RELEASE.jar;C:\Users\Bruno\.m2\repository\org\slf4j\slf4j-api\2.0.7\slf4j-api-2.0.7.jar;C:\Users\Bruno\.m2\repository\org\springframework\boot\spring-boot-starter\3.1.0\spring-boot-starter-3.1.0.jar;C:\Users\Bruno\.m2\repository\org\springframework\boot\spring-boot-starter-logging\3.1.0\spring-boot-starter-logging-3.1.0.jar;C:\Users\Bruno\.m2\repository\ch\qos\logback\logback-classic\1.4.7\logback-classic-1.4.7.jar;C:\Users\Bruno\.m2\repository\ch\qos\logback\logback-core\1.4.7\logback-core-1.4.7.jar;C:\Users\Bruno\.m2\repository\org\apache\logging\log4j\log4j-to-slf4j\2.20.0\log4j-to-slf4j-2.20.0.jar;C:\Users\Bruno\.m2\repository\org\apache\logging\log4j\log4j-api\2.20.0\log4j-api-2.20.0.jar;C:\Users\Bruno\.m2\repository\org\slf4j\jul-to-slf4j\2.0.7\jul-to-slf4j-2.0.7.jar;C:\Users\Bruno\.m2\repository\jakarta\annotation\jakarta.annotation-api\2.1.1\jakarta.annotation-api-2.1.1.jar;"/>
    <property name="sun.cpu.endian" value="little"/>
    <property name="user.home" value="C:\Users\Bruno"/>
    <property name="user.language" value="en"/>
    <property name="java.specification.vendor" value="Oracle Corporation"/>
    <property name="java.version.date" value="2023-01-17"/>
    <property name="java.home" value="D:\Program Files\Java\jdk-19"/>
    <property name="file.separator" value="\"/>
    <property name="basedir" value="C:\Users\Bruno\Documents\Git\daos2023"/>
    <property name="java.vm.compressedOopsMode" value="Zero based"/>
    <property name="line.separator" value="&#10;"/>
    <property name="java.vm.specification.vendor" value="Oracle Corporation"/>
    <property name="java.specification.name" value="Java Platform API Specification"/>
    <property name="FILE_LOG_CHARSET" value="UTF-8"/>
    <property name="java.awt.headless" value="true"/>
    <property name="surefire.real.class.path" value="C:\Users\Bruno\AppData\Local\Temp\surefire13016405234353959381\surefirebooter-20230927220950829_3.jar"/>
    <property name="user.script" value=""/>
    <property name="sun.management.compiler" value="HotSpot 64-Bit Tiered Compilers"/>
    <property name="java.runtime.version" value="19.0.2+7-44"/>
    <property name="user.name" value="Bruno"/>
    <property name="stdout.encoding" value="Cp1252"/>
    <property name="path.separator" value=";"/>
    <property name="os.version" value="10.0"/>
    <property name="java.runtime.name" value="Java(TM) SE Runtime Environment"/>
    <property name="file.encoding" value="UTF-8"/>
    <property name="java.vm.name" value="Java HotSpot(TM) 64-Bit Server VM"/>
    <property name="localRepository" value="C:\Users\Bruno\.m2\repository"/>
    <property name="java.vendor.url.bug" value="https://bugreport.java.com/bugreport/"/>
    <property name="java.io.tmpdir" value="C:\Users\Bruno\AppData\Local\Temp\"/>
    <property name="com.zaxxer.hikari.pool_number" value="1"/>
    <property name="java.version" value="19.0.2"/>
    <property name="user.dir" value="C:\Users\Bruno\Documents\Git\daos2023"/>
    <property name="os.arch" value="amd64"/>
    <property name="java.vm.specification.name" value="Java Virtual Machine Specification"/>
    <property name="PID" value="11220"/>
    <property name="user.language.format" value="es"/>
    <property name="sun.os.patch.level" value=""/>
    <property name="CONSOLE_LOG_CHARSET" value="UTF-8"/>
    <property name="native.encoding" value="Cp1252"/>
    <property name="java.library.path" value="D:\Program Files\Java\jdk-19\bin;C:\Windows\Sun\Java\bin;C:\Windows\system32;C:\Windows;C:\Users\Bruno\bin;D:\Program Files\Git\mingw64\bin;D:\Program Files\Git\usr\local\bin;D:\Program Files\Git\usr\bin;D:\Program Files\Git\usr\bin;D:\Program Files\Git\mingw64\bin;D:\Program Files\Git\usr\bin;C:\Users\Bruno\bin;D:\Program Files\sts-4.18.0.RELEASE\plugins\org.eclipse.justj.openjdk.hotspot.jre.full.win32.x86_64_17.0.6.v20230204-1729\jre\bin\server;D:\Program Files\sts-4.18.0.RELEASE\plugins\org.eclipse.justj.openjdk.hotspot.jre.full.win32.x86_64_17.0.6.v20230204-1729\jre\bin;C:\Program Files (x86)\Microsoft SDKs\Azure\CLI2\wbin;D:\Program Files\Common Files\Oracle\Java\javapath;C:\Windows\system32;C:\Windows;C:\Windows\System32\Wbem;C:\Windows\System32\WindowsPowerShell\v1.0;C:\Windows\System32\OpenSSH;D:\Program Files\Java\jdk-19;D:\Program Files\Git\cmd;D:\Program Files\MySQL\MySQL Server 8.0\bin;D:\Program Files\Java\jdk-19\bin;D:\Program Files\Maven\apache-maven-3.9.3\bin;D:\Program Files\Docker\Docker\resources\bin;D:\Program Files\MySQL\MySQL Shell 8.0\bin;C:\Users\Bruno\AppData\Local\Microsoft\WindowsApps;D:\Program Files\heroku\bin;D:\Program Files\sts-4.18.0.RELEASE;D:\Program Files\Git\usr\bin\vendor_perl;D:\Program Files\Git\usr\bin\core_perl;."/>
    <property name="java.vm.info" value="mixed mode, sharing"/>
    <property name="stderr.encoding" value="Cp1252"/>
    <property name="java.vendor" value="Oracle Corporation"/>
    <property name="java.vm.version" value="19.0.2+7-44"/>
    <property name="sun.io.unicode.encoding" value="UnicodeLittle"/>
    <property name="java.class.version" value="63.0"/>
  </properties>
  <testcase name="contextLoads" classname="com.tsti.Daos2023ApplicationTests" time="0.798">
    <system-out><![CDATA[22:09:52.471 [main] INFO org.springframework.test.context.support.AnnotationConfigContextLoaderUtils -- Could not detect default configuration classes for test class [com.tsti.Daos2023ApplicationTests]: Daos2023ApplicationTests does not declare any static, non-private, non-final, nested classes annotated with @Configuration.
22:09:52.647 [main] INFO org.springframework.boot.test.context.SpringBootTestContextBootstrapper -- Found @SpringBootConfiguration com.tsti.Daos2023Application for test class com.tsti.Daos2023ApplicationTests

  .   ____          _            __ _ _
 /\\ / ___'_ __ _ _(_)_ __  __ _ \ \ \ \
( ( )\___ | '_ | '_| | '_ \/ _` | \ \ \ \
 \\/  ___)| |_)| | | | | || (_| |  ) ) ) )
  '  |____| .__|_| |_|_| |_\__, | / / / /
 =========|_|==============|___/=/_/_/_/
 :: Spring Boot ::                (v3.1.0)

2023-09-27T22:09:53.342-03:00  INFO 11220 --- [           main] com.tsti.Daos2023ApplicationTests        : Starting Daos2023ApplicationTests using Java 19.0.2 with PID 11220 (started by Bruno in C:\Users\Bruno\Documents\Git\daos2023)
2023-09-27T22:09:53.345-03:00  INFO 11220 --- [           main] com.tsti.Daos2023ApplicationTests        : No active profile set, falling back to 1 default profile: "default"
2023-09-27T22:09:55.163-03:00  INFO 11220 --- [           main] .s.d.r.c.RepositoryConfigurationDelegate : Bootstrapping Spring Data JPA repositories in DEFAULT mode.
2023-09-27T22:09:55.350-03:00  INFO 11220 --- [           main] .s.d.r.c.RepositoryConfigurationDelegate : Finished Spring Data repository scanning in 169 ms. Found 6 JPA repository interfaces.
2023-09-27T22:09:56.445-03:00  INFO 11220 --- [           main] o.hibernate.jpa.internal.util.LogHelper  : HHH000204: Processing PersistenceUnitInfo [name: default]
2023-09-27T22:09:56.583-03:00  INFO 11220 --- [           main] org.hibernate.Version                    : HHH000412: Hibernate ORM core version 6.2.2.Final
2023-09-27T22:09:56.589-03:00  INFO 11220 --- [           main] org.hibernate.cfg.Environment            : HHH000406: Using bytecode reflection optimizer
2023-09-27T22:09:56.965-03:00  INFO 11220 --- [           main] o.h.b.i.BytecodeProviderInitiator        : HHH000021: Bytecode provider name : bytebuddy
2023-09-27T22:09:57.256-03:00  INFO 11220 --- [           main] o.s.o.j.p.SpringPersistenceUnitInfo      : No LoadTimeWeaver setup: ignoring JPA class transformer
2023-09-27T22:09:57.304-03:00  INFO 11220 --- [           main] com.zaxxer.hikari.HikariDataSource       : HikariPool-1 - Starting...
2023-09-27T22:09:57.852-03:00  INFO 11220 --- [           main] com.zaxxer.hikari.pool.HikariPool        : HikariPool-1 - Added connection conn0: url=jdbc:h2:file:./data/airport-management user=ROOT
2023-09-27T22:09:57.854-03:00  INFO 11220 --- [           main] com.zaxxer.hikari.HikariDataSource       : HikariPool-1 - Start completed.
2023-09-27T22:09:57.898-03:00  INFO 11220 --- [           main] org.hibernate.orm.dialect                : HHH035001: Using dialect: org.hibernate.dialect.H2Dialect, version: 2.1.214
2023-09-27T22:09:58.461-03:00  INFO 11220 --- [           main] o.h.b.i.BytecodeProviderInitiator        : HHH000021: Bytecode provider name : bytebuddy
2023-09-27T22:09:59.766-03:00  INFO 11220 --- [           main] o.h.e.t.j.p.i.JtaPlatformInitiator       : HHH000490: Using JtaPlatform implementation: [org.hibernate.engine.transaction.jta.platform.internal.NoJtaPlatform]
2023-09-27T22:09:59.841-03:00  INFO 11220 --- [           main] o.h.t.s.i.e.GenerationTargetToDatabase   : HHH000476: Executing script '[injected ScriptSourceInputNonExistentImpl script]'
2023-09-27T22:09:59.843-03:00  INFO 11220 --- [           main] j.LocalContainerEntityManagerFactoryBean : Initialized JPA EntityManagerFactory for persistence unit 'default'
2023-09-27T22:10:00.579-03:00  INFO 11220 --- [           main] o.s.d.j.r.query.QueryEnhancerFactory     : Hibernate is in classpath; If applicable, HQL parser will be used.
2023-09-27T22:10:02.010-03:00  WARN 11220 --- [           main] JpaBaseConfiguration$JpaWebConfiguration : spring.jpa.open-in-view is enabled by default. Therefore, database queries may be performed during view rendering. Explicitly configure spring.jpa.open-in-view to disable this warning
2023-09-27T22:10:02.423-03:00  INFO 11220 --- [           main] o.s.s.web.DefaultSecurityFilterChain     : Will secure any request with [org.springframework.security.web.session.DisableEncodeUrlFilter@10ba757f, org.springframework.security.web.context.request.async.WebAsyncManagerIntegrationFilter@711cd6f9, org.springframework.security.web.context.SecurityContextHolderFilter@340d50c8, org.springframework.security.web.header.HeaderWriterFilter@1e3469df, org.springframework.security.web.csrf.CsrfFilter@5655d64, org.springframework.security.web.authentication.logout.LogoutFilter@1643e817, org.springframework.security.web.authentication.UsernamePasswordAuthenticationFilter@247246ea, org.springframework.security.web.savedrequest.RequestCacheAwareFilter@2a32be8d, org.springframework.security.web.servletapi.SecurityContextHolderAwareRequestFilter@3ac60eeb, org.springframework.security.web.authentication.AnonymousAuthenticationFilter@1cb3de26, org.springframework.security.web.access.ExceptionTranslationFilter@2b8502e7, org.springframework.security.web.access.intercept.AuthorizationFilter@7b159d1b]
2023-09-27T22:10:03.125-03:00  INFO 11220 --- [           main] o.s.b.a.h2.H2ConsoleAutoConfiguration    : H2 console available at '/h2-console'. Database available at 'jdbc:h2:file:./data/airport-management'
2023-09-27T22:10:03.237-03:00  INFO 11220 --- [           main] com.tsti.Daos2023ApplicationTests        : Started Daos2023ApplicationTests in 10.392 seconds (process running for 12.159)
Vuelo [nroVuelo=null, hora de partida= 04:52, nroFila=0, nroColumnas=0, tipo_vuelo=INTERNACIONAL, Origen=Aeropuerto [icao=SATM, iata=MDX, name=Mercedes Airport, state=Corrientes, country=AR, elevation=358, lat=-29.2213993073, lon=-58.0877990723, tz=America/Argentina/Cordoba], Destino=Aeropuerto [icao=FXMS, iata=, name=Mashai Store Airport, state=Thaba-Tseka, country=LS, elevation=7300, lat=-29.6830005646, lon=28.7999992371, tz=Africa/Maseru], Estado=REGISTRADO]
Vuelo [nroVuelo=null, hora de partida= 08:28, nroFila=0, nroColumnas=0, tipo_vuelo=INTERNACIONAL, Origen=Aeropuerto [icao=SATM, iata=MDX, name=Mercedes Airport, state=Corrientes, country=AR, elevation=358, lat=-29.2213993073, lon=-58.0877990723, tz=America/Argentina/Cordoba], Destino=Aeropuerto [icao=KCHS, iata=CHS, name=Charleston Air Force Base-International Airport, state=South-Carolina, country=US, elevation=46, lat=32.89860153, lon=-80.04049683, tz=America/New_York], Estado=REGISTRADO]
Vuelo [nroVuelo=null, hora de partida= 22:16, nroFila=0, nroColumnas=0, tipo_vuelo=INTERNACIONAL, Origen=Aeropuerto [icao=SATM, iata=MDX, name=Mercedes Airport, state=Corrientes, country=AR, elevation=358, lat=-29.2213993073, lon=-58.0877990723, tz=America/Argentina/Cordoba], Destino=Aeropuerto [icao=2AK6, iata=HGZ, name=Hog River Airport, state=Alaska, country=US, elevation=534, lat=66.2161026, lon=-155.6690063, tz=America/Anchorage], Estado=REGISTRADO]
Vuelo [nroVuelo=null, hora de partida= 09:58, nroFila=0, nroColumnas=0, tipo_vuelo=INTERNACIONAL, Origen=Aeropuerto [icao=SATM, iata=MDX, name=Mercedes Airport, state=Corrientes, country=AR, elevation=358, lat=-29.2213993073, lon=-58.0877990723, tz=America/Argentina/Cordoba], Destino=Aeropuerto [icao=FLPO, iata=, name=Kabompo Airport, state=North-Western, country=ZM, elevation=3535, lat=-13.5760002136, lon=24.2299995422, tz=Africa/Lusaka], Estado=REGISTRADO]
Vuelo [nroVuelo=null, hora de partida= 04:07, nroFila=0, nroColumnas=0, tipo_vuelo=INTERNACIONAL, Origen=Aeropuerto [icao=SATM, iata=MDX, name=Mercedes Airport, state=Corrientes, country=AR, elevation=358, lat=-29.2213993073, lon=-58.0877990723, tz=America/Argentina/Cordoba], Destino=Aeropuerto [icao=70II, iata=, name=Nasby Airport, state=Indiana, country=US, elevation=830, lat=39.5217018127, lon=-85.6864013672, tz=America/Indiana/Indianapolis], Estado=REGISTRADO]
Vuelo [nroVuelo=null, hora de partida= 01:55, nroFila=0, nroColumnas=0, tipo_vuelo=INTERNACIONAL, Origen=Aeropuerto [icao=SATM, iata=MDX, name=Mercedes Airport, state=Corrientes, country=AR, elevation=358, lat=-29.2213993073, lon=-58.0877990723, tz=America/Argentina/Cordoba], Destino=Aeropuerto [icao=FL36, iata=, name=Tocoi Airport, state=Florida, country=US, elevation=35, lat=29.867472, lon=-81.367361, tz=America/New_York], Estado=REGISTRADO]
Vuelo [nroVuelo=null, hora de partida= 04:08, nroFila=0, nroColumnas=0, tipo_vuelo=INTERNACIONAL, Origen=Aeropuerto [icao=SATM, iata=MDX, name=Mercedes Airport, state=Corrientes, country=AR, elevation=358, lat=-29.2213993073, lon=-58.0877990723, tz=America/Argentina/Cordoba], Destino=Aeropuerto [icao=46AZ, iata=, name=Pinon Airport, state=Arizona, country=US, elevation=6315, lat=36.0910987854, lon=-110.233001709, tz=America/Denver], Estado=REGISTRADO]
Vuelo [nroVuelo=null, hora de partida= 15:53, nroFila=0, nroColumnas=0, tipo_vuelo=INTERNACIONAL, Origen=Aeropuerto [icao=SATM, iata=MDX, name=Mercedes Airport, state=Corrientes, country=AR, elevation=358, lat=-29.2213993073, lon=-58.0877990723, tz=America/Argentina/Cordoba], Destino=Aeropuerto [icao=KBDU, iata=WBU, name=Boulder Municipal Airport, state=Colorado, country=US, elevation=5288, lat=40.0393981934, lon=-105.225997925, tz=America/Denver], Estado=REGISTRADO]
Vuelo [nroVuelo=null, hora de partida= 23:54, nroFila=0, nroColumnas=0, tipo_vuelo=INTERNACIONAL, Origen=Aeropuerto [icao=SATM, iata=MDX, name=Mercedes Airport, state=Corrientes, country=AR, elevation=358, lat=-29.2213993073, lon=-58.0877990723, tz=America/Argentina/Cordoba], Destino=Aeropuerto [icao=FAMN, iata=LLE, name=Riverside Airport, state=Mpumalanga, country=ZA, elevation=1024, lat=-25.4300003052, lon=31.5767002106, tz=Africa/Johannesburg], Estado=REGISTRADO]
Vuelo [nroVuelo=null, hora de partida= 04:05, nroFila=0, nroColumnas=0, tipo_vuelo=INTERNACIONAL, Origen=Aeropuerto [icao=SATM, iata=MDX, name=Mercedes Airport, state=Corrientes, country=AR, elevation=358, lat=-29.2213993073, lon=-58.0877990723, tz=America/Argentina/Cordoba], Destino=Aeropuerto [icao=LFOA, iata=, name=Avord (BA 702) Air Base, state=Centre, country=FR, elevation=580, lat=47.0532989502, lon=2.6324999332, tz=Europe/Paris], Estado=REGISTRADO]
Vuelo [nroVuelo=null, hora de partida= 08:20, nroFila=0, nroColumnas=0, tipo_vuelo=INTERNACIONAL, Origen=Aeropuerto [icao=SATM, iata=MDX, name=Mercedes Airport, state=Corrientes, country=AR, elevation=358, lat=-29.2213993073, lon=-58.0877990723, tz=America/Argentina/Cordoba], Destino=Aeropuerto [icao=KTRX, iata=TRX, name=Trenton Municipal Airport, state=Missouri, country=US, elevation=758, lat=40.08349991, lon=-93.59059906, tz=America/Chicago], Estado=REGISTRADO]
Vuelo [nroVuelo=null, hora de partida= 00:03, nroFila=0, nroColumnas=0, tipo_vuelo=INTERNACIONAL, Origen=Aeropuerto [icao=SATM, iata=MDX, name=Mercedes Airport, state=Corrientes, country=AR, elevation=358, lat=-29.2213993073, lon=-58.0877990723, tz=America/Argentina/Cordoba], Destino=Aeropuerto [icao=FYRP, iata=, name=Rosh Pinah Airport, state=Karas, country=NA, elevation=1274, lat=-27.9643001556, lon=16.753900528, tz=Africa/Windhoek], Estado=REGISTRADO]
Vuelo [nroVuelo=null, hora de partida= 19:41, nroFila=0, nroColumnas=0, tipo_vuelo=INTERNACIONAL, Origen=Aeropuerto [icao=SATM, iata=MDX, name=Mercedes Airport, state=Corrientes, country=AR, elevation=358, lat=-29.2213993073, lon=-58.0877990723, tz=America/Argentina/Cordoba], Destino=Aeropuerto [icao=TX67, iata=, name=Embry Ranch Airport, state=Texas, country=US, elevation=900, lat=32.3605995178, lon=-97.3024978638, tz=America/Chicago], Estado=REGISTRADO]
Vuelo [nroVuelo=null, hora de partida= 15:02, nroFila=0, nroColumnas=0, tipo_vuelo=INTERNACIONAL, Origen=Aeropuerto [icao=SATM, iata=MDX, name=Mercedes Airport, state=Corrientes, country=AR, elevation=358, lat=-29.2213993073, lon=-58.0877990723, tz=America/Argentina/Cordoba], Destino=Aeropuerto [icao=KD09, iata=, name=Bottineau Municipal Airport, state=North-Dakota, country=US, elevation=1681, lat=48.83039856, lon=-100.4169998, tz=America/Chicago], Estado=REGISTRADO]
Vuelo [nroVuelo=null, hora de partida= 01:22, nroFila=0, nroColumnas=0, tipo_vuelo=INTERNACIONAL, Origen=Aeropuerto [icao=SATM, iata=MDX, name=Mercedes Airport, state=Corrientes, country=AR, elevation=358, lat=-29.2213993073, lon=-58.0877990723, tz=America/Argentina/Cordoba], Destino=Aeropuerto [icao=LEVD, iata=VLL, name=Valladolid Airport, state=Castille-and-Leon, country=ES, elevation=2776, lat=41.7061004639, lon=-4.851940155, tz=Europe/Madrid], Estado=REGISTRADO]
Vuelo [nroVuelo=null, hora de partida= 04:31, nroFila=0, nroColumnas=0, tipo_vuelo=INTERNACIONAL, Origen=Aeropuerto [icao=SATM, iata=MDX, name=Mercedes Airport, state=Corrientes, country=AR, elevation=358, lat=-29.2213993073, lon=-58.0877990723, tz=America/Argentina/Cordoba], Destino=Aeropuerto [icao=LFEA, iata=, name=Belle Ile Airport, state=Brittany, country=FR, elevation=171, lat=47.3266983032, lon=-3.1983299255, tz=Europe/Paris], Estado=REGISTRADO]
Vuelo [nroVuelo=null, hora de partida= 12:38, nroFila=0, nroColumnas=0, tipo_vuelo=INTERNACIONAL, Origen=Aeropuerto [icao=SATM, iata=MDX, name=Mercedes Airport, state=Corrientes, country=AR, elevation=358, lat=-29.2213993073, lon=-58.0877990723, tz=America/Argentina/Cordoba], Destino=Aeropuerto [icao=PAUN, iata=UNK, name=Unalakleet Airport, state=Alaska, country=US, elevation=27, lat=63.88840103, lon=-160.798996, tz=America/Anchorage], Estado=REGISTRADO]
Vuelo [nroVuelo=null, hora de partida= 22:02, nroFila=0, nroColumnas=0, tipo_vuelo=INTERNACIONAL, Origen=Aeropuerto [icao=SATM, iata=MDX, name=Mercedes Airport, state=Corrientes, country=AR, elevation=358, lat=-29.2213993073, lon=-58.0877990723, tz=America/Argentina/Cordoba], Destino=Aeropuerto [icao=KDAG, iata=DAG, name=Barstow Daggett Airport, state=California, country=US, elevation=1930, lat=34.85369873, lon=-116.7870026, tz=America/Los_Angeles], Estado=REGISTRADO]
Vuelo [nroVuelo=null, hora de partida= 06:21, nroFila=0, nroColumnas=0, tipo_vuelo=INTERNACIONAL, Origen=Aeropuerto [icao=SATM, iata=MDX, name=Mercedes Airport, state=Corrientes, country=AR, elevation=358, lat=-29.2213993073, lon=-58.0877990723, tz=America/Argentina/Cordoba], Destino=Aeropuerto [icao=8WI3, iata=, name=Rwnway Leasing Inc Nr 2 Airport, state=Wisconsin, country=US, elevation=1070, lat=44.4207992554, lon=-89.5553970337, tz=America/Chicago], Estado=REGISTRADO]
Vuelo [nroVuelo=null, hora de partida= 08:12, nroFila=0, nroColumnas=0, tipo_vuelo=INTERNACIONAL, Origen=Aeropuerto [icao=SATM, iata=MDX, name=Mercedes Airport, state=Corrientes, country=AR, elevation=358, lat=-29.2213993073, lon=-58.0877990723, tz=America/Argentina/Cordoba], Destino=Aeropuerto [icao=FD86, iata=, name=Deep Woods Ranch Airport, state=Florida, country=US, elevation=45, lat=29.0303001404, lon=-81.4469985962, tz=America/New_York], Estado=REGISTRADO]
Vuelo [nroVuelo=null, hora de partida= 02:57, nroFila=0, nroColumnas=0, tipo_vuelo=INTERNACIONAL, Origen=Aeropuerto [icao=SATM, iata=MDX, name=Mercedes Airport, state=Corrientes, country=AR, elevation=358, lat=-29.2213993073, lon=-58.0877990723, tz=America/Argentina/Cordoba], Destino=Aeropuerto [icao=EFVR, iata=VRK, name=Varkaus Airport, state=Southern-Savonia, country=FI, elevation=286, lat=62.1711006165, lon=27.8686008453, tz=Europe/Helsinki], Estado=REGISTRADO]
Vuelo [nroVuelo=null, hora de partida= 23:36, nroFila=0, nroColumnas=0, tipo_vuelo=INTERNACIONAL, Origen=Aeropuerto [icao=SATM, iata=MDX, name=Mercedes Airport, state=Corrientes, country=AR, elevation=358, lat=-29.2213993073, lon=-58.0877990723, tz=America/Argentina/Cordoba], Destino=Aeropuerto [icao=SVSO, iata=STD, name=Mayor Buenaventura Vivas International Airport, state=Tachira, country=VE, elevation=1083, lat=7.5653800964, lon=-72.0351028442, tz=America/Caracas], Estado=REGISTRADO]
Vuelo [nroVuelo=null, hora de partida= 09:36, nroFila=0, nroColumnas=0, tipo_vuelo=INTERNACIONAL, Origen=Aeropuerto [icao=SATM, iata=MDX, name=Mercedes Airport, state=Corrientes, country=AR, elevation=358, lat=-29.2213993073, lon=-58.0877990723, tz=America/Argentina/Cordoba], Destino=Aeropuerto [icao=CAV3, iata=, name=One Hundred Mile House Airport, state=British Columbia, country=CA, elevation=3055, lat=51.6425018311, lon=-121.3069992065, tz=America/Vancouver], Estado=REGISTRADO]
Vuelo [nroVuelo=null, hora de partida= 06:57, nroFila=0, nroColumnas=0, tipo_vuelo=INTERNACIONAL, Origen=Aeropuerto [icao=SATM, iata=MDX, name=Mercedes Airport, state=Corrientes, country=AR, elevation=358, lat=-29.2213993073, lon=-58.0877990723, tz=America/Argentina/Cordoba], Destino=Aeropuerto [icao=SSVM, iata=, name=Fazenda Santa Alaide Airport, state=Mato-Grosso-do-Sul, country=BR, elevation=1499, lat=-22.0025005341, lon=-54.9741668701, tz=America/Campo_Grande], Estado=REGISTRADO]
Vuelo [nroVuelo=null, hora de partida= 12:26, nroFila=0, nroColumnas=0, tipo_vuelo=INTERNACIONAL, Origen=Aeropuerto [icao=SATM, iata=MDX, name=Mercedes Airport, state=Corrientes, country=AR, elevation=358, lat=-29.2213993073, lon=-58.0877990723, tz=America/Argentina/Cordoba], Destino=Aeropuerto [icao=MT20, iata=, name=Hollstein Ranch Airport, state=Montana, country=US, elevation=2778, lat=46.8582992554, lon=-104.0989990234, tz=America/Denver], Estado=REGISTRADO]
Vuelo [nroVuelo=null, hora de partida= 15:38, nroFila=0, nroColumnas=0, tipo_vuelo=INTERNACIONAL, Origen=Aeropuerto [icao=SATM, iata=MDX, name=Mercedes Airport, state=Corrientes, country=AR, elevation=358, lat=-29.2213993073, lon=-58.0877990723, tz=America/Argentina/Cordoba], Destino=Aeropuerto [icao=93TX, iata=, name=Putz Aero Inc Airport, state=Texas, country=US, elevation=279, lat=30.914899826, lon=-96.6855010986, tz=America/Chicago], Estado=REGISTRADO]
Vuelo [nroVuelo=null, hora de partida= 09:09, nroFila=0, nroColumnas=0, tipo_vuelo=INTERNACIONAL, Origen=Aeropuerto [icao=SATM, iata=MDX, name=Mercedes Airport, state=Corrientes, country=AR, elevation=358, lat=-29.2213993073, lon=-58.0877990723, tz=America/Argentina/Cordoba], Destino=Aeropuerto [icao=KSLN, iata=SLN, name=Salina Municipal Airport, state=Kansas, country=US, elevation=1288, lat=38.7910003662, lon=-97.6521987915, tz=America/Chicago], Estado=REGISTRADO]
Vuelo [nroVuelo=null, hora de partida= 10:06, nroFila=0, nroColumnas=0, tipo_vuelo=INTERNACIONAL, Origen=Aeropuerto [icao=SATM, iata=MDX, name=Mercedes Airport, state=Corrientes, country=AR, elevation=358, lat=-29.2213993073, lon=-58.0877990723, tz=America/Argentina/Cordoba], Destino=Aeropuerto [icao=40MN, iata=, name=Turner Field, state=Minnesota, country=US, elevation=1410, lat=43.8666000366, lon=-95.0141983032, tz=America/Chicago], Estado=REGISTRADO]
Vuelo [nroVuelo=null, hora de partida= 02:09, nroFila=0, nroColumnas=0, tipo_vuelo=INTERNACIONAL, Origen=Aeropuerto [icao=SATM, iata=MDX, name=Mercedes Airport, state=Corrientes, country=AR, elevation=358, lat=-29.2213993073, lon=-58.0877990723, tz=America/Argentina/Cordoba], Destino=Aeropuerto [icao=OYMB, iata=MYN, name=Mareb Airport, state=Ma’rib, country=YE, elevation=3300, lat=15.4692001343, lon=45.3269004822, tz=Asia/Aden], Estado=REGISTRADO]
Vuelo [nroVuelo=null, hora de partida= 11:56, nroFila=0, nroColumnas=0, tipo_vuelo=INTERNACIONAL, Origen=Aeropuerto [icao=SATM, iata=MDX, name=Mercedes Airport, state=Corrientes, country=AR, elevation=358, lat=-29.2213993073, lon=-58.0877990723, tz=America/Argentina/Cordoba], Destino=Aeropuerto [icao=48FL, iata=, name=Mc Kinnon Airpark, state=Florida, country=US, elevation=227, lat=30.8141002655, lon=-87.4749984741, tz=America/Chicago], Estado=REGISTRADO]
Vuelo [nroVuelo=null, hora de partida= 12:24, nroFila=0, nroColumnas=0, tipo_vuelo=INTERNACIONAL, Origen=Aeropuerto [icao=SATM, iata=MDX, name=Mercedes Airport, state=Corrientes, country=AR, elevation=358, lat=-29.2213993073, lon=-58.0877990723, tz=America/Argentina/Cordoba], Destino=Aeropuerto [icao=89TX, iata=, name=Aero-Bee Ranch Airstrip, state=Texas, country=US, elevation=1242, lat=30.8792991638, lon=-98.4169998169, tz=America/Chicago], Estado=REGISTRADO]
Vuelo [nroVuelo=null, hora de partida= 01:08, nroFila=0, nroColumnas=0, tipo_vuelo=INTERNACIONAL, Origen=Aeropuerto [icao=SATM, iata=MDX, name=Mercedes Airport, state=Corrientes, country=AR, elevation=358, lat=-29.2213993073, lon=-58.0877990723, tz=America/Argentina/Cordoba], Destino=Aeropuerto [icao=SWUE, iata=, name=Fazenda Tapayuna Airport, state=Mato-Grosso, country=BR, elevation=1197, lat=-10.703332901, lon=-55.936668396, tz=America/Cuiaba], Estado=REGISTRADO]
Vuelo [nroVuelo=null, hora de partida= 16:09, nroFila=0, nroColumnas=0, tipo_vuelo=INTERNACIONAL, Origen=Aeropuerto [icao=SATM, iata=MDX, name=Mercedes Airport, state=Corrientes, country=AR, elevation=358, lat=-29.2213993073, lon=-58.0877990723, tz=America/Argentina/Cordoba], Destino=Aeropuerto [icao=68NY, iata=, name=Merrimac Farms Airport, state=New York, country=US, elevation=910, lat=42.7500991821, lon=-77.7838973999, tz=America/New_York], Estado=REGISTRADO]
Vuelo [nroVuelo=null, hora de partida= 09:37, nroFila=0, nroColumnas=0, tipo_vuelo=INTERNACIONAL, Origen=Aeropuerto [icao=SATM, iata=MDX, name=Mercedes Airport, state=Corrientes, country=AR, elevation=358, lat=-29.2213993073, lon=-58.0877990723, tz=America/Argentina/Cordoba], Destino=Aeropuerto [icao=KJFZ, iata=, name=Tazewell County Airport, state=Virginia, country=US, elevation=2653, lat=37.06370163, lon=-81.7983017, tz=America/New_York], Estado=REGISTRADO]
Vuelo [nroVuelo=null, hora de partida= 21:32, nroFila=0, nroColumnas=0, tipo_vuelo=INTERNACIONAL, Origen=Aeropuerto [icao=SATM, iata=MDX, name=Mercedes Airport, state=Corrientes, country=AR, elevation=358, lat=-29.2213993073, lon=-58.0877990723, tz=America/Argentina/Cordoba], Destino=Aeropuerto [icao=KSUZ, iata=, name=Saline County Regional Airport, state=Arkansas, country=US, elevation=390, lat=34.59059906, lon=-92.47940063, tz=America/Chicago], Estado=REGISTRADO]
Vuelo [nroVuelo=null, hora de partida= 09:44, nroFila=0, nroColumnas=0, tipo_vuelo=INTERNACIONAL, Origen=Aeropuerto [icao=SATM, iata=MDX, name=Mercedes Airport, state=Corrientes, country=AR, elevation=358, lat=-29.2213993073, lon=-58.0877990723, tz=America/Argentina/Cordoba], Destino=Aeropuerto [icao=EGBB, iata=BHX, name=Birmingham International Airport, state=England, country=GB, elevation=327, lat=52.4538993835, lon=-1.7480299473, tz=Europe/London], Estado=REGISTRADO]
Vuelo [nroVuelo=null, hora de partida= 14:24, nroFila=0, nroColumnas=0, tipo_vuelo=INTERNACIONAL, Origen=Aeropuerto [icao=SATM, iata=MDX, name=Mercedes Airport, state=Corrientes, country=AR, elevation=358, lat=-29.2213993073, lon=-58.0877990723, tz=America/Argentina/Cordoba], Destino=Aeropuerto [icao=EGFA, iata=, name=Aberporth Airport, state=Wales, country=GB, elevation=428, lat=52.1152992249, lon=-4.5569400787, tz=Europe/London], Estado=REGISTRADO]
Vuelo [nroVuelo=null, hora de partida= 09:30, nroFila=0, nroColumnas=0, tipo_vuelo=INTERNACIONAL, Origen=Aeropuerto [icao=SATM, iata=MDX, name=Mercedes Airport, state=Corrientes, country=AR, elevation=358, lat=-29.2213993073, lon=-58.0877990723, tz=America/Argentina/Cordoba], Destino=Aeropuerto [icao=SPEO, iata=CHM, name=Teniente FAP Jaime A De Montreuil Morales Airport, state=Apurimac, country=PE, elevation=69, lat=-9.1496095657, lon=-78.5238037109, tz=America/Lima], Estado=REGISTRADO]
Vuelo [nroVuelo=null, hora de partida= 20:31, nroFila=0, nroColumnas=0, tipo_vuelo=INTERNACIONAL, Origen=Aeropuerto [icao=SATM, iata=MDX, name=Mercedes Airport, state=Corrientes, country=AR, elevation=358, lat=-29.2213993073, lon=-58.0877990723, tz=America/Argentina/Cordoba], Destino=Aeropuerto [icao=FOOD, iata=MFF, name=Moanda Airport, state=Haut-Ogooue, country=GA, elevation=1877, lat=-1.5329999924, lon=13.2670001984, tz=Africa/Libreville], Estado=REGISTRADO]
Vuelo [nroVuelo=null, hora de partida= 07:59, nroFila=0, nroColumnas=0, tipo_vuelo=INTERNACIONAL, Origen=Aeropuerto [icao=SATM, iata=MDX, name=Mercedes Airport, state=Corrientes, country=AR, elevation=358, lat=-29.2213993073, lon=-58.0877990723, tz=America/Argentina/Cordoba], Destino=Aeropuerto [icao=36AR, iata=, name=David Stanley Memorial Airport, state=Arkansas, country=US, elevation=200, lat=35.206401825, lon=-91.318901062, tz=America/Chicago], Estado=REGISTRADO]
Vuelo [nroVuelo=null, hora de partida= 00:04, nroFila=0, nroColumnas=0, tipo_vuelo=INTERNACIONAL, Origen=Aeropuerto [icao=SATM, iata=MDX, name=Mercedes Airport, state=Corrientes, country=AR, elevation=358, lat=-29.2213993073, lon=-58.0877990723, tz=America/Argentina/Cordoba], Destino=Aeropuerto [icao=1OK7, iata=, name=Grimes Airport, state=Oklahoma, country=US, elevation=1035, lat=34.8000984192, lon=-97.4822006226, tz=America/Chicago], Estado=REGISTRADO]
Vuelo [nroVuelo=null, hora de partida= 00:49, nroFila=0, nroColumnas=0, tipo_vuelo=INTERNACIONAL, Origen=Aeropuerto [icao=SATM, iata=MDX, name=Mercedes Airport, state=Corrientes, country=AR, elevation=358, lat=-29.2213993073, lon=-58.0877990723, tz=America/Argentina/Cordoba], Destino=Aeropuerto [icao=TS03, iata=, name=Bryant's Landing Airport, state=Texas, country=US, elevation=914, lat=32.0615005493, lon=-97.7378005981, tz=America/Chicago], Estado=REGISTRADO]
Vuelo [nroVuelo=null, hora de partida= 21:44, nroFila=0, nroColumnas=0, tipo_vuelo=INTERNACIONAL, Origen=Aeropuerto [icao=SATM, iata=MDX, name=Mercedes Airport, state=Corrientes, country=AR, elevation=358, lat=-29.2213993073, lon=-58.0877990723, tz=America/Argentina/Cordoba], Destino=Aeropuerto [icao=II95, iata=, name=Rust's Landing Airport, state=Indiana, country=US, elevation=820, lat=41.3644981384, lon=-86.0633010864, tz=America/Indiana/Indianapolis], Estado=REGISTRADO]
Vuelo [nroVuelo=null, hora de partida= 15:03, nroFila=0, nroColumnas=0, tipo_vuelo=INTERNACIONAL, Origen=Aeropuerto [icao=SATM, iata=MDX, name=Mercedes Airport, state=Corrientes, country=AR, elevation=358, lat=-29.2213993073, lon=-58.0877990723, tz=America/Argentina/Cordoba], Destino=Aeropuerto [icao=CEV3, iata=, name=Vegreville Airport, state=Alberta, country=CA, elevation=2072, lat=53.5144004822, lon=-112.0270004272, tz=America/Edmonton], Estado=REGISTRADO]
Vuelo [nroVuelo=null, hora de partida= 02:10, nroFila=0, nroColumnas=0, tipo_vuelo=INTERNACIONAL, Origen=Aeropuerto [icao=SATM, iata=MDX, name=Mercedes Airport, state=Corrientes, country=AR, elevation=358, lat=-29.2213993073, lon=-58.0877990723, tz=America/Argentina/Cordoba], Destino=Aeropuerto [icao=CYIO, iata=YIO, name=Pond Inlet Airport, state=Nunavut, country=CA, elevation=181, lat=72.6832962036, lon=-77.9666976929, tz=America/Iqaluit], Estado=REGISTRADO]
Vuelo [nroVuelo=null, hora de partida= 12:18, nroFila=0, nroColumnas=0, tipo_vuelo=INTERNACIONAL, Origen=Aeropuerto [icao=SATM, iata=MDX, name=Mercedes Airport, state=Corrientes, country=AR, elevation=358, lat=-29.2213993073, lon=-58.0877990723, tz=America/Argentina/Cordoba], Destino=Aeropuerto [icao=AZ31, iata=, name=Serene Field, state=Arizona, country=US, elevation=1456, lat=32.9967002869, lon=-112.2720031738, tz=America/Phoenix], Estado=REGISTRADO]
Vuelo [nroVuelo=null, hora de partida= 12:27, nroFila=0, nroColumnas=0, tipo_vuelo=INTERNACIONAL, Origen=Aeropuerto [icao=SATM, iata=MDX, name=Mercedes Airport, state=Corrientes, country=AR, elevation=358, lat=-29.2213993073, lon=-58.0877990723, tz=America/Argentina/Cordoba], Destino=Aeropuerto [icao=NVVJ, iata=, name=Forari Airport, state=Shefa, country=VU, elevation=351, lat=-17.7010993958, lon=168.5269927979, tz=Pacific/Efate], Estado=REGISTRADO]
Vuelo [nroVuelo=null, hora de partida= 05:07, nroFila=0, nroColumnas=0, tipo_vuelo=INTERNACIONAL, Origen=Aeropuerto [icao=SATM, iata=MDX, name=Mercedes Airport, state=Corrientes, country=AR, elevation=358, lat=-29.2213993073, lon=-58.0877990723, tz=America/Argentina/Cordoba], Destino=Aeropuerto [icao=SCKE, iata=, name=Piedra Negra Airport, state=Maule, country=CL, elevation=164, lat=-35.8544425964, lon=-72.6458358765, tz=America/Santiago], Estado=REGISTRADO]
Vuelo [nroVuelo=null, hora de partida= 17:44, nroFila=0, nroColumnas=0, tipo_vuelo=INTERNACIONAL, Origen=Aeropuerto [icao=SATM, iata=MDX, name=Mercedes Airport, state=Corrientes, country=AR, elevation=358, lat=-29.2213993073, lon=-58.0877990723, tz=America/Argentina/Cordoba], Destino=Aeropuerto [icao=8LA9, iata=, name=Koll Airport, state=Louisiana, country=US, elevation=40, lat=30.3570995331, lon=-92.7445983887, tz=America/Chicago], Estado=REGISTRADO]
Vuelo [nroVuelo=null, hora de partida= 20:11, nroFila=0, nroColumnas=0, tipo_vuelo=INTERNACIONAL, Origen=Aeropuerto [icao=SATM, iata=MDX, name=Mercedes Airport, state=Corrientes, country=AR, elevation=358, lat=-29.2213993073, lon=-58.0877990723, tz=America/Argentina/Cordoba], Destino=Aeropuerto [icao=77TS, iata=, name=Flying R Ranch Airport, state=Texas, country=US, elevation=850, lat=29.7994003296, lon=-98.0849990845, tz=America/Chicago], Estado=REGISTRADO]
Vuelo [nroVuelo=null, hora de partida= 01:19, nroFila=0, nroColumnas=0, tipo_vuelo=NACIONAL, Origen=Aeropuerto [icao=SATM, iata=MDX, name=Mercedes Airport, state=Corrientes, country=AR, elevation=358, lat=-29.2213993073, lon=-58.0877990723, tz=America/Argentina/Cordoba], Destino=Aeropuerto [icao=SAVY, iata=PMY, name=El Tehuelche Airport, state=Chubut, country=AR, elevation=427, lat=-42.7592, lon=-65.1027, tz=America/Argentina/Catamarca], Estado=REGISTRADO]
Vuelo [nroVuelo=null, hora de partida= 21:32, nroFila=0, nroColumnas=0, tipo_vuelo=NACIONAL, Origen=Aeropuerto [icao=SATM, iata=MDX, name=Mercedes Airport, state=Corrientes, country=AR, elevation=358, lat=-29.2213993073, lon=-58.0877990723, tz=America/Argentina/Cordoba], Destino=Aeropuerto [icao=SACV, iata=, name=Villa de Maria de Rio Seco Airport, state=Cordoba, country=AR, elevation=0, lat=-29.9, lon=-63.683, tz=America/Argentina/Cordoba], Estado=REGISTRADO]
Vuelo [nroVuelo=null, hora de partida= 00:46, nroFila=0, nroColumnas=0, tipo_vuelo=NACIONAL, Origen=Aeropuerto [icao=SATM, iata=MDX, name=Mercedes Airport, state=Corrientes, country=AR, elevation=358, lat=-29.2213993073, lon=-58.0877990723, tz=America/Argentina/Cordoba], Destino=Aeropuerto [icao=SAZT, iata=TDL, name=Heroes De Malvinas Airport, state=Buenos-Aires, country=AR, elevation=574, lat=-37.2374000549, lon=-59.2279014587, tz=America/Argentina/Buenos_Aires], Estado=REGISTRADO]
Vuelo [nroVuelo=null, hora de partida= 22:43, nroFila=0, nroColumnas=0, tipo_vuelo=NACIONAL, Origen=Aeropuerto [icao=SATM, iata=MDX, name=Mercedes Airport, state=Corrientes, country=AR, elevation=358, lat=-29.2213993073, lon=-58.0877990723, tz=America/Argentina/Cordoba], Destino=Aeropuerto [icao=SATD, iata=ELO, name=El Dorado Airport, state=Misiones, country=AR, elevation=685, lat=-26.3974990845, lon=-54.5746994019, tz=America/Argentina/Cordoba], Estado=REGISTRADO]
Vuelo [nroVuelo=null, hora de partida= 19:21, nroFila=0, nroColumnas=0, tipo_vuelo=NACIONAL, Origen=Aeropuerto [icao=SATM, iata=MDX, name=Mercedes Airport, state=Corrientes, country=AR, elevation=358, lat=-29.2213993073, lon=-58.0877990723, tz=America/Argentina/Cordoba], Destino=Aeropuerto [icao=SAML, iata=, name=Punta De Vacas Airport, state=Mendoza, country=AR, elevation=7906, lat=-32.854598999, lon=-69.7604980469, tz=America/Argentina/Mendoza], Estado=REGISTRADO]
Vuelo [nroVuelo=null, hora de partida= 04:37, nroFila=0, nroColumnas=0, tipo_vuelo=NACIONAL, Origen=Aeropuerto [icao=SATM, iata=MDX, name=Mercedes Airport, state=Corrientes, country=AR, elevation=358, lat=-29.2213993073, lon=-58.0877990723, tz=America/Argentina/Cordoba], Destino=Aeropuerto [icao=SAVC, iata=CRD, name=General E. Mosconi Airport, state=Chubut, country=AR, elevation=189, lat=-45.7853, lon=-67.4655, tz=America/Argentina/Catamarca], Estado=REGISTRADO]
Vuelo [nroVuelo=null, hora de partida= 09:38, nroFila=0, nroColumnas=0, tipo_vuelo=NACIONAL, Origen=Aeropuerto [icao=SATM, iata=MDX, name=Mercedes Airport, state=Corrientes, country=AR, elevation=358, lat=-29.2213993073, lon=-58.0877990723, tz=America/Argentina/Cordoba], Destino=Aeropuerto [icao=SATO, iata=, name=Obera Airport, state=Misiones, country=AR, elevation=1125, lat=-27.5181999207, lon=-55.1241989136, tz=America/Argentina/Cordoba], Estado=REGISTRADO]
Vuelo [nroVuelo=null, hora de partida= 01:51, nroFila=0, nroColumnas=0, tipo_vuelo=NACIONAL, Origen=Aeropuerto [icao=SATM, iata=MDX, name=Mercedes Airport, state=Corrientes, country=AR, elevation=358, lat=-29.2213993073, lon=-58.0877990723, tz=America/Argentina/Cordoba], Destino=Aeropuerto [icao=SAZV, iata=VLG, name=Villa Gesell Airport, state=Buenos-Aires, country=AR, elevation=32, lat=-37.2354, lon=-57.0292, tz=America/Argentina/Buenos_Aires], Estado=REGISTRADO]
Vuelo [nroVuelo=null, hora de partida= 17:01, nroFila=0, nroColumnas=0, tipo_vuelo=NACIONAL, Origen=Aeropuerto [icao=SATM, iata=MDX, name=Mercedes Airport, state=Corrientes, country=AR, elevation=358, lat=-29.2213993073, lon=-58.0877990723, tz=America/Argentina/Cordoba], Destino=Aeropuerto [icao=SA02, iata=, name=Cafayate Airport, state=Salta, country=AR, elevation=5375, lat=-26.0561008453, lon=-65.9368972778, tz=America/Argentina/Salta], Estado=REGISTRADO]
Vuelo [nroVuelo=null, hora de partida= 22:01, nroFila=0, nroColumnas=0, tipo_vuelo=NACIONAL, Origen=Aeropuerto [icao=SATM, iata=MDX, name=Mercedes Airport, state=Corrientes, country=AR, elevation=358, lat=-29.2213993073, lon=-58.0877990723, tz=America/Argentina/Cordoba], Destino=Aeropuerto [icao=SA35, iata=, name=Andalgala Airport, state=Catamarca, country=AR, elevation=2952, lat=-27.6317005157, lon=-66.3507995605, tz=America/Argentina/Catamarca], Estado=REGISTRADO]
Vuelo [nroVuelo=null, hora de partida= 06:23, nroFila=0, nroColumnas=0, tipo_vuelo=NACIONAL, Origen=Aeropuerto [icao=SATM, iata=MDX, name=Mercedes Airport, state=Corrientes, country=AR, elevation=358, lat=-29.2213993073, lon=-58.0877990723, tz=America/Argentina/Cordoba], Destino=Aeropuerto [icao=SAMM, iata=LGS, name=Comodoro D.R. Salomon Airport, state=Mendoza, country=AR, elevation=4685, lat=-35.493598938, lon=-69.5743026733, tz=America/Argentina/Mendoza], Estado=REGISTRADO]
Vuelo [nroVuelo=null, hora de partida= 08:28, nroFila=0, nroColumnas=0, tipo_vuelo=NACIONAL, Origen=Aeropuerto [icao=SATM, iata=MDX, name=Mercedes Airport, state=Corrientes, country=AR, elevation=358, lat=-29.2213993073, lon=-58.0877990723, tz=America/Argentina/Cordoba], Destino=Aeropuerto [icao=SADP, iata=EPA, name=El Palomar Airport, state=Buenos-Aires, country=AR, elevation=59, lat=-34.6099, lon=-58.6126, tz=America/Argentina/Buenos_Aires], Estado=REGISTRADO]
Vuelo [nroVuelo=null, hora de partida= 10:30, nroFila=0, nroColumnas=0, tipo_vuelo=NACIONAL, Origen=Aeropuerto [icao=SATM, iata=MDX, name=Mercedes Airport, state=Corrientes, country=AR, elevation=358, lat=-29.2213993073, lon=-58.0877990723, tz=America/Argentina/Cordoba], Destino=Aeropuerto [icao=SARI, iata=IGR, name=Cataratas Del Iguazu International Airport, state=Misiones, country=AR, elevation=916, lat=-25.7373008728, lon=-54.473400116, tz=America/Argentina/Cordoba], Estado=REGISTRADO]
Vuelo [nroVuelo=null, hora de partida= 23:06, nroFila=0, nroColumnas=0, tipo_vuelo=NACIONAL, Origen=Aeropuerto [icao=SATM, iata=MDX, name=Mercedes Airport, state=Corrientes, country=AR, elevation=358, lat=-29.2213993073, lon=-58.0877990723, tz=America/Argentina/Cordoba], Destino=Aeropuerto [icao=SA05, iata=, name=Bell Ville Airport, state=Cordoba, country=AR, elevation=429, lat=-32.6599, lon=-62.702, tz=America/Argentina/Cordoba], Estado=REGISTRADO]
Vuelo [nroVuelo=null, hora de partida= 04:51, nroFila=0, nroColumnas=0, tipo_vuelo=NACIONAL, Origen=Aeropuerto [icao=SATM, iata=MDX, name=Mercedes Airport, state=Corrientes, country=AR, elevation=358, lat=-29.2213993073, lon=-58.0877990723, tz=America/Argentina/Cordoba], Destino=Aeropuerto [icao=SANI, iata=, name=Tinogasta Airport, state=Catamarca, country=AR, elevation=3968, lat=-28.0377998352, lon=-67.5802993774, tz=America/Argentina/Catamarca], Estado=REGISTRADO]
Vuelo [nroVuelo=null, hora de partida= 22:13, nroFila=0, nroColumnas=0, tipo_vuelo=NACIONAL, Origen=Aeropuerto [icao=SATM, iata=MDX, name=Mercedes Airport, state=Corrientes, country=AR, elevation=358, lat=-29.2213993073, lon=-58.0877990723, tz=America/Argentina/Cordoba], Destino=Aeropuerto [icao=SAVH, iata=LHS, name=Las Heras Airport, state=Santa-Cruz, country=AR, elevation=1082, lat=-46.5382995605, lon=-68.9653015137, tz=America/Argentina/Rio_Gallegos], Estado=REGISTRADO]
Vuelo [nroVuelo=null, hora de partida= 23:41, nroFila=0, nroColumnas=0, tipo_vuelo=NACIONAL, Origen=Aeropuerto [icao=SATM, iata=MDX, name=Mercedes Airport, state=Corrientes, country=AR, elevation=358, lat=-29.2213993073, lon=-58.0877990723, tz=America/Argentina/Cordoba], Destino=Aeropuerto [icao=SACV, iata=, name=Villa de Maria de Rio Seco Airport, state=Cordoba, country=AR, elevation=0, lat=-29.9, lon=-63.683, tz=America/Argentina/Cordoba], Estado=REGISTRADO]
Vuelo [nroVuelo=null, hora de partida= 08:48, nroFila=0, nroColumnas=0, tipo_vuelo=NACIONAL, Origen=Aeropuerto [icao=SATM, iata=MDX, name=Mercedes Airport, state=Corrientes, country=AR, elevation=358, lat=-29.2213993073, lon=-58.0877990723, tz=America/Argentina/Cordoba], Destino=Aeropuerto [icao=SAOS, iata=RLO, name=Valle Del Conlara International Airport, state=San-Luis, country=AR, elevation=2021, lat=-32.3847007751, lon=-65.1865005493, tz=America/Argentina/San_Luis], Estado=REGISTRADO]
Vuelo [nroVuelo=null, hora de partida= 05:52, nroFila=0, nroColumnas=0, tipo_vuelo=NACIONAL, Origen=Aeropuerto [icao=SATM, iata=MDX, name=Mercedes Airport, state=Corrientes, country=AR, elevation=358, lat=-29.2213993073, lon=-58.0877990723, tz=America/Argentina/Cordoba], Destino=Aeropuerto [icao=SAST, iata=TTG, name=General Enrique Mosconi Airport, state=Salta, country=AR, elevation=1472, lat=-22.619600296, lon=-63.7937011719, tz=America/Argentina/Salta], Estado=REGISTRADO]
Vuelo [nroVuelo=null, hora de partida= 08:14, nroFila=0, nroColumnas=0, tipo_vuelo=NACIONAL, Origen=Aeropuerto [icao=SATM, iata=MDX, name=Mercedes Airport, state=Corrientes, country=AR, elevation=358, lat=-29.2213993073, lon=-58.0877990723, tz=America/Argentina/Cordoba], Destino=Aeropuerto [icao=SAZI, iata=, name=Bolivar Airport, state=Buenos-Aires, country=AR, elevation=308, lat=-36.1866, lon=-61.0764, tz=America/Argentina/Buenos_Aires], Estado=REGISTRADO]
Vuelo [nroVuelo=null, hora de partida= 19:07, nroFila=0, nroColumnas=0, tipo_vuelo=NACIONAL, Origen=Aeropuerto [icao=SATM, iata=MDX, name=Mercedes Airport, state=Corrientes, country=AR, elevation=358, lat=-29.2213993073, lon=-58.0877990723, tz=America/Argentina/Cordoba], Destino=Aeropuerto [icao=SASJ, iata=JUJ, name=Gobernador Horacio Guzman International Airport, state=Jujuy, country=AR, elevation=3019, lat=-24.3927993774, lon=-65.0978012085, tz=America/Argentina/Jujuy], Estado=REGISTRADO]
Vuelo [nroVuelo=null, hora de partida= 12:54, nroFila=0, nroColumnas=0, tipo_vuelo=NACIONAL, Origen=Aeropuerto [icao=SATM, iata=MDX, name=Mercedes Airport, state=Corrientes, country=AR, elevation=358, lat=-29.2213993073, lon=-58.0877990723, tz=America/Argentina/Cordoba], Destino=Aeropuerto [icao=SAEA, iata=, name=General Acha Airport, state=La-Pampa, country=AR, elevation=908, lat=-37.4007987976, lon=-64.6128005981, tz=America/Argentina/Salta], Estado=REGISTRADO]
Vuelo [nroVuelo=null, hora de partida= 13:58, nroFila=0, nroColumnas=0, tipo_vuelo=NACIONAL, Origen=Aeropuerto [icao=SATM, iata=MDX, name=Mercedes Airport, state=Corrientes, country=AR, elevation=358, lat=-29.2213993073, lon=-58.0877990723, tz=America/Argentina/Cordoba], Destino=Aeropuerto [icao=SAWP, iata=PMQ, name=Perito Moreno Airport, state=Santa-Cruz, country=AR, elevation=1410, lat=-46.5378990173, lon=-70.9786987305, tz=America/Argentina/Rio_Gallegos], Estado=REGISTRADO]
Vuelo [nroVuelo=null, hora de partida= 21:27, nroFila=0, nroColumnas=0, tipo_vuelo=NACIONAL, Origen=Aeropuerto [icao=SATM, iata=MDX, name=Mercedes Airport, state=Corrientes, country=AR, elevation=358, lat=-29.2213993073, lon=-58.0877990723, tz=America/Argentina/Cordoba], Destino=Aeropuerto [icao=SAAC, iata=COC, name=Comodoro Pierrestegui Airport, state=Entre-Rios, country=AR, elevation=112, lat=-31.2969, lon=-57.9966, tz=America/Argentina/Cordoba], Estado=REGISTRADO]
Vuelo [nroVuelo=null, hora de partida= 21:45, nroFila=0, nroColumnas=0, tipo_vuelo=NACIONAL, Origen=Aeropuerto [icao=SATM, iata=MDX, name=Mercedes Airport, state=Corrientes, country=AR, elevation=358, lat=-29.2213993073, lon=-58.0877990723, tz=America/Argentina/Cordoba], Destino=Aeropuerto [icao=SAHV, iata=, name=Victorica Airport, state=La-Pampa, country=AR, elevation=1020, lat=-36.2374992371, lon=-65.450553894, tz=America/Argentina/Salta], Estado=REGISTRADO]
Vuelo [nroVuelo=null, hora de partida= 09:13, nroFila=0, nroColumnas=0, tipo_vuelo=NACIONAL, Origen=Aeropuerto [icao=SATM, iata=MDX, name=Mercedes Airport, state=Corrientes, country=AR, elevation=358, lat=-29.2213993073, lon=-58.0877990723, tz=America/Argentina/Cordoba], Destino=Aeropuerto [icao=SAOI, iata=, name=Villa Maria Airport, state=Cordoba, country=AR, elevation=672, lat=-32.3894004822, lon=-63.2585983276, tz=America/Argentina/Cordoba], Estado=REGISTRADO]
Vuelo [nroVuelo=null, hora de partida= 00:52, nroFila=0, nroColumnas=0, tipo_vuelo=NACIONAL, Origen=Aeropuerto [icao=SATM, iata=MDX, name=Mercedes Airport, state=Corrientes, country=AR, elevation=358, lat=-29.2213993073, lon=-58.0877990723, tz=America/Argentina/Cordoba], Destino=Aeropuerto [icao=SAZN, iata=NQN, name=Presidente Peron Airport, state=Neuquen, country=AR, elevation=895, lat=-38.9490013123, lon=-68.1557006836, tz=America/Argentina/Salta], Estado=REGISTRADO]
Vuelo [nroVuelo=null, hora de partida= 08:59, nroFila=0, nroColumnas=0, tipo_vuelo=NACIONAL, Origen=Aeropuerto [icao=SATM, iata=MDX, name=Mercedes Airport, state=Corrientes, country=AR, elevation=358, lat=-29.2213993073, lon=-58.0877990723, tz=America/Argentina/Cordoba], Destino=Aeropuerto [icao=SATG, iata=OYA, name=Goya Airport, state=Corrientes, country=AR, elevation=128, lat=-29.1058, lon=-59.2189, tz=America/Argentina/Cordoba], Estado=REGISTRADO]
Vuelo [nroVuelo=null, hora de partida= 12:31, nroFila=0, nroColumnas=0, tipo_vuelo=NACIONAL, Origen=Aeropuerto [icao=SATM, iata=MDX, name=Mercedes Airport, state=Corrientes, country=AR, elevation=358, lat=-29.2213993073, lon=-58.0877990723, tz=America/Argentina/Cordoba], Destino=Aeropuerto [icao=SACA, iata=, name=Cap D. Omar Dario Gelardi Airport, state=Cordoba, country=AR, elevation=1594, lat=-31.4419002533, lon=-64.2582015991, tz=America/Argentina/Cordoba], Estado=REGISTRADO]
Vuelo [nroVuelo=null, hora de partida= 20:39, nroFila=0, nroColumnas=0, tipo_vuelo=NACIONAL, Origen=Aeropuerto [icao=SATM, iata=MDX, name=Mercedes Airport, state=Corrientes, country=AR, elevation=358, lat=-29.2213993073, lon=-58.0877990723, tz=America/Argentina/Cordoba], Destino=Aeropuerto [icao=SAHC, iata=HOS, name=Chos Malal Airport, state=Neuquen, country=AR, elevation=2788, lat=-37.4446983337, lon=-70.2225036621, tz=America/Argentina/Salta], Estado=REGISTRADO]
Vuelo [nroVuelo=null, hora de partida= 05:21, nroFila=0, nroColumnas=0, tipo_vuelo=NACIONAL, Origen=Aeropuerto [icao=SATM, iata=MDX, name=Mercedes Airport, state=Corrientes, country=AR, elevation=358, lat=-29.2213993073, lon=-58.0877990723, tz=America/Argentina/Cordoba], Destino=Aeropuerto [icao=SAZJ, iata=, name=Benito Juarez Airport, state=Buenos-Aires, country=AR, elevation=682, lat=-37.7061004639, lon=-59.7919006348, tz=America/Argentina/Buenos_Aires], Estado=REGISTRADO]
Vuelo [nroVuelo=null, hora de partida= 19:25, nroFila=0, nroColumnas=0, tipo_vuelo=NACIONAL, Origen=Aeropuerto [icao=SATM, iata=MDX, name=Mercedes Airport, state=Corrientes, country=AR, elevation=358, lat=-29.2213993073, lon=-58.0877990723, tz=America/Argentina/Cordoba], Destino=Aeropuerto [icao=SACN, iata=, name=Ascochinga Airport, state=Cordoba, country=AR, elevation=677, lat=-30.9679203033, lon=-64.2777404785, tz=America/Argentina/Cordoba], Estado=REGISTRADO]
Vuelo [nroVuelo=null, hora de partida= 23:01, nroFila=0, nroColumnas=0, tipo_vuelo=NACIONAL, Origen=Aeropuerto [icao=SATM, iata=MDX, name=Mercedes Airport, state=Corrientes, country=AR, elevation=358, lat=-29.2213993073, lon=-58.0877990723, tz=America/Argentina/Cordoba], Destino=Aeropuerto [icao=SACN, iata=, name=Ascochinga Airport, state=Cordoba, country=AR, elevation=677, lat=-30.9679203033, lon=-64.2777404785, tz=America/Argentina/Cordoba], Estado=REGISTRADO]
Vuelo [nroVuelo=null, hora de partida= 09:29, nroFila=0, nroColumnas=0, tipo_vuelo=NACIONAL, Origen=Aeropuerto [icao=SATM, iata=MDX, name=Mercedes Airport, state=Corrientes, country=AR, elevation=358, lat=-29.2213993073, lon=-58.0877990723, tz=America/Argentina/Cordoba], Destino=Aeropuerto [icao=SASA, iata=SLA, name=Martin Miguel De Guemes International Airport, state=Salta, country=AR, elevation=4088, lat=-24.8560009003, lon=-65.4861984253, tz=America/Argentina/Salta], Estado=REGISTRADO]
Vuelo [nroVuelo=null, hora de partida= 11:59, nroFila=0, nroColumnas=0, tipo_vuelo=NACIONAL, Origen=Aeropuerto [icao=SATM, iata=MDX, name=Mercedes Airport, state=Corrientes, country=AR, elevation=358, lat=-29.2213993073, lon=-58.0877990723, tz=America/Argentina/Cordoba], Destino=Aeropuerto [icao=SAFS, iata=NCJ, name=Sunchales Aeroclub Airport, state=Santa-Fe, country=AR, elevation=311, lat=-30.9575, lon=-61.5283, tz=America/Argentina/Cordoba], Estado=REGISTRADO]
Vuelo [nroVuelo=null, hora de partida= 05:45, nroFila=0, nroColumnas=0, tipo_vuelo=NACIONAL, Origen=Aeropuerto [icao=SATM, iata=MDX, name=Mercedes Airport, state=Corrientes, country=AR, elevation=358, lat=-29.2213993073, lon=-58.0877990723, tz=America/Argentina/Cordoba], Destino=Aeropuerto [icao=SAWE, iata=RGA, name=Hermes Quijada International Airport, state=Tierra-del-Fuego, country=AR, elevation=65, lat=-53.7777, lon=-67.7494, tz=America/Argentina/Ushuaia], Estado=REGISTRADO]
Vuelo [nroVuelo=null, hora de partida= 18:00, nroFila=0, nroColumnas=0, tipo_vuelo=NACIONAL, Origen=Aeropuerto [icao=SATM, iata=MDX, name=Mercedes Airport, state=Corrientes, country=AR, elevation=358, lat=-29.2213993073, lon=-58.0877990723, tz=America/Argentina/Cordoba], Destino=Aeropuerto [icao=SANT, iata=TUC, name=Teniente Benjamin Matienzo Airport, state=Tucuman, country=AR, elevation=1493, lat=-26.8409004211, lon=-65.1048965454, tz=America/Argentina/Tucuman], Estado=REGISTRADO]
Vuelo [nroVuelo=null, hora de partida= 07:07, nroFila=0, nroColumnas=0, tipo_vuelo=NACIONAL, Origen=Aeropuerto [icao=SATM, iata=MDX, name=Mercedes Airport, state=Corrientes, country=AR, elevation=358, lat=-29.2213993073, lon=-58.0877990723, tz=America/Argentina/Cordoba], Destino=Aeropuerto [icao=SA40, iata=, name=San Juan Aeroclub Airport, state=San-Juan, country=AR, elevation=2079, lat=-31.6028003693, lon=-68.5473022461, tz=America/Argentina/San_Juan], Estado=REGISTRADO]
Vuelo [nroVuelo=null, hora de partida= 07:56, nroFila=0, nroColumnas=0, tipo_vuelo=NACIONAL, Origen=Aeropuerto [icao=SATM, iata=MDX, name=Mercedes Airport, state=Corrientes, country=AR, elevation=358, lat=-29.2213993073, lon=-58.0877990723, tz=America/Argentina/Cordoba], Destino=Aeropuerto [icao=SAOM, iata=, name=Marcos Juarez Airport, state=Cordoba, country=AR, elevation=360, lat=-32.6836, lon=-62.1578, tz=America/Argentina/Cordoba], Estado=REGISTRADO]
Vuelo [nroVuelo=null, hora de partida= 06:33, nroFila=0, nroColumnas=0, tipo_vuelo=NACIONAL, Origen=Aeropuerto [icao=SATM, iata=MDX, name=Mercedes Airport, state=Corrientes, country=AR, elevation=358, lat=-29.2213993073, lon=-58.0877990723, tz=America/Argentina/Cordoba], Destino=Aeropuerto [icao=SAVY, iata=PMY, name=El Tehuelche Airport, state=Chubut, country=AR, elevation=427, lat=-42.7592, lon=-65.1027, tz=America/Argentina/Catamarca], Estado=REGISTRADO]
Vuelo [nroVuelo=null, hora de partida= 05:56, nroFila=0, nroColumnas=0, tipo_vuelo=NACIONAL, Origen=Aeropuerto [icao=SATM, iata=MDX, name=Mercedes Airport, state=Corrientes, country=AR, elevation=358, lat=-29.2213993073, lon=-58.0877990723, tz=America/Argentina/Cordoba], Destino=Aeropuerto [icao=SAAJ, iata=JNI, name=Junin Airport, state=Buenos-Aires, country=AR, elevation=262, lat=-34.5459, lon=-60.9306, tz=America/Argentina/Buenos_Aires], Estado=REGISTRADO]
Vuelo [nroVuelo=null, hora de partida= 22:43, nroFila=0, nroColumnas=0, tipo_vuelo=NACIONAL, Origen=Aeropuerto [icao=SATM, iata=MDX, name=Mercedes Airport, state=Corrientes, country=AR, elevation=358, lat=-29.2213993073, lon=-58.0877990723, tz=America/Argentina/Cordoba], Destino=Aeropuerto [icao=SA06, iata=, name=Santa Rita Airport, state=Buenos-Aires, country=AR, elevation=177, lat=-35.8283, lon=-60.1467, tz=America/Argentina/Buenos_Aires], Estado=REGISTRADO]
Vuelo [nroVuelo=null, hora de partida= 22:14, nroFila=0, nroColumnas=0, tipo_vuelo=NACIONAL, Origen=Aeropuerto [icao=SATM, iata=MDX, name=Mercedes Airport, state=Corrientes, country=AR, elevation=358, lat=-29.2213993073, lon=-58.0877990723, tz=America/Argentina/Cordoba], Destino=Aeropuerto [icao=SA17, iata=, name=Rio Cuarto Aeroclub Airport, state=Cordoba, country=AR, elevation=1423, lat=-33.1605987549, lon=-64.3382034302, tz=America/Argentina/Cordoba], Estado=REGISTRADO]
Vuelo [nroVuelo=null, hora de partida= 19:28, nroFila=0, nroColumnas=0, tipo_vuelo=NACIONAL, Origen=Aeropuerto [icao=SATM, iata=MDX, name=Mercedes Airport, state=Corrientes, country=AR, elevation=358, lat=-29.2213993073, lon=-58.0877990723, tz=America/Argentina/Cordoba], Destino=Aeropuerto [icao=SAVN, iata=OES, name=Antoine De St Exupery Airport, state=Rio-Negro, country=AR, elevation=85, lat=-40.7512, lon=-65.0343, tz=America/Argentina/Salta], Estado=REGISTRADO]
Vuelo [nroVuelo=null, hora de partida= 02:13, nroFila=0, nroColumnas=0, tipo_vuelo=NACIONAL, Origen=Aeropuerto [icao=SATM, iata=MDX, name=Mercedes Airport, state=Corrientes, country=AR, elevation=358, lat=-29.2213993073, lon=-58.0877990723, tz=America/Argentina/Cordoba], Destino=Aeropuerto [icao=SACE, iata=, name=Escuela De Aviacion Militar Airport, state=Cordoba, country=AR, elevation=1646, lat=-31.4449996948, lon=-64.2838973999, tz=America/Argentina/Cordoba], Estado=REGISTRADO]
Vuelo [nroVuelo=null, hora de partida= 04:46, nroFila=0, nroColumnas=0, tipo_vuelo=NACIONAL, Origen=Aeropuerto [icao=SATM, iata=MDX, name=Mercedes Airport, state=Corrientes, country=AR, elevation=358, lat=-29.2213993073, lon=-58.0877990723, tz=America/Argentina/Cordoba], Destino=Aeropuerto [icao=SACC, iata=LCM, name=La Cumbre Airport, state=Cordoba, country=AR, elevation=3733, lat=-31.0058002472, lon=-64.5318984985, tz=America/Argentina/Cordoba], Estado=REGISTRADO]
Vuelo [nroVuelo=null, hora de partida= 19:32, nroFila=0, nroColumnas=0, tipo_vuelo=NACIONAL, Origen=Aeropuerto [icao=SATM, iata=MDX, name=Mercedes Airport, state=Corrientes, country=AR, elevation=358, lat=-29.2213993073, lon=-58.0877990723, tz=America/Argentina/Cordoba], Destino=Aeropuerto [icao=SAZG, iata=GPO, name=General Pico Airport, state=La-Pampa, country=AR, elevation=459, lat=-35.6962013245, lon=-63.7583007812, tz=America/Argentina/Salta], Estado=REGISTRADO]
Vuelo [nroVuelo=null, hora de partida= 00:58, nroFila=0, nroColumnas=0, tipo_vuelo=NACIONAL, Origen=Aeropuerto [icao=SATM, iata=MDX, name=Mercedes Airport, state=Corrientes, country=AR, elevation=358, lat=-29.2213993073, lon=-58.0877990723, tz=America/Argentina/Cordoba], Destino=Aeropuerto [icao=SAEA, iata=, name=General Acha Airport, state=La-Pampa, country=AR, elevation=908, lat=-37.4007987976, lon=-64.6128005981, tz=America/Argentina/Salta], Estado=REGISTRADO]
Vuelo [nroVuelo=null, hora de partida= 02:57, nroFila=0, nroColumnas=0, tipo_vuelo=NACIONAL, Origen=Aeropuerto [icao=SATM, iata=MDX, name=Mercedes Airport, state=Corrientes, country=AR, elevation=358, lat=-29.2213993073, lon=-58.0877990723, tz=America/Argentina/Cordoba], Destino=Aeropuerto [icao=SACA, iata=, name=Cap D. Omar Dario Gelardi Airport, state=Cordoba, country=AR, elevation=1594, lat=-31.4419002533, lon=-64.2582015991, tz=America/Argentina/Cordoba], Estado=REGISTRADO]
Vuelo [nroVuelo=null, hora de partida= 22:02, nroFila=0, nroColumnas=0, tipo_vuelo=NACIONAL, Origen=Aeropuerto [icao=SATM, iata=MDX, name=Mercedes Airport, state=Corrientes, country=AR, elevation=358, lat=-29.2213993073, lon=-58.0877990723, tz=America/Argentina/Cordoba], Destino=Aeropuerto [icao=SAVC, iata=CRD, name=General E. Mosconi Airport, state=Chubut, country=AR, elevation=189, lat=-45.7853, lon=-67.4655, tz=America/Argentina/Catamarca], Estado=REGISTRADO]
Vuelo [nroVuelo=null, hora de partida= 05:53, nroFila=0, nroColumnas=0, tipo_vuelo=INTERNACIONAL, Origen=Aeropuerto [icao=SATM, iata=MDX, name=Mercedes Airport, state=Corrientes, country=AR, elevation=358, lat=-29.2213993073, lon=-58.0877990723, tz=America/Argentina/Cordoba], Destino=Aeropuerto [icao=SNBY, iata=, name=Bambui Airport, state=Minas-Gerais, country=BR, elevation=2523, lat=-20.0363998413, lon=-45.9723014832, tz=America/Sao_Paulo], Estado=DEMORADO]
Vuelo [nroVuelo=null, hora de partida= 21:52, nroFila=0, nroColumnas=0, tipo_vuelo=INTERNACIONAL, Origen=Aeropuerto [icao=SATM, iata=MDX, name=Mercedes Airport, state=Corrientes, country=AR, elevation=358, lat=-29.2213993073, lon=-58.0877990723, tz=America/Argentina/Cordoba], Destino=Aeropuerto [icao=EGNT, iata=NCL, name=Newcastle Airport, state=England, country=GB, elevation=266, lat=55.0374984741, lon=-1.6916699409, tz=Europe/London], Estado=DEMORADO]
Vuelo [nroVuelo=null, hora de partida= 10:38, nroFila=0, nroColumnas=0, tipo_vuelo=INTERNACIONAL, Origen=Aeropuerto [icao=SATM, iata=MDX, name=Mercedes Airport, state=Corrientes, country=AR, elevation=358, lat=-29.2213993073, lon=-58.0877990723, tz=America/Argentina/Cordoba], Destino=Aeropuerto [icao=50WA, iata=, name=Hartley Airport, state=Washington, country=US, elevation=400, lat=46.6198005676, lon=-122.9649963379, tz=America/Los_Angeles], Estado=DEMORADO]
Vuelo [nroVuelo=null, hora de partida= 02:16, nroFila=0, nroColumnas=0, tipo_vuelo=INTERNACIONAL, Origen=Aeropuerto [icao=SATM, iata=MDX, name=Mercedes Airport, state=Corrientes, country=AR, elevation=358, lat=-29.2213993073, lon=-58.0877990723, tz=America/Argentina/Cordoba], Destino=Aeropuerto [icao=75TS, iata=, name=Venus Airport, state=Texas, country=US, elevation=665, lat=32.4164009094, lon=-97.0919036865, tz=America/Chicago], Estado=DEMORADO]
Vuelo [nroVuelo=null, hora de partida= 17:30, nroFila=0, nroColumnas=0, tipo_vuelo=INTERNACIONAL, Origen=Aeropuerto [icao=SATM, iata=MDX, name=Mercedes Airport, state=Corrientes, country=AR, elevation=358, lat=-29.2213993073, lon=-58.0877990723, tz=America/Argentina/Cordoba], Destino=Aeropuerto [icao=SWUW, iata=, name=Fazenda Santa Barbara II Airport, state=Mato-Grosso, country=BR, elevation=810, lat=-15.1138887405, lon=-56.8369445801, tz=America/Cuiaba], Estado=DEMORADO]
Vuelo [nroVuelo=null, hora de partida= 14:16, nroFila=0, nroColumnas=0, tipo_vuelo=NACIONAL, Origen=Aeropuerto [icao=SATM, iata=MDX, name=Mercedes Airport, state=Corrientes, country=AR, elevation=358, lat=-29.2213993073, lon=-58.0877990723, tz=America/Argentina/Cordoba], Destino=Aeropuerto [icao=SAZY, iata=CPC, name=Aviador C. Campos Airport, state=Neuquen, country=AR, elevation=2569, lat=-40.0754013062, lon=-71.137298584, tz=America/Argentina/Salta], Estado=DEMORADO]
Vuelo [nroVuelo=null, hora de partida= 18:34, nroFila=0, nroColumnas=0, tipo_vuelo=NACIONAL, Origen=Aeropuerto [icao=SATM, iata=MDX, name=Mercedes Airport, state=Corrientes, country=AR, elevation=358, lat=-29.2213993073, lon=-58.0877990723, tz=America/Argentina/Cordoba], Destino=Aeropuerto [icao=SACD, iata=, name=Coronel Olmedo Airport, state=Cordoba, country=AR, elevation=1416, lat=-31.4874992371, lon=-64.1414031982, tz=America/Argentina/Cordoba], Estado=DEMORADO]
Vuelo [nroVuelo=null, hora de partida= 13:42, nroFila=0, nroColumnas=0, tipo_vuelo=NACIONAL, Origen=Aeropuerto [icao=SATM, iata=MDX, name=Mercedes Airport, state=Corrientes, country=AR, elevation=358, lat=-29.2213993073, lon=-58.0877990723, tz=America/Argentina/Cordoba], Destino=Aeropuerto [icao=SAEM, iata=MJR, name=Miramar Airport, state=Buenos-Aires, country=AR, elevation=42, lat=-38.2271, lon=-57.8697, tz=America/Argentina/Buenos_Aires], Estado=DEMORADO]
Vuelo [nroVuelo=null, hora de partida= 00:58, nroFila=0, nroColumnas=0, tipo_vuelo=NACIONAL, Origen=Aeropuerto [icao=SATM, iata=MDX, name=Mercedes Airport, state=Corrientes, country=AR, elevation=358, lat=-29.2213993073, lon=-58.0877990723, tz=America/Argentina/Cordoba], Destino=Aeropuerto [icao=SADJ, iata=, name=Mariano Moreno Airport, state=Buenos-Aires, country=AR, elevation=105, lat=-34.5606, lon=-58.7896, tz=America/Argentina/Buenos_Aires], Estado=DEMORADO]
Vuelo [nroVuelo=null, hora de partida= 02:30, nroFila=0, nroColumnas=0, tipo_vuelo=NACIONAL, Origen=Aeropuerto [icao=SATM, iata=MDX, name=Mercedes Airport, state=Corrientes, country=AR, elevation=358, lat=-29.2213993073, lon=-58.0877990723, tz=America/Argentina/Cordoba], Destino=Aeropuerto [icao=SAZY, iata=CPC, name=Aviador C. Campos Airport, state=Neuquen, country=AR, elevation=2569, lat=-40.0754013062, lon=-71.137298584, tz=America/Argentina/Salta], Estado=DEMORADO]
--Ejecucion de inserciones terminada.--
]]></system-out>
  </testcase>
</testsuite>